2024-09-26 16:01:05,075 [INFO] Activator:176 - 


2024-09-26 16:01:05,085 [INFO] Activator:177 - !SESSION log4j initialized
2024-09-26 16:01:11,627 [INFO] LogOutputStream:77 - [STDOUT_REDIRECT] 
2024-09-26 16:01:12,762 [INFO] ApplicationProperties:184 - Using Application install path: C:\ST\STM32CubeIDE_1.15.1\STM32CubeIDE\plugins\com.st.stm32cube.common.mx_6.12.0.202406281431
2024-09-26 16:01:12,785 [INFO] DbMcusXml:78 - Set database path to: C:\ST\STM32CubeIDE_1.15.1\STM32CubeIDE\plugins\com.st.stm32cube.common.mx_6.12.0.202406281431\\db\/mcu/
2024-09-26 16:01:12,785 [INFO] ApiDb:274 - Set plugin database path to: C:\ST\STM32CubeIDE_1.15.1\STM32CubeIDE\plugins\com.st.stm32cube.common.mx_6.12.0.202406281431\\db\/plugins/boardmanager/
2024-09-26 16:01:12,786 [WARN] ApiDb:259 - Overriding images path with different value:  => C:\ST\STM32CubeIDE_1.15.1\STM32CubeIDE\plugins\com.st.stm32cube.common.mx_6.12.0.202406281431\\db\/plugins/mcufinder/images/
2024-09-26 16:01:12,800 [INFO] ApiDb:250 - Set database path to: C:\Users\Tejas Sawant\.stmcufinder\plugins\mcufinder//mcu/
2024-09-26 16:01:12,801 [INFO] DbMcusAds:125 - Set database path to: C:\Users\Tejas Sawant\.stmcufinder\plugins\mcufinder//mcu/
2024-09-26 16:01:12,804 [INFO] CrossReferenceDbSqlite:203 - Set database path to: C:\Users\Tejas Sawant\.stmcufinder\plugins\mcufinder//mcu/cs/
2024-09-26 16:01:12,934 [INFO] RulesReader:64 - Compatibility file has been processed (297 Rules)
2024-09-26 16:01:13,054 [INFO] DbMcusXml:78 - Set database path to: C:\ST\STM32CubeIDE_1.15.1\STM32CubeIDE\plugins\com.st.stm32cube.common.mx_6.12.0.202406281431\\db\/mcu/
2024-09-26 16:01:13,054 [INFO] ApiDb:274 - Set plugin database path to: C:\ST\STM32CubeIDE_1.15.1\STM32CubeIDE\plugins\com.st.stm32cube.common.mx_6.12.0.202406281431\\db\/plugins/boardmanager/
2024-09-26 16:01:13,054 [INFO] ApiDb:261 - Set plugin images path to: C:\ST\STM32CubeIDE_1.15.1\STM32CubeIDE\plugins\com.st.stm32cube.common.mx_6.12.0.202406281431\\db\/plugins/mcufinder/images/
2024-09-26 16:01:13,054 [WARN] DbFile:41 - Overriding database path with different value: C:\Users\Tejas Sawant\.stmcufinder\plugins\mcufinder/ => C:\Users\Tejas Sawant\.stmcufinder\plugins\mcufinder
2024-09-26 16:01:13,054 [INFO] ApiDb:250 - Set database path to: C:\Users\Tejas Sawant\.stmcufinder\plugins\mcufinder//mcu/
2024-09-26 16:01:13,054 [WARN] DbFile:41 - Overriding database path with different value: C:\Users\Tejas Sawant\.stmcufinder\plugins\mcufinder/ => C:\Users\Tejas Sawant\.stmcufinder\plugins\mcufinder
2024-09-26 16:01:13,054 [INFO] DbMcusAds:125 - Set database path to: C:\Users\Tejas Sawant\.stmcufinder\plugins\mcufinder//mcu/
2024-09-26 16:01:13,055 [WARN] DbFile:41 - Overriding database path with different value: C:\Users\Tejas Sawant\.stmcufinder\plugins\mcufinder/ => C:\Users\Tejas Sawant\.stmcufinder\plugins\mcufinder
2024-09-26 16:01:13,055 [WARN] DbFile:41 - Overriding database path with different value: C:\Users\Tejas Sawant\.stmcufinder\plugins\mcufinder/ => C:\Users\Tejas Sawant\.stmcufinder\plugins\mcufinder
2024-09-26 16:01:13,055 [INFO] CrossReferenceDbSqlite:203 - Set database path to: C:\Users\Tejas Sawant\.stmcufinder\plugins\mcufinder//mcu/cs/
2024-09-26 16:01:13,165 [INFO] MainPanel:268 - HeapMemory: 268435456
2024-09-26 16:01:13,294 [INFO] DbMcusXml:78 - Set database path to: C:\ST\STM32CubeIDE_1.15.1\STM32CubeIDE\plugins\com.st.stm32cube.common.mx_6.12.0.202406281431\\db\/mcu/
2024-09-26 16:01:13,295 [INFO] ApiDb:274 - Set plugin database path to: C:\ST\STM32CubeIDE_1.15.1\STM32CubeIDE\plugins\com.st.stm32cube.common.mx_6.12.0.202406281431\\db\/plugins/boardmanager/
2024-09-26 16:01:13,295 [INFO] ApiDb:261 - Set plugin images path to: C:\ST\STM32CubeIDE_1.15.1\STM32CubeIDE\plugins\com.st.stm32cube.common.mx_6.12.0.202406281431\\db\/plugins/mcufinder/images/
2024-09-26 16:01:13,295 [WARN] DbFile:41 - Overriding database path with different value: C:\Users\Tejas Sawant\.stmcufinder\plugins\mcufinder/ => C:\Users\Tejas Sawant\.stmcufinder\plugins\mcufinder
2024-09-26 16:01:13,295 [INFO] ApiDb:250 - Set database path to: C:\Users\Tejas Sawant\.stmcufinder\plugins\mcufinder//mcu/
2024-09-26 16:01:13,296 [WARN] DbFile:41 - Overriding database path with different value: C:\Users\Tejas Sawant\.stmcufinder\plugins\mcufinder/ => C:\Users\Tejas Sawant\.stmcufinder\plugins\mcufinder
2024-09-26 16:01:13,296 [INFO] DbMcusAds:125 - Set database path to: C:\Users\Tejas Sawant\.stmcufinder\plugins\mcufinder//mcu/
2024-09-26 16:01:13,296 [WARN] DbFile:41 - Overriding database path with different value: C:\Users\Tejas Sawant\.stmcufinder\plugins\mcufinder/ => C:\Users\Tejas Sawant\.stmcufinder\plugins\mcufinder
2024-09-26 16:01:13,296 [WARN] DbFile:41 - Overriding database path with different value: C:\Users\Tejas Sawant\.stmcufinder\plugins\mcufinder/ => C:\Users\Tejas Sawant\.stmcufinder\plugins\mcufinder
2024-09-26 16:01:13,296 [INFO] CrossReferenceDbSqlite:203 - Set database path to: C:\Users\Tejas Sawant\.stmcufinder\plugins\mcufinder//mcu/cs/
2024-09-26 16:01:13,320 [INFO] ApplicationProperties:184 - Using Application install path: C:\ST\STM32CubeIDE_1.15.1\STM32CubeIDE\plugins\com.st.stm32cube.common.mx_6.12.0.202406281431
2024-09-26 16:01:13,321 [INFO] PluginManage:196 - Search for loadable plugins [exclusion list=, ]
2024-09-26 16:01:13,323 [INFO] PluginManage:310 - Check plugin analytics
2024-09-26 16:01:13,536 [INFO] AnalyticsPlugin:253 - Accepted Software Licenses: 
2024-09-26 16:01:13,536 [INFO] AnalyticsPlugin:255 - Accepted CMSIS Pack Licenses: 
2024-09-26 16:01:13,536 [INFO] AnalyticsPlugin:257 - Accepted Firmware Licenses: 
2024-09-26 16:01:13,539 [INFO] PluginManage:359 - Loaded plugin analytics (category:tool,tabindex:-1)
2024-09-26 16:01:13,539 [INFO] PluginManage:310 - Check plugin cadmodel
2024-09-26 16:01:13,547 [INFO] CADModel:105 - Init CAD model plugin
2024-09-26 16:01:13,547 [INFO] PluginManage:359 - Loaded plugin cadmodel (category:power,tabindex:5)
2024-09-26 16:01:13,547 [INFO] PluginManage:310 - Check plugin clock
2024-09-26 16:01:13,560 [INFO] PluginManage:359 - Loaded plugin clock (category:base,tabindex:2)
2024-09-26 16:01:13,561 [INFO] PluginManage:310 - Check plugin ddr
2024-09-26 16:01:13,564 [INFO] PluginManage:359 - Loaded plugin ddr (category:tool,tabindex:6)
2024-09-26 16:01:13,564 [INFO] PluginManage:310 - Check plugin filemanager
2024-09-26 16:01:13,740 [INFO] PluginManage:359 - Loaded plugin filemanager (category:base,tabindex:10)
2024-09-26 16:01:13,740 [INFO] PluginManage:310 - Check plugin ipmanager
2024-09-26 16:01:13,750 [INFO] PluginManage:359 - Loaded plugin ipmanager (category:base,tabindex:5)
2024-09-26 16:01:13,750 [INFO] PluginManage:310 - Check plugin lpbam
2024-09-26 16:01:13,759 [INFO] PluginManage:359 - Loaded plugin lpbam (category:base,tabindex:0)
2024-09-26 16:01:13,759 [INFO] PluginManage:310 - Check plugin memorymap
2024-09-26 16:01:13,779 [INFO] PluginManage:359 - Loaded plugin memorymap (category:base,tabindex:4)
2024-09-26 16:01:13,779 [INFO] PluginManage:310 - Check plugin pinoutandconfiguration
2024-09-26 16:01:13,790 [INFO] PluginManage:359 - Loaded plugin pinoutandconfiguration (category:base,tabindex:1)
2024-09-26 16:01:13,790 [INFO] PluginManage:310 - Check plugin pinoutconfig
2024-09-26 16:01:13,932 [WARN] SupportedApi:132 - Cannot load RTOS API schema: s4s-elt-must-match.1: The content of 'definitions' must match (annotation?, (simpleType | complexType)?, (unique | key | keyref)*)). A problem was found starting at: attribute.
2024-09-26 16:01:14,115 [INFO] PluginManage:359 - Loaded plugin pinoutconfig (category:base,tabindex:0)
2024-09-26 16:01:14,116 [INFO] PluginManage:310 - Check plugin power
2024-09-26 16:01:14,128 [INFO] PluginManage:359 - Loaded plugin power (category:power,tabindex:4)
2024-09-26 16:01:14,129 [INFO] PluginManage:310 - Check plugin projectmanager
2024-09-26 16:01:14,149 [INFO] PluginManage:359 - Loaded plugin projectmanager (category:projectmanager,tabindex:4)
2024-09-26 16:01:14,149 [INFO] PluginManage:310 - Check plugin rif
2024-09-26 16:01:14,159 [INFO] PluginManage:359 - Loaded plugin rif (category:base,tabindex:3)
2024-09-26 16:01:14,159 [INFO] PluginManage:310 - Check plugin thirdparty
2024-09-26 16:01:14,307 [INFO] PluginManage:359 - Loaded plugin thirdparty (category:base,tabindex:-1)
2024-09-26 16:01:14,307 [INFO] PluginManage:310 - Check plugin tools
2024-09-26 16:01:14,307 [WARN] IntegrityCheckThread:84 - waiting for thirdparty lock release [integrity check]
2024-09-26 16:01:14,308 [INFO] IntegrityCheckThread:86 - entering critical section [integrity check]
2024-09-26 16:01:14,308 [INFO] ThirdPartyUpdaterWithRetryManager:70 - Updater plugin not ready yet. [1/15]
2024-09-26 16:01:14,310 [INFO] PluginManage:359 - Loaded plugin tools (category:base,tabindex:7)
2024-09-26 16:01:14,311 [INFO] PluginManage:310 - Check plugin tutovideos
2024-09-26 16:01:14,535 [INFO] PluginManage:359 - Loaded plugin tutovideos (category:base,tabindex:-1)
2024-09-26 16:01:14,535 [INFO] PluginManage:310 - Check plugin updater
2024-09-26 16:01:14,554 [INFO] PluginManage:359 - Loaded plugin updater (category:base,tabindex:12)
2024-09-26 16:01:14,555 [INFO] PluginManage:310 - Check plugin userauth
2024-09-26 16:01:14,560 [INFO] UserAuth:113 - Init User Auth plugin
2024-09-26 16:01:14,561 [INFO] PluginManage:359 - Loaded plugin userauth (category:base,tabindex:14)
2024-09-26 16:01:14,561 [INFO] PluginManage:283 - PluginManage : Loaded plugins [18]
2024-09-26 16:01:14,807 [INFO] PinOutPanel:1561 - setPackage(No Configuration,No Configuration)
2024-09-26 16:01:14,940 [INFO] CADModel:165 - CPN selected for project level
2024-09-26 16:01:14,940 [INFO] CADModel:114 - Register for checkConnection events
2024-09-26 16:01:14,964 [INFO] IPUIPlugin:80 - create IPUIPlugin
2024-09-26 16:01:14,964 [INFO] PluginManager:220 - loadIPPluginJar : add adc
2024-09-26 16:01:14,967 [INFO] IPUIPlugin:80 - create IPUIPlugin
2024-09-26 16:01:14,967 [INFO] PluginManager:220 - loadIPPluginJar : add aes
2024-09-26 16:01:14,971 [INFO] IPUIPlugin:80 - create IPUIPlugin
2024-09-26 16:01:14,971 [INFO] PluginManager:220 - loadIPPluginJar : add can
2024-09-26 16:01:14,973 [INFO] IPUIPlugin:80 - create IPUIPlugin
2024-09-26 16:01:14,973 [INFO] PluginManager:220 - loadIPPluginJar : add comp
2024-09-26 16:01:14,976 [INFO] IPUIPlugin:80 - create IPUIPlugin
2024-09-26 16:01:14,976 [INFO] PluginManager:220 - loadIPPluginJar : add cryp
2024-09-26 16:01:14,980 [INFO] IPUIPlugin:80 - create IPUIPlugin
2024-09-26 16:01:14,980 [INFO] PluginManager:220 - loadIPPluginJar : add ddr_ctrl_phy
2024-09-26 16:01:14,982 [INFO] IPUIPlugin:80 - create IPUIPlugin
2024-09-26 16:01:14,982 [INFO] PluginManager:220 - loadIPPluginJar : add dfsdm
2024-09-26 16:01:14,987 [INFO] IPUIPlugin:80 - create IPUIPlugin
2024-09-26 16:01:14,987 [INFO] PluginManager:220 - loadIPPluginJar : add dma
2024-09-26 16:01:14,989 [INFO] IPUIPlugin:80 - create IPUIPlugin
2024-09-26 16:01:14,989 [INFO] PluginManager:220 - loadIPPluginJar : add dma3
2024-09-26 16:01:14,995 [INFO] IPUIPlugin:80 - create IPUIPlugin
2024-09-26 16:01:14,995 [INFO] PluginManager:220 - loadIPPluginJar : add extmemmanager
2024-09-26 16:01:14,998 [INFO] IPUIPlugin:80 - create IPUIPlugin
2024-09-26 16:01:14,998 [INFO] PluginManager:220 - loadIPPluginJar : add fatfs
2024-09-26 16:01:15,003 [INFO] IPUIPlugin:80 - create IPUIPlugin
2024-09-26 16:01:15,003 [INFO] PluginManager:220 - loadIPPluginJar : add fmc
2024-09-26 16:01:15,010 [INFO] IPUIPlugin:80 - create IPUIPlugin
2024-09-26 16:01:15,010 [INFO] PluginManager:220 - loadIPPluginJar : add freertos
2024-09-26 16:01:15,012 [INFO] IPUIPlugin:80 - create IPUIPlugin
2024-09-26 16:01:15,012 [INFO] PluginManager:220 - loadIPPluginJar : add genericplugin
2024-09-26 16:01:15,014 [INFO] IPUIPlugin:80 - create IPUIPlugin
2024-09-26 16:01:15,014 [INFO] PluginManager:220 - loadIPPluginJar : add gfxmmu
2024-09-26 16:01:15,018 [INFO] IPUIPlugin:80 - create IPUIPlugin
2024-09-26 16:01:15,018 [INFO] PluginManager:220 - loadIPPluginJar : add gic
2024-09-26 16:01:15,022 [INFO] IPUIPlugin:80 - create IPUIPlugin
2024-09-26 16:01:15,022 [INFO] PluginManager:220 - loadIPPluginJar : add gpio
2024-09-26 16:01:15,025 [INFO] IPUIPlugin:80 - create IPUIPlugin
2024-09-26 16:01:15,025 [INFO] PluginManager:220 - loadIPPluginJar : add gtzc
2024-09-26 16:01:15,029 [INFO] IPUIPlugin:80 - create IPUIPlugin
2024-09-26 16:01:15,029 [INFO] PluginManager:220 - loadIPPluginJar : add hash
2024-09-26 16:01:15,033 [INFO] IPUIPlugin:80 - create IPUIPlugin
2024-09-26 16:01:15,033 [INFO] PluginManager:220 - loadIPPluginJar : add i2c
2024-09-26 16:01:15,036 [INFO] IPUIPlugin:80 - create IPUIPlugin
2024-09-26 16:01:15,036 [INFO] PluginManager:220 - loadIPPluginJar : add i2s
2024-09-26 16:01:15,039 [INFO] IPUIPlugin:80 - create IPUIPlugin
2024-09-26 16:01:15,039 [INFO] PluginManager:220 - loadIPPluginJar : add i3c
2024-09-26 16:01:15,044 [INFO] IPUIPlugin:80 - create IPUIPlugin
2024-09-26 16:01:15,044 [INFO] PluginManager:220 - loadIPPluginJar : add ipddr
2024-09-26 16:01:15,052 [INFO] IPUIPlugin:80 - create IPUIPlugin
2024-09-26 16:01:15,052 [INFO] PluginManager:220 - loadIPPluginJar : add linkedlist
2024-09-26 16:01:15,055 [INFO] IPUIPlugin:80 - create IPUIPlugin
2024-09-26 16:01:15,055 [INFO] PluginManager:220 - loadIPPluginJar : add lorawan
2024-09-26 16:01:15,057 [INFO] IPUIPlugin:80 - create IPUIPlugin
2024-09-26 16:01:15,057 [INFO] PluginManager:220 - loadIPPluginJar : add ltdc
2024-09-26 16:01:15,062 [INFO] IPUIPlugin:80 - create IPUIPlugin
2024-09-26 16:01:15,062 [INFO] PluginManager:220 - loadIPPluginJar : add mdma
2024-09-26 16:01:15,066 [INFO] IPUIPlugin:80 - create IPUIPlugin
2024-09-26 16:01:15,066 [INFO] PluginManager:220 - loadIPPluginJar : add nvic
2024-09-26 16:01:15,069 [INFO] IPUIPlugin:80 - create IPUIPlugin
2024-09-26 16:01:15,070 [INFO] PluginManager:220 - loadIPPluginJar : add opamp
2024-09-26 16:01:15,074 [INFO] IPUIPlugin:80 - create IPUIPlugin
2024-09-26 16:01:15,074 [INFO] PluginManager:220 - loadIPPluginJar : add openamp
2024-09-26 16:01:15,076 [INFO] IPUIPlugin:80 - create IPUIPlugin
2024-09-26 16:01:15,076 [INFO] PluginManager:220 - loadIPPluginJar : add pdm2pcm
2024-09-26 16:01:15,082 [INFO] IPUIPlugin:80 - create IPUIPlugin
2024-09-26 16:01:15,085 [INFO] PluginManager:220 - loadIPPluginJar : add plateformsettings
2024-09-26 16:01:15,087 [INFO] IPUIPlugin:80 - create IPUIPlugin
2024-09-26 16:01:15,087 [INFO] PluginManager:220 - loadIPPluginJar : add quadspi
2024-09-26 16:01:15,089 [INFO] IPUIPlugin:80 - create IPUIPlugin
2024-09-26 16:01:15,090 [INFO] PluginManager:220 - loadIPPluginJar : add radio
2024-09-26 16:01:15,094 [INFO] IPUIPlugin:80 - create IPUIPlugin
2024-09-26 16:01:15,094 [INFO] PluginManager:220 - loadIPPluginJar : add resmgrutility
2024-09-26 16:01:15,097 [INFO] IPUIPlugin:80 - create IPUIPlugin
2024-09-26 16:01:15,098 [INFO] PluginManager:220 - loadIPPluginJar : add sai
2024-09-26 16:01:15,100 [INFO] IPUIPlugin:80 - create IPUIPlugin
2024-09-26 16:01:15,100 [INFO] PluginManager:220 - loadIPPluginJar : add spi
2024-09-26 16:01:15,105 [INFO] IPUIPlugin:80 - create IPUIPlugin
2024-09-26 16:01:15,105 [INFO] PluginManager:220 - loadIPPluginJar : add stm32_wpan
2024-09-26 16:01:15,107 [INFO] IPUIPlugin:80 - create IPUIPlugin
2024-09-26 16:01:15,107 [INFO] PluginManager:220 - loadIPPluginJar : add tim
2024-09-26 16:01:15,111 [INFO] IPUIPlugin:80 - create IPUIPlugin
2024-09-26 16:01:15,111 [INFO] PluginManager:220 - loadIPPluginJar : add touchsensing
2024-09-26 16:01:15,113 [INFO] IPUIPlugin:80 - create IPUIPlugin
2024-09-26 16:01:15,113 [INFO] PluginManager:220 - loadIPPluginJar : add tracer_emb
2024-09-26 16:01:15,115 [INFO] IPUIPlugin:80 - create IPUIPlugin
2024-09-26 16:01:15,115 [INFO] PluginManager:220 - loadIPPluginJar : add ts
2024-09-26 16:01:15,117 [INFO] IPUIPlugin:80 - create IPUIPlugin
2024-09-26 16:01:15,117 [INFO] PluginManager:220 - loadIPPluginJar : add tsc
2024-09-26 16:01:15,119 [INFO] IPUIPlugin:80 - create IPUIPlugin
2024-09-26 16:01:15,119 [INFO] PluginManager:220 - loadIPPluginJar : add ucpd
2024-09-26 16:01:15,123 [INFO] IPUIPlugin:80 - create IPUIPlugin
2024-09-26 16:01:15,123 [INFO] PluginManager:220 - loadIPPluginJar : add usart
2024-09-26 16:01:15,126 [INFO] IPUIPlugin:80 - create IPUIPlugin
2024-09-26 16:01:15,126 [INFO] PluginManager:220 - loadIPPluginJar : add usbx
2024-09-26 16:01:15,266 [INFO] CADModel:165 - CPN selected for project level
2024-09-26 16:01:15,266 [INFO] CADModel:114 - Register for checkConnection events
2024-09-26 16:01:15,266 [FATAL] Updater:334 - Updater called before beeing initialized
2024-09-26 16:01:15,266 [ERROR] CADModel:125 - Updater not yet initialized, retry later 
2024-09-26 16:01:15,431 [INFO] CADModel:165 - CPN selected for project level
2024-09-26 16:01:15,431 [INFO] CADModel:114 - Register for checkConnection events
2024-09-26 16:01:15,431 [FATAL] Updater:334 - Updater called before beeing initialized
2024-09-26 16:01:15,431 [ERROR] CADModel:125 - Updater not yet initialized, retry later 
2024-09-26 16:01:15,434 [FATAL] Updater:334 - Updater called before beeing initialized
2024-09-26 16:01:15,557 [FATAL] Updater:334 - Updater called before beeing initialized
2024-09-26 16:01:15,562 [INFO] DbMcusAds:53 - JSON generation date=Thu May 16 14:52:00 IST 2024 (1715851320667)
2024-09-26 16:01:15,562 [FATAL] Updater:334 - Updater called before beeing initialized
2024-09-26 16:01:15,621 [WARN] DetailPanel:346 - Failed to get advertising image, set to default
2024-09-26 16:01:15,728 [FATAL] Updater:334 - Updater called before beeing initialized
2024-09-26 16:01:15,730 [FATAL] Updater:334 - Updater called before beeing initialized
2024-09-26 16:01:15,730 [FATAL] Updater:334 - Updater called before beeing initialized
2024-09-26 16:01:15,730 [WARN] DetailPanel:346 - Failed to get advertising image, set to default
2024-09-26 16:01:15,731 [FATAL] Updater:334 - Updater called before beeing initialized
2024-09-26 16:01:15,785 [ERROR] Updater:1164 - MainUpdater not yet initialized. External WinMGr cannot be set.
2024-09-26 16:01:15,789 [INFO] Updater:1100 - Updater Version found : 6.12.0
2024-09-26 16:01:15,813 [INFO] ApplicationProperties:184 - Using Application install path: C:\ST\STM32CubeIDE_1.15.1\STM32CubeIDE\plugins\com.st.stm32cube.common.mx_6.12.0.202406281431
2024-09-26 16:01:17,309 [INFO] ThirdPartyUpdaterWithRetryManager:70 - Updater plugin not ready yet. [2/15]
2024-09-26 16:01:17,405 [ERROR] LogOutputStream:75 - [STDERR_REDIRECT] Sep 26, 2024 4:01:17 PM java.util.prefs.WindowsPreferences <init>
2024-09-26 16:01:17,407 [ERROR] LogOutputStream:75 - [STDERR_REDIRECT] WARNING: Could not open/create prefs root node Software\JavaSoft\Prefs at root 0xffffffff80000002. Windows RegCreateKeyEx(...) returned error code 5.
2024-09-26 16:01:17,407 [ERROR] LogOutputStream:75 - [STDERR_REDIRECT] 
2024-09-26 16:01:18,033 [INFO] MainUpdater:2873 - connection check result : 10
2024-09-26 16:01:18,033 [INFO] MainUpdater:3567 - Updater definition file requires update
2024-09-26 16:01:18,035 [INFO] MainUpdater:290 - Updater Check For Update Now.
2024-09-26 16:01:18,036 [INFO] MicroXplorer:498 - Change Database Version : DB.6.0.120
2024-09-26 16:01:18,050 [INFO] McuFinderGlobals:63 - Set McuFinder mode to 2 (CubeIDE integrated)
2024-09-26 16:01:18,050 [INFO] UserAuth:179 - activating auth plugin
2024-09-26 16:01:18,055 [INFO] UserAuth:417 - Internet connection configuration mode: 1
2024-09-26 16:01:18,081 [INFO] JxBrowserEngine:152 - Initiate JxBrowser Engine with user profile folder
2024-09-26 16:01:18,158 [INFO] ServerAccessManage:473 - Download File updaters.zip
2024-09-26 16:01:18,266 [INFO] FileExtend:240 - Unzip File : updaters.zip
2024-09-26 16:01:18,267 [INFO] FileExtend:255 - Standard Zip Deflate
2024-09-26 16:01:18,986 [INFO] ServerAccessManage:473 - Download File PacksControlFlags.xml
2024-09-26 16:01:19,071 [INFO] ServerAccessManage:473 - Download File cubemx.pidx
2024-09-26 16:01:19,890 [INFO] ServerAccessManage:473 - Download File STMicroelectronics.X-CUBE-ISPU.pdsc
2024-09-26 16:01:20,109 [INFO] WebApp:167 - Instantiating new browser for Auth
2024-09-26 16:01:20,182 [INFO] ServerAccessManage:473 - Download File STMicroelectronics.X-CUBE-NFC9.pdsc
2024-09-26 16:01:20,311 [WARN] MainUpdater:1194 - Updater busy. Cannot search thirdparties
2024-09-26 16:01:20,311 [INFO] ThirdPartyUpdaterWithRetryManager:96 - Updater plugin is busy. [1/15]
2024-09-26 16:01:20,830 [INFO] ServerAccessManage:473 - Download File STMicroelectronics.X-CUBE-NFC10.pdsc
2024-09-26 16:01:21,301 [INFO] ServerAccessManage:473 - Download File STMicroelectronics.X-CUBE-TOUCHGFX.pdsc
2024-09-26 16:01:21,411 [INFO] WebApp:448 - Apply proxy settings
2024-09-26 16:01:21,412 [INFO] WebApp:533 - Chromium requires no authentication
2024-09-26 16:01:21,428 [INFO] WebApp:476 - Direct internet connection detected
2024-09-26 16:01:21,465 [INFO] WebApp:869 - Register for checkConnection events
2024-09-26 16:01:21,465 [INFO] WebApp:448 - Apply proxy settings
2024-09-26 16:01:21,465 [INFO] WebApp:533 - Chromium requires no authentication
2024-09-26 16:01:21,466 [INFO] WebApp:476 - Direct internet connection detected
2024-09-26 16:01:21,807 [INFO] WebApp:186 - Connection restablished
2024-09-26 16:01:21,858 [INFO] WebApp:220 - Starting web application
2024-09-26 16:01:21,859 [INFO] WebApp:578 - Web application path used C:\ST\STM32CubeIDE_1.15.1\STM32CubeIDE\plugins\com.st.stm32cube.common.mx_6.12.0.202406281431\db\plugins\mcufinder\reactClient1\index.html
2024-09-26 16:01:23,314 [WARN] MainUpdater:1194 - Updater busy. Cannot search thirdparties
2024-09-26 16:01:23,314 [INFO] ThirdPartyUpdaterWithRetryManager:96 - Updater plugin is busy. [2/15]
2024-09-26 16:01:24,881 [WARN] PackLoader:240 - Cannot read IP mode file for STMicroelectronics.X-CUBE-ISPU.2.1.0
2024-09-26 16:01:24,900 [WARN] PackLoader:240 - Cannot read IP mode file for STMicroelectronics.X-CUBE-NFC9.1.0.0
2024-09-26 16:01:24,912 [WARN] PackLoader:240 - Cannot read IP mode file for STMicroelectronics.X-CUBE-NFC10.1.0.0
2024-09-26 16:01:24,921 [WARN] PackLoader:240 - Cannot read IP mode file for STMicroelectronics.X-CUBE-TOUCHGFX.4.24.1
2024-09-26 16:01:24,921 [INFO] PopulateThirdPartyThread:66 - Ending populate Thread
2024-09-26 16:01:24,923 [INFO] ThirdParty:1030 - CMSIS Pack Vendor :STMicroelectronics X-CUBE-NFC9 1.0.0
2024-09-26 16:01:24,923 [INFO] ThirdParty:1030 - CMSIS Pack Vendor :STMicroelectronics X-CUBE-NFC10 1.0.0
2024-09-26 16:01:24,923 [INFO] ThirdParty:1030 - CMSIS Pack Vendor :STMicroelectronics X-CUBE-TOUCHGFX 4.24.1
2024-09-26 16:01:24,923 [INFO] ThirdParty:1030 - CMSIS Pack Vendor :STMicroelectronics X-CUBE-ISPU 2.1.0
2024-09-26 16:01:24,923 [INFO] LoadServerUpdatesThread:375 - End of LoadServerUpdate Thread
2024-09-26 16:01:24,999 [INFO] CheckServerUpdateThread:120 - End of CheckServer Thread
2024-09-26 16:01:26,628 [WARN] PackLoader:240 - Cannot read IP mode file for STMicroelectronics.FP-SNS-MOTENVWB1.1.4.0
2024-09-26 16:01:26,638 [WARN] PackLoader:240 - Cannot read IP mode file for STMicroelectronics.X-CUBE-SMBUS.2.1.0
2024-09-26 16:01:26,667 [WARN] PackLoader:240 - Cannot read IP mode file for STMicroelectronics.X-CUBE-AZRTOS-F7.1.1.0
2024-09-26 16:01:26,756 [WARN] PackLoader:240 - Cannot read IP mode file for STMicroelectronics.X-CUBE-MEMS1.11.0.0
2024-09-26 16:01:26,898 [WARN] PackLoader:240 - Cannot read IP mode file for STMicroelectronics.FP-SNS-FLIGHT1.5.0.2
2024-09-26 16:01:26,909 [WARN] PackLoader:240 - Cannot read IP mode file for STMicroelectronics.X-CUBE-DISPLAY.3.0.0
2024-09-26 16:01:26,921 [WARN] PackLoader:240 - Cannot read IP mode file for STMicroelectronics.X-CUBE-BLE1.7.0.0
2024-09-26 16:01:26,927 [WARN] PackLoader:240 - Cannot read IP mode file for STMicroelectronics.X-CUBE-NFC10.1.0.0
2024-09-26 16:01:26,937 [WARN] PackLoader:240 - Cannot read IP mode file for emotas.I-CUBE-CANOPEN.1.3.0
2024-09-26 16:01:26,950 [WARN] PackLoader:240 - Cannot read IP mode file for STMicroelectronics.X-CUBE-BLEMGR.3.1.0
2024-09-26 16:01:26,959 [WARN] PackLoader:240 - Cannot read IP mode file for STMicroelectronics.FP-SNS-SMARTAG2.1.2.0
2024-09-26 16:01:26,969 [INFO] LogOutputStream:77 - [STDOUT_REDIRECT] 1 : Invalid condition id : UX_CORESTACK_Condition cause : null
2024-09-26 16:01:26,970 [INFO] LogOutputStream:77 - [STDOUT_REDIRECT] 1 : Invalid condition id : UX_CORESTACK_Condition cause : null
2024-09-26 16:01:26,971 [INFO] LogOutputStream:77 - [STDOUT_REDIRECT] 1 : Invalid condition id : UX_CORESTACK_Condition cause : null
2024-09-26 16:01:26,972 [INFO] LogOutputStream:77 - [STDOUT_REDIRECT] 1 : Invalid condition id : UX_CORESTACK_Condition cause : null
2024-09-26 16:01:26,974 [INFO] LogOutputStream:77 - [STDOUT_REDIRECT] 1 : Invalid condition id : UX_CORESTACK_Condition cause : null
2024-09-26 16:01:26,976 [WARN] PackLoader:240 - Cannot read IP mode file for STMicroelectronics.X-CUBE-AZRTOS-WL.2.0.0
2024-09-26 16:01:26,983 [WARN] PackLoader:240 - Cannot read IP mode file for STMicroelectronics.FP-SNS-MOTENV1.5.0.0
2024-09-26 16:01:26,991 [WARN] PackLoader:240 - Cannot read IP mode file for wolfSSL.I-CUBE-wolfMQTT.1.19.0
2024-09-26 16:01:27,000 [WARN] PackLoader:240 - Cannot read IP mode file for WES.I-CUBE-Cesium.1.3.0
2024-09-26 16:01:27,005 [WARN] PackLoader:240 - Cannot read IP mode file for STMicroelectronics.X-CUBE-BLE2.3.3.0
2024-09-26 16:01:27,011 [WARN] PackLoader:240 - Cannot read IP mode file for STMicroelectronics.X-CUBE-NFC9.1.0.0
2024-09-26 16:01:27,019 [WARN] PackLoader:240 - Cannot read IP mode file for STMicroelectronics.X-CUBE-TCPP.4.1.0
2024-09-26 16:01:27,036 [WARN] PackLoader:240 - Cannot read IP mode file for STMicroelectronics.X-CUBE-AZRTOS-G0.1.1.0
2024-09-26 16:01:27,048 [WARN] PackLoader:240 - Cannot read IP mode file for STMicroelectronics.X-CUBE-SAFEA1.1.2.2
2024-09-26 16:01:27,056 [WARN] PackLoader:240 - Cannot read IP mode file for STMicroelectronics.X-CUBE-NFC4.3.0.0
2024-09-26 16:01:27,066 [WARN] PackLoader:240 - Cannot read IP mode file for EmbeddedOffice.I-CUBE-FS-RTOS.1.0.1
2024-09-26 16:01:27,067 [ERROR] ConditionMgr:805 - Attr not supported : Dmpu
2024-09-26 16:01:27,067 [ERROR] ConditionMgr:805 - Attr not supported : Dmpu
2024-09-26 16:01:27,067 [ERROR] ConditionMgr:805 - Attr not supported : Dmpu
2024-09-26 16:01:27,068 [ERROR] ConditionMgr:805 - Attr not supported : Dmpu
2024-09-26 16:01:27,068 [ERROR] ConditionMgr:805 - Attr not supported : Dmpu
2024-09-26 16:01:27,068 [ERROR] ConditionMgr:805 - Attr not supported : Dmpu
2024-09-26 16:01:27,068 [ERROR] ConditionMgr:805 - Attr not supported : Dmpu
2024-09-26 16:01:27,068 [ERROR] ConditionMgr:805 - Attr not supported : Dmpu
2024-09-26 16:01:27,068 [ERROR] ConditionMgr:805 - Attr not supported : Dmpu
2024-09-26 16:01:27,068 [ERROR] ConditionMgr:805 - Attr not supported : Dmpu
2024-09-26 16:01:27,068 [ERROR] ConditionMgr:805 - Attr not supported : Dmpu
2024-09-26 16:01:27,068 [ERROR] ConditionMgr:805 - Attr not supported : Dmpu
2024-09-26 16:01:27,068 [ERROR] ConditionMgr:805 - Attr not supported : Dmpu
2024-09-26 16:01:27,068 [ERROR] ConditionMgr:805 - Attr not supported : Dmpu
2024-09-26 16:01:27,068 [ERROR] ConditionMgr:805 - Attr not supported : Dmpu
2024-09-26 16:01:27,068 [ERROR] ConditionMgr:805 - Attr not supported : Dmpu
2024-09-26 16:01:27,069 [ERROR] ConditionMgr:805 - Attr not supported : Dmpu
2024-09-26 16:01:27,069 [ERROR] ConditionMgr:805 - Attr not supported : Dmpu
2024-09-26 16:01:27,069 [ERROR] ConditionMgr:805 - Attr not supported : Dmpu
2024-09-26 16:01:27,069 [ERROR] ConditionMgr:805 - Attr not supported : Dmpu
2024-09-26 16:01:27,069 [ERROR] ConditionMgr:805 - Attr not supported : Dmpu
2024-09-26 16:01:27,069 [ERROR] ConditionMgr:805 - Attr not supported : Dmpu
2024-09-26 16:01:27,069 [ERROR] ConditionMgr:805 - Attr not supported : Dmpu
2024-09-26 16:01:27,069 [ERROR] ConditionMgr:805 - Attr not supported : Dmpu
2024-09-26 16:01:27,069 [ERROR] ConditionMgr:805 - Attr not supported : Dmpu
2024-09-26 16:01:27,069 [ERROR] ConditionMgr:805 - Attr not supported : Dmpu
2024-09-26 16:01:27,069 [ERROR] ConditionMgr:805 - Attr not supported : Dmpu
2024-09-26 16:01:27,069 [ERROR] ConditionMgr:805 - Attr not supported : Dmpu
2024-09-26 16:01:27,069 [ERROR] ConditionMgr:805 - Attr not supported : Dmpu
2024-09-26 16:01:27,069 [ERROR] ConditionMgr:805 - Attr not supported : Dmpu
2024-09-26 16:01:27,069 [ERROR] ConditionMgr:805 - Attr not supported : Dmpu
2024-09-26 16:01:27,071 [ERROR] ConditionMgr:805 - Attr not supported : Dmpu
2024-09-26 16:01:27,071 [ERROR] ConditionMgr:805 - Attr not supported : Dmpu
2024-09-26 16:01:27,071 [ERROR] ConditionMgr:805 - Attr not supported : Dmpu
2024-09-26 16:01:27,071 [ERROR] ConditionMgr:805 - Attr not supported : Dmpu
2024-09-26 16:01:27,071 [ERROR] ConditionMgr:805 - Attr not supported : Dmpu
2024-09-26 16:01:27,071 [ERROR] ConditionMgr:805 - Attr not supported : Dmpu
2024-09-26 16:01:27,071 [ERROR] ConditionMgr:805 - Attr not supported : Dmpu
2024-09-26 16:01:27,071 [ERROR] ConditionMgr:805 - Attr not supported : Dmpu
2024-09-26 16:01:27,071 [ERROR] ConditionMgr:805 - Attr not supported : Dmpu
2024-09-26 16:01:27,071 [ERROR] ConditionMgr:805 - Attr not supported : Dmpu
2024-09-26 16:01:27,072 [ERROR] ConditionMgr:805 - Attr not supported : Dmpu
2024-09-26 16:01:27,072 [ERROR] ConditionMgr:805 - Attr not supported : Dmpu
2024-09-26 16:01:27,072 [ERROR] ConditionMgr:805 - Attr not supported : Dmpu
2024-09-26 16:01:27,072 [ERROR] ConditionMgr:805 - Attr not supported : Dmpu
2024-09-26 16:01:27,072 [ERROR] ConditionMgr:805 - Attr not supported : Dmpu
2024-09-26 16:01:27,072 [ERROR] ConditionMgr:805 - Attr not supported : Dmpu
2024-09-26 16:01:27,072 [ERROR] ConditionMgr:805 - Attr not supported : Dmpu
2024-09-26 16:01:27,072 [ERROR] ConditionMgr:805 - Attr not supported : Dmpu
2024-09-26 16:01:27,072 [ERROR] ConditionMgr:805 - Attr not supported : Dmpu
2024-09-26 16:01:27,072 [ERROR] ConditionMgr:805 - Attr not supported : Dmpu
2024-09-26 16:01:27,072 [ERROR] ConditionMgr:805 - Attr not supported : Dmpu
2024-09-26 16:01:27,072 [ERROR] ConditionMgr:805 - Attr not supported : Dmpu
2024-09-26 16:01:27,073 [ERROR] ConditionMgr:805 - Attr not supported : Dmpu
2024-09-26 16:01:27,073 [ERROR] ConditionMgr:805 - Attr not supported : Dmpu
2024-09-26 16:01:27,073 [ERROR] ConditionMgr:805 - Attr not supported : Dmpu
2024-09-26 16:01:27,073 [ERROR] ConditionMgr:805 - Attr not supported : Dmpu
2024-09-26 16:01:27,073 [ERROR] ConditionMgr:805 - Attr not supported : Dmpu
2024-09-26 16:01:27,073 [ERROR] ConditionMgr:805 - Attr not supported : Dmpu
2024-09-26 16:01:27,073 [ERROR] ConditionMgr:805 - Attr not supported : Dmpu
2024-09-26 16:01:27,073 [ERROR] ConditionMgr:805 - Attr not supported : Dmpu
2024-09-26 16:01:27,073 [ERROR] ConditionMgr:805 - Attr not supported : Dmpu
2024-09-26 16:01:27,073 [ERROR] ConditionMgr:805 - Attr not supported : Dmpu
2024-09-26 16:01:27,073 [ERROR] ConditionMgr:805 - Attr not supported : Dmpu
2024-09-26 16:01:27,080 [WARN] PackLoader:240 - Cannot read IP mode file for RealThread.X-CUBE-RT-Thread_Nano.4.1.1
2024-09-26 16:01:27,086 [WARN] PackLoader:240 - Cannot read IP mode file for STMicroelectronics.FP-ATR-SIGFOX1.3.2.0
2024-09-26 16:01:27,090 [WARN] PackLoader:240 - Cannot read IP mode file for wolfSSL.I-CUBE-wolfSSL.5.7.2
2024-09-26 16:01:27,096 [WARN] PackLoader:240 - Cannot read IP mode file for STMicroelectronics.X-CUBE-EEPRMA1.5.1.0
2024-09-26 16:01:27,106 [WARN] PackLoader:240 - Cannot read IP mode file for ITTIA_DB.I-CUBE-ITTIADB.8.9.0
2024-09-26 16:01:27,135 [WARN] PackLoader:240 - Cannot read IP mode file for SEGGER.I-CUBE-embOS.1.3.1
2024-09-26 16:01:27,173 [WARN] PackLoader:240 - Cannot read IP mode file for STMicroelectronics.X-CUBE-ALGOBUILD.1.4.0
2024-09-26 16:01:27,181 [WARN] PackLoader:240 - Cannot read IP mode file for STMicroelectronics.X-CUBE-GNSS1.6.0.0
2024-09-26 16:01:27,202 [WARN] PackLoader:240 - Cannot read IP mode file for STMicroelectronics.X-CUBE-AZRTOS-F4.1.1.0
2024-09-26 16:01:27,209 [WARN] PackLoader:240 - Cannot read IP mode file for STMicroelectronics.X-CUBE-ISPU.2.1.0
2024-09-26 16:01:27,214 [WARN] PackLoader:240 - Cannot read IP mode file for STMicroelectronics.X-CUBE-FREERTOS.1.2.0
2024-09-26 16:01:27,232 [WARN] PackLoader:240 - Cannot read IP mode file for STMicroelectronics.X-CUBE-AZRTOS-L5.2.0.0
2024-09-26 16:01:27,243 [WARN] PackLoader:240 - Cannot read IP mode file for STMicroelectronics.X-CUBE-NFC6.3.1.0
2024-09-26 16:01:27,251 [WARN] PackLoader:240 - Cannot read IP mode file for STMicroelectronics.X-CUBE-DPower.1.2.0
2024-09-26 16:01:27,258 [WARN] PackLoader:240 - Cannot read IP mode file for STMicroelectronics.X-CUBE-AI.9.0.0
2024-09-26 16:01:27,263 [WARN] PackLoader:240 - Cannot read IP mode file for STMicroelectronics.X-CUBE-NFC7.1.0.1
2024-09-26 16:01:27,270 [WARN] PackLoader:240 - Cannot read IP mode file for wolfSSL.I-CUBE-wolfTPM.3.2.0
2024-09-26 16:01:27,287 [WARN] ConditionMgr:438 - getConditionDescription Invalid condition id : LAN8742 Phy interface Condition cause : null
2024-09-26 16:01:27,288 [WARN] PackLoader:240 - Cannot read IP mode file for STMicroelectronics.X-CUBE-AZRTOS-L4.2.0.0
2024-09-26 16:01:27,289 [WARN] ConditionMgr:1039 - genDependencies : Invalid condition id : LAN8742 Phy interface Condition cause : null
2024-09-26 16:01:27,290 [WARN] ConditionMgr:1039 - genDependencies : Invalid condition id : LAN8742 Phy interface Condition cause : null
2024-09-26 16:01:27,290 [WARN] ConditionMgr:1039 - genDependencies : Invalid condition id : LAN8742 Phy interface Condition cause : null
2024-09-26 16:01:27,297 [WARN] PackLoader:240 - Cannot read IP mode file for STMicroelectronics.X-CUBE-SFXS2LP1.4.0.0
2024-09-26 16:01:27,315 [WARN] PackLoader:240 - Cannot read IP mode file for STMicroelectronics.X-CUBE-AZRTOS-H7.3.3.0
2024-09-26 16:01:27,329 [WARN] ConditionMgr:438 - getConditionDescription Invalid condition id : UX DEVICE CLASS RTOS Condition cause : null
2024-09-26 16:01:27,330 [WARN] ConditionMgr:438 - getConditionDescription Invalid condition id : UX DEVICE CLASS RTOS Condition cause : null
2024-09-26 16:01:27,333 [WARN] PackLoader:240 - Cannot read IP mode file for STMicroelectronics.X-CUBE-AZRTOS-WB.2.0.0
2024-09-26 16:01:27,333 [WARN] ConditionMgr:1039 - genDependencies : Invalid condition id : UX DEVICE CLASS RTOS Condition cause : null
2024-09-26 16:01:27,334 [WARN] ConditionMgr:1039 - genDependencies : Invalid condition id : UX DEVICE CLASS RTOS Condition cause : null
2024-09-26 16:01:27,334 [WARN] ConditionMgr:1039 - genDependencies : Invalid condition id : UX DEVICE CLASS RTOS Condition cause : null
2024-09-26 16:01:27,334 [WARN] ConditionMgr:1039 - genDependencies : Invalid condition id : UX DEVICE CLASS RTOS Condition cause : null
2024-09-26 16:01:27,334 [WARN] ConditionMgr:1039 - genDependencies : Invalid condition id : UX DEVICE CLASS RTOS Condition cause : null
2024-09-26 16:01:27,341 [WARN] PackLoader:240 - Cannot read IP mode file for STMicroelectronics.X-CUBE-GNSS1.7.0.0
2024-09-26 16:01:27,350 [WARN] PackLoader:240 - Cannot read IP mode file for STMicroelectronics.FP-SNS-STBOX1.2.0.0
2024-09-26 16:01:27,364 [WARN] PackLoader:240 - Cannot read IP mode file for STMicroelectronics.X-CUBE-SUBG2.5.0.0
2024-09-26 16:01:27,375 [WARN] PackLoader:240 - Cannot read IP mode file for Cesanta.I-CUBE-Mongoose.7.13.0
2024-09-26 16:01:27,389 [WARN] PackLoader:240 - Cannot read IP mode file for STMicroelectronics.X-CUBE-AZRTOS-G4.2.0.0
2024-09-26 16:01:27,396 [WARN] PackLoader:240 - Cannot read IP mode file for STMicroelectronics.X-CUBE-ISPU.2.0.0
2024-09-26 16:01:27,402 [WARN] PackLoader:240 - Cannot read IP mode file for STMicroelectronics.X-CUBE-ALS.1.0.2
2024-09-26 16:01:27,440 [WARN] PackLoader:240 - Cannot read IP mode file for STMicroelectronics.X-CUBE-MEMS1.10.0.0
2024-09-26 16:01:27,558 [WARN] PackLoader:240 - Cannot read IP mode file for STMicroelectronics.X-CUBE-TOUCHGFX.4.24.0
2024-09-26 16:01:27,563 [WARN] PackLoader:240 - Cannot read IP mode file for STMicroelectronics.X-CUBE-TOUCHGFX.4.24.1
2024-09-26 16:01:27,567 [WARN] PackLoader:240 - Cannot read IP mode file for wolfSSL.I-CUBE-wolfTPM.3.4.0
2024-09-26 16:01:27,574 [WARN] PackLoader:240 - Cannot read IP mode file for portGmbH.I-Cube-SoM-uGOAL.1.1.0
2024-09-26 16:01:27,594 [WARN] PackLoader:240 - Cannot read IP mode file for STMicroelectronics.X-CUBE-AZRTOS-H7RS.1.0.0
2024-09-26 16:01:27,603 [WARN] PackLoader:240 - Cannot read IP mode file for STMicroelectronics.FP-ATR-ASTRA1.2.0.0
2024-09-26 16:01:27,614 [WARN] PackLoader:240 - Cannot read IP mode file for STMicroelectronics.X-CUBE-TOF1.3.4.2
2024-09-26 16:01:27,646 [WARN] PackLoader:240 - Cannot read IP mode file for Infineon.AIROC-Wi-Fi-Bluetooth-STM32.1.6.1
2024-09-26 16:01:27,657 [WARN] PackLoader:240 - Cannot read IP mode file for wolfSSL.I-CUBE-wolfSSH.1.4.17
2024-09-26 16:01:27,658 [INFO] ThirdParty:978 - Integrity check success = true
2024-09-26 16:01:27,658 [INFO] IntegrityCheckThread:100 - exiting critical section [integrity check]
2024-09-26 16:01:27,658 [INFO] IntegrityCheckThread:103 - End integrity checks thread
2024-09-26 16:05:28,389 [INFO] WebApp:189 - Connection lost
2024-09-26 16:05:29,719 [INFO] WebApp:186 - Connection restablished
2024-09-26 16:40:02,602 [INFO] WebApp:189 - Connection lost
2024-09-26 16:40:03,157 [INFO] WebApp:186 - Connection restablished
2024-09-26 16:44:52,366 [INFO] WebApp:189 - Connection lost
2024-09-26 16:44:52,714 [INFO] WebApp:186 - Connection restablished
2024-09-26 16:51:13,357 [INFO] WebApp:189 - Connection lost
2024-09-26 16:51:14,698 [INFO] WebApp:186 - Connection restablished
2024-09-26 17:01:08,196 [INFO] WebApp:388 - JxBrowser engine has been closed 
2024-09-26 17:01:43,065 [ERROR] LogOutputStream:75 - [STDERR_REDIRECT] 
