2025-01-26 12:39:06,136 [INFO] Activator:176 - 


2025-01-26 12:39:06,141 [INFO] Activator:177 - !SESSION log4j initialized
2025-01-26 12:39:13,525 [INFO] LogOutputStream:77 - [STDOUT_REDIRECT] 
2025-01-26 12:39:16,053 [INFO] ApplicationProperties:184 - Using Application install path: C:\ST\STM32CubeIDE_1.15.1\STM32CubeIDE\plugins\com.st.stm32cube.common.mx_6.13.0.202411220809
2025-01-26 12:39:16,075 [INFO] DbMcusXml:78 - Set database path to: C:\ST\STM32CubeIDE_1.15.1\STM32CubeIDE\plugins\com.st.stm32cube.common.mx_6.13.0.202411220809\\db\/mcu/
2025-01-26 12:39:16,075 [INFO] ApiDb:274 - Set plugin database path to: C:\ST\STM32CubeIDE_1.15.1\STM32CubeIDE\plugins\com.st.stm32cube.common.mx_6.13.0.202411220809\\db\/plugins/boardmanager/
2025-01-26 12:39:16,075 [WARN] ApiDb:259 - Overriding images path with different value:  => C:\ST\STM32CubeIDE_1.15.1\STM32CubeIDE\plugins\com.st.stm32cube.common.mx_6.13.0.202411220809\\db\/plugins/mcufinder/images/
2025-01-26 12:39:16,087 [INFO] ApiDb:250 - Set database path to: C:\Users\Tejas Sawant\.stmcufinder\plugins\mcufinder//mcu/
2025-01-26 12:39:16,088 [INFO] DbMcusAds:125 - Set database path to: C:\Users\Tejas Sawant\.stmcufinder\plugins\mcufinder//mcu/
2025-01-26 12:39:16,091 [INFO] CrossReferenceDbSqlite:203 - Set database path to: C:\Users\Tejas Sawant\.stmcufinder\plugins\mcufinder//mcu/cs/
2025-01-26 12:39:16,260 [INFO] RulesReader:64 - Compatibility file has been processed (297 Rules)
2025-01-26 12:39:16,371 [INFO] DbMcusXml:78 - Set database path to: C:\ST\STM32CubeIDE_1.15.1\STM32CubeIDE\plugins\com.st.stm32cube.common.mx_6.13.0.202411220809\\db\/mcu/
2025-01-26 12:39:16,371 [INFO] ApiDb:274 - Set plugin database path to: C:\ST\STM32CubeIDE_1.15.1\STM32CubeIDE\plugins\com.st.stm32cube.common.mx_6.13.0.202411220809\\db\/plugins/boardmanager/
2025-01-26 12:39:16,371 [INFO] ApiDb:261 - Set plugin images path to: C:\ST\STM32CubeIDE_1.15.1\STM32CubeIDE\plugins\com.st.stm32cube.common.mx_6.13.0.202411220809\\db\/plugins/mcufinder/images/
2025-01-26 12:39:16,371 [WARN] DbFile:41 - Overriding database path with different value: C:\Users\Tejas Sawant\.stmcufinder\plugins\mcufinder/ => C:\Users\Tejas Sawant\.stmcufinder\plugins\mcufinder
2025-01-26 12:39:16,373 [INFO] ApiDb:250 - Set database path to: C:\Users\Tejas Sawant\.stmcufinder\plugins\mcufinder//mcu/
2025-01-26 12:39:16,373 [WARN] DbFile:41 - Overriding database path with different value: C:\Users\Tejas Sawant\.stmcufinder\plugins\mcufinder/ => C:\Users\Tejas Sawant\.stmcufinder\plugins\mcufinder
2025-01-26 12:39:16,373 [INFO] DbMcusAds:125 - Set database path to: C:\Users\Tejas Sawant\.stmcufinder\plugins\mcufinder//mcu/
2025-01-26 12:39:16,373 [WARN] DbFile:41 - Overriding database path with different value: C:\Users\Tejas Sawant\.stmcufinder\plugins\mcufinder/ => C:\Users\Tejas Sawant\.stmcufinder\plugins\mcufinder
2025-01-26 12:39:16,373 [WARN] DbFile:41 - Overriding database path with different value: C:\Users\Tejas Sawant\.stmcufinder\plugins\mcufinder/ => C:\Users\Tejas Sawant\.stmcufinder\plugins\mcufinder
2025-01-26 12:39:16,373 [INFO] CrossReferenceDbSqlite:203 - Set database path to: C:\Users\Tejas Sawant\.stmcufinder\plugins\mcufinder//mcu/cs/
2025-01-26 12:39:16,472 [INFO] MainPanel:272 - HeapMemory: 268435456
2025-01-26 12:39:16,621 [INFO] DbMcusXml:78 - Set database path to: C:\ST\STM32CubeIDE_1.15.1\STM32CubeIDE\plugins\com.st.stm32cube.common.mx_6.13.0.202411220809\\db\/mcu/
2025-01-26 12:39:16,621 [INFO] ApiDb:274 - Set plugin database path to: C:\ST\STM32CubeIDE_1.15.1\STM32CubeIDE\plugins\com.st.stm32cube.common.mx_6.13.0.202411220809\\db\/plugins/boardmanager/
2025-01-26 12:39:16,621 [INFO] ApiDb:261 - Set plugin images path to: C:\ST\STM32CubeIDE_1.15.1\STM32CubeIDE\plugins\com.st.stm32cube.common.mx_6.13.0.202411220809\\db\/plugins/mcufinder/images/
2025-01-26 12:39:16,622 [WARN] DbFile:41 - Overriding database path with different value: C:\Users\Tejas Sawant\.stmcufinder\plugins\mcufinder/ => C:\Users\Tejas Sawant\.stmcufinder\plugins\mcufinder
2025-01-26 12:39:16,622 [INFO] ApiDb:250 - Set database path to: C:\Users\Tejas Sawant\.stmcufinder\plugins\mcufinder//mcu/
2025-01-26 12:39:16,622 [WARN] DbFile:41 - Overriding database path with different value: C:\Users\Tejas Sawant\.stmcufinder\plugins\mcufinder/ => C:\Users\Tejas Sawant\.stmcufinder\plugins\mcufinder
2025-01-26 12:39:16,622 [INFO] DbMcusAds:125 - Set database path to: C:\Users\Tejas Sawant\.stmcufinder\plugins\mcufinder//mcu/
2025-01-26 12:39:16,622 [WARN] DbFile:41 - Overriding database path with different value: C:\Users\Tejas Sawant\.stmcufinder\plugins\mcufinder/ => C:\Users\Tejas Sawant\.stmcufinder\plugins\mcufinder
2025-01-26 12:39:16,623 [WARN] DbFile:41 - Overriding database path with different value: C:\Users\Tejas Sawant\.stmcufinder\plugins\mcufinder/ => C:\Users\Tejas Sawant\.stmcufinder\plugins\mcufinder
2025-01-26 12:39:16,623 [INFO] CrossReferenceDbSqlite:203 - Set database path to: C:\Users\Tejas Sawant\.stmcufinder\plugins\mcufinder//mcu/cs/
2025-01-26 12:39:16,646 [INFO] ApplicationProperties:184 - Using Application install path: C:\ST\STM32CubeIDE_1.15.1\STM32CubeIDE\plugins\com.st.stm32cube.common.mx_6.13.0.202411220809
2025-01-26 12:39:16,648 [INFO] PluginManage:196 - Search for loadable plugins [exclusion list=, ]
2025-01-26 12:39:16,651 [INFO] PluginManage:310 - Check plugin analytics
2025-01-26 12:39:16,894 [INFO] AnalyticsPlugin:253 - Accepted Software Licenses: 
2025-01-26 12:39:16,895 [INFO] AnalyticsPlugin:255 - Accepted CMSIS Pack Licenses: 
2025-01-26 12:39:16,895 [INFO] AnalyticsPlugin:257 - Accepted Firmware Licenses: 
2025-01-26 12:39:16,898 [INFO] PluginManage:359 - Loaded plugin analytics (category:tool,tabindex:-1)
2025-01-26 12:39:16,898 [INFO] PluginManage:310 - Check plugin cadmodel
2025-01-26 12:39:16,925 [INFO] CADModel:105 - Init CAD model plugin
2025-01-26 12:39:16,925 [INFO] PluginManage:359 - Loaded plugin cadmodel (category:power,tabindex:5)
2025-01-26 12:39:16,926 [INFO] PluginManage:310 - Check plugin clock
2025-01-26 12:39:16,954 [INFO] PluginManage:359 - Loaded plugin clock (category:base,tabindex:2)
2025-01-26 12:39:16,954 [INFO] PluginManage:310 - Check plugin ddr
2025-01-26 12:39:16,957 [INFO] PluginManage:359 - Loaded plugin ddr (category:tool,tabindex:6)
2025-01-26 12:39:16,958 [INFO] PluginManage:310 - Check plugin filemanager
2025-01-26 12:39:17,142 [INFO] PluginManage:359 - Loaded plugin filemanager (category:base,tabindex:10)
2025-01-26 12:39:17,143 [INFO] PluginManage:310 - Check plugin ipmanager
2025-01-26 12:39:17,152 [INFO] PluginManage:359 - Loaded plugin ipmanager (category:base,tabindex:5)
2025-01-26 12:39:17,153 [INFO] PluginManage:310 - Check plugin lpbam
2025-01-26 12:39:17,180 [INFO] PluginManage:359 - Loaded plugin lpbam (category:base,tabindex:0)
2025-01-26 12:39:17,181 [INFO] PluginManage:310 - Check plugin memorymap
2025-01-26 12:39:17,217 [INFO] PluginManage:359 - Loaded plugin memorymap (category:base,tabindex:4)
2025-01-26 12:39:17,217 [INFO] PluginManage:310 - Check plugin pinoutandconfiguration
2025-01-26 12:39:17,244 [INFO] PluginManage:359 - Loaded plugin pinoutandconfiguration (category:base,tabindex:1)
2025-01-26 12:39:17,244 [INFO] PluginManage:310 - Check plugin pinoutconfig
2025-01-26 12:39:17,383 [WARN] SupportedApi:132 - Cannot load RTOS API schema: s4s-elt-must-match.1: The content of 'definitions' must match (annotation?, (simpleType | complexType)?, (unique | key | keyref)*)). A problem was found starting at: attribute.
2025-01-26 12:39:17,615 [INFO] PluginManage:359 - Loaded plugin pinoutconfig (category:base,tabindex:0)
2025-01-26 12:39:17,615 [INFO] PluginManage:310 - Check plugin power
2025-01-26 12:39:17,649 [INFO] PluginManage:359 - Loaded plugin power (category:power,tabindex:4)
2025-01-26 12:39:17,649 [INFO] PluginManage:310 - Check plugin projectmanager
2025-01-26 12:39:17,669 [INFO] PluginManage:359 - Loaded plugin projectmanager (category:projectmanager,tabindex:4)
2025-01-26 12:39:17,669 [INFO] PluginManage:310 - Check plugin rif
2025-01-26 12:39:17,697 [INFO] PluginManage:359 - Loaded plugin rif (category:base,tabindex:3)
2025-01-26 12:39:17,697 [INFO] PluginManage:310 - Check plugin thirdparty
2025-01-26 12:39:18,092 [INFO] PluginManage:359 - Loaded plugin thirdparty (category:base,tabindex:-1)
2025-01-26 12:39:18,092 [WARN] IntegrityCheckThread:84 - waiting for thirdparty lock release [integrity check]
2025-01-26 12:39:18,092 [INFO] PluginManage:310 - Check plugin tools
2025-01-26 12:39:18,092 [INFO] IntegrityCheckThread:86 - entering critical section [integrity check]
2025-01-26 12:39:18,093 [INFO] ThirdPartyUpdaterWithRetryManager:70 - Updater plugin not ready yet. [1/15]
2025-01-26 12:39:18,143 [INFO] PluginManage:359 - Loaded plugin tools (category:base,tabindex:7)
2025-01-26 12:39:18,144 [INFO] PluginManage:310 - Check plugin tutovideos
2025-01-26 12:39:18,392 [INFO] PluginManage:359 - Loaded plugin tutovideos (category:base,tabindex:-1)
2025-01-26 12:39:18,392 [INFO] PluginManage:310 - Check plugin updater
2025-01-26 12:39:18,422 [INFO] PluginManage:359 - Loaded plugin updater (category:base,tabindex:12)
2025-01-26 12:39:18,422 [INFO] PluginManage:310 - Check plugin userauth
2025-01-26 12:39:18,427 [INFO] UserAuth:118 - Init User Auth plugin
2025-01-26 12:39:18,428 [INFO] PluginManage:359 - Loaded plugin userauth (category:base,tabindex:14)
2025-01-26 12:39:18,428 [INFO] PluginManage:283 - PluginManage : Loaded plugins [18]
2025-01-26 12:39:18,702 [INFO] PinOutPanel:1589 - setPackage(No Configuration,No Configuration)
2025-01-26 12:39:18,812 [INFO] CADModel:165 - CPN selected for project level
2025-01-26 12:39:18,812 [INFO] CADModel:114 - Register for checkConnection events
2025-01-26 12:39:18,850 [INFO] IPUIPlugin:80 - create IPUIPlugin
2025-01-26 12:39:18,850 [INFO] PluginManager:220 - loadIPPluginJar : add adc
2025-01-26 12:39:18,906 [INFO] IPUIPlugin:80 - create IPUIPlugin
2025-01-26 12:39:18,906 [INFO] PluginManager:220 - loadIPPluginJar : add aes
2025-01-26 12:39:18,966 [INFO] IPUIPlugin:80 - create IPUIPlugin
2025-01-26 12:39:18,966 [INFO] PluginManager:220 - loadIPPluginJar : add can
2025-01-26 12:39:19,004 [INFO] IPUIPlugin:80 - create IPUIPlugin
2025-01-26 12:39:19,004 [INFO] PluginManager:220 - loadIPPluginJar : add comp
2025-01-26 12:39:19,055 [INFO] IPUIPlugin:80 - create IPUIPlugin
2025-01-26 12:39:19,055 [INFO] PluginManager:220 - loadIPPluginJar : add cryp
2025-01-26 12:39:19,076 [INFO] IPUIPlugin:80 - create IPUIPlugin
2025-01-26 12:39:19,076 [INFO] PluginManager:220 - loadIPPluginJar : add ddr_ctrl_phy
2025-01-26 12:39:19,121 [INFO] IPUIPlugin:80 - create IPUIPlugin
2025-01-26 12:39:19,121 [INFO] PluginManager:220 - loadIPPluginJar : add dfsdm
2025-01-26 12:39:19,142 [INFO] IPUIPlugin:80 - create IPUIPlugin
2025-01-26 12:39:19,142 [INFO] PluginManager:220 - loadIPPluginJar : add dma
2025-01-26 12:39:19,194 [INFO] IPUIPlugin:80 - create IPUIPlugin
2025-01-26 12:39:19,194 [INFO] PluginManager:220 - loadIPPluginJar : add dma3
2025-01-26 12:39:19,258 [INFO] IPUIPlugin:80 - create IPUIPlugin
2025-01-26 12:39:19,258 [INFO] PluginManager:220 - loadIPPluginJar : add extmemmanager
2025-01-26 12:39:19,288 [INFO] IPUIPlugin:80 - create IPUIPlugin
2025-01-26 12:39:19,288 [INFO] PluginManager:220 - loadIPPluginJar : add fatfs
2025-01-26 12:39:19,354 [INFO] IPUIPlugin:80 - create IPUIPlugin
2025-01-26 12:39:19,354 [INFO] PluginManager:220 - loadIPPluginJar : add fmc
2025-01-26 12:39:19,377 [INFO] IPUIPlugin:80 - create IPUIPlugin
2025-01-26 12:39:19,378 [INFO] PluginManager:220 - loadIPPluginJar : add freertos
2025-01-26 12:39:19,407 [INFO] IPUIPlugin:80 - create IPUIPlugin
2025-01-26 12:39:19,407 [INFO] PluginManager:220 - loadIPPluginJar : add genericplugin
2025-01-26 12:39:19,531 [INFO] IPUIPlugin:80 - create IPUIPlugin
2025-01-26 12:39:19,531 [INFO] PluginManager:220 - loadIPPluginJar : add gfxmmu
2025-01-26 12:39:19,701 [INFO] IPUIPlugin:80 - create IPUIPlugin
2025-01-26 12:39:19,701 [INFO] PluginManager:220 - loadIPPluginJar : add gic
2025-01-26 12:39:19,721 [INFO] IPUIPlugin:80 - create IPUIPlugin
2025-01-26 12:39:19,721 [INFO] PluginManager:220 - loadIPPluginJar : add gpio
2025-01-26 12:39:19,844 [INFO] IPUIPlugin:80 - create IPUIPlugin
2025-01-26 12:39:19,844 [INFO] PluginManager:220 - loadIPPluginJar : add gtzc
2025-01-26 12:39:19,896 [INFO] IPUIPlugin:80 - create IPUIPlugin
2025-01-26 12:39:19,896 [INFO] PluginManager:220 - loadIPPluginJar : add hash
2025-01-26 12:39:19,965 [INFO] IPUIPlugin:80 - create IPUIPlugin
2025-01-26 12:39:19,965 [INFO] PluginManager:220 - loadIPPluginJar : add i2c
2025-01-26 12:39:20,018 [INFO] IPUIPlugin:80 - create IPUIPlugin
2025-01-26 12:39:20,018 [INFO] PluginManager:220 - loadIPPluginJar : add i2s
2025-01-26 12:39:20,076 [INFO] IPUIPlugin:80 - create IPUIPlugin
2025-01-26 12:39:20,076 [INFO] PluginManager:220 - loadIPPluginJar : add i3c
2025-01-26 12:39:20,227 [INFO] IPUIPlugin:80 - create IPUIPlugin
2025-01-26 12:39:20,227 [INFO] PluginManager:220 - loadIPPluginJar : add ipddr
2025-01-26 12:39:20,350 [INFO] IPUIPlugin:80 - create IPUIPlugin
2025-01-26 12:39:20,350 [INFO] PluginManager:220 - loadIPPluginJar : add linkedlist
2025-01-26 12:39:20,394 [INFO] IPUIPlugin:80 - create IPUIPlugin
2025-01-26 12:39:20,394 [INFO] PluginManager:220 - loadIPPluginJar : add lorawan
2025-01-26 12:39:20,443 [INFO] IPUIPlugin:80 - create IPUIPlugin
2025-01-26 12:39:20,443 [INFO] PluginManager:220 - loadIPPluginJar : add ltdc
2025-01-26 12:39:20,463 [INFO] IPUIPlugin:80 - create IPUIPlugin
2025-01-26 12:39:20,463 [INFO] PluginManager:220 - loadIPPluginJar : add mdma
2025-01-26 12:39:20,479 [INFO] IPUIPlugin:80 - create IPUIPlugin
2025-01-26 12:39:20,479 [INFO] PluginManager:220 - loadIPPluginJar : add nvic
2025-01-26 12:39:20,533 [INFO] IPUIPlugin:80 - create IPUIPlugin
2025-01-26 12:39:20,533 [INFO] PluginManager:220 - loadIPPluginJar : add opamp
2025-01-26 12:39:20,606 [INFO] IPUIPlugin:80 - create IPUIPlugin
2025-01-26 12:39:20,606 [INFO] PluginManager:220 - loadIPPluginJar : add openamp
2025-01-26 12:39:20,657 [INFO] IPUIPlugin:80 - create IPUIPlugin
2025-01-26 12:39:20,657 [INFO] PluginManager:220 - loadIPPluginJar : add pdm2pcm
2025-01-26 12:39:20,677 [INFO] IPUIPlugin:80 - create IPUIPlugin
2025-01-26 12:39:20,679 [INFO] PluginManager:220 - loadIPPluginJar : add plateformsettings
2025-01-26 12:39:20,708 [INFO] IPUIPlugin:80 - create IPUIPlugin
2025-01-26 12:39:20,708 [INFO] PluginManager:220 - loadIPPluginJar : add quadspi
2025-01-26 12:39:20,739 [INFO] IPUIPlugin:80 - create IPUIPlugin
2025-01-26 12:39:20,740 [INFO] PluginManager:220 - loadIPPluginJar : add radio
2025-01-26 12:39:20,758 [INFO] IPUIPlugin:80 - create IPUIPlugin
2025-01-26 12:39:20,758 [INFO] PluginManager:220 - loadIPPluginJar : add resmgrutility
2025-01-26 12:39:20,813 [INFO] IPUIPlugin:80 - create IPUIPlugin
2025-01-26 12:39:20,813 [INFO] PluginManager:220 - loadIPPluginJar : add sai
2025-01-26 12:39:20,855 [INFO] IPUIPlugin:80 - create IPUIPlugin
2025-01-26 12:39:20,856 [INFO] PluginManager:220 - loadIPPluginJar : add spi
2025-01-26 12:39:20,934 [INFO] IPUIPlugin:80 - create IPUIPlugin
2025-01-26 12:39:20,934 [INFO] PluginManager:220 - loadIPPluginJar : add stm32_wpan
2025-01-26 12:39:20,963 [INFO] IPUIPlugin:80 - create IPUIPlugin
2025-01-26 12:39:20,963 [INFO] PluginManager:220 - loadIPPluginJar : add tim
2025-01-26 12:39:21,027 [INFO] IPUIPlugin:80 - create IPUIPlugin
2025-01-26 12:39:21,027 [INFO] PluginManager:220 - loadIPPluginJar : add touchsensing
2025-01-26 12:39:21,053 [INFO] IPUIPlugin:80 - create IPUIPlugin
2025-01-26 12:39:21,053 [INFO] PluginManager:220 - loadIPPluginJar : add tracer_emb
2025-01-26 12:39:21,080 [INFO] IPUIPlugin:80 - create IPUIPlugin
2025-01-26 12:39:21,080 [INFO] PluginManager:220 - loadIPPluginJar : add ts
2025-01-26 12:39:21,096 [INFO] ThirdPartyUpdaterWithRetryManager:70 - Updater plugin not ready yet. [2/15]
2025-01-26 12:39:21,106 [INFO] IPUIPlugin:80 - create IPUIPlugin
2025-01-26 12:39:21,106 [INFO] PluginManager:220 - loadIPPluginJar : add tsc
2025-01-26 12:39:21,130 [INFO] IPUIPlugin:80 - create IPUIPlugin
2025-01-26 12:39:21,130 [INFO] PluginManager:220 - loadIPPluginJar : add ucpd
2025-01-26 12:39:21,202 [INFO] IPUIPlugin:80 - create IPUIPlugin
2025-01-26 12:39:21,202 [INFO] PluginManager:220 - loadIPPluginJar : add usart
2025-01-26 12:39:21,248 [INFO] IPUIPlugin:80 - create IPUIPlugin
2025-01-26 12:39:21,248 [INFO] PluginManager:220 - loadIPPluginJar : add usbx
2025-01-26 12:39:21,377 [FATAL] Updater:351 - Updater called before beeing initialized
2025-01-26 12:39:21,410 [INFO] RulesReader:64 - Compatibility file has been processed (297 Rules)
2025-01-26 12:39:21,422 [INFO] RulesReader:64 - Compatibility file has been processed (297 Rules)
2025-01-26 12:39:21,429 [INFO] CADModel:165 - CPN selected for project level
2025-01-26 12:39:21,430 [INFO] CADModel:114 - Register for checkConnection events
2025-01-26 12:39:21,430 [FATAL] Updater:351 - Updater called before beeing initialized
2025-01-26 12:39:21,430 [ERROR] CADModel:125 - Updater not yet initialized, retry later 
2025-01-26 12:39:21,595 [FATAL] Updater:351 - Updater called before beeing initialized
2025-01-26 12:39:21,598 [INFO] CADModel:165 - CPN selected for project level
2025-01-26 12:39:21,598 [INFO] CADModel:114 - Register for checkConnection events
2025-01-26 12:39:21,598 [FATAL] Updater:351 - Updater called before beeing initialized
2025-01-26 12:39:21,598 [ERROR] CADModel:125 - Updater not yet initialized, retry later 
2025-01-26 12:39:21,601 [FATAL] Updater:351 - Updater called before beeing initialized
2025-01-26 12:39:21,694 [FATAL] Updater:351 - Updater called before beeing initialized
2025-01-26 12:39:21,705 [INFO] DbMcusAds:53 - JSON generation date=Tue Dec 17 21:31:15 IST 2024 (1734451275111)
2025-01-26 12:39:21,705 [FATAL] Updater:351 - Updater called before beeing initialized
2025-01-26 12:39:21,744 [WARN] DetailPanel:346 - Failed to get advertising image, set to default
2025-01-26 12:39:21,960 [FATAL] Updater:351 - Updater called before beeing initialized
2025-01-26 12:39:21,962 [FATAL] Updater:351 - Updater called before beeing initialized
2025-01-26 12:39:21,962 [FATAL] Updater:351 - Updater called before beeing initialized
2025-01-26 12:39:21,963 [WARN] DetailPanel:346 - Failed to get advertising image, set to default
2025-01-26 12:39:21,963 [FATAL] Updater:351 - Updater called before beeing initialized
2025-01-26 12:39:22,024 [ERROR] Updater:1198 - MainUpdater not yet initialized. External WinMGr cannot be set.
2025-01-26 12:39:22,035 [INFO] Updater:1134 - Updater Version found : 6.13.0
2025-01-26 12:39:22,057 [INFO] ApplicationProperties:184 - Using Application install path: C:\ST\STM32CubeIDE_1.15.1\STM32CubeIDE\plugins\com.st.stm32cube.common.mx_6.13.0.202411220809
2025-01-26 12:39:23,652 [ERROR] LogOutputStream:75 - [STDERR_REDIRECT] Jan 26, 2025 12:39:23 PM java.util.prefs.WindowsPreferences <init>
2025-01-26 12:39:23,654 [ERROR] LogOutputStream:75 - [STDERR_REDIRECT] WARNING: Could not open/create prefs root node Software\JavaSoft\Prefs at root 0xffffffff80000002. Windows RegCreateKeyEx(...) returned error code 5.
2025-01-26 12:39:23,654 [ERROR] LogOutputStream:75 - [STDERR_REDIRECT] 
2025-01-26 12:39:24,096 [INFO] ThirdPartyUpdaterWithRetryManager:70 - Updater plugin not ready yet. [3/15]
2025-01-26 12:39:24,250 [INFO] MainUpdater:2872 - connection check result : 10
2025-01-26 12:39:24,250 [INFO] MainUpdater:3566 - Updater definition file requires update
2025-01-26 12:39:24,252 [INFO] MainUpdater:289 - Updater Check For Update Now.
2025-01-26 12:39:24,252 [INFO] MicroXplorer:498 - Change Database Version : DB.6.0.130
2025-01-26 12:39:24,286 [INFO] McuFinderGlobals:63 - Set McuFinder mode to 2 (CubeIDE integrated)
2025-01-26 12:39:24,286 [INFO] UserAuth:171 - activating auth plugin
2025-01-26 12:39:24,291 [INFO] UserAuth:486 - Internet connection configuration mode: 1
2025-01-26 12:39:24,338 [INFO] JxBrowserEngine:152 - Initiate JxBrowser Engine with user profile folder
2025-01-26 12:39:24,357 [INFO] ServerAccessManage:473 - Download File updaters.zip
2025-01-26 12:39:24,497 [INFO] FileExtend:240 - Unzip File : updaters.zip
2025-01-26 12:39:24,498 [INFO] FileExtend:255 - Standard Zip Deflate
2025-01-26 12:39:25,393 [INFO] ServerAccessManage:473 - Download File PacksControlFlags.xml
2025-01-26 12:39:25,628 [INFO] ServerAccessManage:473 - Download File cubemx.pidx
2025-01-26 12:39:26,322 [INFO] ServerAccessManage:473 - Download File STMicroelectronics.X-CUBE-AI.pdsc
2025-01-26 12:39:26,547 [INFO] WebApp:168 - Instantiating new browser for Auth
2025-01-26 12:39:27,098 [WARN] MainUpdater:1193 - Updater busy. Cannot search thirdparties
2025-01-26 12:39:27,099 [INFO] ThirdPartyUpdaterWithRetryManager:96 - Updater plugin is busy. [1/15]
2025-01-26 12:39:27,685 [INFO] WebApp:449 - Apply proxy settings
2025-01-26 12:39:27,685 [INFO] WebApp:534 - Chromium requires no authentication
2025-01-26 12:39:27,699 [INFO] WebApp:477 - Direct internet connection detected
2025-01-26 12:39:27,754 [INFO] WebApp:880 - Register for checkConnection events
2025-01-26 12:39:27,755 [INFO] WebApp:449 - Apply proxy settings
2025-01-26 12:39:27,755 [INFO] WebApp:534 - Chromium requires no authentication
2025-01-26 12:39:27,756 [INFO] WebApp:477 - Direct internet connection detected
2025-01-26 12:39:28,084 [INFO] WebApp:221 - Starting web application
2025-01-26 12:39:28,085 [INFO] WebApp:579 - Web application path used C:\ST\STM32CubeIDE_1.15.1\STM32CubeIDE\plugins\com.st.stm32cube.common.mx_6.13.0.202411220809\db\plugins\mcufinder\reactClient1\index.html
2025-01-26 12:39:28,136 [INFO] WebApp:187 - Connection restablished
2025-01-26 12:39:28,960 [WARN] PackLoader:240 - Cannot read IP mode file for STMicroelectronics.X-CUBE-AI.10.0.0
2025-01-26 12:39:28,962 [INFO] PopulateThirdPartyThread:66 - Ending populate Thread
2025-01-26 12:39:28,963 [INFO] ThirdParty:1030 - CMSIS Pack Vendor :STMicroelectronics X-CUBE-AI 10.0.0
2025-01-26 12:39:28,963 [INFO] LoadServerUpdatesThread:375 - End of LoadServerUpdate Thread
2025-01-26 12:39:29,145 [INFO] CheckServerUpdateThread:120 - End of CheckServer Thread
2025-01-26 12:39:30,354 [WARN] PackLoader:240 - Cannot read IP mode file for STMicroelectronics.FP-SNS-MOTENVWB1.1.4.0
2025-01-26 12:39:30,360 [WARN] PackLoader:240 - Cannot read IP mode file for STMicroelectronics.FP-ATR-ASTRA1.2.0.1
2025-01-26 12:39:30,381 [WARN] PackLoader:240 - Cannot read IP mode file for STMicroelectronics.X-CUBE-SMBUS.2.1.0
2025-01-26 12:39:30,402 [WARN] PackLoader:240 - Cannot read IP mode file for STMicroelectronics.X-CUBE-WB05N.1.1.0
2025-01-26 12:39:30,454 [WARN] PackLoader:240 - Cannot read IP mode file for STMicroelectronics.X-CUBE-AZRTOS-F7.1.1.0
2025-01-26 12:39:30,541 [WARN] PackLoader:240 - Cannot read IP mode file for STMicroelectronics.X-CUBE-MEMS1.11.0.0
2025-01-26 12:39:30,718 [WARN] PackLoader:240 - Cannot read IP mode file for STMicroelectronics.FP-SNS-FLIGHT1.5.0.2
2025-01-26 12:39:30,741 [WARN] PackLoader:240 - Cannot read IP mode file for STMicroelectronics.X-CUBE-DISPLAY.3.0.0
2025-01-26 12:39:30,768 [WARN] PackLoader:240 - Cannot read IP mode file for STMicroelectronics.X-CUBE-BLE1.7.0.0
2025-01-26 12:39:30,794 [WARN] PackLoader:240 - Cannot read IP mode file for STMicroelectronics.X-CUBE-NFC10.1.0.0
2025-01-26 12:39:30,823 [WARN] PackLoader:240 - Cannot read IP mode file for STMicroelectronics.X-CUBE-BLEMGR.4.0.0
2025-01-26 12:39:30,852 [WARN] PackLoader:240 - Cannot read IP mode file for emotas.I-CUBE-CANOPEN.1.3.0
2025-01-26 12:39:30,879 [WARN] PackLoader:240 - Cannot read IP mode file for STMicroelectronics.X-CUBE-BLEMGR.3.1.0
2025-01-26 12:39:30,886 [WARN] PackLoader:240 - Cannot read IP mode file for STMicroelectronics.X-CUBE-AI.10.0.0
2025-01-26 12:39:30,908 [WARN] PackLoader:240 - Cannot read IP mode file for STMicroelectronics.FP-SNS-SMARTAG2.1.2.0
2025-01-26 12:39:30,986 [WARN] PackLoader:240 - Cannot read IP mode file for STMicroelectronics.X-CUBE-MEMS1.11.1.0
2025-01-26 12:39:31,105 [INFO] LogOutputStream:77 - [STDOUT_REDIRECT] 1 : Invalid condition id : UX_CORESTACK_Condition cause : null
2025-01-26 12:39:31,106 [INFO] LogOutputStream:77 - [STDOUT_REDIRECT] 1 : Invalid condition id : UX_CORESTACK_Condition cause : null
2025-01-26 12:39:31,107 [INFO] LogOutputStream:77 - [STDOUT_REDIRECT] 1 : Invalid condition id : UX_CORESTACK_Condition cause : null
2025-01-26 12:39:31,108 [INFO] LogOutputStream:77 - [STDOUT_REDIRECT] 1 : Invalid condition id : UX_CORESTACK_Condition cause : null
2025-01-26 12:39:31,109 [INFO] LogOutputStream:77 - [STDOUT_REDIRECT] 1 : Invalid condition id : UX_CORESTACK_Condition cause : null
2025-01-26 12:39:31,111 [WARN] PackLoader:240 - Cannot read IP mode file for STMicroelectronics.X-CUBE-AZRTOS-WL.2.0.0
2025-01-26 12:39:31,135 [WARN] PackLoader:240 - Cannot read IP mode file for STMicroelectronics.FP-SNS-MOTENV1.5.0.0
2025-01-26 12:39:31,143 [WARN] PackLoader:240 - Cannot read IP mode file for wolfSSL.I-CUBE-wolfMQTT.1.19.0
2025-01-26 12:39:31,163 [WARN] PackLoader:240 - Cannot read IP mode file for WES.I-CUBE-Cesium.1.3.0
2025-01-26 12:39:31,185 [WARN] PackLoader:240 - Cannot read IP mode file for STMicroelectronics.X-CUBE-BLE2.3.3.0
2025-01-26 12:39:31,208 [WARN] PackLoader:240 - Cannot read IP mode file for STMicroelectronics.X-CUBE-NFC9.1.0.0
2025-01-26 12:39:31,227 [WARN] PackLoader:240 - Cannot read IP mode file for STMicroelectronics.X-CUBE-TCPP.4.1.0
2025-01-26 12:39:31,267 [WARN] PackLoader:240 - Cannot read IP mode file for STMicroelectronics.X-CUBE-AZRTOS-G0.1.1.0
2025-01-26 12:39:31,290 [WARN] PackLoader:240 - Cannot read IP mode file for STMicroelectronics.X-CUBE-SAFEA1.1.2.2
2025-01-26 12:39:31,310 [WARN] PackLoader:240 - Cannot read IP mode file for STMicroelectronics.X-CUBE-NFC4.3.0.0
2025-01-26 12:39:31,337 [WARN] PackLoader:240 - Cannot read IP mode file for EmbeddedOffice.I-CUBE-FS-RTOS.1.0.1
2025-01-26 12:39:31,357 [WARN] PackLoader:240 - Cannot read IP mode file for STMicroelectronics.X-CUBE-TCPP.4.2.0
2025-01-26 12:39:31,378 [WARN] PackLoader:240 - Cannot read IP mode file for RealThread.X-CUBE-RT-Thread_Nano.4.1.1
2025-01-26 12:39:31,386 [WARN] PackLoader:240 - Cannot read IP mode file for STMicroelectronics.FP-ATR-SIGFOX1.3.2.0
2025-01-26 12:39:31,406 [WARN] PackLoader:240 - Cannot read IP mode file for wolfSSL.I-CUBE-wolfSSL.5.7.2
2025-01-26 12:39:31,412 [WARN] ConditionMgr:438 - getConditionDescription Invalid condition id : Cortex-A Device cause : null
2025-01-26 12:39:31,439 [WARN] ConditionMgr:1044 - genDependencies : Invalid condition id : Cortex-A Device cause : null
2025-01-26 12:39:31,439 [WARN] ConditionMgr:1044 - genDependencies : Invalid condition id : Cortex-A Device cause : null
2025-01-26 12:39:31,439 [WARN] ConditionMgr:1044 - genDependencies : Invalid condition id : Cortex-A Device cause : null
2025-01-26 12:39:31,463 [WARN] PackLoader:240 - Cannot read IP mode file for STMicroelectronics.X-CUBE-EEPRMA1.5.1.0
2025-01-26 12:39:31,488 [WARN] PackLoader:240 - Cannot read IP mode file for ITTIA_DB.I-CUBE-ITTIADB.8.9.0
2025-01-26 12:39:31,546 [WARN] PackLoader:240 - Cannot read IP mode file for SEGGER.I-CUBE-embOS.1.3.1
2025-01-26 12:39:31,603 [WARN] PackLoader:240 - Cannot read IP mode file for STMicroelectronics.X-CUBE-ALGOBUILD.1.4.0
2025-01-26 12:39:31,629 [WARN] PackLoader:240 - Cannot read IP mode file for STMicroelectronics.X-CUBE-AI.9.1.0
2025-01-26 12:39:31,652 [WARN] PackLoader:240 - Cannot read IP mode file for STMicroelectronics.X-CUBE-GNSS1.6.0.0
2025-01-26 12:39:31,703 [WARN] PackLoader:240 - Cannot read IP mode file for STMicroelectronics.X-CUBE-AZRTOS-F4.1.1.0
2025-01-26 12:39:31,731 [WARN] PackLoader:240 - Cannot read IP mode file for STMicroelectronics.X-CUBE-ISPU.2.1.0
2025-01-26 12:39:31,749 [WARN] PackLoader:240 - Cannot read IP mode file for STMicroelectronics.X-CUBE-FREERTOS.1.2.0
2025-01-26 12:39:31,791 [WARN] PackLoader:240 - Cannot read IP mode file for STMicroelectronics.X-CUBE-AZRTOS-L5.2.0.0
2025-01-26 12:39:31,819 [WARN] PackLoader:240 - Cannot read IP mode file for STMicroelectronics.X-CUBE-NFC6.3.1.0
2025-01-26 12:39:31,840 [WARN] PackLoader:240 - Cannot read IP mode file for STMicroelectronics.X-CUBE-DPower.1.2.0
2025-01-26 12:39:31,861 [WARN] PackLoader:240 - Cannot read IP mode file for STMicroelectronics.X-CUBE-AI.9.0.0
2025-01-26 12:39:31,881 [WARN] PackLoader:240 - Cannot read IP mode file for STMicroelectronics.X-CUBE-FREERTOS.1.3.0
2025-01-26 12:39:31,899 [WARN] PackLoader:240 - Cannot read IP mode file for STMicroelectronics.X-CUBE-NFC7.1.0.1
2025-01-26 12:39:31,920 [WARN] PackLoader:240 - Cannot read IP mode file for wolfSSL.I-CUBE-wolfTPM.3.2.0
2025-01-26 12:39:31,961 [WARN] ConditionMgr:438 - getConditionDescription Invalid condition id : LAN8742 Phy interface Condition cause : null
2025-01-26 12:39:31,961 [WARN] PackLoader:240 - Cannot read IP mode file for STMicroelectronics.X-CUBE-AZRTOS-L4.2.0.0
2025-01-26 12:39:31,962 [WARN] ConditionMgr:1044 - genDependencies : Invalid condition id : LAN8742 Phy interface Condition cause : null
2025-01-26 12:39:31,962 [WARN] ConditionMgr:1044 - genDependencies : Invalid condition id : LAN8742 Phy interface Condition cause : null
2025-01-26 12:39:31,963 [WARN] ConditionMgr:1044 - genDependencies : Invalid condition id : LAN8742 Phy interface Condition cause : null
2025-01-26 12:39:31,984 [WARN] PackLoader:240 - Cannot read IP mode file for STMicroelectronics.X-CUBE-SFXS2LP1.4.0.0
2025-01-26 12:39:32,022 [WARN] PackLoader:240 - Cannot read IP mode file for STMicroelectronics.X-CUBE-AZRTOS-H7.3.3.0
2025-01-26 12:39:32,045 [WARN] PackLoader:240 - Cannot read IP mode file for STMicroelectronics.X-CUBE-IPS.3.0.0
2025-01-26 12:39:32,076 [WARN] ConditionMgr:438 - getConditionDescription Invalid condition id : UX DEVICE CLASS RTOS Condition cause : null
2025-01-26 12:39:32,076 [WARN] ConditionMgr:438 - getConditionDescription Invalid condition id : UX DEVICE CLASS RTOS Condition cause : null
2025-01-26 12:39:32,078 [WARN] PackLoader:240 - Cannot read IP mode file for STMicroelectronics.X-CUBE-AZRTOS-WB.2.0.0
2025-01-26 12:39:32,078 [WARN] ConditionMgr:1044 - genDependencies : Invalid condition id : UX DEVICE CLASS RTOS Condition cause : null
2025-01-26 12:39:32,078 [WARN] ConditionMgr:1044 - genDependencies : Invalid condition id : UX DEVICE CLASS RTOS Condition cause : null
2025-01-26 12:39:32,078 [WARN] ConditionMgr:1044 - genDependencies : Invalid condition id : UX DEVICE CLASS RTOS Condition cause : null
2025-01-26 12:39:32,078 [WARN] ConditionMgr:1044 - genDependencies : Invalid condition id : UX DEVICE CLASS RTOS Condition cause : null
2025-01-26 12:39:32,079 [WARN] ConditionMgr:1044 - genDependencies : Invalid condition id : UX DEVICE CLASS RTOS Condition cause : null
2025-01-26 12:39:32,097 [WARN] PackLoader:240 - Cannot read IP mode file for STMicroelectronics.X-CUBE-GNSS1.7.0.0
2025-01-26 12:39:32,116 [WARN] PackLoader:240 - Cannot read IP mode file for STMicroelectronics.X-CUBE-GNSS1.7.0.1
2025-01-26 12:39:32,136 [WARN] PackLoader:240 - Cannot read IP mode file for STMicroelectronics.FP-SNS-STBOX1.2.0.0
2025-01-26 12:39:32,163 [WARN] PackLoader:240 - Cannot read IP mode file for STMicroelectronics.X-CUBE-SUBG2.5.0.0
2025-01-26 12:39:32,174 [WARN] PackLoader:240 - Cannot read IP mode file for Cesanta.I-CUBE-Mongoose.7.13.0
2025-01-26 12:39:32,204 [WARN] PackLoader:240 - Cannot read IP mode file for STMicroelectronics.X-CUBE-AZRTOS-G4.2.0.0
2025-01-26 12:39:32,225 [WARN] PackLoader:240 - Cannot read IP mode file for STMicroelectronics.X-CUBE-ISPU.2.0.0
2025-01-26 12:39:32,251 [WARN] PackLoader:240 - Cannot read IP mode file for STMicroelectronics.X-CUBE-IPS.3.1.0
2025-01-26 12:39:32,271 [WARN] PackLoader:240 - Cannot read IP mode file for STMicroelectronics.X-CUBE-ALS.1.0.2
2025-01-26 12:39:32,336 [WARN] PackLoader:240 - Cannot read IP mode file for STMicroelectronics.X-CUBE-MEMS1.10.0.0
2025-01-26 12:39:32,430 [WARN] PackLoader:240 - Cannot read IP mode file for STMicroelectronics.X-CUBE-TOUCHGFX.4.24.0
2025-01-26 12:39:32,447 [WARN] PackLoader:240 - Cannot read IP mode file for STMicroelectronics.X-CUBE-TOUCHGFX.4.24.2
2025-01-26 12:39:32,463 [WARN] PackLoader:240 - Cannot read IP mode file for STMicroelectronics.X-CUBE-TOUCHGFX.4.24.1
2025-01-26 12:39:32,467 [WARN] PackLoader:240 - Cannot read IP mode file for wolfSSL.I-CUBE-wolfTPM.3.4.0
2025-01-26 12:39:32,483 [WARN] PackLoader:240 - Cannot read IP mode file for portGmbH.I-Cube-SoM-uGOAL.1.1.0
2025-01-26 12:39:32,512 [WARN] PackLoader:240 - Cannot read IP mode file for STMicroelectronics.X-CUBE-AZRTOS-H7RS.1.0.0
2025-01-26 12:39:32,526 [WARN] PackLoader:240 - Cannot read IP mode file for STMicroelectronics.FP-ATR-ASTRA1.2.0.0
2025-01-26 12:39:32,544 [WARN] PackLoader:240 - Cannot read IP mode file for STMicroelectronics.X-CUBE-TOF1.3.4.2
2025-01-26 12:39:32,586 [WARN] PackLoader:240 - Cannot read IP mode file for Infineon.AIROC-Wi-Fi-Bluetooth-STM32.1.6.1
2025-01-26 12:39:32,592 [WARN] PackLoader:240 - Cannot read IP mode file for wolfSSL.I-CUBE-wolfSSH.1.4.17
2025-01-26 12:39:32,593 [INFO] ThirdParty:978 - Integrity check success = true
2025-01-26 12:39:32,593 [INFO] IntegrityCheckThread:100 - exiting critical section [integrity check]
2025-01-26 12:39:32,593 [INFO] IntegrityCheckThread:103 - End integrity checks thread
2025-01-26 17:12:37,439 [ERROR] LogOutputStream:75 - [STDERR_REDIRECT] 
