2025-01-02 01:09:47,881 [ERROR] LogOutputStream:75 - [STDERR_REDIRECT] 
2025-01-02 20:03:06,458 [INFO] Activator:176 - 


2025-01-02 20:03:06,460 [INFO] Activator:177 - !SESSION log4j initialized
2025-01-02 20:03:13,987 [INFO] LogOutputStream:77 - [STDOUT_REDIRECT] 
2025-01-02 20:03:17,354 [INFO] ApplicationProperties:184 - Using Application install path: C:\ST\STM32CubeIDE_1.15.1\STM32CubeIDE\plugins\com.st.stm32cube.common.mx_6.13.0.202411220809
2025-01-02 20:03:17,376 [INFO] DbMcusXml:78 - Set database path to: C:\ST\STM32CubeIDE_1.15.1\STM32CubeIDE\plugins\com.st.stm32cube.common.mx_6.13.0.202411220809\\db\/mcu/
2025-01-02 20:03:17,377 [INFO] ApiDb:274 - Set plugin database path to: C:\ST\STM32CubeIDE_1.15.1\STM32CubeIDE\plugins\com.st.stm32cube.common.mx_6.13.0.202411220809\\db\/plugins/boardmanager/
2025-01-02 20:03:17,377 [WARN] ApiDb:259 - Overriding images path with different value:  => C:\ST\STM32CubeIDE_1.15.1\STM32CubeIDE\plugins\com.st.stm32cube.common.mx_6.13.0.202411220809\\db\/plugins/mcufinder/images/
2025-01-02 20:03:17,389 [INFO] ApiDb:250 - Set database path to: C:\Users\Tejas Sawant\.stmcufinder\plugins\mcufinder//mcu/
2025-01-02 20:03:17,391 [INFO] DbMcusAds:125 - Set database path to: C:\Users\Tejas Sawant\.stmcufinder\plugins\mcufinder//mcu/
2025-01-02 20:03:17,402 [INFO] CrossReferenceDbSqlite:203 - Set database path to: C:\Users\Tejas Sawant\.stmcufinder\plugins\mcufinder//mcu/cs/
2025-01-02 20:03:17,573 [INFO] RulesReader:64 - Compatibility file has been processed (297 Rules)
2025-01-02 20:03:17,685 [INFO] DbMcusXml:78 - Set database path to: C:\ST\STM32CubeIDE_1.15.1\STM32CubeIDE\plugins\com.st.stm32cube.common.mx_6.13.0.202411220809\\db\/mcu/
2025-01-02 20:03:17,685 [INFO] ApiDb:274 - Set plugin database path to: C:\ST\STM32CubeIDE_1.15.1\STM32CubeIDE\plugins\com.st.stm32cube.common.mx_6.13.0.202411220809\\db\/plugins/boardmanager/
2025-01-02 20:03:17,685 [INFO] ApiDb:261 - Set plugin images path to: C:\ST\STM32CubeIDE_1.15.1\STM32CubeIDE\plugins\com.st.stm32cube.common.mx_6.13.0.202411220809\\db\/plugins/mcufinder/images/
2025-01-02 20:03:17,685 [WARN] DbFile:41 - Overriding database path with different value: C:\Users\Tejas Sawant\.stmcufinder\plugins\mcufinder/ => C:\Users\Tejas Sawant\.stmcufinder\plugins\mcufinder
2025-01-02 20:03:17,686 [INFO] ApiDb:250 - Set database path to: C:\Users\Tejas Sawant\.stmcufinder\plugins\mcufinder//mcu/
2025-01-02 20:03:17,686 [WARN] DbFile:41 - Overriding database path with different value: C:\Users\Tejas Sawant\.stmcufinder\plugins\mcufinder/ => C:\Users\Tejas Sawant\.stmcufinder\plugins\mcufinder
2025-01-02 20:03:17,687 [INFO] DbMcusAds:125 - Set database path to: C:\Users\Tejas Sawant\.stmcufinder\plugins\mcufinder//mcu/
2025-01-02 20:03:17,687 [WARN] DbFile:41 - Overriding database path with different value: C:\Users\Tejas Sawant\.stmcufinder\plugins\mcufinder/ => C:\Users\Tejas Sawant\.stmcufinder\plugins\mcufinder
2025-01-02 20:03:17,687 [WARN] DbFile:41 - Overriding database path with different value: C:\Users\Tejas Sawant\.stmcufinder\plugins\mcufinder/ => C:\Users\Tejas Sawant\.stmcufinder\plugins\mcufinder
2025-01-02 20:03:17,687 [INFO] CrossReferenceDbSqlite:203 - Set database path to: C:\Users\Tejas Sawant\.stmcufinder\plugins\mcufinder//mcu/cs/
2025-01-02 20:03:17,796 [INFO] MainPanel:272 - HeapMemory: 268435456
2025-01-02 20:03:17,951 [INFO] DbMcusXml:78 - Set database path to: C:\ST\STM32CubeIDE_1.15.1\STM32CubeIDE\plugins\com.st.stm32cube.common.mx_6.13.0.202411220809\\db\/mcu/
2025-01-02 20:03:17,951 [INFO] ApiDb:274 - Set plugin database path to: C:\ST\STM32CubeIDE_1.15.1\STM32CubeIDE\plugins\com.st.stm32cube.common.mx_6.13.0.202411220809\\db\/plugins/boardmanager/
2025-01-02 20:03:17,951 [INFO] ApiDb:261 - Set plugin images path to: C:\ST\STM32CubeIDE_1.15.1\STM32CubeIDE\plugins\com.st.stm32cube.common.mx_6.13.0.202411220809\\db\/plugins/mcufinder/images/
2025-01-02 20:03:17,952 [WARN] DbFile:41 - Overriding database path with different value: C:\Users\Tejas Sawant\.stmcufinder\plugins\mcufinder/ => C:\Users\Tejas Sawant\.stmcufinder\plugins\mcufinder
2025-01-02 20:03:17,952 [INFO] ApiDb:250 - Set database path to: C:\Users\Tejas Sawant\.stmcufinder\plugins\mcufinder//mcu/
2025-01-02 20:03:17,952 [WARN] DbFile:41 - Overriding database path with different value: C:\Users\Tejas Sawant\.stmcufinder\plugins\mcufinder/ => C:\Users\Tejas Sawant\.stmcufinder\plugins\mcufinder
2025-01-02 20:03:17,952 [INFO] DbMcusAds:125 - Set database path to: C:\Users\Tejas Sawant\.stmcufinder\plugins\mcufinder//mcu/
2025-01-02 20:03:17,952 [WARN] DbFile:41 - Overriding database path with different value: C:\Users\Tejas Sawant\.stmcufinder\plugins\mcufinder/ => C:\Users\Tejas Sawant\.stmcufinder\plugins\mcufinder
2025-01-02 20:03:17,952 [WARN] DbFile:41 - Overriding database path with different value: C:\Users\Tejas Sawant\.stmcufinder\plugins\mcufinder/ => C:\Users\Tejas Sawant\.stmcufinder\plugins\mcufinder
2025-01-02 20:03:17,953 [INFO] CrossReferenceDbSqlite:203 - Set database path to: C:\Users\Tejas Sawant\.stmcufinder\plugins\mcufinder//mcu/cs/
2025-01-02 20:03:17,980 [INFO] ApplicationProperties:184 - Using Application install path: C:\ST\STM32CubeIDE_1.15.1\STM32CubeIDE\plugins\com.st.stm32cube.common.mx_6.13.0.202411220809
2025-01-02 20:03:17,983 [INFO] PluginManage:196 - Search for loadable plugins [exclusion list=, ]
2025-01-02 20:03:17,984 [INFO] PluginManage:310 - Check plugin analytics
2025-01-02 20:03:18,235 [INFO] AnalyticsPlugin:253 - Accepted Software Licenses: 
2025-01-02 20:03:18,236 [INFO] AnalyticsPlugin:255 - Accepted CMSIS Pack Licenses: 
2025-01-02 20:03:18,236 [INFO] AnalyticsPlugin:257 - Accepted Firmware Licenses: 
2025-01-02 20:03:18,240 [INFO] PluginManage:359 - Loaded plugin analytics (category:tool,tabindex:-1)
2025-01-02 20:03:18,241 [INFO] PluginManage:310 - Check plugin cadmodel
2025-01-02 20:03:18,266 [INFO] CADModel:105 - Init CAD model plugin
2025-01-02 20:03:18,266 [INFO] PluginManage:359 - Loaded plugin cadmodel (category:power,tabindex:5)
2025-01-02 20:03:18,266 [INFO] PluginManage:310 - Check plugin clock
2025-01-02 20:03:18,297 [INFO] PluginManage:359 - Loaded plugin clock (category:base,tabindex:2)
2025-01-02 20:03:18,298 [INFO] PluginManage:310 - Check plugin ddr
2025-01-02 20:03:18,301 [INFO] PluginManage:359 - Loaded plugin ddr (category:tool,tabindex:6)
2025-01-02 20:03:18,301 [INFO] PluginManage:310 - Check plugin filemanager
2025-01-02 20:03:18,491 [INFO] PluginManage:359 - Loaded plugin filemanager (category:base,tabindex:10)
2025-01-02 20:03:18,491 [INFO] PluginManage:310 - Check plugin ipmanager
2025-01-02 20:03:18,503 [INFO] PluginManage:359 - Loaded plugin ipmanager (category:base,tabindex:5)
2025-01-02 20:03:18,503 [INFO] PluginManage:310 - Check plugin lpbam
2025-01-02 20:03:18,531 [INFO] PluginManage:359 - Loaded plugin lpbam (category:base,tabindex:0)
2025-01-02 20:03:18,531 [INFO] PluginManage:310 - Check plugin memorymap
2025-01-02 20:03:18,566 [INFO] PluginManage:359 - Loaded plugin memorymap (category:base,tabindex:4)
2025-01-02 20:03:18,566 [INFO] PluginManage:310 - Check plugin pinoutandconfiguration
2025-01-02 20:03:18,594 [INFO] PluginManage:359 - Loaded plugin pinoutandconfiguration (category:base,tabindex:1)
2025-01-02 20:03:18,595 [INFO] PluginManage:310 - Check plugin pinoutconfig
2025-01-02 20:03:18,733 [WARN] SupportedApi:132 - Cannot load RTOS API schema: s4s-elt-must-match.1: The content of 'definitions' must match (annotation?, (simpleType | complexType)?, (unique | key | keyref)*)). A problem was found starting at: attribute.
2025-01-02 20:03:18,942 [INFO] PluginManage:359 - Loaded plugin pinoutconfig (category:base,tabindex:0)
2025-01-02 20:03:18,943 [INFO] PluginManage:310 - Check plugin power
2025-01-02 20:03:18,973 [INFO] PluginManage:359 - Loaded plugin power (category:power,tabindex:4)
2025-01-02 20:03:18,973 [INFO] PluginManage:310 - Check plugin projectmanager
2025-01-02 20:03:19,001 [INFO] PluginManage:359 - Loaded plugin projectmanager (category:projectmanager,tabindex:4)
2025-01-02 20:03:19,001 [INFO] PluginManage:310 - Check plugin rif
2025-01-02 20:03:19,028 [INFO] PluginManage:359 - Loaded plugin rif (category:base,tabindex:3)
2025-01-02 20:03:19,028 [INFO] PluginManage:310 - Check plugin thirdparty
2025-01-02 20:03:19,432 [INFO] PluginManage:359 - Loaded plugin thirdparty (category:base,tabindex:-1)
2025-01-02 20:03:19,432 [WARN] IntegrityCheckThread:84 - waiting for thirdparty lock release [integrity check]
2025-01-02 20:03:19,432 [INFO] PluginManage:310 - Check plugin tools
2025-01-02 20:03:19,432 [INFO] IntegrityCheckThread:86 - entering critical section [integrity check]
2025-01-02 20:03:19,433 [INFO] ThirdPartyUpdaterWithRetryManager:70 - Updater plugin not ready yet. [1/15]
2025-01-02 20:03:19,491 [INFO] PluginManage:359 - Loaded plugin tools (category:base,tabindex:7)
2025-01-02 20:03:19,491 [INFO] PluginManage:310 - Check plugin tutovideos
2025-01-02 20:03:19,750 [INFO] PluginManage:359 - Loaded plugin tutovideos (category:base,tabindex:-1)
2025-01-02 20:03:19,751 [INFO] PluginManage:310 - Check plugin updater
2025-01-02 20:03:19,782 [INFO] PluginManage:359 - Loaded plugin updater (category:base,tabindex:12)
2025-01-02 20:03:19,782 [INFO] PluginManage:310 - Check plugin userauth
2025-01-02 20:03:19,788 [INFO] UserAuth:118 - Init User Auth plugin
2025-01-02 20:03:19,789 [INFO] PluginManage:359 - Loaded plugin userauth (category:base,tabindex:14)
2025-01-02 20:03:19,789 [INFO] PluginManage:283 - PluginManage : Loaded plugins [18]
2025-01-02 20:03:20,081 [INFO] PinOutPanel:1589 - setPackage(No Configuration,No Configuration)
2025-01-02 20:03:20,190 [INFO] CADModel:165 - CPN selected for project level
2025-01-02 20:03:20,190 [INFO] CADModel:114 - Register for checkConnection events
2025-01-02 20:03:20,229 [INFO] IPUIPlugin:80 - create IPUIPlugin
2025-01-02 20:03:20,229 [INFO] PluginManager:220 - loadIPPluginJar : add adc
2025-01-02 20:03:20,283 [INFO] IPUIPlugin:80 - create IPUIPlugin
2025-01-02 20:03:20,284 [INFO] PluginManager:220 - loadIPPluginJar : add aes
2025-01-02 20:03:20,342 [INFO] IPUIPlugin:80 - create IPUIPlugin
2025-01-02 20:03:20,342 [INFO] PluginManager:220 - loadIPPluginJar : add can
2025-01-02 20:03:20,377 [INFO] IPUIPlugin:80 - create IPUIPlugin
2025-01-02 20:03:20,377 [INFO] PluginManager:220 - loadIPPluginJar : add comp
2025-01-02 20:03:20,425 [INFO] IPUIPlugin:80 - create IPUIPlugin
2025-01-02 20:03:20,425 [INFO] PluginManager:220 - loadIPPluginJar : add cryp
2025-01-02 20:03:20,447 [INFO] IPUIPlugin:80 - create IPUIPlugin
2025-01-02 20:03:20,447 [INFO] PluginManager:220 - loadIPPluginJar : add ddr_ctrl_phy
2025-01-02 20:03:20,492 [INFO] IPUIPlugin:80 - create IPUIPlugin
2025-01-02 20:03:20,492 [INFO] PluginManager:220 - loadIPPluginJar : add dfsdm
2025-01-02 20:03:20,514 [INFO] IPUIPlugin:80 - create IPUIPlugin
2025-01-02 20:03:20,514 [INFO] PluginManager:220 - loadIPPluginJar : add dma
2025-01-02 20:03:20,569 [INFO] IPUIPlugin:80 - create IPUIPlugin
2025-01-02 20:03:20,569 [INFO] PluginManager:220 - loadIPPluginJar : add dma3
2025-01-02 20:03:20,635 [INFO] IPUIPlugin:80 - create IPUIPlugin
2025-01-02 20:03:20,635 [INFO] PluginManager:220 - loadIPPluginJar : add extmemmanager
2025-01-02 20:03:20,667 [INFO] IPUIPlugin:80 - create IPUIPlugin
2025-01-02 20:03:20,667 [INFO] PluginManager:220 - loadIPPluginJar : add fatfs
2025-01-02 20:03:20,738 [INFO] IPUIPlugin:80 - create IPUIPlugin
2025-01-02 20:03:20,739 [INFO] PluginManager:220 - loadIPPluginJar : add fmc
2025-01-02 20:03:20,761 [INFO] IPUIPlugin:80 - create IPUIPlugin
2025-01-02 20:03:20,762 [INFO] PluginManager:220 - loadIPPluginJar : add freertos
2025-01-02 20:03:20,793 [INFO] IPUIPlugin:80 - create IPUIPlugin
2025-01-02 20:03:20,793 [INFO] PluginManager:220 - loadIPPluginJar : add genericplugin
2025-01-02 20:03:20,919 [INFO] IPUIPlugin:80 - create IPUIPlugin
2025-01-02 20:03:20,919 [INFO] PluginManager:220 - loadIPPluginJar : add gfxmmu
2025-01-02 20:03:21,095 [INFO] IPUIPlugin:80 - create IPUIPlugin
2025-01-02 20:03:21,096 [INFO] PluginManager:220 - loadIPPluginJar : add gic
2025-01-02 20:03:21,127 [INFO] IPUIPlugin:80 - create IPUIPlugin
2025-01-02 20:03:21,127 [INFO] PluginManager:220 - loadIPPluginJar : add gpio
2025-01-02 20:03:21,257 [INFO] IPUIPlugin:80 - create IPUIPlugin
2025-01-02 20:03:21,257 [INFO] PluginManager:220 - loadIPPluginJar : add gtzc
2025-01-02 20:03:21,305 [INFO] IPUIPlugin:80 - create IPUIPlugin
2025-01-02 20:03:21,305 [INFO] PluginManager:220 - loadIPPluginJar : add hash
2025-01-02 20:03:21,378 [INFO] IPUIPlugin:80 - create IPUIPlugin
2025-01-02 20:03:21,379 [INFO] PluginManager:220 - loadIPPluginJar : add i2c
2025-01-02 20:03:21,441 [INFO] IPUIPlugin:80 - create IPUIPlugin
2025-01-02 20:03:21,441 [INFO] PluginManager:220 - loadIPPluginJar : add i2s
2025-01-02 20:03:21,499 [INFO] IPUIPlugin:80 - create IPUIPlugin
2025-01-02 20:03:21,499 [INFO] PluginManager:220 - loadIPPluginJar : add i3c
2025-01-02 20:03:21,703 [INFO] IPUIPlugin:80 - create IPUIPlugin
2025-01-02 20:03:21,703 [INFO] PluginManager:220 - loadIPPluginJar : add ipddr
2025-01-02 20:03:21,878 [INFO] IPUIPlugin:80 - create IPUIPlugin
2025-01-02 20:03:21,879 [INFO] PluginManager:220 - loadIPPluginJar : add linkedlist
2025-01-02 20:03:21,941 [INFO] IPUIPlugin:80 - create IPUIPlugin
2025-01-02 20:03:21,941 [INFO] PluginManager:220 - loadIPPluginJar : add lorawan
2025-01-02 20:03:21,998 [INFO] IPUIPlugin:80 - create IPUIPlugin
2025-01-02 20:03:21,998 [INFO] PluginManager:220 - loadIPPluginJar : add ltdc
2025-01-02 20:03:22,020 [INFO] IPUIPlugin:80 - create IPUIPlugin
2025-01-02 20:03:22,020 [INFO] PluginManager:220 - loadIPPluginJar : add mdma
2025-01-02 20:03:22,041 [INFO] IPUIPlugin:80 - create IPUIPlugin
2025-01-02 20:03:22,041 [INFO] PluginManager:220 - loadIPPluginJar : add nvic
2025-01-02 20:03:22,107 [INFO] IPUIPlugin:80 - create IPUIPlugin
2025-01-02 20:03:22,107 [INFO] PluginManager:220 - loadIPPluginJar : add opamp
2025-01-02 20:03:22,192 [INFO] IPUIPlugin:80 - create IPUIPlugin
2025-01-02 20:03:22,192 [INFO] PluginManager:220 - loadIPPluginJar : add openamp
2025-01-02 20:03:22,252 [INFO] IPUIPlugin:80 - create IPUIPlugin
2025-01-02 20:03:22,252 [INFO] PluginManager:220 - loadIPPluginJar : add pdm2pcm
2025-01-02 20:03:22,276 [INFO] IPUIPlugin:80 - create IPUIPlugin
2025-01-02 20:03:22,278 [INFO] PluginManager:220 - loadIPPluginJar : add plateformsettings
2025-01-02 20:03:22,312 [INFO] IPUIPlugin:80 - create IPUIPlugin
2025-01-02 20:03:22,312 [INFO] PluginManager:220 - loadIPPluginJar : add quadspi
2025-01-02 20:03:22,352 [INFO] IPUIPlugin:80 - create IPUIPlugin
2025-01-02 20:03:22,353 [INFO] PluginManager:220 - loadIPPluginJar : add radio
2025-01-02 20:03:22,375 [INFO] IPUIPlugin:80 - create IPUIPlugin
2025-01-02 20:03:22,375 [INFO] PluginManager:220 - loadIPPluginJar : add resmgrutility
2025-01-02 20:03:22,433 [INFO] ThirdPartyUpdaterWithRetryManager:70 - Updater plugin not ready yet. [2/15]
2025-01-02 20:03:22,444 [INFO] IPUIPlugin:80 - create IPUIPlugin
2025-01-02 20:03:22,445 [INFO] PluginManager:220 - loadIPPluginJar : add sai
2025-01-02 20:03:22,502 [INFO] IPUIPlugin:80 - create IPUIPlugin
2025-01-02 20:03:22,502 [INFO] PluginManager:220 - loadIPPluginJar : add spi
2025-01-02 20:03:22,610 [INFO] IPUIPlugin:80 - create IPUIPlugin
2025-01-02 20:03:22,610 [INFO] PluginManager:220 - loadIPPluginJar : add stm32_wpan
2025-01-02 20:03:22,646 [INFO] IPUIPlugin:80 - create IPUIPlugin
2025-01-02 20:03:22,647 [INFO] PluginManager:220 - loadIPPluginJar : add tim
2025-01-02 20:03:22,727 [INFO] IPUIPlugin:80 - create IPUIPlugin
2025-01-02 20:03:22,728 [INFO] PluginManager:220 - loadIPPluginJar : add touchsensing
2025-01-02 20:03:22,761 [INFO] IPUIPlugin:80 - create IPUIPlugin
2025-01-02 20:03:22,761 [INFO] PluginManager:220 - loadIPPluginJar : add tracer_emb
2025-01-02 20:03:22,795 [INFO] IPUIPlugin:80 - create IPUIPlugin
2025-01-02 20:03:22,795 [INFO] PluginManager:220 - loadIPPluginJar : add ts
2025-01-02 20:03:22,827 [INFO] IPUIPlugin:80 - create IPUIPlugin
2025-01-02 20:03:22,827 [INFO] PluginManager:220 - loadIPPluginJar : add tsc
2025-01-02 20:03:22,859 [INFO] IPUIPlugin:80 - create IPUIPlugin
2025-01-02 20:03:22,859 [INFO] PluginManager:220 - loadIPPluginJar : add ucpd
2025-01-02 20:03:22,925 [INFO] IPUIPlugin:80 - create IPUIPlugin
2025-01-02 20:03:22,925 [INFO] PluginManager:220 - loadIPPluginJar : add usart
2025-01-02 20:03:22,981 [INFO] IPUIPlugin:80 - create IPUIPlugin
2025-01-02 20:03:22,981 [INFO] PluginManager:220 - loadIPPluginJar : add usbx
2025-01-02 20:03:23,114 [FATAL] Updater:351 - Updater called before beeing initialized
2025-01-02 20:03:23,144 [INFO] RulesReader:64 - Compatibility file has been processed (297 Rules)
2025-01-02 20:03:23,156 [INFO] RulesReader:64 - Compatibility file has been processed (297 Rules)
2025-01-02 20:03:23,164 [INFO] CADModel:165 - CPN selected for project level
2025-01-02 20:03:23,164 [INFO] CADModel:114 - Register for checkConnection events
2025-01-02 20:03:23,164 [FATAL] Updater:351 - Updater called before beeing initialized
2025-01-02 20:03:23,164 [ERROR] CADModel:125 - Updater not yet initialized, retry later 
2025-01-02 20:03:23,339 [FATAL] Updater:351 - Updater called before beeing initialized
2025-01-02 20:03:23,341 [INFO] CADModel:165 - CPN selected for project level
2025-01-02 20:03:23,341 [INFO] CADModel:114 - Register for checkConnection events
2025-01-02 20:03:23,341 [FATAL] Updater:351 - Updater called before beeing initialized
2025-01-02 20:03:23,341 [ERROR] CADModel:125 - Updater not yet initialized, retry later 
2025-01-02 20:03:23,345 [FATAL] Updater:351 - Updater called before beeing initialized
2025-01-02 20:03:23,449 [FATAL] Updater:351 - Updater called before beeing initialized
2025-01-02 20:03:23,462 [INFO] DbMcusAds:53 - JSON generation date=Tue Dec 17 21:31:15 IST 2024 (1734451275222)
2025-01-02 20:03:23,462 [FATAL] Updater:351 - Updater called before beeing initialized
2025-01-02 20:03:23,502 [WARN] DetailPanel:346 - Failed to get advertising image, set to default
2025-01-02 20:03:23,755 [FATAL] Updater:351 - Updater called before beeing initialized
2025-01-02 20:03:23,758 [FATAL] Updater:351 - Updater called before beeing initialized
2025-01-02 20:03:23,758 [FATAL] Updater:351 - Updater called before beeing initialized
2025-01-02 20:03:23,758 [WARN] DetailPanel:346 - Failed to get advertising image, set to default
2025-01-02 20:03:23,760 [FATAL] Updater:351 - Updater called before beeing initialized
2025-01-02 20:03:23,862 [ERROR] Updater:1198 - MainUpdater not yet initialized. External WinMGr cannot be set.
2025-01-02 20:03:23,874 [INFO] Updater:1134 - Updater Version found : 6.13.0
2025-01-02 20:03:23,891 [INFO] ApplicationProperties:184 - Using Application install path: C:\ST\STM32CubeIDE_1.15.1\STM32CubeIDE\plugins\com.st.stm32cube.common.mx_6.13.0.202411220809
2025-01-02 20:03:25,434 [INFO] ThirdPartyUpdaterWithRetryManager:70 - Updater plugin not ready yet. [3/15]
2025-01-02 20:03:25,474 [ERROR] LogOutputStream:75 - [STDERR_REDIRECT] Jan 02, 2025 8:03:25 PM java.util.prefs.WindowsPreferences <init>
2025-01-02 20:03:25,476 [ERROR] LogOutputStream:75 - [STDERR_REDIRECT] WARNING: Could not open/create prefs root node Software\JavaSoft\Prefs at root 0xffffffff80000002. Windows RegCreateKeyEx(...) returned error code 5.
2025-01-02 20:03:25,476 [ERROR] LogOutputStream:75 - [STDERR_REDIRECT] 
2025-01-02 20:03:26,119 [INFO] MainUpdater:2872 - connection check result : 10
2025-01-02 20:03:26,121 [INFO] MainUpdater:289 - Updater Check For Update Now.
2025-01-02 20:03:26,121 [INFO] MicroXplorer:498 - Change Database Version : DB.6.0.130
2025-01-02 20:03:26,150 [INFO] McuFinderGlobals:63 - Set McuFinder mode to 2 (CubeIDE integrated)
2025-01-02 20:03:26,151 [INFO] UserAuth:171 - activating auth plugin
2025-01-02 20:03:26,156 [INFO] UserAuth:486 - Internet connection configuration mode: 1
2025-01-02 20:03:26,200 [INFO] JxBrowserEngine:152 - Initiate JxBrowser Engine with user profile folder
2025-01-02 20:03:26,454 [INFO] CheckServerUpdateThread:120 - End of CheckServer Thread
2025-01-02 20:03:27,800 [INFO] WebApp:168 - Instantiating new browser for Auth
2025-01-02 20:03:28,753 [INFO] WebApp:449 - Apply proxy settings
2025-01-02 20:03:28,754 [INFO] WebApp:534 - Chromium requires no authentication
2025-01-02 20:03:28,767 [INFO] WebApp:477 - Direct internet connection detected
2025-01-02 20:03:28,794 [WARN] PackLoader:240 - Cannot read IP mode file for STMicroelectronics.FP-SNS-MOTENVWB1.1.4.0
2025-01-02 20:03:28,804 [INFO] WebApp:880 - Register for checkConnection events
2025-01-02 20:03:28,804 [INFO] WebApp:449 - Apply proxy settings
2025-01-02 20:03:28,804 [INFO] WebApp:534 - Chromium requires no authentication
2025-01-02 20:03:28,805 [INFO] WebApp:477 - Direct internet connection detected
2025-01-02 20:03:28,817 [WARN] PackLoader:240 - Cannot read IP mode file for STMicroelectronics.FP-ATR-ASTRA1.2.0.1
2025-01-02 20:03:28,839 [WARN] PackLoader:240 - Cannot read IP mode file for STMicroelectronics.X-CUBE-SMBUS.2.1.0
2025-01-02 20:03:28,862 [WARN] PackLoader:240 - Cannot read IP mode file for STMicroelectronics.X-CUBE-WB05N.1.1.0
2025-01-02 20:03:28,933 [WARN] PackLoader:240 - Cannot read IP mode file for STMicroelectronics.X-CUBE-AZRTOS-F7.1.1.0
2025-01-02 20:03:29,052 [WARN] PackLoader:240 - Cannot read IP mode file for STMicroelectronics.X-CUBE-MEMS1.11.0.0
2025-01-02 20:03:29,172 [INFO] WebApp:221 - Starting web application
2025-01-02 20:03:29,173 [INFO] WebApp:579 - Web application path used C:\ST\STM32CubeIDE_1.15.1\STM32CubeIDE\plugins\com.st.stm32cube.common.mx_6.13.0.202411220809\db\plugins\mcufinder\reactClient1\index.html
2025-01-02 20:03:29,255 [WARN] PackLoader:240 - Cannot read IP mode file for STMicroelectronics.FP-SNS-FLIGHT1.5.0.2
2025-01-02 20:03:29,280 [WARN] PackLoader:240 - Cannot read IP mode file for STMicroelectronics.X-CUBE-DISPLAY.3.0.0
2025-01-02 20:03:29,312 [WARN] PackLoader:240 - Cannot read IP mode file for STMicroelectronics.X-CUBE-BLE1.7.0.0
2025-01-02 20:03:29,347 [WARN] PackLoader:240 - Cannot read IP mode file for STMicroelectronics.X-CUBE-NFC10.1.0.0
2025-01-02 20:03:29,384 [INFO] WebApp:187 - Connection restablished
2025-01-02 20:03:29,384 [WARN] PackLoader:240 - Cannot read IP mode file for STMicroelectronics.X-CUBE-BLEMGR.4.0.0
2025-01-02 20:03:29,421 [WARN] PackLoader:240 - Cannot read IP mode file for emotas.I-CUBE-CANOPEN.1.3.0
2025-01-02 20:03:29,457 [WARN] PackLoader:240 - Cannot read IP mode file for STMicroelectronics.X-CUBE-BLEMGR.3.1.0
2025-01-02 20:03:29,487 [WARN] PackLoader:240 - Cannot read IP mode file for STMicroelectronics.FP-SNS-SMARTAG2.1.2.0
2025-01-02 20:03:29,624 [WARN] PackLoader:240 - Cannot read IP mode file for STMicroelectronics.X-CUBE-MEMS1.11.1.0
2025-01-02 20:03:29,816 [INFO] LogOutputStream:77 - [STDOUT_REDIRECT] 1 : Invalid condition id : UX_CORESTACK_Condition cause : null
2025-01-02 20:03:29,818 [INFO] LogOutputStream:77 - [STDOUT_REDIRECT] 1 : Invalid condition id : UX_CORESTACK_Condition cause : null
2025-01-02 20:03:29,821 [INFO] LogOutputStream:77 - [STDOUT_REDIRECT] 1 : Invalid condition id : UX_CORESTACK_Condition cause : null
2025-01-02 20:03:29,823 [INFO] LogOutputStream:77 - [STDOUT_REDIRECT] 1 : Invalid condition id : UX_CORESTACK_Condition cause : null
2025-01-02 20:03:29,824 [INFO] LogOutputStream:77 - [STDOUT_REDIRECT] 1 : Invalid condition id : UX_CORESTACK_Condition cause : null
2025-01-02 20:03:29,828 [WARN] PackLoader:240 - Cannot read IP mode file for STMicroelectronics.X-CUBE-AZRTOS-WL.2.0.0
2025-01-02 20:03:29,860 [WARN] PackLoader:240 - Cannot read IP mode file for STMicroelectronics.FP-SNS-MOTENV1.5.0.0
2025-01-02 20:03:29,882 [WARN] PackLoader:240 - Cannot read IP mode file for wolfSSL.I-CUBE-wolfMQTT.1.19.0
2025-01-02 20:03:29,907 [WARN] PackLoader:240 - Cannot read IP mode file for WES.I-CUBE-Cesium.1.3.0
2025-01-02 20:03:29,931 [WARN] PackLoader:240 - Cannot read IP mode file for STMicroelectronics.X-CUBE-BLE2.3.3.0
2025-01-02 20:03:29,963 [WARN] PackLoader:240 - Cannot read IP mode file for STMicroelectronics.X-CUBE-NFC9.1.0.0
2025-01-02 20:03:30,002 [WARN] PackLoader:240 - Cannot read IP mode file for STMicroelectronics.X-CUBE-TCPP.4.1.0
2025-01-02 20:03:30,059 [WARN] PackLoader:240 - Cannot read IP mode file for STMicroelectronics.X-CUBE-AZRTOS-G0.1.1.0
2025-01-02 20:03:30,098 [WARN] PackLoader:240 - Cannot read IP mode file for STMicroelectronics.X-CUBE-SAFEA1.1.2.2
2025-01-02 20:03:30,133 [WARN] PackLoader:240 - Cannot read IP mode file for STMicroelectronics.X-CUBE-NFC4.3.0.0
2025-01-02 20:03:30,188 [WARN] PackLoader:240 - Cannot read IP mode file for EmbeddedOffice.I-CUBE-FS-RTOS.1.0.1
2025-01-02 20:03:30,221 [WARN] PackLoader:240 - Cannot read IP mode file for STMicroelectronics.X-CUBE-TCPP.4.2.0
2025-01-02 20:03:30,261 [WARN] PackLoader:240 - Cannot read IP mode file for RealThread.X-CUBE-RT-Thread_Nano.4.1.1
2025-01-02 20:03:30,288 [WARN] PackLoader:240 - Cannot read IP mode file for STMicroelectronics.FP-ATR-SIGFOX1.3.2.0
2025-01-02 20:03:30,310 [WARN] PackLoader:240 - Cannot read IP mode file for wolfSSL.I-CUBE-wolfSSL.5.7.2
2025-01-02 20:03:30,335 [WARN] ConditionMgr:438 - getConditionDescription Invalid condition id : Cortex-A Device cause : null
2025-01-02 20:03:30,371 [WARN] ConditionMgr:1044 - genDependencies : Invalid condition id : Cortex-A Device cause : null
2025-01-02 20:03:30,372 [WARN] ConditionMgr:1044 - genDependencies : Invalid condition id : Cortex-A Device cause : null
2025-01-02 20:03:30,372 [WARN] ConditionMgr:1044 - genDependencies : Invalid condition id : Cortex-A Device cause : null
2025-01-02 20:03:30,402 [WARN] PackLoader:240 - Cannot read IP mode file for STMicroelectronics.X-CUBE-EEPRMA1.5.1.0
2025-01-02 20:03:30,427 [WARN] PackLoader:240 - Cannot read IP mode file for ITTIA_DB.I-CUBE-ITTIADB.8.9.0
2025-01-02 20:03:30,490 [WARN] PackLoader:240 - Cannot read IP mode file for SEGGER.I-CUBE-embOS.1.3.1
2025-01-02 20:03:30,535 [WARN] PackLoader:240 - Cannot read IP mode file for STMicroelectronics.X-CUBE-ALGOBUILD.1.4.0
2025-01-02 20:03:30,555 [WARN] PackLoader:240 - Cannot read IP mode file for STMicroelectronics.X-CUBE-AI.9.1.0
2025-01-02 20:03:30,575 [WARN] PackLoader:240 - Cannot read IP mode file for STMicroelectronics.X-CUBE-GNSS1.6.0.0
2025-01-02 20:03:30,606 [WARN] PackLoader:240 - Cannot read IP mode file for STMicroelectronics.X-CUBE-AZRTOS-F4.1.1.0
2025-01-02 20:03:30,625 [WARN] PackLoader:240 - Cannot read IP mode file for STMicroelectronics.X-CUBE-ISPU.2.1.0
2025-01-02 20:03:30,645 [WARN] PackLoader:240 - Cannot read IP mode file for STMicroelectronics.X-CUBE-FREERTOS.1.2.0
2025-01-02 20:03:30,678 [WARN] PackLoader:240 - Cannot read IP mode file for STMicroelectronics.X-CUBE-AZRTOS-L5.2.0.0
2025-01-02 20:03:30,701 [WARN] PackLoader:240 - Cannot read IP mode file for STMicroelectronics.X-CUBE-NFC6.3.1.0
2025-01-02 20:03:30,719 [WARN] PackLoader:240 - Cannot read IP mode file for STMicroelectronics.X-CUBE-DPower.1.2.0
2025-01-02 20:03:30,735 [WARN] PackLoader:240 - Cannot read IP mode file for STMicroelectronics.X-CUBE-AI.9.0.0
2025-01-02 20:03:30,752 [WARN] PackLoader:240 - Cannot read IP mode file for STMicroelectronics.X-CUBE-FREERTOS.1.3.0
2025-01-02 20:03:30,772 [WARN] PackLoader:240 - Cannot read IP mode file for STMicroelectronics.X-CUBE-NFC7.1.0.1
2025-01-02 20:03:30,791 [WARN] PackLoader:240 - Cannot read IP mode file for wolfSSL.I-CUBE-wolfTPM.3.2.0
2025-01-02 20:03:30,822 [WARN] ConditionMgr:438 - getConditionDescription Invalid condition id : LAN8742 Phy interface Condition cause : null
2025-01-02 20:03:30,823 [WARN] PackLoader:240 - Cannot read IP mode file for STMicroelectronics.X-CUBE-AZRTOS-L4.2.0.0
2025-01-02 20:03:30,824 [WARN] ConditionMgr:1044 - genDependencies : Invalid condition id : LAN8742 Phy interface Condition cause : null
2025-01-02 20:03:30,825 [WARN] ConditionMgr:1044 - genDependencies : Invalid condition id : LAN8742 Phy interface Condition cause : null
2025-01-02 20:03:30,825 [WARN] ConditionMgr:1044 - genDependencies : Invalid condition id : LAN8742 Phy interface Condition cause : null
2025-01-02 20:03:30,844 [WARN] PackLoader:240 - Cannot read IP mode file for STMicroelectronics.X-CUBE-SFXS2LP1.4.0.0
2025-01-02 20:03:30,882 [WARN] PackLoader:240 - Cannot read IP mode file for STMicroelectronics.X-CUBE-AZRTOS-H7.3.3.0
2025-01-02 20:03:30,906 [WARN] PackLoader:240 - Cannot read IP mode file for STMicroelectronics.X-CUBE-IPS.3.0.0
2025-01-02 20:03:30,940 [WARN] ConditionMgr:438 - getConditionDescription Invalid condition id : UX DEVICE CLASS RTOS Condition cause : null
2025-01-02 20:03:30,941 [WARN] ConditionMgr:438 - getConditionDescription Invalid condition id : UX DEVICE CLASS RTOS Condition cause : null
2025-01-02 20:03:30,943 [WARN] PackLoader:240 - Cannot read IP mode file for STMicroelectronics.X-CUBE-AZRTOS-WB.2.0.0
2025-01-02 20:03:30,944 [WARN] ConditionMgr:1044 - genDependencies : Invalid condition id : UX DEVICE CLASS RTOS Condition cause : null
2025-01-02 20:03:30,944 [WARN] ConditionMgr:1044 - genDependencies : Invalid condition id : UX DEVICE CLASS RTOS Condition cause : null
2025-01-02 20:03:30,944 [WARN] ConditionMgr:1044 - genDependencies : Invalid condition id : UX DEVICE CLASS RTOS Condition cause : null
2025-01-02 20:03:30,945 [WARN] ConditionMgr:1044 - genDependencies : Invalid condition id : UX DEVICE CLASS RTOS Condition cause : null
2025-01-02 20:03:30,945 [WARN] ConditionMgr:1044 - genDependencies : Invalid condition id : UX DEVICE CLASS RTOS Condition cause : null
2025-01-02 20:03:30,963 [WARN] PackLoader:240 - Cannot read IP mode file for STMicroelectronics.X-CUBE-GNSS1.7.0.0
2025-01-02 20:03:30,982 [WARN] PackLoader:240 - Cannot read IP mode file for STMicroelectronics.X-CUBE-GNSS1.7.0.1
2025-01-02 20:03:31,003 [WARN] PackLoader:240 - Cannot read IP mode file for STMicroelectronics.FP-SNS-STBOX1.2.0.0
2025-01-02 20:03:31,027 [WARN] PackLoader:240 - Cannot read IP mode file for STMicroelectronics.X-CUBE-SUBG2.5.0.0
2025-01-02 20:03:31,046 [WARN] PackLoader:240 - Cannot read IP mode file for Cesanta.I-CUBE-Mongoose.7.13.0
2025-01-02 20:03:31,075 [WARN] PackLoader:240 - Cannot read IP mode file for STMicroelectronics.X-CUBE-AZRTOS-G4.2.0.0
2025-01-02 20:03:31,092 [WARN] PackLoader:240 - Cannot read IP mode file for STMicroelectronics.X-CUBE-ISPU.2.0.0
2025-01-02 20:03:31,108 [WARN] PackLoader:240 - Cannot read IP mode file for STMicroelectronics.X-CUBE-ALS.1.0.2
2025-01-02 20:03:31,162 [WARN] PackLoader:240 - Cannot read IP mode file for STMicroelectronics.X-CUBE-MEMS1.10.0.0
2025-01-02 20:03:31,282 [WARN] PackLoader:240 - Cannot read IP mode file for STMicroelectronics.X-CUBE-TOUCHGFX.4.24.0
2025-01-02 20:03:31,297 [WARN] PackLoader:240 - Cannot read IP mode file for STMicroelectronics.X-CUBE-TOUCHGFX.4.24.1
2025-01-02 20:03:31,314 [WARN] PackLoader:240 - Cannot read IP mode file for wolfSSL.I-CUBE-wolfTPM.3.4.0
2025-01-02 20:03:31,334 [WARN] PackLoader:240 - Cannot read IP mode file for portGmbH.I-Cube-SoM-uGOAL.1.1.0
2025-01-02 20:03:31,366 [WARN] PackLoader:240 - Cannot read IP mode file for STMicroelectronics.X-CUBE-AZRTOS-H7RS.1.0.0
2025-01-02 20:03:31,384 [WARN] PackLoader:240 - Cannot read IP mode file for STMicroelectronics.FP-ATR-ASTRA1.2.0.0
2025-01-02 20:03:31,410 [WARN] PackLoader:240 - Cannot read IP mode file for STMicroelectronics.X-CUBE-TOF1.3.4.2
2025-01-02 20:03:31,459 [WARN] PackLoader:240 - Cannot read IP mode file for Infineon.AIROC-Wi-Fi-Bluetooth-STM32.1.6.1
2025-01-02 20:03:31,482 [WARN] PackLoader:240 - Cannot read IP mode file for wolfSSL.I-CUBE-wolfSSH.1.4.17
2025-01-02 20:03:31,483 [INFO] ThirdParty:978 - Integrity check success = true
2025-01-02 20:03:31,483 [INFO] IntegrityCheckThread:100 - exiting critical section [integrity check]
2025-01-02 20:03:31,483 [INFO] IntegrityCheckThread:103 - End integrity checks thread
