2025-06-13 12:55:39,903 [INFO] Activator:176 - 


2025-06-13 12:55:39,908 [INFO] Activator:177 - !SESSION log4j initialized
2025-06-13 12:55:46,518 [INFO] LogOutputStream:77 - [STDOUT_REDIRECT] 
2025-06-13 12:55:48,439 [INFO] ApplicationProperties:184 - Using Application install path: C:\ST\STM32CubeIDE_1.15.1\STM32CubeIDE\plugins\com.st.stm32cube.common.mx_6.13.0.202411220809
2025-06-13 12:55:48,457 [INFO] DbMcusXml:78 - Set database path to: C:\ST\STM32CubeIDE_1.15.1\STM32CubeIDE\plugins\com.st.stm32cube.common.mx_6.13.0.202411220809\\db\/mcu/
2025-06-13 12:55:48,457 [INFO] ApiDb:274 - Set plugin database path to: C:\ST\STM32CubeIDE_1.15.1\STM32CubeIDE\plugins\com.st.stm32cube.common.mx_6.13.0.202411220809\\db\/plugins/boardmanager/
2025-06-13 12:55:48,458 [WARN] ApiDb:259 - Overriding images path with different value:  => C:\ST\STM32CubeIDE_1.15.1\STM32CubeIDE\plugins\com.st.stm32cube.common.mx_6.13.0.202411220809\\db\/plugins/mcufinder/images/
2025-06-13 12:55:48,467 [INFO] ApiDb:250 - Set database path to: C:\Users\Tejas Sawant\.stmcufinder\plugins\mcufinder//mcu/
2025-06-13 12:55:48,468 [INFO] DbMcusAds:125 - Set database path to: C:\Users\Tejas Sawant\.stmcufinder\plugins\mcufinder//mcu/
2025-06-13 12:55:48,470 [INFO] CrossReferenceDbSqlite:203 - Set database path to: C:\Users\Tejas Sawant\.stmcufinder\plugins\mcufinder//mcu/cs/
2025-06-13 12:55:48,596 [INFO] RulesReader:64 - Compatibility file has been processed (297 Rules)
2025-06-13 12:55:48,678 [INFO] DbMcusXml:78 - Set database path to: C:\ST\STM32CubeIDE_1.15.1\STM32CubeIDE\plugins\com.st.stm32cube.common.mx_6.13.0.202411220809\\db\/mcu/
2025-06-13 12:55:48,678 [INFO] ApiDb:274 - Set plugin database path to: C:\ST\STM32CubeIDE_1.15.1\STM32CubeIDE\plugins\com.st.stm32cube.common.mx_6.13.0.202411220809\\db\/plugins/boardmanager/
2025-06-13 12:55:48,678 [INFO] ApiDb:261 - Set plugin images path to: C:\ST\STM32CubeIDE_1.15.1\STM32CubeIDE\plugins\com.st.stm32cube.common.mx_6.13.0.202411220809\\db\/plugins/mcufinder/images/
2025-06-13 12:55:48,678 [WARN] DbFile:41 - Overriding database path with different value: C:\Users\Tejas Sawant\.stmcufinder\plugins\mcufinder/ => C:\Users\Tejas Sawant\.stmcufinder\plugins\mcufinder
2025-06-13 12:55:48,678 [INFO] ApiDb:250 - Set database path to: C:\Users\Tejas Sawant\.stmcufinder\plugins\mcufinder//mcu/
2025-06-13 12:55:48,678 [WARN] DbFile:41 - Overriding database path with different value: C:\Users\Tejas Sawant\.stmcufinder\plugins\mcufinder/ => C:\Users\Tejas Sawant\.stmcufinder\plugins\mcufinder
2025-06-13 12:55:48,678 [INFO] DbMcusAds:125 - Set database path to: C:\Users\Tejas Sawant\.stmcufinder\plugins\mcufinder//mcu/
2025-06-13 12:55:48,678 [WARN] DbFile:41 - Overriding database path with different value: C:\Users\Tejas Sawant\.stmcufinder\plugins\mcufinder/ => C:\Users\Tejas Sawant\.stmcufinder\plugins\mcufinder
2025-06-13 12:55:48,678 [WARN] DbFile:41 - Overriding database path with different value: C:\Users\Tejas Sawant\.stmcufinder\plugins\mcufinder/ => C:\Users\Tejas Sawant\.stmcufinder\plugins\mcufinder
2025-06-13 12:55:48,678 [INFO] CrossReferenceDbSqlite:203 - Set database path to: C:\Users\Tejas Sawant\.stmcufinder\plugins\mcufinder//mcu/cs/
2025-06-13 12:55:48,753 [INFO] MainPanel:272 - HeapMemory: 268435456
2025-06-13 12:55:48,854 [INFO] DbMcusXml:78 - Set database path to: C:\ST\STM32CubeIDE_1.15.1\STM32CubeIDE\plugins\com.st.stm32cube.common.mx_6.13.0.202411220809\\db\/mcu/
2025-06-13 12:55:48,854 [INFO] ApiDb:274 - Set plugin database path to: C:\ST\STM32CubeIDE_1.15.1\STM32CubeIDE\plugins\com.st.stm32cube.common.mx_6.13.0.202411220809\\db\/plugins/boardmanager/
2025-06-13 12:55:48,854 [INFO] ApiDb:261 - Set plugin images path to: C:\ST\STM32CubeIDE_1.15.1\STM32CubeIDE\plugins\com.st.stm32cube.common.mx_6.13.0.202411220809\\db\/plugins/mcufinder/images/
2025-06-13 12:55:48,855 [WARN] DbFile:41 - Overriding database path with different value: C:\Users\Tejas Sawant\.stmcufinder\plugins\mcufinder/ => C:\Users\Tejas Sawant\.stmcufinder\plugins\mcufinder
2025-06-13 12:55:48,855 [INFO] ApiDb:250 - Set database path to: C:\Users\Tejas Sawant\.stmcufinder\plugins\mcufinder//mcu/
2025-06-13 12:55:48,855 [WARN] DbFile:41 - Overriding database path with different value: C:\Users\Tejas Sawant\.stmcufinder\plugins\mcufinder/ => C:\Users\Tejas Sawant\.stmcufinder\plugins\mcufinder
2025-06-13 12:55:48,855 [INFO] DbMcusAds:125 - Set database path to: C:\Users\Tejas Sawant\.stmcufinder\plugins\mcufinder//mcu/
2025-06-13 12:55:48,855 [WARN] DbFile:41 - Overriding database path with different value: C:\Users\Tejas Sawant\.stmcufinder\plugins\mcufinder/ => C:\Users\Tejas Sawant\.stmcufinder\plugins\mcufinder
2025-06-13 12:55:48,855 [WARN] DbFile:41 - Overriding database path with different value: C:\Users\Tejas Sawant\.stmcufinder\plugins\mcufinder/ => C:\Users\Tejas Sawant\.stmcufinder\plugins\mcufinder
2025-06-13 12:55:48,855 [INFO] CrossReferenceDbSqlite:203 - Set database path to: C:\Users\Tejas Sawant\.stmcufinder\plugins\mcufinder//mcu/cs/
2025-06-13 12:55:48,874 [INFO] ApplicationProperties:184 - Using Application install path: C:\ST\STM32CubeIDE_1.15.1\STM32CubeIDE\plugins\com.st.stm32cube.common.mx_6.13.0.202411220809
2025-06-13 12:55:48,875 [INFO] PluginManage:196 - Search for loadable plugins [exclusion list=, ]
2025-06-13 12:55:48,876 [INFO] PluginManage:310 - Check plugin analytics
2025-06-13 12:55:49,058 [INFO] AnalyticsPlugin:253 - Accepted Software Licenses: 
2025-06-13 12:55:49,060 [INFO] AnalyticsPlugin:255 - Accepted CMSIS Pack Licenses: 
2025-06-13 12:55:49,060 [INFO] AnalyticsPlugin:257 - Accepted Firmware Licenses: 
2025-06-13 12:55:49,062 [INFO] PluginManage:359 - Loaded plugin analytics (category:tool,tabindex:-1)
2025-06-13 12:55:49,063 [INFO] PluginManage:310 - Check plugin cadmodel
2025-06-13 12:55:49,081 [INFO] CADModel:105 - Init CAD model plugin
2025-06-13 12:55:49,081 [INFO] PluginManage:359 - Loaded plugin cadmodel (category:power,tabindex:5)
2025-06-13 12:55:49,081 [INFO] PluginManage:310 - Check plugin clock
2025-06-13 12:55:49,104 [INFO] PluginManage:359 - Loaded plugin clock (category:base,tabindex:2)
2025-06-13 12:55:49,105 [INFO] PluginManage:310 - Check plugin ddr
2025-06-13 12:55:49,107 [INFO] PluginManage:359 - Loaded plugin ddr (category:tool,tabindex:6)
2025-06-13 12:55:49,107 [INFO] PluginManage:310 - Check plugin filemanager
2025-06-13 12:55:49,250 [INFO] PluginManage:359 - Loaded plugin filemanager (category:base,tabindex:10)
2025-06-13 12:55:49,250 [INFO] PluginManage:310 - Check plugin ipmanager
2025-06-13 12:55:49,259 [INFO] PluginManage:359 - Loaded plugin ipmanager (category:base,tabindex:5)
2025-06-13 12:55:49,259 [INFO] PluginManage:310 - Check plugin lpbam
2025-06-13 12:55:49,279 [INFO] PluginManage:359 - Loaded plugin lpbam (category:base,tabindex:0)
2025-06-13 12:55:49,279 [INFO] PluginManage:310 - Check plugin memorymap
2025-06-13 12:55:49,302 [INFO] PluginManage:359 - Loaded plugin memorymap (category:base,tabindex:4)
2025-06-13 12:55:49,302 [INFO] PluginManage:310 - Check plugin pinoutandconfiguration
2025-06-13 12:55:49,319 [INFO] PluginManage:359 - Loaded plugin pinoutandconfiguration (category:base,tabindex:1)
2025-06-13 12:55:49,319 [INFO] PluginManage:310 - Check plugin pinoutconfig
2025-06-13 12:55:49,432 [WARN] SupportedApi:132 - Cannot load RTOS API schema: s4s-elt-must-match.1: The content of 'definitions' must match (annotation?, (simpleType | complexType)?, (unique | key | keyref)*)). A problem was found starting at: attribute.
2025-06-13 12:55:49,583 [INFO] PluginManage:359 - Loaded plugin pinoutconfig (category:base,tabindex:0)
2025-06-13 12:55:49,583 [INFO] PluginManage:310 - Check plugin power
2025-06-13 12:55:49,620 [INFO] PluginManage:359 - Loaded plugin power (category:power,tabindex:4)
2025-06-13 12:55:49,620 [INFO] PluginManage:310 - Check plugin projectmanager
2025-06-13 12:55:49,638 [INFO] PluginManage:359 - Loaded plugin projectmanager (category:projectmanager,tabindex:4)
2025-06-13 12:55:49,639 [INFO] PluginManage:310 - Check plugin rif
2025-06-13 12:55:49,661 [INFO] PluginManage:359 - Loaded plugin rif (category:base,tabindex:3)
2025-06-13 12:55:49,661 [INFO] PluginManage:310 - Check plugin thirdparty
2025-06-13 12:55:49,960 [INFO] PluginManage:359 - Loaded plugin thirdparty (category:base,tabindex:-1)
2025-06-13 12:55:49,960 [WARN] IntegrityCheckThread:84 - waiting for thirdparty lock release [integrity check]
2025-06-13 12:55:49,960 [INFO] PluginManage:310 - Check plugin tools
2025-06-13 12:55:49,960 [INFO] IntegrityCheckThread:86 - entering critical section [integrity check]
2025-06-13 12:55:49,961 [INFO] ThirdPartyUpdaterWithRetryManager:70 - Updater plugin not ready yet. [1/15]
2025-06-13 12:55:49,999 [INFO] PluginManage:359 - Loaded plugin tools (category:base,tabindex:7)
2025-06-13 12:55:49,999 [INFO] PluginManage:310 - Check plugin tutovideos
2025-06-13 12:55:50,180 [INFO] PluginManage:359 - Loaded plugin tutovideos (category:base,tabindex:-1)
2025-06-13 12:55:50,180 [INFO] PluginManage:310 - Check plugin updater
2025-06-13 12:55:50,202 [INFO] PluginManage:359 - Loaded plugin updater (category:base,tabindex:12)
2025-06-13 12:55:50,202 [INFO] PluginManage:310 - Check plugin userauth
2025-06-13 12:55:50,206 [INFO] UserAuth:118 - Init User Auth plugin
2025-06-13 12:55:50,207 [INFO] PluginManage:359 - Loaded plugin userauth (category:base,tabindex:14)
2025-06-13 12:55:50,207 [INFO] PluginManage:283 - PluginManage : Loaded plugins [18]
2025-06-13 12:55:50,405 [INFO] PinOutPanel:1589 - setPackage(No Configuration,No Configuration)
2025-06-13 12:55:50,486 [INFO] CADModel:165 - CPN selected for project level
2025-06-13 12:55:50,487 [INFO] CADModel:114 - Register for checkConnection events
2025-06-13 12:55:50,517 [INFO] IPUIPlugin:80 - create IPUIPlugin
2025-06-13 12:55:50,518 [INFO] PluginManager:220 - loadIPPluginJar : add adc
2025-06-13 12:55:50,569 [INFO] IPUIPlugin:80 - create IPUIPlugin
2025-06-13 12:55:50,569 [INFO] PluginManager:220 - loadIPPluginJar : add aes
2025-06-13 12:55:50,623 [INFO] IPUIPlugin:80 - create IPUIPlugin
2025-06-13 12:55:50,623 [INFO] PluginManager:220 - loadIPPluginJar : add can
2025-06-13 12:55:50,655 [INFO] IPUIPlugin:80 - create IPUIPlugin
2025-06-13 12:55:50,655 [INFO] PluginManager:220 - loadIPPluginJar : add comp
2025-06-13 12:55:50,707 [INFO] IPUIPlugin:80 - create IPUIPlugin
2025-06-13 12:55:50,707 [INFO] PluginManager:220 - loadIPPluginJar : add cryp
2025-06-13 12:55:50,722 [INFO] IPUIPlugin:80 - create IPUIPlugin
2025-06-13 12:55:50,722 [INFO] PluginManager:220 - loadIPPluginJar : add ddr_ctrl_phy
2025-06-13 12:55:50,752 [INFO] IPUIPlugin:80 - create IPUIPlugin
2025-06-13 12:55:50,753 [INFO] PluginManager:220 - loadIPPluginJar : add dfsdm
2025-06-13 12:55:50,768 [INFO] IPUIPlugin:80 - create IPUIPlugin
2025-06-13 12:55:50,768 [INFO] PluginManager:220 - loadIPPluginJar : add dma
2025-06-13 12:55:50,805 [INFO] IPUIPlugin:80 - create IPUIPlugin
2025-06-13 12:55:50,805 [INFO] PluginManager:220 - loadIPPluginJar : add dma3
2025-06-13 12:55:50,849 [INFO] IPUIPlugin:80 - create IPUIPlugin
2025-06-13 12:55:50,849 [INFO] PluginManager:220 - loadIPPluginJar : add extmemmanager
2025-06-13 12:55:50,872 [INFO] IPUIPlugin:80 - create IPUIPlugin
2025-06-13 12:55:50,872 [INFO] PluginManager:220 - loadIPPluginJar : add fatfs
2025-06-13 12:55:50,923 [INFO] IPUIPlugin:80 - create IPUIPlugin
2025-06-13 12:55:50,923 [INFO] PluginManager:220 - loadIPPluginJar : add fmc
2025-06-13 12:55:50,940 [INFO] IPUIPlugin:80 - create IPUIPlugin
2025-06-13 12:55:50,940 [INFO] PluginManager:220 - loadIPPluginJar : add freertos
2025-06-13 12:55:50,962 [INFO] IPUIPlugin:80 - create IPUIPlugin
2025-06-13 12:55:50,962 [INFO] PluginManager:220 - loadIPPluginJar : add genericplugin
2025-06-13 12:55:51,043 [INFO] IPUIPlugin:80 - create IPUIPlugin
2025-06-13 12:55:51,043 [INFO] PluginManager:220 - loadIPPluginJar : add gfxmmu
2025-06-13 12:55:51,162 [INFO] IPUIPlugin:80 - create IPUIPlugin
2025-06-13 12:55:51,162 [INFO] PluginManager:220 - loadIPPluginJar : add gic
2025-06-13 12:55:51,176 [INFO] IPUIPlugin:80 - create IPUIPlugin
2025-06-13 12:55:51,177 [INFO] PluginManager:220 - loadIPPluginJar : add gpio
2025-06-13 12:55:51,266 [INFO] IPUIPlugin:80 - create IPUIPlugin
2025-06-13 12:55:51,266 [INFO] PluginManager:220 - loadIPPluginJar : add gtzc
2025-06-13 12:55:51,297 [INFO] IPUIPlugin:80 - create IPUIPlugin
2025-06-13 12:55:51,297 [INFO] PluginManager:220 - loadIPPluginJar : add hash
2025-06-13 12:55:51,344 [INFO] IPUIPlugin:80 - create IPUIPlugin
2025-06-13 12:55:51,344 [INFO] PluginManager:220 - loadIPPluginJar : add i2c
2025-06-13 12:55:51,381 [INFO] IPUIPlugin:80 - create IPUIPlugin
2025-06-13 12:55:51,381 [INFO] PluginManager:220 - loadIPPluginJar : add i2s
2025-06-13 12:55:51,419 [INFO] IPUIPlugin:80 - create IPUIPlugin
2025-06-13 12:55:51,419 [INFO] PluginManager:220 - loadIPPluginJar : add i3c
2025-06-13 12:55:51,516 [INFO] IPUIPlugin:80 - create IPUIPlugin
2025-06-13 12:55:51,517 [INFO] PluginManager:220 - loadIPPluginJar : add ipddr
2025-06-13 12:55:51,601 [INFO] IPUIPlugin:80 - create IPUIPlugin
2025-06-13 12:55:51,601 [INFO] PluginManager:220 - loadIPPluginJar : add linkedlist
2025-06-13 12:55:51,638 [INFO] IPUIPlugin:80 - create IPUIPlugin
2025-06-13 12:55:51,639 [INFO] PluginManager:220 - loadIPPluginJar : add lorawan
2025-06-13 12:55:51,674 [INFO] IPUIPlugin:80 - create IPUIPlugin
2025-06-13 12:55:51,674 [INFO] PluginManager:220 - loadIPPluginJar : add ltdc
2025-06-13 12:55:51,691 [INFO] IPUIPlugin:80 - create IPUIPlugin
2025-06-13 12:55:51,691 [INFO] PluginManager:220 - loadIPPluginJar : add mdma
2025-06-13 12:55:51,706 [INFO] IPUIPlugin:80 - create IPUIPlugin
2025-06-13 12:55:51,706 [INFO] PluginManager:220 - loadIPPluginJar : add nvic
2025-06-13 12:55:51,755 [INFO] IPUIPlugin:80 - create IPUIPlugin
2025-06-13 12:55:51,755 [INFO] PluginManager:220 - loadIPPluginJar : add opamp
2025-06-13 12:55:51,829 [INFO] IPUIPlugin:80 - create IPUIPlugin
2025-06-13 12:55:51,829 [INFO] PluginManager:220 - loadIPPluginJar : add openamp
2025-06-13 12:55:51,879 [INFO] IPUIPlugin:80 - create IPUIPlugin
2025-06-13 12:55:51,879 [INFO] PluginManager:220 - loadIPPluginJar : add pdm2pcm
2025-06-13 12:55:51,894 [INFO] IPUIPlugin:80 - create IPUIPlugin
2025-06-13 12:55:51,896 [INFO] PluginManager:220 - loadIPPluginJar : add plateformsettings
2025-06-13 12:55:51,920 [INFO] IPUIPlugin:80 - create IPUIPlugin
2025-06-13 12:55:51,920 [INFO] PluginManager:220 - loadIPPluginJar : add quadspi
2025-06-13 12:55:51,948 [INFO] IPUIPlugin:80 - create IPUIPlugin
2025-06-13 12:55:51,948 [INFO] PluginManager:220 - loadIPPluginJar : add radio
2025-06-13 12:55:51,962 [INFO] IPUIPlugin:80 - create IPUIPlugin
2025-06-13 12:55:51,963 [INFO] PluginManager:220 - loadIPPluginJar : add resmgrutility
2025-06-13 12:55:52,011 [INFO] IPUIPlugin:80 - create IPUIPlugin
2025-06-13 12:55:52,011 [INFO] PluginManager:220 - loadIPPluginJar : add sai
2025-06-13 12:55:52,057 [INFO] IPUIPlugin:80 - create IPUIPlugin
2025-06-13 12:55:52,057 [INFO] PluginManager:220 - loadIPPluginJar : add spi
2025-06-13 12:55:52,126 [INFO] IPUIPlugin:80 - create IPUIPlugin
2025-06-13 12:55:52,127 [INFO] PluginManager:220 - loadIPPluginJar : add stm32_wpan
2025-06-13 12:55:52,160 [INFO] IPUIPlugin:80 - create IPUIPlugin
2025-06-13 12:55:52,161 [INFO] PluginManager:220 - loadIPPluginJar : add tim
2025-06-13 12:55:52,224 [INFO] IPUIPlugin:80 - create IPUIPlugin
2025-06-13 12:55:52,225 [INFO] PluginManager:220 - loadIPPluginJar : add touchsensing
2025-06-13 12:55:52,252 [INFO] IPUIPlugin:80 - create IPUIPlugin
2025-06-13 12:55:52,253 [INFO] PluginManager:220 - loadIPPluginJar : add tracer_emb
2025-06-13 12:55:52,282 [INFO] IPUIPlugin:80 - create IPUIPlugin
2025-06-13 12:55:52,282 [INFO] PluginManager:220 - loadIPPluginJar : add ts
2025-06-13 12:55:52,309 [INFO] IPUIPlugin:80 - create IPUIPlugin
2025-06-13 12:55:52,309 [INFO] PluginManager:220 - loadIPPluginJar : add tsc
2025-06-13 12:55:52,332 [INFO] IPUIPlugin:80 - create IPUIPlugin
2025-06-13 12:55:52,333 [INFO] PluginManager:220 - loadIPPluginJar : add ucpd
2025-06-13 12:55:52,380 [INFO] IPUIPlugin:80 - create IPUIPlugin
2025-06-13 12:55:52,380 [INFO] PluginManager:220 - loadIPPluginJar : add usart
2025-06-13 12:55:52,419 [INFO] IPUIPlugin:80 - create IPUIPlugin
2025-06-13 12:55:52,419 [INFO] PluginManager:220 - loadIPPluginJar : add usbx
2025-06-13 12:55:52,541 [FATAL] Updater:351 - Updater called before beeing initialized
2025-06-13 12:55:52,567 [INFO] RulesReader:64 - Compatibility file has been processed (297 Rules)
2025-06-13 12:55:52,580 [INFO] RulesReader:64 - Compatibility file has been processed (297 Rules)
2025-06-13 12:55:52,588 [INFO] CADModel:165 - CPN selected for project level
2025-06-13 12:55:52,589 [INFO] CADModel:114 - Register for checkConnection events
2025-06-13 12:55:52,589 [FATAL] Updater:351 - Updater called before beeing initialized
2025-06-13 12:55:52,589 [ERROR] CADModel:125 - Updater not yet initialized, retry later 
2025-06-13 12:55:52,737 [FATAL] Updater:351 - Updater called before beeing initialized
2025-06-13 12:55:52,738 [INFO] CADModel:165 - CPN selected for project level
2025-06-13 12:55:52,739 [INFO] CADModel:114 - Register for checkConnection events
2025-06-13 12:55:52,739 [FATAL] Updater:351 - Updater called before beeing initialized
2025-06-13 12:55:52,739 [ERROR] CADModel:125 - Updater not yet initialized, retry later 
2025-06-13 12:55:52,741 [FATAL] Updater:351 - Updater called before beeing initialized
2025-06-13 12:55:52,827 [FATAL] Updater:351 - Updater called before beeing initialized
2025-06-13 12:55:52,838 [INFO] DbMcusAds:53 - JSON generation date=Wed May 07 14:37:55 IST 2025 (1746608875484)
2025-06-13 12:55:52,839 [FATAL] Updater:351 - Updater called before beeing initialized
2025-06-13 12:55:52,872 [WARN] DetailPanel:346 - Failed to get advertising image, set to default
2025-06-13 12:55:52,961 [INFO] ThirdPartyUpdaterWithRetryManager:70 - Updater plugin not ready yet. [2/15]
2025-06-13 12:55:53,064 [FATAL] Updater:351 - Updater called before beeing initialized
2025-06-13 12:55:53,066 [FATAL] Updater:351 - Updater called before beeing initialized
2025-06-13 12:55:53,066 [FATAL] Updater:351 - Updater called before beeing initialized
2025-06-13 12:55:53,066 [WARN] DetailPanel:346 - Failed to get advertising image, set to default
2025-06-13 12:55:53,068 [FATAL] Updater:351 - Updater called before beeing initialized
2025-06-13 12:55:53,147 [ERROR] Updater:1198 - MainUpdater not yet initialized. External WinMGr cannot be set.
2025-06-13 12:55:53,158 [INFO] Updater:1134 - Updater Version found : 6.13.0
2025-06-13 12:55:53,177 [INFO] ApplicationProperties:184 - Using Application install path: C:\ST\STM32CubeIDE_1.15.1\STM32CubeIDE\plugins\com.st.stm32cube.common.mx_6.13.0.202411220809
2025-06-13 12:55:54,755 [ERROR] LogOutputStream:75 - [STDERR_REDIRECT] Jun 13, 2025 12:55:54 PM java.util.prefs.WindowsPreferences <init>
2025-06-13 12:55:54,756 [ERROR] LogOutputStream:75 - [STDERR_REDIRECT] WARNING: Could not open/create prefs root node Software\JavaSoft\Prefs at root 0xffffffff80000002. Windows RegCreateKeyEx(...) returned error code 5.
2025-06-13 12:55:54,757 [ERROR] LogOutputStream:75 - [STDERR_REDIRECT] 
2025-06-13 12:55:55,071 [INFO] MainUpdater:2872 - connection check result : 10
2025-06-13 12:55:55,072 [INFO] MainUpdater:289 - Updater Check For Update Now.
2025-06-13 12:55:55,072 [INFO] MicroXplorer:498 - Change Database Version : DB.6.0.130
2025-06-13 12:55:55,089 [INFO] McuFinderGlobals:63 - Set McuFinder mode to 2 (CubeIDE integrated)
2025-06-13 12:55:55,090 [INFO] UserAuth:171 - activating auth plugin
2025-06-13 12:55:55,094 [INFO] UserAuth:486 - Internet connection configuration mode: 1
2025-06-13 12:55:55,127 [INFO] JxBrowserEngine:152 - Initiate JxBrowser Engine with user profile folder
2025-06-13 12:55:55,301 [INFO] CheckServerUpdateThread:120 - End of CheckServer Thread
2025-06-13 12:55:56,185 [INFO] WebApp:168 - Instantiating new browser for Auth
2025-06-13 12:55:56,316 [WARN] PackLoader:240 - Cannot read IP mode file for STMicroelectronics.FP-SNS-MOTENVWB1.1.4.0
2025-06-13 12:55:56,339 [WARN] PackLoader:240 - Cannot read IP mode file for STMicroelectronics.FP-ATR-ASTRA1.2.0.2
2025-06-13 12:55:56,355 [WARN] PackLoader:240 - Cannot read IP mode file for STMicroelectronics.FP-ATR-ASTRA1.2.0.1
2025-06-13 12:55:56,379 [WARN] PackLoader:240 - Cannot read IP mode file for STMicroelectronics.X-CUBE-SMBUS.2.1.0
2025-06-13 12:55:56,400 [WARN] PackLoader:240 - Cannot read IP mode file for STMicroelectronics.X-CUBE-WB05N.1.1.0
2025-06-13 12:55:56,423 [WARN] PackLoader:240 - Cannot read IP mode file for STMicroelectronics.X-CUBE-ST60.1.0.0
2025-06-13 12:55:56,476 [WARN] PackLoader:240 - Cannot read IP mode file for STMicroelectronics.X-CUBE-AZRTOS-F7.1.1.0
2025-06-13 12:55:56,565 [WARN] PackLoader:240 - Cannot read IP mode file for STMicroelectronics.X-CUBE-MEMS1.11.0.0
2025-06-13 12:55:56,744 [WARN] PackLoader:240 - Cannot read IP mode file for STMicroelectronics.FP-SNS-FLIGHT1.5.0.2
2025-06-13 12:55:56,768 [WARN] PackLoader:240 - Cannot read IP mode file for STMicroelectronics.X-CUBE-DISPLAY.3.0.0
2025-06-13 12:55:56,801 [WARN] PackLoader:240 - Cannot read IP mode file for STMicroelectronics.X-CUBE-BLE1.7.0.0
2025-06-13 12:55:56,820 [WARN] PackLoader:240 - Cannot read IP mode file for STMicroelectronics.X-CUBE-NFC10.1.0.0
2025-06-13 12:55:56,844 [WARN] PackLoader:240 - Cannot read IP mode file for STMicroelectronics.X-CUBE-BLEMGR.4.0.0
2025-06-13 12:55:56,864 [WARN] PackLoader:240 - Cannot read IP mode file for emotas.I-CUBE-CANOPEN.1.3.0
2025-06-13 12:55:56,881 [WARN] PackLoader:240 - Cannot read IP mode file for STMicroelectronics.X-CUBE-BLEMGR.3.1.0
2025-06-13 12:55:56,897 [WARN] PackLoader:240 - Cannot read IP mode file for STMicroelectronics.X-CUBE-AI.10.0.0
2025-06-13 12:55:56,915 [WARN] PackLoader:240 - Cannot read IP mode file for STMicroelectronics.FP-SNS-SMARTAG2.1.2.0
2025-06-13 12:55:56,931 [WARN] PackLoader:240 - Cannot read IP mode file for STMicroelectronics.FP-SNS-FLIGHT1.5.1.0
2025-06-13 12:55:57,030 [WARN] PackLoader:240 - Cannot read IP mode file for STMicroelectronics.X-CUBE-MEMS1.11.1.0
2025-06-13 12:55:57,167 [INFO] WebApp:449 - Apply proxy settings
2025-06-13 12:55:57,168 [INFO] WebApp:534 - Chromium requires no authentication
2025-06-13 12:55:57,179 [INFO] WebApp:477 - Direct internet connection detected
2025-06-13 12:55:57,196 [INFO] LogOutputStream:77 - [STDOUT_REDIRECT] 1 : Invalid condition id : UX_CORESTACK_Condition cause : null
2025-06-13 12:55:57,197 [INFO] LogOutputStream:77 - [STDOUT_REDIRECT] 1 : Invalid condition id : UX_CORESTACK_Condition cause : null
2025-06-13 12:55:57,198 [INFO] LogOutputStream:77 - [STDOUT_REDIRECT] 1 : Invalid condition id : UX_CORESTACK_Condition cause : null
2025-06-13 12:55:57,200 [INFO] LogOutputStream:77 - [STDOUT_REDIRECT] 1 : Invalid condition id : UX_CORESTACK_Condition cause : null
2025-06-13 12:55:57,201 [INFO] LogOutputStream:77 - [STDOUT_REDIRECT] 1 : Invalid condition id : UX_CORESTACK_Condition cause : null
2025-06-13 12:55:57,203 [WARN] PackLoader:240 - Cannot read IP mode file for STMicroelectronics.X-CUBE-AZRTOS-WL.2.0.0
2025-06-13 12:55:57,213 [INFO] WebApp:880 - Register for checkConnection events
2025-06-13 12:55:57,213 [INFO] WebApp:449 - Apply proxy settings
2025-06-13 12:55:57,214 [INFO] WebApp:534 - Chromium requires no authentication
2025-06-13 12:55:57,214 [INFO] WebApp:477 - Direct internet connection detected
2025-06-13 12:55:57,228 [WARN] PackLoader:240 - Cannot read IP mode file for STMicroelectronics.FP-SNS-MOTENV1.5.0.0
2025-06-13 12:55:57,246 [WARN] PackLoader:240 - Cannot read IP mode file for wolfSSL.I-CUBE-wolfMQTT.1.19.0
2025-06-13 12:55:57,271 [WARN] PackLoader:240 - Cannot read IP mode file for WES.I-CUBE-Cesium.1.3.0
2025-06-13 12:55:57,291 [WARN] PackLoader:240 - Cannot read IP mode file for STMicroelectronics.X-CUBE-BLE2.3.3.0
2025-06-13 12:55:57,308 [WARN] PackLoader:240 - Cannot read IP mode file for STMicroelectronics.X-CUBE-NFC9.1.0.0
2025-06-13 12:55:57,329 [WARN] PackLoader:240 - Cannot read IP mode file for STMicroelectronics.X-CUBE-BLE1.7.1.0
2025-06-13 12:55:57,354 [WARN] PackLoader:240 - Cannot read IP mode file for STMicroelectronics.X-CUBE-TCPP.4.1.0
2025-06-13 12:55:57,373 [WARN] PackLoader:240 - Cannot read IP mode file for STMicroelectronics.X-CUBE-AI.10.1.0
2025-06-13 12:55:57,469 [WARN] PackLoader:240 - Cannot read IP mode file for STMicroelectronics.X-CUBE-MEMS1.11.2.0
2025-06-13 12:55:57,474 [INFO] WebApp:187 - Connection restablished
2025-06-13 12:55:57,563 [INFO] WebApp:221 - Starting web application
2025-06-13 12:55:57,563 [INFO] WebApp:579 - Web application path used C:\ST\STM32CubeIDE_1.15.1\STM32CubeIDE\plugins\com.st.stm32cube.common.mx_6.13.0.202411220809\db\plugins\mcufinder\reactClient1\index.html
2025-06-13 12:55:57,637 [WARN] PackLoader:240 - Cannot read IP mode file for STMicroelectronics.X-CUBE-AZRTOS-G0.1.1.0
2025-06-13 12:55:57,667 [WARN] PackLoader:240 - Cannot read IP mode file for STMicroelectronics.X-CUBE-SAFEA1.1.2.2
2025-06-13 12:55:57,691 [WARN] PackLoader:240 - Cannot read IP mode file for STMicroelectronics.X-CUBE-NFC4.3.0.0
2025-06-13 12:55:57,722 [WARN] PackLoader:240 - Cannot read IP mode file for EmbeddedOffice.I-CUBE-FS-RTOS.1.0.1
2025-06-13 12:55:57,750 [WARN] PackLoader:240 - Cannot read IP mode file for STMicroelectronics.X-CUBE-WB05N.2.0.0
2025-06-13 12:55:57,781 [WARN] PackLoader:240 - Cannot read IP mode file for STMicroelectronics.X-CUBE-TCPP.4.2.0
2025-06-13 12:55:57,863 [WARN] PackLoader:240 - Cannot read IP mode file for RealThread.X-CUBE-RT-Thread_Nano.4.1.1
2025-06-13 12:55:57,893 [WARN] PackLoader:240 - Cannot read IP mode file for STMicroelectronics.FP-ATR-SIGFOX1.3.2.0
2025-06-13 12:55:57,933 [WARN] PackLoader:240 - Cannot read IP mode file for wolfSSL.I-CUBE-wolfSSL.5.7.2
2025-06-13 12:55:57,954 [WARN] ConditionMgr:438 - getConditionDescription Invalid condition id : Cortex-A Device cause : null
2025-06-13 12:55:57,986 [WARN] ConditionMgr:1044 - genDependencies : Invalid condition id : Cortex-A Device cause : null
2025-06-13 12:55:57,986 [WARN] ConditionMgr:1044 - genDependencies : Invalid condition id : Cortex-A Device cause : null
2025-06-13 12:55:57,986 [WARN] ConditionMgr:1044 - genDependencies : Invalid condition id : Cortex-A Device cause : null
2025-06-13 12:55:58,015 [WARN] PackLoader:240 - Cannot read IP mode file for STMicroelectronics.X-CUBE-EEPRMA1.5.1.0
2025-06-13 12:55:58,048 [WARN] PackLoader:240 - Cannot read IP mode file for ITTIA_DB.I-CUBE-ITTIADB.8.9.0
2025-06-13 12:55:58,070 [WARN] PackLoader:240 - Cannot read IP mode file for STMicroelectronics.X-CUBE-ST67W61.1.0.0
2025-06-13 12:55:58,111 [WARN] PackLoader:240 - Cannot read IP mode file for SEGGER.I-CUBE-embOS.1.3.1
2025-06-13 12:55:58,159 [WARN] PackLoader:240 - Cannot read IP mode file for STMicroelectronics.X-CUBE-ALGOBUILD.1.4.0
2025-06-13 12:55:58,295 [WARN] PackLoader:240 - Cannot read IP mode file for STMicroelectronics.X-CUBE-MEMS1.11.3.0
2025-06-13 12:55:58,411 [WARN] PackLoader:240 - Cannot read IP mode file for STMicroelectronics.X-CUBE-AI.9.1.0
2025-06-13 12:55:58,428 [WARN] PackLoader:240 - Cannot read IP mode file for STMicroelectronics.X-CUBE-GNSS1.6.0.0
2025-06-13 12:55:58,469 [WARN] PackLoader:240 - Cannot read IP mode file for STMicroelectronics.X-CUBE-AZRTOS-F4.1.1.0
2025-06-13 12:55:58,490 [WARN] PackLoader:240 - Cannot read IP mode file for Avnet-IotConnect.X-CUBE-IoTC-DA16k-PMOD.1.0.0
2025-06-13 12:55:58,509 [WARN] PackLoader:240 - Cannot read IP mode file for STMicroelectronics.X-CUBE-ISPU.2.1.0
2025-06-13 12:55:58,527 [WARN] PackLoader:240 - Cannot read IP mode file for STMicroelectronics.X-CUBE-FREERTOS.1.2.0
2025-06-13 12:55:58,557 [WARN] PackLoader:240 - Cannot read IP mode file for STMicroelectronics.X-CUBE-AZRTOS-L5.2.0.0
2025-06-13 12:55:58,580 [WARN] PackLoader:240 - Cannot read IP mode file for STMicroelectronics.X-CUBE-NFC6.3.1.0
2025-06-13 12:55:58,599 [WARN] PackLoader:240 - Cannot read IP mode file for STMicroelectronics.X-CUBE-DPower.1.2.0
2025-06-13 12:55:58,614 [WARN] PackLoader:240 - Cannot read IP mode file for STMicroelectronics.X-CUBE-AI.9.0.0
2025-06-13 12:55:58,630 [WARN] PackLoader:240 - Cannot read IP mode file for STMicroelectronics.X-CUBE-FREERTOS.1.3.1
2025-06-13 12:55:58,643 [WARN] PackLoader:240 - Cannot read IP mode file for STMicroelectronics.X-CUBE-FREERTOS.1.3.0
2025-06-13 12:55:58,657 [WARN] PackLoader:240 - Cannot read IP mode file for STMicroelectronics.X-CUBE-NFC7.1.0.1
2025-06-13 12:55:58,673 [WARN] PackLoader:240 - Cannot read IP mode file for wolfSSL.I-CUBE-wolfTPM.3.2.0
2025-06-13 12:55:58,686 [WARN] PackLoader:240 - Cannot read IP mode file for STMicroelectronics.X-CUBE-DPower.1.3.0
2025-06-13 12:55:58,718 [WARN] ConditionMgr:438 - getConditionDescription Invalid condition id : LAN8742 Phy interface Condition cause : null
2025-06-13 12:55:58,718 [WARN] PackLoader:240 - Cannot read IP mode file for STMicroelectronics.X-CUBE-AZRTOS-L4.2.0.0
2025-06-13 12:55:58,719 [WARN] ConditionMgr:1044 - genDependencies : Invalid condition id : LAN8742 Phy interface Condition cause : null
2025-06-13 12:55:58,719 [WARN] ConditionMgr:1044 - genDependencies : Invalid condition id : LAN8742 Phy interface Condition cause : null
2025-06-13 12:55:58,719 [WARN] ConditionMgr:1044 - genDependencies : Invalid condition id : LAN8742 Phy interface Condition cause : null
2025-06-13 12:55:58,739 [WARN] PackLoader:240 - Cannot read IP mode file for STMicroelectronics.X-CUBE-SFXS2LP1.4.0.0
2025-06-13 12:55:58,769 [WARN] PackLoader:240 - Cannot read IP mode file for STMicroelectronics.X-CUBE-AZRTOS-H7.3.3.0
2025-06-13 12:55:58,794 [WARN] PackLoader:240 - Cannot read IP mode file for STMicroelectronics.X-CUBE-IPS.3.0.0
2025-06-13 12:55:58,824 [WARN] ConditionMgr:438 - getConditionDescription Invalid condition id : UX DEVICE CLASS RTOS Condition cause : null
2025-06-13 12:55:58,824 [WARN] ConditionMgr:438 - getConditionDescription Invalid condition id : UX DEVICE CLASS RTOS Condition cause : null
2025-06-13 12:55:58,826 [WARN] PackLoader:240 - Cannot read IP mode file for STMicroelectronics.X-CUBE-AZRTOS-WB.2.0.0
2025-06-13 12:55:58,826 [WARN] ConditionMgr:1044 - genDependencies : Invalid condition id : UX DEVICE CLASS RTOS Condition cause : null
2025-06-13 12:55:58,826 [WARN] ConditionMgr:1044 - genDependencies : Invalid condition id : UX DEVICE CLASS RTOS Condition cause : null
2025-06-13 12:55:58,826 [WARN] ConditionMgr:1044 - genDependencies : Invalid condition id : UX DEVICE CLASS RTOS Condition cause : null
2025-06-13 12:55:58,828 [WARN] ConditionMgr:1044 - genDependencies : Invalid condition id : UX DEVICE CLASS RTOS Condition cause : null
2025-06-13 12:55:58,828 [WARN] ConditionMgr:1044 - genDependencies : Invalid condition id : UX DEVICE CLASS RTOS Condition cause : null
2025-06-13 12:55:58,842 [WARN] PackLoader:240 - Cannot read IP mode file for STMicroelectronics.X-CUBE-GNSS1.7.0.0
2025-06-13 12:55:58,857 [WARN] PackLoader:240 - Cannot read IP mode file for STMicroelectronics.X-CUBE-GNSS1.7.0.1
2025-06-13 12:55:58,874 [WARN] PackLoader:240 - Cannot read IP mode file for STMicroelectronics.X-CUBE-TOUCHGFX.4.25.0
2025-06-13 12:55:58,891 [WARN] PackLoader:240 - Cannot read IP mode file for STMicroelectronics.FP-SNS-STBOX1.2.0.0
2025-06-13 12:55:58,915 [WARN] PackLoader:240 - Cannot read IP mode file for STMicroelectronics.X-CUBE-SUBG2.5.0.0
2025-06-13 12:55:58,949 [WARN] PackLoader:240 - Cannot read IP mode file for STMicroelectronics.X-CUBE-AZRTOS-H7RS.1.1.0
2025-06-13 12:55:58,970 [WARN] PackLoader:240 - Cannot read IP mode file for Cesanta.I-CUBE-Mongoose.7.13.0
2025-06-13 12:55:58,997 [WARN] PackLoader:240 - Cannot read IP mode file for STMicroelectronics.X-CUBE-AZRTOS-G4.2.0.0
2025-06-13 12:55:59,018 [WARN] PackLoader:240 - Cannot read IP mode file for STMicroelectronics.X-CUBE-NFC7.2.0.0
2025-06-13 12:55:59,034 [WARN] PackLoader:240 - Cannot read IP mode file for STMicroelectronics.X-CUBE-ISPU.2.0.0
2025-06-13 12:55:59,055 [WARN] PackLoader:240 - Cannot read IP mode file for STMicroelectronics.X-CUBE-IPS.3.1.0
2025-06-13 12:55:59,072 [WARN] PackLoader:240 - Cannot read IP mode file for STMicroelectronics.X-CUBE-ALS.1.0.2
2025-06-13 12:55:59,112 [WARN] PackLoader:240 - Cannot read IP mode file for STMicroelectronics.X-CUBE-MEMS1.10.0.0
2025-06-13 12:55:59,200 [WARN] PackLoader:240 - Cannot read IP mode file for STMicroelectronics.X-CUBE-TOUCHGFX.4.24.0
2025-06-13 12:55:59,215 [WARN] PackLoader:240 - Cannot read IP mode file for STMicroelectronics.X-CUBE-TOUCHGFX.4.24.2
2025-06-13 12:55:59,229 [WARN] PackLoader:240 - Cannot read IP mode file for STMicroelectronics.X-CUBE-TOUCHGFX.4.24.1
2025-06-13 12:55:59,241 [WARN] PackLoader:240 - Cannot read IP mode file for wolfSSL.I-CUBE-wolfTPM.3.4.0
2025-06-13 12:55:59,257 [WARN] PackLoader:240 - Cannot read IP mode file for portGmbH.I-Cube-SoM-uGOAL.1.1.0
2025-06-13 12:55:59,290 [WARN] PackLoader:240 - Cannot read IP mode file for STMicroelectronics.X-CUBE-AZRTOS-H7RS.1.0.0
2025-06-13 12:55:59,304 [WARN] PackLoader:240 - Cannot read IP mode file for STMicroelectronics.FP-ATR-ASTRA1.2.0.0
2025-06-13 12:55:59,324 [WARN] PackLoader:240 - Cannot read IP mode file for STMicroelectronics.X-CUBE-TOF1.3.4.2
2025-06-13 12:55:59,349 [WARN] PackLoader:240 - Cannot read IP mode file for STMicroelectronics.X-CUBE-TOF1.3.4.3
2025-06-13 12:55:59,379 [WARN] PackLoader:240 - Cannot read IP mode file for Infineon.AIROC-Wi-Fi-Bluetooth-STM32.1.6.1
2025-06-13 12:55:59,397 [WARN] PackLoader:240 - Cannot read IP mode file for wolfSSL.I-CUBE-wolfSSH.1.4.17
2025-06-13 12:55:59,398 [INFO] ThirdParty:978 - Integrity check success = true
2025-06-13 12:55:59,398 [INFO] IntegrityCheckThread:100 - exiting critical section [integrity check]
2025-06-13 12:55:59,398 [INFO] IntegrityCheckThread:103 - End integrity checks thread
2025-06-13 13:03:21,606 [ERROR] LogOutputStream:75 - [STDERR_REDIRECT] 
2025-06-13 13:03:46,870 [INFO] Activator:176 - 


2025-06-13 13:03:46,870 [INFO] Activator:177 - !SESSION log4j initialized
2025-06-13 13:03:55,066 [INFO] LogOutputStream:77 - [STDOUT_REDIRECT] 
2025-06-13 13:03:57,919 [INFO] ApplicationProperties:184 - Using Application install path: C:\ST\STM32CubeIDE_1.15.1\STM32CubeIDE\plugins\com.st.stm32cube.common.mx_6.14.1.202504091515
2025-06-13 13:03:57,966 [INFO] DbMcusXml:78 - Set database path to: C:\ST\STM32CubeIDE_1.15.1\STM32CubeIDE\plugins\com.st.stm32cube.common.mx_6.14.1.202504091515\\db\/mcu/
2025-06-13 13:03:57,967 [INFO] ApiDb:274 - Set plugin database path to: C:\ST\STM32CubeIDE_1.15.1\STM32CubeIDE\plugins\com.st.stm32cube.common.mx_6.14.1.202504091515\\db\/plugins/boardmanager/
2025-06-13 13:03:57,967 [WARN] ApiDb:259 - Overriding images path with different value:  => C:\ST\STM32CubeIDE_1.15.1\STM32CubeIDE\plugins\com.st.stm32cube.common.mx_6.14.1.202504091515\\db\/plugins/mcufinder/images/
2025-06-13 13:03:57,984 [INFO] ApiDb:250 - Set database path to: C:\Users\Tejas Sawant\.stmcufinder\plugins\mcufinder//mcu/
2025-06-13 13:03:57,987 [INFO] DbMcusAds:125 - Set database path to: C:\Users\Tejas Sawant\.stmcufinder\plugins\mcufinder//mcu/
2025-06-13 13:03:57,991 [INFO] CrossReferenceDbSqlite:203 - Set database path to: C:\Users\Tejas Sawant\.stmcufinder\plugins\mcufinder//mcu/cs/
2025-06-13 13:03:58,264 [INFO] RulesReader:64 - Compatibility file has been processed (302 Rules)
2025-06-13 13:03:58,473 [INFO] DbMcusXml:78 - Set database path to: C:\ST\STM32CubeIDE_1.15.1\STM32CubeIDE\plugins\com.st.stm32cube.common.mx_6.14.1.202504091515\\db\/mcu/
2025-06-13 13:03:58,473 [INFO] ApiDb:274 - Set plugin database path to: C:\ST\STM32CubeIDE_1.15.1\STM32CubeIDE\plugins\com.st.stm32cube.common.mx_6.14.1.202504091515\\db\/plugins/boardmanager/
2025-06-13 13:03:58,473 [INFO] ApiDb:261 - Set plugin images path to: C:\ST\STM32CubeIDE_1.15.1\STM32CubeIDE\plugins\com.st.stm32cube.common.mx_6.14.1.202504091515\\db\/plugins/mcufinder/images/
2025-06-13 13:03:58,473 [WARN] DbFile:41 - Overriding database path with different value: C:\Users\Tejas Sawant\.stmcufinder\plugins\mcufinder/ => C:\Users\Tejas Sawant\.stmcufinder\plugins\mcufinder
2025-06-13 13:03:58,475 [INFO] ApiDb:250 - Set database path to: C:\Users\Tejas Sawant\.stmcufinder\plugins\mcufinder//mcu/
2025-06-13 13:03:58,475 [WARN] DbFile:41 - Overriding database path with different value: C:\Users\Tejas Sawant\.stmcufinder\plugins\mcufinder/ => C:\Users\Tejas Sawant\.stmcufinder\plugins\mcufinder
2025-06-13 13:03:58,475 [INFO] DbMcusAds:125 - Set database path to: C:\Users\Tejas Sawant\.stmcufinder\plugins\mcufinder//mcu/
2025-06-13 13:03:58,475 [WARN] DbFile:41 - Overriding database path with different value: C:\Users\Tejas Sawant\.stmcufinder\plugins\mcufinder/ => C:\Users\Tejas Sawant\.stmcufinder\plugins\mcufinder
2025-06-13 13:03:58,475 [WARN] DbFile:41 - Overriding database path with different value: C:\Users\Tejas Sawant\.stmcufinder\plugins\mcufinder/ => C:\Users\Tejas Sawant\.stmcufinder\plugins\mcufinder
2025-06-13 13:03:58,475 [INFO] CrossReferenceDbSqlite:203 - Set database path to: C:\Users\Tejas Sawant\.stmcufinder\plugins\mcufinder//mcu/cs/
2025-06-13 13:03:58,628 [INFO] MainPanel:272 - HeapMemory: 268435456
2025-06-13 13:03:58,859 [INFO] DbMcusXml:78 - Set database path to: C:\ST\STM32CubeIDE_1.15.1\STM32CubeIDE\plugins\com.st.stm32cube.common.mx_6.14.1.202504091515\\db\/mcu/
2025-06-13 13:03:58,859 [INFO] ApiDb:274 - Set plugin database path to: C:\ST\STM32CubeIDE_1.15.1\STM32CubeIDE\plugins\com.st.stm32cube.common.mx_6.14.1.202504091515\\db\/plugins/boardmanager/
2025-06-13 13:03:58,859 [INFO] ApiDb:261 - Set plugin images path to: C:\ST\STM32CubeIDE_1.15.1\STM32CubeIDE\plugins\com.st.stm32cube.common.mx_6.14.1.202504091515\\db\/plugins/mcufinder/images/
2025-06-13 13:03:58,860 [WARN] DbFile:41 - Overriding database path with different value: C:\Users\Tejas Sawant\.stmcufinder\plugins\mcufinder/ => C:\Users\Tejas Sawant\.stmcufinder\plugins\mcufinder
2025-06-13 13:03:58,860 [INFO] ApiDb:250 - Set database path to: C:\Users\Tejas Sawant\.stmcufinder\plugins\mcufinder//mcu/
2025-06-13 13:03:58,861 [WARN] DbFile:41 - Overriding database path with different value: C:\Users\Tejas Sawant\.stmcufinder\plugins\mcufinder/ => C:\Users\Tejas Sawant\.stmcufinder\plugins\mcufinder
2025-06-13 13:03:58,861 [INFO] DbMcusAds:125 - Set database path to: C:\Users\Tejas Sawant\.stmcufinder\plugins\mcufinder//mcu/
2025-06-13 13:03:58,861 [WARN] DbFile:41 - Overriding database path with different value: C:\Users\Tejas Sawant\.stmcufinder\plugins\mcufinder/ => C:\Users\Tejas Sawant\.stmcufinder\plugins\mcufinder
2025-06-13 13:03:58,861 [WARN] DbFile:41 - Overriding database path with different value: C:\Users\Tejas Sawant\.stmcufinder\plugins\mcufinder/ => C:\Users\Tejas Sawant\.stmcufinder\plugins\mcufinder
2025-06-13 13:03:58,861 [INFO] CrossReferenceDbSqlite:203 - Set database path to: C:\Users\Tejas Sawant\.stmcufinder\plugins\mcufinder//mcu/cs/
2025-06-13 13:03:58,904 [INFO] ApplicationProperties:184 - Using Application install path: C:\ST\STM32CubeIDE_1.15.1\STM32CubeIDE\plugins\com.st.stm32cube.common.mx_6.14.1.202504091515
2025-06-13 13:03:58,908 [INFO] PluginManage:196 - Search for loadable plugins [exclusion list=, ]
2025-06-13 13:03:58,912 [INFO] PluginManage:310 - Check plugin analytics
2025-06-13 13:03:59,377 [INFO] AnalyticsPlugin:253 - Accepted Software Licenses: 
2025-06-13 13:03:59,378 [INFO] AnalyticsPlugin:255 - Accepted CMSIS Pack Licenses: 
2025-06-13 13:03:59,378 [INFO] AnalyticsPlugin:257 - Accepted Firmware Licenses: 
2025-06-13 13:03:59,382 [INFO] PluginManage:359 - Loaded plugin analytics (category:tool,tabindex:-1)
2025-06-13 13:03:59,383 [INFO] PluginManage:310 - Check plugin cadmodel
2025-06-13 13:03:59,394 [INFO] CADModel:105 - Init CAD model plugin
2025-06-13 13:03:59,394 [INFO] PluginManage:359 - Loaded plugin cadmodel (category:power,tabindex:5)
2025-06-13 13:03:59,394 [INFO] PluginManage:310 - Check plugin clock
2025-06-13 13:03:59,417 [INFO] PluginManage:359 - Loaded plugin clock (category:base,tabindex:2)
2025-06-13 13:03:59,417 [INFO] PluginManage:310 - Check plugin ddr
2025-06-13 13:03:59,422 [INFO] PluginManage:359 - Loaded plugin ddr (category:tool,tabindex:6)
2025-06-13 13:03:59,422 [INFO] PluginManage:310 - Check plugin filemanager
2025-06-13 13:03:59,734 [INFO] PluginManage:359 - Loaded plugin filemanager (category:base,tabindex:10)
2025-06-13 13:03:59,734 [INFO] PluginManage:310 - Check plugin ipmanager
2025-06-13 13:03:59,746 [INFO] PluginManage:359 - Loaded plugin ipmanager (category:base,tabindex:5)
2025-06-13 13:03:59,747 [INFO] PluginManage:310 - Check plugin lpbam
2025-06-13 13:03:59,761 [INFO] PluginManage:359 - Loaded plugin lpbam (category:base,tabindex:0)
2025-06-13 13:03:59,761 [INFO] PluginManage:310 - Check plugin memorymap
2025-06-13 13:03:59,780 [INFO] PluginManage:359 - Loaded plugin memorymap (category:base,tabindex:4)
2025-06-13 13:03:59,781 [INFO] PluginManage:310 - Check plugin pinoutandconfiguration
2025-06-13 13:03:59,795 [INFO] PluginManage:359 - Loaded plugin pinoutandconfiguration (category:base,tabindex:1)
2025-06-13 13:03:59,797 [INFO] PluginManage:310 - Check plugin pinoutconfig
2025-06-13 13:03:59,922 [WARN] SupportedApi:132 - Cannot load RTOS API schema: s4s-elt-must-match.1: The content of 'definitions' must match (annotation?, (simpleType | complexType)?, (unique | key | keyref)*)). A problem was found starting at: attribute.
2025-06-13 13:04:00,106 [INFO] PluginManage:359 - Loaded plugin pinoutconfig (category:base,tabindex:0)
2025-06-13 13:04:00,106 [INFO] PluginManage:310 - Check plugin power
2025-06-13 13:04:00,122 [INFO] PluginManage:359 - Loaded plugin power (category:power,tabindex:4)
2025-06-13 13:04:00,122 [INFO] PluginManage:310 - Check plugin projectmanager
2025-06-13 13:04:00,147 [INFO] PluginManage:359 - Loaded plugin projectmanager (category:projectmanager,tabindex:4)
2025-06-13 13:04:00,147 [INFO] PluginManage:310 - Check plugin rif
2025-06-13 13:04:00,157 [INFO] PluginManage:359 - Loaded plugin rif (category:base,tabindex:3)
2025-06-13 13:04:00,157 [INFO] PluginManage:310 - Check plugin thirdparty
2025-06-13 13:04:00,345 [INFO] PluginManage:359 - Loaded plugin thirdparty (category:base,tabindex:-1)
2025-06-13 13:04:00,345 [WARN] IntegrityCheckThread:84 - waiting for thirdparty lock release [integrity check]
2025-06-13 13:04:00,345 [INFO] PluginManage:310 - Check plugin tools
2025-06-13 13:04:00,345 [INFO] IntegrityCheckThread:86 - entering critical section [integrity check]
2025-06-13 13:04:00,346 [INFO] ThirdPartyUpdaterWithRetryManager:70 - Updater plugin not ready yet. [1/15]
2025-06-13 13:04:00,350 [INFO] PluginManage:359 - Loaded plugin tools (category:base,tabindex:7)
2025-06-13 13:04:00,351 [INFO] PluginManage:310 - Check plugin tutovideos
2025-06-13 13:04:00,621 [INFO] PluginManage:359 - Loaded plugin tutovideos (category:base,tabindex:-1)
2025-06-13 13:04:00,622 [INFO] PluginManage:310 - Check plugin updater
2025-06-13 13:04:00,655 [INFO] PluginManage:359 - Loaded plugin updater (category:base,tabindex:12)
2025-06-13 13:04:00,655 [INFO] PluginManage:310 - Check plugin userauth
2025-06-13 13:04:00,662 [INFO] UserAuth:118 - Init User Auth plugin
2025-06-13 13:04:00,663 [INFO] PluginManage:359 - Loaded plugin userauth (category:base,tabindex:14)
2025-06-13 13:04:00,664 [INFO] PluginManage:283 - PluginManage : Loaded plugins [18]
2025-06-13 13:04:00,958 [INFO] PinOutPanel:1589 - setPackage(No Configuration,No Configuration)
2025-06-13 13:04:01,056 [INFO] CADModel:165 - CPN selected for project level
2025-06-13 13:04:01,056 [INFO] CADModel:114 - Register for checkConnection events
2025-06-13 13:04:01,080 [INFO] IPUIPlugin:80 - create IPUIPlugin
2025-06-13 13:04:01,080 [INFO] PluginManager:220 - loadIPPluginJar : add adc
2025-06-13 13:04:01,084 [INFO] IPUIPlugin:80 - create IPUIPlugin
2025-06-13 13:04:01,085 [INFO] PluginManager:220 - loadIPPluginJar : add aes
2025-06-13 13:04:01,088 [INFO] IPUIPlugin:80 - create IPUIPlugin
2025-06-13 13:04:01,088 [INFO] PluginManager:220 - loadIPPluginJar : add can
2025-06-13 13:04:01,091 [INFO] IPUIPlugin:80 - create IPUIPlugin
2025-06-13 13:04:01,091 [INFO] PluginManager:220 - loadIPPluginJar : add comp
2025-06-13 13:04:01,094 [INFO] IPUIPlugin:80 - create IPUIPlugin
2025-06-13 13:04:01,094 [INFO] PluginManager:220 - loadIPPluginJar : add cryp
2025-06-13 13:04:01,098 [INFO] IPUIPlugin:80 - create IPUIPlugin
2025-06-13 13:04:01,099 [INFO] PluginManager:220 - loadIPPluginJar : add ddr_ctrl_phy
2025-06-13 13:04:01,101 [INFO] IPUIPlugin:80 - create IPUIPlugin
2025-06-13 13:04:01,103 [INFO] PluginManager:220 - loadIPPluginJar : add dfsdm
2025-06-13 13:04:01,109 [INFO] IPUIPlugin:80 - create IPUIPlugin
2025-06-13 13:04:01,110 [INFO] PluginManager:220 - loadIPPluginJar : add dma
2025-06-13 13:04:01,113 [INFO] IPUIPlugin:80 - create IPUIPlugin
2025-06-13 13:04:01,113 [INFO] PluginManager:220 - loadIPPluginJar : add dma3
2025-06-13 13:04:01,116 [INFO] IPUIPlugin:80 - create IPUIPlugin
2025-06-13 13:04:01,116 [INFO] PluginManager:220 - loadIPPluginJar : add extmemmanager
2025-06-13 13:04:01,118 [INFO] IPUIPlugin:80 - create IPUIPlugin
2025-06-13 13:04:01,118 [INFO] PluginManager:220 - loadIPPluginJar : add fatfs
2025-06-13 13:04:01,123 [INFO] IPUIPlugin:80 - create IPUIPlugin
2025-06-13 13:04:01,123 [INFO] PluginManager:220 - loadIPPluginJar : add fmc
2025-06-13 13:04:01,130 [INFO] IPUIPlugin:80 - create IPUIPlugin
2025-06-13 13:04:01,130 [INFO] PluginManager:220 - loadIPPluginJar : add freertos
2025-06-13 13:04:01,132 [INFO] IPUIPlugin:80 - create IPUIPlugin
2025-06-13 13:04:01,132 [INFO] PluginManager:220 - loadIPPluginJar : add genericplugin
2025-06-13 13:04:01,134 [INFO] IPUIPlugin:80 - create IPUIPlugin
2025-06-13 13:04:01,134 [INFO] PluginManager:220 - loadIPPluginJar : add gfxmmu
2025-06-13 13:04:01,140 [INFO] IPUIPlugin:80 - create IPUIPlugin
2025-06-13 13:04:01,140 [INFO] PluginManager:220 - loadIPPluginJar : add gic
2025-06-13 13:04:01,145 [INFO] IPUIPlugin:80 - create IPUIPlugin
2025-06-13 13:04:01,145 [INFO] PluginManager:220 - loadIPPluginJar : add gpio
2025-06-13 13:04:01,148 [INFO] IPUIPlugin:80 - create IPUIPlugin
2025-06-13 13:04:01,149 [INFO] PluginManager:220 - loadIPPluginJar : add gtzc
2025-06-13 13:04:01,151 [INFO] IPUIPlugin:80 - create IPUIPlugin
2025-06-13 13:04:01,152 [INFO] PluginManager:220 - loadIPPluginJar : add hash
2025-06-13 13:04:01,155 [INFO] IPUIPlugin:80 - create IPUIPlugin
2025-06-13 13:04:01,155 [INFO] PluginManager:220 - loadIPPluginJar : add i2c
2025-06-13 13:04:01,158 [INFO] IPUIPlugin:80 - create IPUIPlugin
2025-06-13 13:04:01,159 [INFO] PluginManager:220 - loadIPPluginJar : add i2s
2025-06-13 13:04:01,162 [INFO] IPUIPlugin:80 - create IPUIPlugin
2025-06-13 13:04:01,162 [INFO] PluginManager:220 - loadIPPluginJar : add i3c
2025-06-13 13:04:01,166 [INFO] IPUIPlugin:80 - create IPUIPlugin
2025-06-13 13:04:01,166 [INFO] PluginManager:220 - loadIPPluginJar : add ipddr
2025-06-13 13:04:01,174 [INFO] IPUIPlugin:80 - create IPUIPlugin
2025-06-13 13:04:01,174 [INFO] PluginManager:220 - loadIPPluginJar : add linkedlist
2025-06-13 13:04:01,178 [INFO] IPUIPlugin:80 - create IPUIPlugin
2025-06-13 13:04:01,178 [INFO] PluginManager:220 - loadIPPluginJar : add lorawan
2025-06-13 13:04:01,180 [INFO] IPUIPlugin:80 - create IPUIPlugin
2025-06-13 13:04:01,180 [INFO] PluginManager:220 - loadIPPluginJar : add ltdc
2025-06-13 13:04:01,187 [INFO] IPUIPlugin:80 - create IPUIPlugin
2025-06-13 13:04:01,187 [INFO] PluginManager:220 - loadIPPluginJar : add mdma
2025-06-13 13:04:01,192 [INFO] IPUIPlugin:80 - create IPUIPlugin
2025-06-13 13:04:01,192 [INFO] PluginManager:220 - loadIPPluginJar : add nvic
2025-06-13 13:04:01,196 [INFO] IPUIPlugin:80 - create IPUIPlugin
2025-06-13 13:04:01,196 [INFO] PluginManager:220 - loadIPPluginJar : add opamp
2025-06-13 13:04:01,200 [INFO] IPUIPlugin:80 - create IPUIPlugin
2025-06-13 13:04:01,200 [INFO] PluginManager:220 - loadIPPluginJar : add openamp
2025-06-13 13:04:01,204 [INFO] IPUIPlugin:80 - create IPUIPlugin
2025-06-13 13:04:01,205 [INFO] PluginManager:220 - loadIPPluginJar : add pdm2pcm
2025-06-13 13:04:01,212 [INFO] IPUIPlugin:80 - create IPUIPlugin
2025-06-13 13:04:01,215 [INFO] PluginManager:220 - loadIPPluginJar : add plateformsettings
2025-06-13 13:04:01,217 [INFO] IPUIPlugin:80 - create IPUIPlugin
2025-06-13 13:04:01,218 [INFO] PluginManager:220 - loadIPPluginJar : add quadspi
2025-06-13 13:04:01,220 [INFO] IPUIPlugin:80 - create IPUIPlugin
2025-06-13 13:04:01,220 [INFO] PluginManager:220 - loadIPPluginJar : add radio
2025-06-13 13:04:01,227 [INFO] IPUIPlugin:80 - create IPUIPlugin
2025-06-13 13:04:01,227 [INFO] PluginManager:220 - loadIPPluginJar : add resmgrutility
2025-06-13 13:04:01,231 [INFO] IPUIPlugin:80 - create IPUIPlugin
2025-06-13 13:04:01,231 [INFO] PluginManager:220 - loadIPPluginJar : add sai
2025-06-13 13:04:01,234 [INFO] IPUIPlugin:80 - create IPUIPlugin
2025-06-13 13:04:01,234 [INFO] PluginManager:220 - loadIPPluginJar : add spi
2025-06-13 13:04:01,241 [INFO] IPUIPlugin:80 - create IPUIPlugin
2025-06-13 13:04:01,241 [INFO] PluginManager:220 - loadIPPluginJar : add stm32_wpan
2025-06-13 13:04:01,243 [INFO] IPUIPlugin:80 - create IPUIPlugin
2025-06-13 13:04:01,243 [INFO] PluginManager:220 - loadIPPluginJar : add tim
2025-06-13 13:04:01,247 [INFO] IPUIPlugin:80 - create IPUIPlugin
2025-06-13 13:04:01,247 [INFO] PluginManager:220 - loadIPPluginJar : add touchsensing
2025-06-13 13:04:01,249 [INFO] IPUIPlugin:80 - create IPUIPlugin
2025-06-13 13:04:01,249 [INFO] PluginManager:220 - loadIPPluginJar : add tracer_emb
2025-06-13 13:04:01,252 [INFO] IPUIPlugin:80 - create IPUIPlugin
2025-06-13 13:04:01,252 [INFO] PluginManager:220 - loadIPPluginJar : add ts
2025-06-13 13:04:01,254 [INFO] IPUIPlugin:80 - create IPUIPlugin
2025-06-13 13:04:01,254 [INFO] PluginManager:220 - loadIPPluginJar : add tsc
2025-06-13 13:04:01,256 [INFO] IPUIPlugin:80 - create IPUIPlugin
2025-06-13 13:04:01,256 [INFO] PluginManager:220 - loadIPPluginJar : add ucpd
2025-06-13 13:04:01,260 [INFO] IPUIPlugin:80 - create IPUIPlugin
2025-06-13 13:04:01,260 [INFO] PluginManager:220 - loadIPPluginJar : add usart
2025-06-13 13:04:01,264 [INFO] IPUIPlugin:80 - create IPUIPlugin
2025-06-13 13:04:01,264 [INFO] PluginManager:220 - loadIPPluginJar : add usbx
2025-06-13 13:04:01,405 [FATAL] Updater:351 - Updater called before beeing initialized
2025-06-13 13:04:01,435 [INFO] RulesReader:64 - Compatibility file has been processed (302 Rules)
2025-06-13 13:04:01,449 [INFO] RulesReader:64 - Compatibility file has been processed (302 Rules)
2025-06-13 13:04:01,457 [INFO] CADModel:165 - CPN selected for project level
2025-06-13 13:04:01,457 [INFO] CADModel:114 - Register for checkConnection events
2025-06-13 13:04:01,457 [FATAL] Updater:351 - Updater called before beeing initialized
2025-06-13 13:04:01,458 [ERROR] CADModel:125 - Updater not yet initialized, retry later 
2025-06-13 13:04:01,657 [FATAL] Updater:351 - Updater called before beeing initialized
2025-06-13 13:04:01,659 [INFO] CADModel:165 - CPN selected for project level
2025-06-13 13:04:01,659 [INFO] CADModel:114 - Register for checkConnection events
2025-06-13 13:04:01,659 [FATAL] Updater:351 - Updater called before beeing initialized
2025-06-13 13:04:01,659 [ERROR] CADModel:125 - Updater not yet initialized, retry later 
2025-06-13 13:04:01,663 [FATAL] Updater:351 - Updater called before beeing initialized
2025-06-13 13:04:01,799 [FATAL] Updater:351 - Updater called before beeing initialized
2025-06-13 13:04:01,803 [INFO] DbMcusAds:53 - JSON generation date=Wed May 07 14:37:55 IST 2025 (1746608875484)
2025-06-13 13:04:01,803 [FATAL] Updater:351 - Updater called before beeing initialized
2025-06-13 13:04:01,837 [WARN] DetailPanel:346 - Failed to get advertising image, set to default
2025-06-13 13:04:02,033 [FATAL] Updater:351 - Updater called before beeing initialized
2025-06-13 13:04:02,035 [FATAL] Updater:351 - Updater called before beeing initialized
2025-06-13 13:04:02,035 [FATAL] Updater:351 - Updater called before beeing initialized
2025-06-13 13:04:02,035 [WARN] DetailPanel:346 - Failed to get advertising image, set to default
2025-06-13 13:04:02,035 [FATAL] Updater:351 - Updater called before beeing initialized
2025-06-13 13:04:02,075 [ERROR] Updater:1198 - MainUpdater not yet initialized. External WinMGr cannot be set.
2025-06-13 13:04:02,077 [INFO] Updater:1134 - Updater Version found : 6.14.1
2025-06-13 13:04:02,093 [INFO] ApplicationProperties:184 - Using Application install path: C:\ST\STM32CubeIDE_1.15.1\STM32CubeIDE\plugins\com.st.stm32cube.common.mx_6.14.1.202504091515
2025-06-13 13:04:03,347 [INFO] ThirdPartyUpdaterWithRetryManager:70 - Updater plugin not ready yet. [2/15]
2025-06-13 13:04:03,672 [ERROR] LogOutputStream:75 - [STDERR_REDIRECT] Jun 13, 2025 1:04:03 PM java.util.prefs.WindowsPreferences <init>
2025-06-13 13:04:03,675 [ERROR] LogOutputStream:75 - [STDERR_REDIRECT] WARNING: Could not open/create prefs root node Software\JavaSoft\Prefs at root 0xffffffff80000002. Windows RegCreateKeyEx(...) returned error code 5.
2025-06-13 13:04:03,675 [ERROR] LogOutputStream:75 - [STDERR_REDIRECT] 
2025-06-13 13:04:03,701 [INFO] MainUpdater:525 - Copy updater definitions from MX database
2025-06-13 13:04:03,950 [INFO] MainUpdater:2872 - connection check result : 10
2025-06-13 13:04:03,950 [INFO] MainUpdater:3566 - Updater definition file requires update
2025-06-13 13:04:03,952 [INFO] MainUpdater:289 - Updater Check For Update Now.
2025-06-13 13:04:03,952 [INFO] MicroXplorer:498 - Change Database Version : DB.6.0.141
2025-06-13 13:04:03,962 [INFO] McuFinderGlobals:63 - Set McuFinder mode to 2 (CubeIDE integrated)
2025-06-13 13:04:03,962 [INFO] UserAuth:171 - activating auth plugin
2025-06-13 13:04:03,964 [INFO] UserAuth:484 - Internet connection configuration mode: 1
2025-06-13 13:04:03,975 [INFO] JxBrowserEngine:152 - Initiate JxBrowser Engine with user profile folder
2025-06-13 13:04:04,038 [INFO] ServerAccessManage:473 - Download File updaters.zip
2025-06-13 13:04:04,125 [INFO] FileExtend:242 - Unzip File : updaters.zip
2025-06-13 13:04:04,125 [INFO] FileExtend:257 - Standard Zip Deflate
2025-06-13 13:04:05,342 [INFO] ServerAccessManage:473 - Download File PacksControlFlags.xml
2025-06-13 13:04:05,701 [INFO] ServerAccessManage:473 - Download File cubemx.pidx
2025-06-13 13:04:05,933 [INFO] LoadServerUpdatesThread:375 - End of LoadServerUpdate Thread
2025-06-13 13:04:06,210 [INFO] CheckServerUpdateThread:120 - End of CheckServer Thread
2025-06-13 13:04:06,748 [WARN] PackLoader:240 - Cannot read IP mode file for STMicroelectronics.FP-SNS-MOTENVWB1.1.4.0
2025-06-13 13:04:06,776 [WARN] PackLoader:240 - Cannot read IP mode file for STMicroelectronics.FP-ATR-ASTRA1.2.0.2
2025-06-13 13:04:06,794 [WARN] PackLoader:240 - Cannot read IP mode file for STMicroelectronics.FP-ATR-ASTRA1.2.0.1
2025-06-13 13:04:06,825 [WARN] PackLoader:240 - Cannot read IP mode file for STMicroelectronics.X-CUBE-SMBUS.2.1.0
2025-06-13 13:04:06,853 [WARN] PackLoader:240 - Cannot read IP mode file for STMicroelectronics.X-CUBE-WB05N.1.1.0
2025-06-13 13:04:06,877 [WARN] PackLoader:240 - Cannot read IP mode file for STMicroelectronics.X-CUBE-ST60.1.0.0
2025-06-13 13:04:06,941 [WARN] PackLoader:240 - Cannot read IP mode file for STMicroelectronics.X-CUBE-AZRTOS-F7.1.1.0
2025-06-13 13:04:07,047 [WARN] PackLoader:240 - Cannot read IP mode file for STMicroelectronics.X-CUBE-MEMS1.11.0.0
2025-06-13 13:04:07,285 [WARN] PackLoader:240 - Cannot read IP mode file for STMicroelectronics.FP-SNS-FLIGHT1.5.0.2
2025-06-13 13:04:07,313 [WARN] PackLoader:240 - Cannot read IP mode file for STMicroelectronics.X-CUBE-DISPLAY.3.0.0
2025-06-13 13:04:07,343 [WARN] PackLoader:240 - Cannot read IP mode file for STMicroelectronics.X-CUBE-BLE1.7.0.0
2025-06-13 13:04:07,368 [WARN] PackLoader:240 - Cannot read IP mode file for STMicroelectronics.X-CUBE-NFC10.1.0.0
2025-06-13 13:04:07,398 [WARN] PackLoader:240 - Cannot read IP mode file for STMicroelectronics.X-CUBE-BLEMGR.4.0.0
2025-06-13 13:04:07,426 [WARN] PackLoader:240 - Cannot read IP mode file for emotas.I-CUBE-CANOPEN.1.3.0
2025-06-13 13:04:07,454 [WARN] PackLoader:240 - Cannot read IP mode file for STMicroelectronics.X-CUBE-BLEMGR.3.1.0
2025-06-13 13:04:07,476 [WARN] PackLoader:240 - Cannot read IP mode file for STMicroelectronics.X-CUBE-AI.10.0.0
2025-06-13 13:04:07,501 [WARN] PackLoader:240 - Cannot read IP mode file for STMicroelectronics.FP-SNS-SMARTAG2.1.2.0
2025-06-13 13:04:07,522 [WARN] PackLoader:240 - Cannot read IP mode file for STMicroelectronics.FP-SNS-FLIGHT1.5.1.0
2025-06-13 13:04:07,614 [WARN] PackLoader:240 - Cannot read IP mode file for STMicroelectronics.X-CUBE-MEMS1.11.1.0
2025-06-13 13:04:07,800 [INFO] LogOutputStream:77 - [STDOUT_REDIRECT] 1 : Invalid condition id : UX_CORESTACK_Condition cause : null
2025-06-13 13:04:07,801 [INFO] LogOutputStream:77 - [STDOUT_REDIRECT] 1 : Invalid condition id : UX_CORESTACK_Condition cause : null
2025-06-13 13:04:07,802 [INFO] LogOutputStream:77 - [STDOUT_REDIRECT] 1 : Invalid condition id : UX_CORESTACK_Condition cause : null
2025-06-13 13:04:07,804 [INFO] LogOutputStream:77 - [STDOUT_REDIRECT] 1 : Invalid condition id : UX_CORESTACK_Condition cause : null
2025-06-13 13:04:07,805 [INFO] LogOutputStream:77 - [STDOUT_REDIRECT] 1 : Invalid condition id : UX_CORESTACK_Condition cause : null
2025-06-13 13:04:07,809 [WARN] PackLoader:240 - Cannot read IP mode file for STMicroelectronics.X-CUBE-AZRTOS-WL.2.0.0
2025-06-13 13:04:07,831 [WARN] PackLoader:240 - Cannot read IP mode file for STMicroelectronics.FP-SNS-MOTENV1.5.0.0
2025-06-13 13:04:07,854 [WARN] PackLoader:240 - Cannot read IP mode file for wolfSSL.I-CUBE-wolfMQTT.1.19.0
2025-06-13 13:04:07,882 [WARN] PackLoader:240 - Cannot read IP mode file for WES.I-CUBE-Cesium.1.3.0
2025-06-13 13:04:07,901 [WARN] PackLoader:240 - Cannot read IP mode file for STMicroelectronics.X-CUBE-BLE2.3.3.0
2025-06-13 13:04:07,926 [WARN] PackLoader:240 - Cannot read IP mode file for STMicroelectronics.X-CUBE-NFC9.1.0.0
2025-06-13 13:04:07,951 [WARN] PackLoader:240 - Cannot read IP mode file for STMicroelectronics.X-CUBE-BLE1.7.1.0
2025-06-13 13:04:07,978 [WARN] PackLoader:240 - Cannot read IP mode file for STMicroelectronics.X-CUBE-TCPP.4.1.0
2025-06-13 13:04:08,003 [WARN] PackLoader:240 - Cannot read IP mode file for STMicroelectronics.X-CUBE-AI.10.1.0
2025-06-13 13:04:08,090 [WARN] PackLoader:240 - Cannot read IP mode file for STMicroelectronics.X-CUBE-MEMS1.11.2.0
2025-06-13 13:04:08,274 [WARN] PackLoader:240 - Cannot read IP mode file for STMicroelectronics.X-CUBE-AZRTOS-G0.1.1.0
2025-06-13 13:04:08,303 [WARN] PackLoader:240 - Cannot read IP mode file for STMicroelectronics.X-CUBE-SAFEA1.1.2.2
2025-06-13 13:04:08,329 [WARN] PackLoader:240 - Cannot read IP mode file for STMicroelectronics.X-CUBE-NFC4.3.0.0
2025-06-13 13:04:08,362 [WARN] PackLoader:240 - Cannot read IP mode file for EmbeddedOffice.I-CUBE-FS-RTOS.1.0.1
2025-06-13 13:04:08,500 [WARN] PackLoader:240 - Cannot read IP mode file for STMicroelectronics.X-CUBE-WB05N.2.0.0
2025-06-13 13:04:08,542 [WARN] PackLoader:240 - Cannot read IP mode file for STMicroelectronics.X-CUBE-TCPP.4.2.0
2025-06-13 13:04:08,582 [WARN] PackLoader:240 - Cannot read IP mode file for RealThread.X-CUBE-RT-Thread_Nano.4.1.1
2025-06-13 13:04:08,608 [WARN] PackLoader:240 - Cannot read IP mode file for STMicroelectronics.FP-ATR-SIGFOX1.3.2.0
2025-06-13 13:04:08,635 [WARN] PackLoader:240 - Cannot read IP mode file for wolfSSL.I-CUBE-wolfSSL.5.7.2
2025-06-13 13:04:08,659 [WARN] ConditionMgr:438 - getConditionDescription Invalid condition id : Cortex-A Device cause : null
2025-06-13 13:04:08,694 [WARN] ConditionMgr:1044 - genDependencies : Invalid condition id : Cortex-A Device cause : null
2025-06-13 13:04:08,695 [WARN] ConditionMgr:1044 - genDependencies : Invalid condition id : Cortex-A Device cause : null
2025-06-13 13:04:08,695 [WARN] ConditionMgr:1044 - genDependencies : Invalid condition id : Cortex-A Device cause : null
2025-06-13 13:04:08,718 [WARN] PackLoader:240 - Cannot read IP mode file for STMicroelectronics.X-CUBE-EEPRMA1.5.1.0
2025-06-13 13:04:08,742 [WARN] PackLoader:240 - Cannot read IP mode file for ITTIA_DB.I-CUBE-ITTIADB.8.9.0
2025-06-13 13:04:08,765 [WARN] PackLoader:240 - Cannot read IP mode file for STMicroelectronics.X-CUBE-ST67W61.1.0.0
2025-06-13 13:04:08,811 [WARN] PackLoader:240 - Cannot read IP mode file for SEGGER.I-CUBE-embOS.1.3.1
2025-06-13 13:04:08,873 [WARN] PackLoader:240 - Cannot read IP mode file for STMicroelectronics.X-CUBE-ALGOBUILD.1.4.0
2025-06-13 13:04:08,950 [WARN] PackLoader:240 - Cannot read IP mode file for STMicroelectronics.X-CUBE-MEMS1.11.3.0
2025-06-13 13:04:09,080 [WARN] PackLoader:240 - Cannot read IP mode file for STMicroelectronics.X-CUBE-AI.9.1.0
2025-06-13 13:04:09,101 [WARN] PackLoader:240 - Cannot read IP mode file for STMicroelectronics.X-CUBE-GNSS1.6.0.0
2025-06-13 13:04:09,141 [WARN] PackLoader:240 - Cannot read IP mode file for STMicroelectronics.X-CUBE-AZRTOS-F4.1.1.0
2025-06-13 13:04:09,151 [WARN] PackLoader:240 - Cannot read IP mode file for Avnet-IotConnect.X-CUBE-IoTC-DA16k-PMOD.1.0.0
2025-06-13 13:04:09,172 [WARN] PackLoader:240 - Cannot read IP mode file for STMicroelectronics.X-CUBE-ISPU.2.1.0
2025-06-13 13:04:09,194 [WARN] PackLoader:240 - Cannot read IP mode file for STMicroelectronics.X-CUBE-FREERTOS.1.2.0
2025-06-13 13:04:09,233 [WARN] PackLoader:240 - Cannot read IP mode file for STMicroelectronics.X-CUBE-AZRTOS-L5.2.0.0
2025-06-13 13:04:09,259 [WARN] PackLoader:240 - Cannot read IP mode file for STMicroelectronics.X-CUBE-NFC6.3.1.0
2025-06-13 13:04:09,281 [WARN] PackLoader:240 - Cannot read IP mode file for STMicroelectronics.X-CUBE-DPower.1.2.0
2025-06-13 13:04:09,300 [WARN] PackLoader:240 - Cannot read IP mode file for STMicroelectronics.X-CUBE-AI.9.0.0
2025-06-13 13:04:09,323 [WARN] PackLoader:240 - Cannot read IP mode file for STMicroelectronics.X-CUBE-FREERTOS.1.3.1
2025-06-13 13:04:09,344 [WARN] PackLoader:240 - Cannot read IP mode file for STMicroelectronics.X-CUBE-FREERTOS.1.3.0
2025-06-13 13:04:09,367 [WARN] PackLoader:240 - Cannot read IP mode file for STMicroelectronics.X-CUBE-NFC7.1.0.1
2025-06-13 13:04:09,391 [WARN] PackLoader:240 - Cannot read IP mode file for wolfSSL.I-CUBE-wolfTPM.3.2.0
2025-06-13 13:04:09,412 [WARN] PackLoader:240 - Cannot read IP mode file for STMicroelectronics.X-CUBE-DPower.1.3.0
2025-06-13 13:04:09,459 [WARN] ConditionMgr:438 - getConditionDescription Invalid condition id : LAN8742 Phy interface Condition cause : null
2025-06-13 13:04:09,460 [WARN] PackLoader:240 - Cannot read IP mode file for STMicroelectronics.X-CUBE-AZRTOS-L4.2.0.0
2025-06-13 13:04:09,461 [WARN] ConditionMgr:1044 - genDependencies : Invalid condition id : LAN8742 Phy interface Condition cause : null
2025-06-13 13:04:09,461 [WARN] ConditionMgr:1044 - genDependencies : Invalid condition id : LAN8742 Phy interface Condition cause : null
2025-06-13 13:04:09,462 [WARN] ConditionMgr:1044 - genDependencies : Invalid condition id : LAN8742 Phy interface Condition cause : null
2025-06-13 13:04:09,482 [WARN] PackLoader:240 - Cannot read IP mode file for STMicroelectronics.X-CUBE-SFXS2LP1.4.0.0
2025-06-13 13:04:09,523 [WARN] PackLoader:240 - Cannot read IP mode file for STMicroelectronics.X-CUBE-AZRTOS-H7.3.3.0
2025-06-13 13:04:09,553 [WARN] PackLoader:240 - Cannot read IP mode file for STMicroelectronics.X-CUBE-IPS.3.0.0
2025-06-13 13:04:09,591 [WARN] ConditionMgr:438 - getConditionDescription Invalid condition id : UX DEVICE CLASS RTOS Condition cause : null
2025-06-13 13:04:09,592 [WARN] ConditionMgr:438 - getConditionDescription Invalid condition id : UX DEVICE CLASS RTOS Condition cause : null
2025-06-13 13:04:09,593 [WARN] PackLoader:240 - Cannot read IP mode file for STMicroelectronics.X-CUBE-AZRTOS-WB.2.0.0
2025-06-13 13:04:09,594 [WARN] ConditionMgr:1044 - genDependencies : Invalid condition id : UX DEVICE CLASS RTOS Condition cause : null
2025-06-13 13:04:09,594 [WARN] ConditionMgr:1044 - genDependencies : Invalid condition id : UX DEVICE CLASS RTOS Condition cause : null
2025-06-13 13:04:09,594 [WARN] ConditionMgr:1044 - genDependencies : Invalid condition id : UX DEVICE CLASS RTOS Condition cause : null
2025-06-13 13:04:09,594 [WARN] ConditionMgr:1044 - genDependencies : Invalid condition id : UX DEVICE CLASS RTOS Condition cause : null
2025-06-13 13:04:09,594 [WARN] ConditionMgr:1044 - genDependencies : Invalid condition id : UX DEVICE CLASS RTOS Condition cause : null
2025-06-13 13:04:09,616 [WARN] PackLoader:240 - Cannot read IP mode file for STMicroelectronics.X-CUBE-GNSS1.7.0.0
2025-06-13 13:04:09,635 [WARN] PackLoader:240 - Cannot read IP mode file for STMicroelectronics.X-CUBE-GNSS1.7.0.1
2025-06-13 13:04:09,664 [WARN] PackLoader:240 - Cannot read IP mode file for STMicroelectronics.X-CUBE-TOUCHGFX.4.25.0
2025-06-13 13:04:09,692 [WARN] PackLoader:240 - Cannot read IP mode file for STMicroelectronics.FP-SNS-STBOX1.2.0.0
2025-06-13 13:04:09,723 [WARN] PackLoader:240 - Cannot read IP mode file for STMicroelectronics.X-CUBE-SUBG2.5.0.0
2025-06-13 13:04:09,776 [WARN] PackLoader:240 - Cannot read IP mode file for STMicroelectronics.X-CUBE-AZRTOS-H7RS.1.1.0
2025-06-13 13:04:09,803 [WARN] PackLoader:240 - Cannot read IP mode file for Cesanta.I-CUBE-Mongoose.7.13.0
2025-06-13 13:04:09,847 [WARN] PackLoader:240 - Cannot read IP mode file for STMicroelectronics.X-CUBE-AZRTOS-G4.2.0.0
2025-06-13 13:04:09,886 [WARN] PackLoader:240 - Cannot read IP mode file for STMicroelectronics.X-CUBE-NFC7.2.0.0
2025-06-13 13:04:09,944 [WARN] PackLoader:240 - Cannot read IP mode file for STMicroelectronics.X-CUBE-ISPU.2.0.0
2025-06-13 13:04:10,002 [WARN] PackLoader:240 - Cannot read IP mode file for STMicroelectronics.X-CUBE-IPS.3.1.0
2025-06-13 13:04:10,035 [WARN] PackLoader:240 - Cannot read IP mode file for STMicroelectronics.X-CUBE-ALS.1.0.2
2025-06-13 13:04:10,099 [WARN] PackLoader:240 - Cannot read IP mode file for STMicroelectronics.X-CUBE-MEMS1.10.0.0
2025-06-13 13:04:10,217 [WARN] PackLoader:240 - Cannot read IP mode file for STMicroelectronics.X-CUBE-TOUCHGFX.4.24.0
2025-06-13 13:04:10,237 [WARN] PackLoader:240 - Cannot read IP mode file for STMicroelectronics.X-CUBE-TOUCHGFX.4.24.2
2025-06-13 13:04:10,253 [WARN] PackLoader:240 - Cannot read IP mode file for STMicroelectronics.X-CUBE-TOUCHGFX.4.24.1
2025-06-13 13:04:10,269 [WARN] PackLoader:240 - Cannot read IP mode file for wolfSSL.I-CUBE-wolfTPM.3.4.0
2025-06-13 13:04:10,288 [WARN] PackLoader:240 - Cannot read IP mode file for portGmbH.I-Cube-SoM-uGOAL.1.1.0
2025-06-13 13:04:10,312 [INFO] WebApp:169 - Instantiating new browser for Auth
2025-06-13 13:04:10,328 [WARN] PackLoader:240 - Cannot read IP mode file for STMicroelectronics.X-CUBE-AZRTOS-H7RS.1.0.0
2025-06-13 13:04:10,391 [WARN] PackLoader:240 - Cannot read IP mode file for STMicroelectronics.FP-ATR-ASTRA1.2.0.0
2025-06-13 13:04:10,424 [WARN] PackLoader:240 - Cannot read IP mode file for STMicroelectronics.X-CUBE-TOF1.3.4.2
2025-06-13 13:04:10,470 [WARN] PackLoader:240 - Cannot read IP mode file for STMicroelectronics.X-CUBE-TOF1.3.4.3
2025-06-13 13:04:10,521 [WARN] PackLoader:240 - Cannot read IP mode file for Infineon.AIROC-Wi-Fi-Bluetooth-STM32.1.6.1
2025-06-13 13:04:10,551 [WARN] PackLoader:240 - Cannot read IP mode file for wolfSSL.I-CUBE-wolfSSH.1.4.17
2025-06-13 13:04:10,551 [INFO] ThirdParty:978 - Integrity check success = true
2025-06-13 13:04:10,551 [INFO] IntegrityCheckThread:100 - exiting critical section [integrity check]
2025-06-13 13:04:10,552 [INFO] IntegrityCheckThread:103 - End integrity checks thread
2025-06-13 13:04:11,290 [INFO] WebApp:463 - Apply proxy settings
2025-06-13 13:04:11,290 [INFO] WebApp:548 - Chromium requires no authentication
2025-06-13 13:04:11,302 [INFO] WebApp:491 - Direct internet connection detected
2025-06-13 13:04:11,340 [INFO] WebApp:894 - Register for checkConnection events
2025-06-13 13:04:11,340 [INFO] WebApp:463 - Apply proxy settings
2025-06-13 13:04:11,340 [INFO] WebApp:548 - Chromium requires no authentication
2025-06-13 13:04:11,341 [INFO] WebApp:491 - Direct internet connection detected
2025-06-13 13:04:11,546 [INFO] WebApp:225 - Starting web application
2025-06-13 13:04:11,546 [INFO] WebApp:593 - Web application path used C:\ST\STM32CubeIDE_1.15.1\STM32CubeIDE\plugins\com.st.stm32cube.common.mx_6.14.1.202504091515\db\plugins\mcufinder\reactClient1\index.html
2025-06-13 13:04:11,601 [INFO] WebApp:191 - Connection restablished
2025-06-13 18:19:32,041 [ERROR] LogOutputStream:75 - [STDERR_REDIRECT] 
2025-06-13 18:19:32,043 [ERROR] LogOutputStream:75 - [STDERR_REDIRECT] 
