2025-01-27 18:36:56,997 [INFO] Activator:176 - 


2025-01-27 18:36:57,002 [INFO] Activator:177 - !SESSION log4j initialized
2025-01-27 18:37:04,060 [INFO] LogOutputStream:77 - [STDOUT_REDIRECT] 
2025-01-27 18:37:05,927 [INFO] ApplicationProperties:184 - Using Application install path: C:\ST\STM32CubeIDE_1.15.1\STM32CubeIDE\plugins\com.st.stm32cube.common.mx_6.13.0.202411220809
2025-01-27 18:37:05,944 [INFO] DbMcusXml:78 - Set database path to: C:\ST\STM32CubeIDE_1.15.1\STM32CubeIDE\plugins\com.st.stm32cube.common.mx_6.13.0.202411220809\\db\/mcu/
2025-01-27 18:37:05,944 [INFO] ApiDb:274 - Set plugin database path to: C:\ST\STM32CubeIDE_1.15.1\STM32CubeIDE\plugins\com.st.stm32cube.common.mx_6.13.0.202411220809\\db\/plugins/boardmanager/
2025-01-27 18:37:05,944 [WARN] ApiDb:259 - Overriding images path with different value:  => C:\ST\STM32CubeIDE_1.15.1\STM32CubeIDE\plugins\com.st.stm32cube.common.mx_6.13.0.202411220809\\db\/plugins/mcufinder/images/
2025-01-27 18:37:05,953 [INFO] ApiDb:250 - Set database path to: C:\Users\Tejas Sawant\.stmcufinder\plugins\mcufinder//mcu/
2025-01-27 18:37:05,954 [INFO] DbMcusAds:125 - Set database path to: C:\Users\Tejas Sawant\.stmcufinder\plugins\mcufinder//mcu/
2025-01-27 18:37:05,956 [INFO] CrossReferenceDbSqlite:203 - Set database path to: C:\Users\Tejas Sawant\.stmcufinder\plugins\mcufinder//mcu/cs/
2025-01-27 18:37:06,072 [INFO] RulesReader:64 - Compatibility file has been processed (297 Rules)
2025-01-27 18:37:06,150 [INFO] DbMcusXml:78 - Set database path to: C:\ST\STM32CubeIDE_1.15.1\STM32CubeIDE\plugins\com.st.stm32cube.common.mx_6.13.0.202411220809\\db\/mcu/
2025-01-27 18:37:06,150 [INFO] ApiDb:274 - Set plugin database path to: C:\ST\STM32CubeIDE_1.15.1\STM32CubeIDE\plugins\com.st.stm32cube.common.mx_6.13.0.202411220809\\db\/plugins/boardmanager/
2025-01-27 18:37:06,150 [INFO] ApiDb:261 - Set plugin images path to: C:\ST\STM32CubeIDE_1.15.1\STM32CubeIDE\plugins\com.st.stm32cube.common.mx_6.13.0.202411220809\\db\/plugins/mcufinder/images/
2025-01-27 18:37:06,150 [WARN] DbFile:41 - Overriding database path with different value: C:\Users\Tejas Sawant\.stmcufinder\plugins\mcufinder/ => C:\Users\Tejas Sawant\.stmcufinder\plugins\mcufinder
2025-01-27 18:37:06,151 [INFO] ApiDb:250 - Set database path to: C:\Users\Tejas Sawant\.stmcufinder\plugins\mcufinder//mcu/
2025-01-27 18:37:06,151 [WARN] DbFile:41 - Overriding database path with different value: C:\Users\Tejas Sawant\.stmcufinder\plugins\mcufinder/ => C:\Users\Tejas Sawant\.stmcufinder\plugins\mcufinder
2025-01-27 18:37:06,151 [INFO] DbMcusAds:125 - Set database path to: C:\Users\Tejas Sawant\.stmcufinder\plugins\mcufinder//mcu/
2025-01-27 18:37:06,151 [WARN] DbFile:41 - Overriding database path with different value: C:\Users\Tejas Sawant\.stmcufinder\plugins\mcufinder/ => C:\Users\Tejas Sawant\.stmcufinder\plugins\mcufinder
2025-01-27 18:37:06,151 [WARN] DbFile:41 - Overriding database path with different value: C:\Users\Tejas Sawant\.stmcufinder\plugins\mcufinder/ => C:\Users\Tejas Sawant\.stmcufinder\plugins\mcufinder
2025-01-27 18:37:06,151 [INFO] CrossReferenceDbSqlite:203 - Set database path to: C:\Users\Tejas Sawant\.stmcufinder\plugins\mcufinder//mcu/cs/
2025-01-27 18:37:06,227 [INFO] MainPanel:272 - HeapMemory: 268435456
2025-01-27 18:37:06,335 [INFO] DbMcusXml:78 - Set database path to: C:\ST\STM32CubeIDE_1.15.1\STM32CubeIDE\plugins\com.st.stm32cube.common.mx_6.13.0.202411220809\\db\/mcu/
2025-01-27 18:37:06,336 [INFO] ApiDb:274 - Set plugin database path to: C:\ST\STM32CubeIDE_1.15.1\STM32CubeIDE\plugins\com.st.stm32cube.common.mx_6.13.0.202411220809\\db\/plugins/boardmanager/
2025-01-27 18:37:06,336 [INFO] ApiDb:261 - Set plugin images path to: C:\ST\STM32CubeIDE_1.15.1\STM32CubeIDE\plugins\com.st.stm32cube.common.mx_6.13.0.202411220809\\db\/plugins/mcufinder/images/
2025-01-27 18:37:06,336 [WARN] DbFile:41 - Overriding database path with different value: C:\Users\Tejas Sawant\.stmcufinder\plugins\mcufinder/ => C:\Users\Tejas Sawant\.stmcufinder\plugins\mcufinder
2025-01-27 18:37:06,336 [INFO] ApiDb:250 - Set database path to: C:\Users\Tejas Sawant\.stmcufinder\plugins\mcufinder//mcu/
2025-01-27 18:37:06,336 [WARN] DbFile:41 - Overriding database path with different value: C:\Users\Tejas Sawant\.stmcufinder\plugins\mcufinder/ => C:\Users\Tejas Sawant\.stmcufinder\plugins\mcufinder
2025-01-27 18:37:06,336 [INFO] DbMcusAds:125 - Set database path to: C:\Users\Tejas Sawant\.stmcufinder\plugins\mcufinder//mcu/
2025-01-27 18:37:06,336 [WARN] DbFile:41 - Overriding database path with different value: C:\Users\Tejas Sawant\.stmcufinder\plugins\mcufinder/ => C:\Users\Tejas Sawant\.stmcufinder\plugins\mcufinder
2025-01-27 18:37:06,336 [WARN] DbFile:41 - Overriding database path with different value: C:\Users\Tejas Sawant\.stmcufinder\plugins\mcufinder/ => C:\Users\Tejas Sawant\.stmcufinder\plugins\mcufinder
2025-01-27 18:37:06,337 [INFO] CrossReferenceDbSqlite:203 - Set database path to: C:\Users\Tejas Sawant\.stmcufinder\plugins\mcufinder//mcu/cs/
2025-01-27 18:37:06,355 [INFO] ApplicationProperties:184 - Using Application install path: C:\ST\STM32CubeIDE_1.15.1\STM32CubeIDE\plugins\com.st.stm32cube.common.mx_6.13.0.202411220809
2025-01-27 18:37:06,357 [INFO] PluginManage:196 - Search for loadable plugins [exclusion list=, ]
2025-01-27 18:37:06,358 [INFO] PluginManage:310 - Check plugin analytics
2025-01-27 18:37:06,544 [INFO] AnalyticsPlugin:253 - Accepted Software Licenses: 
2025-01-27 18:37:06,544 [INFO] AnalyticsPlugin:255 - Accepted CMSIS Pack Licenses: 
2025-01-27 18:37:06,544 [INFO] AnalyticsPlugin:257 - Accepted Firmware Licenses: 
2025-01-27 18:37:06,547 [INFO] PluginManage:359 - Loaded plugin analytics (category:tool,tabindex:-1)
2025-01-27 18:37:06,547 [INFO] PluginManage:310 - Check plugin cadmodel
2025-01-27 18:37:06,571 [INFO] CADModel:105 - Init CAD model plugin
2025-01-27 18:37:06,571 [INFO] PluginManage:359 - Loaded plugin cadmodel (category:power,tabindex:5)
2025-01-27 18:37:06,571 [INFO] PluginManage:310 - Check plugin clock
2025-01-27 18:37:06,597 [INFO] PluginManage:359 - Loaded plugin clock (category:base,tabindex:2)
2025-01-27 18:37:06,597 [INFO] PluginManage:310 - Check plugin ddr
2025-01-27 18:37:06,600 [INFO] PluginManage:359 - Loaded plugin ddr (category:tool,tabindex:6)
2025-01-27 18:37:06,600 [INFO] PluginManage:310 - Check plugin filemanager
2025-01-27 18:37:06,732 [INFO] PluginManage:359 - Loaded plugin filemanager (category:base,tabindex:10)
2025-01-27 18:37:06,732 [INFO] PluginManage:310 - Check plugin ipmanager
2025-01-27 18:37:06,739 [INFO] PluginManage:359 - Loaded plugin ipmanager (category:base,tabindex:5)
2025-01-27 18:37:06,739 [INFO] PluginManage:310 - Check plugin lpbam
2025-01-27 18:37:06,761 [INFO] PluginManage:359 - Loaded plugin lpbam (category:base,tabindex:0)
2025-01-27 18:37:06,761 [INFO] PluginManage:310 - Check plugin memorymap
2025-01-27 18:37:06,786 [INFO] PluginManage:359 - Loaded plugin memorymap (category:base,tabindex:4)
2025-01-27 18:37:06,787 [INFO] PluginManage:310 - Check plugin pinoutandconfiguration
2025-01-27 18:37:06,808 [INFO] PluginManage:359 - Loaded plugin pinoutandconfiguration (category:base,tabindex:1)
2025-01-27 18:37:06,808 [INFO] PluginManage:310 - Check plugin pinoutconfig
2025-01-27 18:37:06,902 [WARN] SupportedApi:132 - Cannot load RTOS API schema: s4s-elt-must-match.1: The content of 'definitions' must match (annotation?, (simpleType | complexType)?, (unique | key | keyref)*)). A problem was found starting at: attribute.
2025-01-27 18:37:07,049 [INFO] PluginManage:359 - Loaded plugin pinoutconfig (category:base,tabindex:0)
2025-01-27 18:37:07,049 [INFO] PluginManage:310 - Check plugin power
2025-01-27 18:37:07,073 [INFO] PluginManage:359 - Loaded plugin power (category:power,tabindex:4)
2025-01-27 18:37:07,074 [INFO] PluginManage:310 - Check plugin projectmanager
2025-01-27 18:37:07,089 [INFO] PluginManage:359 - Loaded plugin projectmanager (category:projectmanager,tabindex:4)
2025-01-27 18:37:07,089 [INFO] PluginManage:310 - Check plugin rif
2025-01-27 18:37:07,112 [INFO] PluginManage:359 - Loaded plugin rif (category:base,tabindex:3)
2025-01-27 18:37:07,112 [INFO] PluginManage:310 - Check plugin thirdparty
2025-01-27 18:37:07,400 [INFO] PluginManage:359 - Loaded plugin thirdparty (category:base,tabindex:-1)
2025-01-27 18:37:07,400 [WARN] IntegrityCheckThread:84 - waiting for thirdparty lock release [integrity check]
2025-01-27 18:37:07,400 [INFO] PluginManage:310 - Check plugin tools
2025-01-27 18:37:07,400 [INFO] IntegrityCheckThread:86 - entering critical section [integrity check]
2025-01-27 18:37:07,400 [INFO] ThirdPartyUpdaterWithRetryManager:70 - Updater plugin not ready yet. [1/15]
2025-01-27 18:37:07,445 [INFO] PluginManage:359 - Loaded plugin tools (category:base,tabindex:7)
2025-01-27 18:37:07,445 [INFO] PluginManage:310 - Check plugin tutovideos
2025-01-27 18:37:07,625 [INFO] PluginManage:359 - Loaded plugin tutovideos (category:base,tabindex:-1)
2025-01-27 18:37:07,625 [INFO] PluginManage:310 - Check plugin updater
2025-01-27 18:37:07,648 [INFO] PluginManage:359 - Loaded plugin updater (category:base,tabindex:12)
2025-01-27 18:37:07,649 [INFO] PluginManage:310 - Check plugin userauth
2025-01-27 18:37:07,653 [INFO] UserAuth:118 - Init User Auth plugin
2025-01-27 18:37:07,654 [INFO] PluginManage:359 - Loaded plugin userauth (category:base,tabindex:14)
2025-01-27 18:37:07,654 [INFO] PluginManage:283 - PluginManage : Loaded plugins [18]
2025-01-27 18:37:07,873 [INFO] PinOutPanel:1589 - setPackage(No Configuration,No Configuration)
2025-01-27 18:37:07,959 [INFO] CADModel:165 - CPN selected for project level
2025-01-27 18:37:07,959 [INFO] CADModel:114 - Register for checkConnection events
2025-01-27 18:37:07,992 [INFO] IPUIPlugin:80 - create IPUIPlugin
2025-01-27 18:37:07,993 [INFO] PluginManager:220 - loadIPPluginJar : add adc
2025-01-27 18:37:08,045 [INFO] IPUIPlugin:80 - create IPUIPlugin
2025-01-27 18:37:08,045 [INFO] PluginManager:220 - loadIPPluginJar : add aes
2025-01-27 18:37:08,095 [INFO] IPUIPlugin:80 - create IPUIPlugin
2025-01-27 18:37:08,095 [INFO] PluginManager:220 - loadIPPluginJar : add can
2025-01-27 18:37:08,133 [INFO] IPUIPlugin:80 - create IPUIPlugin
2025-01-27 18:37:08,133 [INFO] PluginManager:220 - loadIPPluginJar : add comp
2025-01-27 18:37:08,174 [INFO] IPUIPlugin:80 - create IPUIPlugin
2025-01-27 18:37:08,174 [INFO] PluginManager:220 - loadIPPluginJar : add cryp
2025-01-27 18:37:08,193 [INFO] IPUIPlugin:80 - create IPUIPlugin
2025-01-27 18:37:08,193 [INFO] PluginManager:220 - loadIPPluginJar : add ddr_ctrl_phy
2025-01-27 18:37:08,226 [INFO] IPUIPlugin:80 - create IPUIPlugin
2025-01-27 18:37:08,226 [INFO] PluginManager:220 - loadIPPluginJar : add dfsdm
2025-01-27 18:37:08,242 [INFO] IPUIPlugin:80 - create IPUIPlugin
2025-01-27 18:37:08,242 [INFO] PluginManager:220 - loadIPPluginJar : add dma
2025-01-27 18:37:08,280 [INFO] IPUIPlugin:80 - create IPUIPlugin
2025-01-27 18:37:08,280 [INFO] PluginManager:220 - loadIPPluginJar : add dma3
2025-01-27 18:37:08,323 [INFO] IPUIPlugin:80 - create IPUIPlugin
2025-01-27 18:37:08,323 [INFO] PluginManager:220 - loadIPPluginJar : add extmemmanager
2025-01-27 18:37:08,347 [INFO] IPUIPlugin:80 - create IPUIPlugin
2025-01-27 18:37:08,347 [INFO] PluginManager:220 - loadIPPluginJar : add fatfs
2025-01-27 18:37:08,398 [INFO] IPUIPlugin:80 - create IPUIPlugin
2025-01-27 18:37:08,398 [INFO] PluginManager:220 - loadIPPluginJar : add fmc
2025-01-27 18:37:08,415 [INFO] IPUIPlugin:80 - create IPUIPlugin
2025-01-27 18:37:08,415 [INFO] PluginManager:220 - loadIPPluginJar : add freertos
2025-01-27 18:37:08,437 [INFO] IPUIPlugin:80 - create IPUIPlugin
2025-01-27 18:37:08,437 [INFO] PluginManager:220 - loadIPPluginJar : add genericplugin
2025-01-27 18:37:08,524 [INFO] IPUIPlugin:80 - create IPUIPlugin
2025-01-27 18:37:08,524 [INFO] PluginManager:220 - loadIPPluginJar : add gfxmmu
2025-01-27 18:37:08,642 [INFO] IPUIPlugin:80 - create IPUIPlugin
2025-01-27 18:37:08,642 [INFO] PluginManager:220 - loadIPPluginJar : add gic
2025-01-27 18:37:08,656 [INFO] IPUIPlugin:80 - create IPUIPlugin
2025-01-27 18:37:08,657 [INFO] PluginManager:220 - loadIPPluginJar : add gpio
2025-01-27 18:37:08,745 [INFO] IPUIPlugin:80 - create IPUIPlugin
2025-01-27 18:37:08,745 [INFO] PluginManager:220 - loadIPPluginJar : add gtzc
2025-01-27 18:37:08,778 [INFO] IPUIPlugin:80 - create IPUIPlugin
2025-01-27 18:37:08,778 [INFO] PluginManager:220 - loadIPPluginJar : add hash
2025-01-27 18:37:08,830 [INFO] IPUIPlugin:80 - create IPUIPlugin
2025-01-27 18:37:08,830 [INFO] PluginManager:220 - loadIPPluginJar : add i2c
2025-01-27 18:37:08,868 [INFO] IPUIPlugin:80 - create IPUIPlugin
2025-01-27 18:37:08,868 [INFO] PluginManager:220 - loadIPPluginJar : add i2s
2025-01-27 18:37:08,915 [INFO] IPUIPlugin:80 - create IPUIPlugin
2025-01-27 18:37:08,915 [INFO] PluginManager:220 - loadIPPluginJar : add i3c
2025-01-27 18:37:09,016 [INFO] IPUIPlugin:80 - create IPUIPlugin
2025-01-27 18:37:09,016 [INFO] PluginManager:220 - loadIPPluginJar : add ipddr
2025-01-27 18:37:09,108 [INFO] IPUIPlugin:80 - create IPUIPlugin
2025-01-27 18:37:09,109 [INFO] PluginManager:220 - loadIPPluginJar : add linkedlist
2025-01-27 18:37:09,145 [INFO] IPUIPlugin:80 - create IPUIPlugin
2025-01-27 18:37:09,145 [INFO] PluginManager:220 - loadIPPluginJar : add lorawan
2025-01-27 18:37:09,182 [INFO] IPUIPlugin:80 - create IPUIPlugin
2025-01-27 18:37:09,182 [INFO] PluginManager:220 - loadIPPluginJar : add ltdc
2025-01-27 18:37:09,202 [INFO] IPUIPlugin:80 - create IPUIPlugin
2025-01-27 18:37:09,202 [INFO] PluginManager:220 - loadIPPluginJar : add mdma
2025-01-27 18:37:09,217 [INFO] IPUIPlugin:80 - create IPUIPlugin
2025-01-27 18:37:09,219 [INFO] PluginManager:220 - loadIPPluginJar : add nvic
2025-01-27 18:37:09,272 [INFO] IPUIPlugin:80 - create IPUIPlugin
2025-01-27 18:37:09,272 [INFO] PluginManager:220 - loadIPPluginJar : add opamp
2025-01-27 18:37:09,332 [INFO] IPUIPlugin:80 - create IPUIPlugin
2025-01-27 18:37:09,332 [INFO] PluginManager:220 - loadIPPluginJar : add openamp
2025-01-27 18:37:09,376 [INFO] IPUIPlugin:80 - create IPUIPlugin
2025-01-27 18:37:09,376 [INFO] PluginManager:220 - loadIPPluginJar : add pdm2pcm
2025-01-27 18:37:09,392 [INFO] IPUIPlugin:80 - create IPUIPlugin
2025-01-27 18:37:09,394 [INFO] PluginManager:220 - loadIPPluginJar : add plateformsettings
2025-01-27 18:37:09,419 [INFO] IPUIPlugin:80 - create IPUIPlugin
2025-01-27 18:37:09,419 [INFO] PluginManager:220 - loadIPPluginJar : add quadspi
2025-01-27 18:37:09,448 [INFO] IPUIPlugin:80 - create IPUIPlugin
2025-01-27 18:37:09,448 [INFO] PluginManager:220 - loadIPPluginJar : add radio
2025-01-27 18:37:09,463 [INFO] IPUIPlugin:80 - create IPUIPlugin
2025-01-27 18:37:09,464 [INFO] PluginManager:220 - loadIPPluginJar : add resmgrutility
2025-01-27 18:37:09,519 [INFO] IPUIPlugin:80 - create IPUIPlugin
2025-01-27 18:37:09,520 [INFO] PluginManager:220 - loadIPPluginJar : add sai
2025-01-27 18:37:09,559 [INFO] IPUIPlugin:80 - create IPUIPlugin
2025-01-27 18:37:09,559 [INFO] PluginManager:220 - loadIPPluginJar : add spi
2025-01-27 18:37:09,631 [INFO] IPUIPlugin:80 - create IPUIPlugin
2025-01-27 18:37:09,631 [INFO] PluginManager:220 - loadIPPluginJar : add stm32_wpan
2025-01-27 18:37:09,659 [INFO] IPUIPlugin:80 - create IPUIPlugin
2025-01-27 18:37:09,659 [INFO] PluginManager:220 - loadIPPluginJar : add tim
2025-01-27 18:37:09,714 [INFO] IPUIPlugin:80 - create IPUIPlugin
2025-01-27 18:37:09,715 [INFO] PluginManager:220 - loadIPPluginJar : add touchsensing
2025-01-27 18:37:09,738 [INFO] IPUIPlugin:80 - create IPUIPlugin
2025-01-27 18:37:09,738 [INFO] PluginManager:220 - loadIPPluginJar : add tracer_emb
2025-01-27 18:37:09,764 [INFO] IPUIPlugin:80 - create IPUIPlugin
2025-01-27 18:37:09,764 [INFO] PluginManager:220 - loadIPPluginJar : add ts
2025-01-27 18:37:09,788 [INFO] IPUIPlugin:80 - create IPUIPlugin
2025-01-27 18:37:09,788 [INFO] PluginManager:220 - loadIPPluginJar : add tsc
2025-01-27 18:37:09,812 [INFO] IPUIPlugin:80 - create IPUIPlugin
2025-01-27 18:37:09,812 [INFO] PluginManager:220 - loadIPPluginJar : add ucpd
2025-01-27 18:37:09,867 [INFO] IPUIPlugin:80 - create IPUIPlugin
2025-01-27 18:37:09,867 [INFO] PluginManager:220 - loadIPPluginJar : add usart
2025-01-27 18:37:09,910 [INFO] IPUIPlugin:80 - create IPUIPlugin
2025-01-27 18:37:09,911 [INFO] PluginManager:220 - loadIPPluginJar : add usbx
2025-01-27 18:37:10,032 [FATAL] Updater:351 - Updater called before beeing initialized
2025-01-27 18:37:10,052 [INFO] RulesReader:64 - Compatibility file has been processed (297 Rules)
2025-01-27 18:37:10,063 [INFO] RulesReader:64 - Compatibility file has been processed (297 Rules)
2025-01-27 18:37:10,069 [INFO] CADModel:165 - CPN selected for project level
2025-01-27 18:37:10,069 [INFO] CADModel:114 - Register for checkConnection events
2025-01-27 18:37:10,070 [FATAL] Updater:351 - Updater called before beeing initialized
2025-01-27 18:37:10,070 [ERROR] CADModel:125 - Updater not yet initialized, retry later 
2025-01-27 18:37:10,240 [FATAL] Updater:351 - Updater called before beeing initialized
2025-01-27 18:37:10,242 [INFO] CADModel:165 - CPN selected for project level
2025-01-27 18:37:10,242 [INFO] CADModel:114 - Register for checkConnection events
2025-01-27 18:37:10,243 [FATAL] Updater:351 - Updater called before beeing initialized
2025-01-27 18:37:10,243 [ERROR] CADModel:125 - Updater not yet initialized, retry later 
2025-01-27 18:37:10,246 [FATAL] Updater:351 - Updater called before beeing initialized
2025-01-27 18:37:10,346 [FATAL] Updater:351 - Updater called before beeing initialized
2025-01-27 18:37:10,359 [INFO] DbMcusAds:53 - JSON generation date=Tue Dec 17 21:31:15 IST 2024 (1734451275111)
2025-01-27 18:37:10,360 [FATAL] Updater:351 - Updater called before beeing initialized
2025-01-27 18:37:10,395 [WARN] DetailPanel:346 - Failed to get advertising image, set to default
2025-01-27 18:37:10,401 [INFO] ThirdPartyUpdaterWithRetryManager:70 - Updater plugin not ready yet. [2/15]
2025-01-27 18:37:10,602 [FATAL] Updater:351 - Updater called before beeing initialized
2025-01-27 18:37:10,604 [FATAL] Updater:351 - Updater called before beeing initialized
2025-01-27 18:37:10,604 [FATAL] Updater:351 - Updater called before beeing initialized
2025-01-27 18:37:10,604 [WARN] DetailPanel:346 - Failed to get advertising image, set to default
2025-01-27 18:37:10,606 [FATAL] Updater:351 - Updater called before beeing initialized
2025-01-27 18:37:10,680 [ERROR] Updater:1198 - MainUpdater not yet initialized. External WinMGr cannot be set.
2025-01-27 18:37:10,690 [INFO] Updater:1134 - Updater Version found : 6.13.0
2025-01-27 18:37:10,708 [INFO] ApplicationProperties:184 - Using Application install path: C:\ST\STM32CubeIDE_1.15.1\STM32CubeIDE\plugins\com.st.stm32cube.common.mx_6.13.0.202411220809
2025-01-27 18:37:12,283 [ERROR] LogOutputStream:75 - [STDERR_REDIRECT] Jan 27, 2025 6:37:12 PM java.util.prefs.WindowsPreferences <init>
2025-01-27 18:37:12,284 [ERROR] LogOutputStream:75 - [STDERR_REDIRECT] WARNING: Could not open/create prefs root node Software\JavaSoft\Prefs at root 0xffffffff80000002. Windows RegCreateKeyEx(...) returned error code 5.
2025-01-27 18:37:12,284 [ERROR] LogOutputStream:75 - [STDERR_REDIRECT] 
2025-01-27 18:37:12,800 [INFO] MainUpdater:2872 - connection check result : 10
2025-01-27 18:37:12,800 [INFO] MainUpdater:289 - Updater Check For Update Now.
2025-01-27 18:37:12,800 [INFO] MicroXplorer:498 - Change Database Version : DB.6.0.130
2025-01-27 18:37:12,816 [INFO] McuFinderGlobals:63 - Set McuFinder mode to 2 (CubeIDE integrated)
2025-01-27 18:37:12,817 [INFO] UserAuth:171 - activating auth plugin
2025-01-27 18:37:12,819 [INFO] UserAuth:486 - Internet connection configuration mode: 1
2025-01-27 18:37:12,854 [INFO] JxBrowserEngine:152 - Initiate JxBrowser Engine with user profile folder
2025-01-27 18:37:13,065 [INFO] CheckServerUpdateThread:120 - End of CheckServer Thread
2025-01-27 18:37:13,694 [WARN] PackLoader:240 - Cannot read IP mode file for STMicroelectronics.FP-SNS-MOTENVWB1.1.4.0
2025-01-27 18:37:13,725 [WARN] PackLoader:240 - Cannot read IP mode file for STMicroelectronics.FP-ATR-ASTRA1.2.0.1
2025-01-27 18:37:13,756 [WARN] PackLoader:240 - Cannot read IP mode file for STMicroelectronics.X-CUBE-SMBUS.2.1.0
2025-01-27 18:37:13,791 [WARN] PackLoader:240 - Cannot read IP mode file for STMicroelectronics.X-CUBE-WB05N.1.1.0
2025-01-27 18:37:13,860 [WARN] PackLoader:240 - Cannot read IP mode file for STMicroelectronics.X-CUBE-AZRTOS-F7.1.1.0
2025-01-27 18:37:13,957 [WARN] PackLoader:240 - Cannot read IP mode file for STMicroelectronics.X-CUBE-MEMS1.11.0.0
2025-01-27 18:37:14,089 [INFO] WebApp:168 - Instantiating new browser for Auth
2025-01-27 18:37:14,236 [WARN] PackLoader:240 - Cannot read IP mode file for STMicroelectronics.FP-SNS-FLIGHT1.5.0.2
2025-01-27 18:37:14,269 [WARN] PackLoader:240 - Cannot read IP mode file for STMicroelectronics.X-CUBE-DISPLAY.3.0.0
2025-01-27 18:37:14,308 [WARN] PackLoader:240 - Cannot read IP mode file for STMicroelectronics.X-CUBE-BLE1.7.0.0
2025-01-27 18:37:14,340 [WARN] PackLoader:240 - Cannot read IP mode file for STMicroelectronics.X-CUBE-NFC10.1.0.0
2025-01-27 18:37:14,369 [WARN] PackLoader:240 - Cannot read IP mode file for STMicroelectronics.X-CUBE-BLEMGR.4.0.0
2025-01-27 18:37:14,396 [WARN] PackLoader:240 - Cannot read IP mode file for emotas.I-CUBE-CANOPEN.1.3.0
2025-01-27 18:37:14,420 [WARN] PackLoader:240 - Cannot read IP mode file for STMicroelectronics.X-CUBE-BLEMGR.3.1.0
2025-01-27 18:37:14,447 [WARN] PackLoader:240 - Cannot read IP mode file for STMicroelectronics.X-CUBE-AI.10.0.0
2025-01-27 18:37:14,469 [WARN] PackLoader:240 - Cannot read IP mode file for STMicroelectronics.FP-SNS-SMARTAG2.1.2.0
2025-01-27 18:37:14,591 [WARN] PackLoader:240 - Cannot read IP mode file for STMicroelectronics.X-CUBE-MEMS1.11.1.0
2025-01-27 18:37:14,766 [INFO] LogOutputStream:77 - [STDOUT_REDIRECT] 1 : Invalid condition id : UX_CORESTACK_Condition cause : null
2025-01-27 18:37:14,768 [INFO] LogOutputStream:77 - [STDOUT_REDIRECT] 1 : Invalid condition id : UX_CORESTACK_Condition cause : null
2025-01-27 18:37:14,770 [INFO] LogOutputStream:77 - [STDOUT_REDIRECT] 1 : Invalid condition id : UX_CORESTACK_Condition cause : null
2025-01-27 18:37:14,771 [INFO] LogOutputStream:77 - [STDOUT_REDIRECT] 1 : Invalid condition id : UX_CORESTACK_Condition cause : null
2025-01-27 18:37:14,772 [INFO] LogOutputStream:77 - [STDOUT_REDIRECT] 1 : Invalid condition id : UX_CORESTACK_Condition cause : null
2025-01-27 18:37:14,775 [WARN] PackLoader:240 - Cannot read IP mode file for STMicroelectronics.X-CUBE-AZRTOS-WL.2.0.0
2025-01-27 18:37:14,796 [WARN] PackLoader:240 - Cannot read IP mode file for STMicroelectronics.FP-SNS-MOTENV1.5.0.0
2025-01-27 18:37:14,819 [WARN] PackLoader:240 - Cannot read IP mode file for wolfSSL.I-CUBE-wolfMQTT.1.19.0
2025-01-27 18:37:14,842 [WARN] PackLoader:240 - Cannot read IP mode file for WES.I-CUBE-Cesium.1.3.0
2025-01-27 18:37:14,864 [WARN] PackLoader:240 - Cannot read IP mode file for STMicroelectronics.X-CUBE-BLE2.3.3.0
2025-01-27 18:37:14,889 [WARN] PackLoader:240 - Cannot read IP mode file for STMicroelectronics.X-CUBE-NFC9.1.0.0
2025-01-27 18:37:14,911 [WARN] PackLoader:240 - Cannot read IP mode file for STMicroelectronics.X-CUBE-TCPP.4.1.0
2025-01-27 18:37:14,950 [WARN] PackLoader:240 - Cannot read IP mode file for STMicroelectronics.X-CUBE-AZRTOS-G0.1.1.0
2025-01-27 18:37:14,987 [WARN] PackLoader:240 - Cannot read IP mode file for STMicroelectronics.X-CUBE-SAFEA1.1.2.2
2025-01-27 18:37:15,009 [WARN] PackLoader:240 - Cannot read IP mode file for STMicroelectronics.X-CUBE-NFC4.3.0.0
2025-01-27 18:37:15,036 [WARN] PackLoader:240 - Cannot read IP mode file for EmbeddedOffice.I-CUBE-FS-RTOS.1.0.1
2025-01-27 18:37:15,057 [WARN] PackLoader:240 - Cannot read IP mode file for STMicroelectronics.X-CUBE-TCPP.4.2.0
2025-01-27 18:37:15,081 [WARN] PackLoader:240 - Cannot read IP mode file for RealThread.X-CUBE-RT-Thread_Nano.4.1.1
2025-01-27 18:37:15,100 [WARN] PackLoader:240 - Cannot read IP mode file for STMicroelectronics.FP-ATR-SIGFOX1.3.2.0
2025-01-27 18:37:15,123 [WARN] PackLoader:240 - Cannot read IP mode file for wolfSSL.I-CUBE-wolfSSL.5.7.2
2025-01-27 18:37:15,150 [WARN] ConditionMgr:438 - getConditionDescription Invalid condition id : Cortex-A Device cause : null
2025-01-27 18:37:15,190 [WARN] ConditionMgr:1044 - genDependencies : Invalid condition id : Cortex-A Device cause : null
2025-01-27 18:37:15,190 [WARN] ConditionMgr:1044 - genDependencies : Invalid condition id : Cortex-A Device cause : null
2025-01-27 18:37:15,191 [WARN] ConditionMgr:1044 - genDependencies : Invalid condition id : Cortex-A Device cause : null
2025-01-27 18:37:15,223 [WARN] PackLoader:240 - Cannot read IP mode file for STMicroelectronics.X-CUBE-EEPRMA1.5.1.0
2025-01-27 18:37:15,254 [WARN] PackLoader:240 - Cannot read IP mode file for ITTIA_DB.I-CUBE-ITTIADB.8.9.0
2025-01-27 18:37:15,320 [WARN] PackLoader:240 - Cannot read IP mode file for SEGGER.I-CUBE-embOS.1.3.1
2025-01-27 18:37:15,325 [INFO] WebApp:449 - Apply proxy settings
2025-01-27 18:37:15,326 [INFO] WebApp:534 - Chromium requires no authentication
2025-01-27 18:37:15,343 [INFO] WebApp:477 - Direct internet connection detected
2025-01-27 18:37:15,378 [WARN] PackLoader:240 - Cannot read IP mode file for STMicroelectronics.X-CUBE-ALGOBUILD.1.4.0
2025-01-27 18:37:15,390 [INFO] WebApp:880 - Register for checkConnection events
2025-01-27 18:37:15,391 [INFO] WebApp:449 - Apply proxy settings
2025-01-27 18:37:15,391 [INFO] WebApp:534 - Chromium requires no authentication
2025-01-27 18:37:15,392 [INFO] WebApp:477 - Direct internet connection detected
2025-01-27 18:37:15,403 [WARN] PackLoader:240 - Cannot read IP mode file for STMicroelectronics.X-CUBE-AI.9.1.0
2025-01-27 18:37:15,427 [WARN] PackLoader:240 - Cannot read IP mode file for STMicroelectronics.X-CUBE-GNSS1.6.0.0
2025-01-27 18:37:15,462 [WARN] PackLoader:240 - Cannot read IP mode file for STMicroelectronics.X-CUBE-AZRTOS-F4.1.1.0
2025-01-27 18:37:15,485 [WARN] PackLoader:240 - Cannot read IP mode file for STMicroelectronics.X-CUBE-ISPU.2.1.0
2025-01-27 18:37:15,502 [WARN] PackLoader:240 - Cannot read IP mode file for STMicroelectronics.X-CUBE-FREERTOS.1.2.0
2025-01-27 18:37:15,537 [WARN] PackLoader:240 - Cannot read IP mode file for STMicroelectronics.X-CUBE-AZRTOS-L5.2.0.0
2025-01-27 18:37:15,560 [WARN] PackLoader:240 - Cannot read IP mode file for STMicroelectronics.X-CUBE-NFC6.3.1.0
2025-01-27 18:37:15,577 [WARN] PackLoader:240 - Cannot read IP mode file for STMicroelectronics.X-CUBE-DPower.1.2.0
2025-01-27 18:37:15,597 [WARN] PackLoader:240 - Cannot read IP mode file for STMicroelectronics.X-CUBE-AI.9.0.0
2025-01-27 18:37:15,613 [WARN] PackLoader:240 - Cannot read IP mode file for STMicroelectronics.X-CUBE-FREERTOS.1.3.0
2025-01-27 18:37:15,630 [WARN] PackLoader:240 - Cannot read IP mode file for STMicroelectronics.X-CUBE-NFC7.1.0.1
2025-01-27 18:37:15,648 [WARN] PackLoader:240 - Cannot read IP mode file for wolfSSL.I-CUBE-wolfTPM.3.2.0
2025-01-27 18:37:15,691 [WARN] ConditionMgr:438 - getConditionDescription Invalid condition id : LAN8742 Phy interface Condition cause : null
2025-01-27 18:37:15,692 [WARN] PackLoader:240 - Cannot read IP mode file for STMicroelectronics.X-CUBE-AZRTOS-L4.2.0.0
2025-01-27 18:37:15,695 [WARN] ConditionMgr:1044 - genDependencies : Invalid condition id : LAN8742 Phy interface Condition cause : null
2025-01-27 18:37:15,695 [WARN] ConditionMgr:1044 - genDependencies : Invalid condition id : LAN8742 Phy interface Condition cause : null
2025-01-27 18:37:15,696 [WARN] ConditionMgr:1044 - genDependencies : Invalid condition id : LAN8742 Phy interface Condition cause : null
2025-01-27 18:37:15,705 [INFO] WebApp:221 - Starting web application
2025-01-27 18:37:15,705 [INFO] WebApp:579 - Web application path used C:\ST\STM32CubeIDE_1.15.1\STM32CubeIDE\plugins\com.st.stm32cube.common.mx_6.13.0.202411220809\db\plugins\mcufinder\reactClient1\index.html
2025-01-27 18:37:15,736 [WARN] PackLoader:240 - Cannot read IP mode file for STMicroelectronics.X-CUBE-SFXS2LP1.4.0.0
2025-01-27 18:37:15,823 [WARN] PackLoader:240 - Cannot read IP mode file for STMicroelectronics.X-CUBE-AZRTOS-H7.3.3.0
2025-01-27 18:37:15,860 [WARN] PackLoader:240 - Cannot read IP mode file for STMicroelectronics.X-CUBE-IPS.3.0.0
2025-01-27 18:37:15,906 [WARN] ConditionMgr:438 - getConditionDescription Invalid condition id : UX DEVICE CLASS RTOS Condition cause : null
2025-01-27 18:37:15,906 [WARN] ConditionMgr:438 - getConditionDescription Invalid condition id : UX DEVICE CLASS RTOS Condition cause : null
2025-01-27 18:37:15,909 [WARN] PackLoader:240 - Cannot read IP mode file for STMicroelectronics.X-CUBE-AZRTOS-WB.2.0.0
2025-01-27 18:37:15,910 [WARN] ConditionMgr:1044 - genDependencies : Invalid condition id : UX DEVICE CLASS RTOS Condition cause : null
2025-01-27 18:37:15,910 [WARN] ConditionMgr:1044 - genDependencies : Invalid condition id : UX DEVICE CLASS RTOS Condition cause : null
2025-01-27 18:37:15,911 [WARN] ConditionMgr:1044 - genDependencies : Invalid condition id : UX DEVICE CLASS RTOS Condition cause : null
2025-01-27 18:37:15,911 [WARN] ConditionMgr:1044 - genDependencies : Invalid condition id : UX DEVICE CLASS RTOS Condition cause : null
2025-01-27 18:37:15,911 [WARN] ConditionMgr:1044 - genDependencies : Invalid condition id : UX DEVICE CLASS RTOS Condition cause : null
2025-01-27 18:37:15,940 [WARN] PackLoader:240 - Cannot read IP mode file for STMicroelectronics.X-CUBE-GNSS1.7.0.0
2025-01-27 18:37:15,959 [INFO] WebApp:187 - Connection restablished
2025-01-27 18:37:15,970 [WARN] PackLoader:240 - Cannot read IP mode file for STMicroelectronics.X-CUBE-GNSS1.7.0.1
2025-01-27 18:37:15,999 [WARN] PackLoader:240 - Cannot read IP mode file for STMicroelectronics.FP-SNS-STBOX1.2.0.0
2025-01-27 18:37:16,035 [WARN] PackLoader:240 - Cannot read IP mode file for STMicroelectronics.X-CUBE-SUBG2.5.0.0
2025-01-27 18:37:16,058 [WARN] PackLoader:240 - Cannot read IP mode file for Cesanta.I-CUBE-Mongoose.7.13.0
2025-01-27 18:37:16,095 [WARN] PackLoader:240 - Cannot read IP mode file for STMicroelectronics.X-CUBE-AZRTOS-G4.2.0.0
2025-01-27 18:37:16,126 [WARN] PackLoader:240 - Cannot read IP mode file for STMicroelectronics.X-CUBE-ISPU.2.0.0
2025-01-27 18:37:16,165 [WARN] PackLoader:240 - Cannot read IP mode file for STMicroelectronics.X-CUBE-IPS.3.1.0
2025-01-27 18:37:16,195 [WARN] PackLoader:240 - Cannot read IP mode file for STMicroelectronics.X-CUBE-ALS.1.0.2
2025-01-27 18:37:16,279 [WARN] PackLoader:240 - Cannot read IP mode file for STMicroelectronics.X-CUBE-MEMS1.10.0.0
2025-01-27 18:37:16,457 [WARN] PackLoader:240 - Cannot read IP mode file for STMicroelectronics.X-CUBE-TOUCHGFX.4.24.0
2025-01-27 18:37:16,494 [WARN] PackLoader:240 - Cannot read IP mode file for STMicroelectronics.X-CUBE-TOUCHGFX.4.24.2
2025-01-27 18:37:16,523 [WARN] PackLoader:240 - Cannot read IP mode file for STMicroelectronics.X-CUBE-TOUCHGFX.4.24.1
2025-01-27 18:37:16,548 [WARN] PackLoader:240 - Cannot read IP mode file for wolfSSL.I-CUBE-wolfTPM.3.4.0
2025-01-27 18:37:16,576 [WARN] PackLoader:240 - Cannot read IP mode file for portGmbH.I-Cube-SoM-uGOAL.1.1.0
2025-01-27 18:37:16,629 [WARN] PackLoader:240 - Cannot read IP mode file for STMicroelectronics.X-CUBE-AZRTOS-H7RS.1.0.0
2025-01-27 18:37:16,655 [WARN] PackLoader:240 - Cannot read IP mode file for STMicroelectronics.FP-ATR-ASTRA1.2.0.0
2025-01-27 18:37:16,686 [WARN] PackLoader:240 - Cannot read IP mode file for STMicroelectronics.X-CUBE-TOF1.3.4.2
2025-01-27 18:37:16,731 [WARN] PackLoader:240 - Cannot read IP mode file for Infineon.AIROC-Wi-Fi-Bluetooth-STM32.1.6.1
2025-01-27 18:37:16,755 [WARN] PackLoader:240 - Cannot read IP mode file for wolfSSL.I-CUBE-wolfSSH.1.4.17
2025-01-27 18:37:16,756 [INFO] ThirdParty:978 - Integrity check success = true
2025-01-27 18:37:16,756 [INFO] IntegrityCheckThread:100 - exiting critical section [integrity check]
2025-01-27 18:37:16,756 [INFO] IntegrityCheckThread:103 - End integrity checks thread
2025-01-27 19:38:27,669 [INFO] WebApp:190 - Connection lost
2025-01-27 19:38:29,795 [INFO] WebApp:187 - Connection restablished
