2025-06-15 11:47:44,578 [INFO] Activator:176 - 


2025-06-15 11:47:44,584 [INFO] Activator:177 - !SESSION log4j initialized
2025-06-15 11:48:03,583 [INFO] LogOutputStream:77 - [STDOUT_REDIRECT] 
2025-06-15 11:48:04,538 [INFO] ApplicationProperties:184 - Using Application install path: C:\ST\STM32CubeIDE_1.15.1\STM32CubeIDE\plugins\com.st.stm32cube.common.mx_6.14.1.202504091515
2025-06-15 11:48:04,564 [INFO] DbMcusXml:78 - Set database path to: C:\ST\STM32CubeIDE_1.15.1\STM32CubeIDE\plugins\com.st.stm32cube.common.mx_6.14.1.202504091515\\db\/mcu/
2025-06-15 11:48:04,564 [INFO] ApiDb:274 - Set plugin database path to: C:\ST\STM32CubeIDE_1.15.1\STM32CubeIDE\plugins\com.st.stm32cube.common.mx_6.14.1.202504091515\\db\/plugins/boardmanager/
2025-06-15 11:48:04,565 [WARN] ApiDb:259 - Overriding images path with different value:  => C:\ST\STM32CubeIDE_1.15.1\STM32CubeIDE\plugins\com.st.stm32cube.common.mx_6.14.1.202504091515\\db\/plugins/mcufinder/images/
2025-06-15 11:48:04,577 [INFO] ApiDb:250 - Set database path to: C:\Users\Tejas Sawant\.stmcufinder\plugins\mcufinder//mcu/
2025-06-15 11:48:04,579 [INFO] DbMcusAds:125 - Set database path to: C:\Users\Tejas Sawant\.stmcufinder\plugins\mcufinder//mcu/
2025-06-15 11:48:04,584 [INFO] CrossReferenceDbSqlite:203 - Set database path to: C:\Users\Tejas Sawant\.stmcufinder\plugins\mcufinder//mcu/cs/
2025-06-15 11:48:04,765 [INFO] RulesReader:64 - Compatibility file has been processed (302 Rules)
2025-06-15 11:48:04,885 [INFO] DbMcusXml:78 - Set database path to: C:\ST\STM32CubeIDE_1.15.1\STM32CubeIDE\plugins\com.st.stm32cube.common.mx_6.14.1.202504091515\\db\/mcu/
2025-06-15 11:48:04,885 [INFO] ApiDb:274 - Set plugin database path to: C:\ST\STM32CubeIDE_1.15.1\STM32CubeIDE\plugins\com.st.stm32cube.common.mx_6.14.1.202504091515\\db\/plugins/boardmanager/
2025-06-15 11:48:04,885 [INFO] ApiDb:261 - Set plugin images path to: C:\ST\STM32CubeIDE_1.15.1\STM32CubeIDE\plugins\com.st.stm32cube.common.mx_6.14.1.202504091515\\db\/plugins/mcufinder/images/
2025-06-15 11:48:04,886 [WARN] DbFile:41 - Overriding database path with different value: C:\Users\Tejas Sawant\.stmcufinder\plugins\mcufinder/ => C:\Users\Tejas Sawant\.stmcufinder\plugins\mcufinder
2025-06-15 11:48:04,886 [INFO] ApiDb:250 - Set database path to: C:\Users\Tejas Sawant\.stmcufinder\plugins\mcufinder//mcu/
2025-06-15 11:48:04,886 [WARN] DbFile:41 - Overriding database path with different value: C:\Users\Tejas Sawant\.stmcufinder\plugins\mcufinder/ => C:\Users\Tejas Sawant\.stmcufinder\plugins\mcufinder
2025-06-15 11:48:04,886 [INFO] DbMcusAds:125 - Set database path to: C:\Users\Tejas Sawant\.stmcufinder\plugins\mcufinder//mcu/
2025-06-15 11:48:04,886 [WARN] DbFile:41 - Overriding database path with different value: C:\Users\Tejas Sawant\.stmcufinder\plugins\mcufinder/ => C:\Users\Tejas Sawant\.stmcufinder\plugins\mcufinder
2025-06-15 11:48:04,888 [WARN] DbFile:41 - Overriding database path with different value: C:\Users\Tejas Sawant\.stmcufinder\plugins\mcufinder/ => C:\Users\Tejas Sawant\.stmcufinder\plugins\mcufinder
2025-06-15 11:48:04,888 [INFO] CrossReferenceDbSqlite:203 - Set database path to: C:\Users\Tejas Sawant\.stmcufinder\plugins\mcufinder//mcu/cs/
2025-06-15 11:48:05,003 [INFO] MainPanel:272 - HeapMemory: 268435456
2025-06-15 11:48:05,166 [INFO] DbMcusXml:78 - Set database path to: C:\ST\STM32CubeIDE_1.15.1\STM32CubeIDE\plugins\com.st.stm32cube.common.mx_6.14.1.202504091515\\db\/mcu/
2025-06-15 11:48:05,167 [INFO] ApiDb:274 - Set plugin database path to: C:\ST\STM32CubeIDE_1.15.1\STM32CubeIDE\plugins\com.st.stm32cube.common.mx_6.14.1.202504091515\\db\/plugins/boardmanager/
2025-06-15 11:48:05,167 [INFO] ApiDb:261 - Set plugin images path to: C:\ST\STM32CubeIDE_1.15.1\STM32CubeIDE\plugins\com.st.stm32cube.common.mx_6.14.1.202504091515\\db\/plugins/mcufinder/images/
2025-06-15 11:48:05,167 [WARN] DbFile:41 - Overriding database path with different value: C:\Users\Tejas Sawant\.stmcufinder\plugins\mcufinder/ => C:\Users\Tejas Sawant\.stmcufinder\plugins\mcufinder
2025-06-15 11:48:05,167 [INFO] ApiDb:250 - Set database path to: C:\Users\Tejas Sawant\.stmcufinder\plugins\mcufinder//mcu/
2025-06-15 11:48:05,168 [WARN] DbFile:41 - Overriding database path with different value: C:\Users\Tejas Sawant\.stmcufinder\plugins\mcufinder/ => C:\Users\Tejas Sawant\.stmcufinder\plugins\mcufinder
2025-06-15 11:48:05,168 [INFO] DbMcusAds:125 - Set database path to: C:\Users\Tejas Sawant\.stmcufinder\plugins\mcufinder//mcu/
2025-06-15 11:48:05,168 [WARN] DbFile:41 - Overriding database path with different value: C:\Users\Tejas Sawant\.stmcufinder\plugins\mcufinder/ => C:\Users\Tejas Sawant\.stmcufinder\plugins\mcufinder
2025-06-15 11:48:05,168 [WARN] DbFile:41 - Overriding database path with different value: C:\Users\Tejas Sawant\.stmcufinder\plugins\mcufinder/ => C:\Users\Tejas Sawant\.stmcufinder\plugins\mcufinder
2025-06-15 11:48:05,168 [INFO] CrossReferenceDbSqlite:203 - Set database path to: C:\Users\Tejas Sawant\.stmcufinder\plugins\mcufinder//mcu/cs/
2025-06-15 11:48:05,199 [INFO] ApplicationProperties:184 - Using Application install path: C:\ST\STM32CubeIDE_1.15.1\STM32CubeIDE\plugins\com.st.stm32cube.common.mx_6.14.1.202504091515
2025-06-15 11:48:05,201 [INFO] PluginManage:196 - Search for loadable plugins [exclusion list=, ]
2025-06-15 11:48:05,203 [INFO] PluginManage:310 - Check plugin analytics
2025-06-15 11:48:05,505 [INFO] AnalyticsPlugin:253 - Accepted Software Licenses: 
2025-06-15 11:48:05,505 [INFO] AnalyticsPlugin:255 - Accepted CMSIS Pack Licenses: 
2025-06-15 11:48:05,505 [INFO] AnalyticsPlugin:257 - Accepted Firmware Licenses: 
2025-06-15 11:48:05,509 [INFO] PluginManage:359 - Loaded plugin analytics (category:tool,tabindex:-1)
2025-06-15 11:48:05,510 [INFO] PluginManage:310 - Check plugin cadmodel
2025-06-15 11:48:05,520 [INFO] CADModel:105 - Init CAD model plugin
2025-06-15 11:48:05,520 [INFO] PluginManage:359 - Loaded plugin cadmodel (category:power,tabindex:5)
2025-06-15 11:48:05,520 [INFO] PluginManage:310 - Check plugin clock
2025-06-15 11:48:05,537 [INFO] PluginManage:359 - Loaded plugin clock (category:base,tabindex:2)
2025-06-15 11:48:05,537 [INFO] PluginManage:310 - Check plugin ddr
2025-06-15 11:48:05,541 [INFO] PluginManage:359 - Loaded plugin ddr (category:tool,tabindex:6)
2025-06-15 11:48:05,541 [INFO] PluginManage:310 - Check plugin filemanager
2025-06-15 11:48:05,755 [INFO] PluginManage:359 - Loaded plugin filemanager (category:base,tabindex:10)
2025-06-15 11:48:05,755 [INFO] PluginManage:310 - Check plugin ipmanager
2025-06-15 11:48:05,764 [INFO] PluginManage:359 - Loaded plugin ipmanager (category:base,tabindex:5)
2025-06-15 11:48:05,764 [INFO] PluginManage:310 - Check plugin lpbam
2025-06-15 11:48:05,775 [INFO] PluginManage:359 - Loaded plugin lpbam (category:base,tabindex:0)
2025-06-15 11:48:05,775 [INFO] PluginManage:310 - Check plugin memorymap
2025-06-15 11:48:05,794 [INFO] PluginManage:359 - Loaded plugin memorymap (category:base,tabindex:4)
2025-06-15 11:48:05,794 [INFO] PluginManage:310 - Check plugin pinoutandconfiguration
2025-06-15 11:48:05,806 [INFO] PluginManage:359 - Loaded plugin pinoutandconfiguration (category:base,tabindex:1)
2025-06-15 11:48:05,806 [INFO] PluginManage:310 - Check plugin pinoutconfig
2025-06-15 11:48:05,947 [WARN] SupportedApi:132 - Cannot load RTOS API schema: s4s-elt-must-match.1: The content of 'definitions' must match (annotation?, (simpleType | complexType)?, (unique | key | keyref)*)). A problem was found starting at: attribute.
2025-06-15 11:48:06,191 [INFO] PluginManage:359 - Loaded plugin pinoutconfig (category:base,tabindex:0)
2025-06-15 11:48:06,191 [INFO] PluginManage:310 - Check plugin power
2025-06-15 11:48:06,204 [INFO] PluginManage:359 - Loaded plugin power (category:power,tabindex:4)
2025-06-15 11:48:06,204 [INFO] PluginManage:310 - Check plugin projectmanager
2025-06-15 11:48:06,225 [INFO] PluginManage:359 - Loaded plugin projectmanager (category:projectmanager,tabindex:4)
2025-06-15 11:48:06,225 [INFO] PluginManage:310 - Check plugin rif
2025-06-15 11:48:06,235 [INFO] PluginManage:359 - Loaded plugin rif (category:base,tabindex:3)
2025-06-15 11:48:06,236 [INFO] PluginManage:310 - Check plugin thirdparty
2025-06-15 11:48:06,416 [WARN] IntegrityCheckThread:84 - waiting for thirdparty lock release [integrity check]
2025-06-15 11:48:06,417 [INFO] PluginManage:359 - Loaded plugin thirdparty (category:base,tabindex:-1)
2025-06-15 11:48:06,417 [INFO] IntegrityCheckThread:86 - entering critical section [integrity check]
2025-06-15 11:48:06,417 [INFO] PluginManage:310 - Check plugin tools
2025-06-15 11:48:06,417 [INFO] ThirdPartyUpdaterWithRetryManager:70 - Updater plugin not ready yet. [1/15]
2025-06-15 11:48:06,422 [INFO] PluginManage:359 - Loaded plugin tools (category:base,tabindex:7)
2025-06-15 11:48:06,422 [INFO] PluginManage:310 - Check plugin tutovideos
2025-06-15 11:48:06,667 [INFO] PluginManage:359 - Loaded plugin tutovideos (category:base,tabindex:-1)
2025-06-15 11:48:06,668 [INFO] PluginManage:310 - Check plugin updater
2025-06-15 11:48:06,702 [INFO] PluginManage:359 - Loaded plugin updater (category:base,tabindex:12)
2025-06-15 11:48:06,703 [INFO] PluginManage:310 - Check plugin userauth
2025-06-15 11:48:06,709 [INFO] UserAuth:118 - Init User Auth plugin
2025-06-15 11:48:06,710 [INFO] PluginManage:359 - Loaded plugin userauth (category:base,tabindex:14)
2025-06-15 11:48:06,710 [INFO] PluginManage:283 - PluginManage : Loaded plugins [18]
2025-06-15 11:48:06,994 [INFO] PinOutPanel:1589 - setPackage(No Configuration,No Configuration)
2025-06-15 11:48:07,113 [INFO] CADModel:165 - CPN selected for project level
2025-06-15 11:48:07,113 [INFO] CADModel:114 - Register for checkConnection events
2025-06-15 11:48:07,139 [INFO] IPUIPlugin:80 - create IPUIPlugin
2025-06-15 11:48:07,139 [INFO] PluginManager:220 - loadIPPluginJar : add adc
2025-06-15 11:48:07,143 [INFO] IPUIPlugin:80 - create IPUIPlugin
2025-06-15 11:48:07,143 [INFO] PluginManager:220 - loadIPPluginJar : add aes
2025-06-15 11:48:07,146 [INFO] IPUIPlugin:80 - create IPUIPlugin
2025-06-15 11:48:07,146 [INFO] PluginManager:220 - loadIPPluginJar : add can
2025-06-15 11:48:07,148 [INFO] IPUIPlugin:80 - create IPUIPlugin
2025-06-15 11:48:07,148 [INFO] PluginManager:220 - loadIPPluginJar : add comp
2025-06-15 11:48:07,152 [INFO] IPUIPlugin:80 - create IPUIPlugin
2025-06-15 11:48:07,152 [INFO] PluginManager:220 - loadIPPluginJar : add cryp
2025-06-15 11:48:07,156 [INFO] IPUIPlugin:80 - create IPUIPlugin
2025-06-15 11:48:07,156 [INFO] PluginManager:220 - loadIPPluginJar : add ddr_ctrl_phy
2025-06-15 11:48:07,160 [INFO] IPUIPlugin:80 - create IPUIPlugin
2025-06-15 11:48:07,160 [INFO] PluginManager:220 - loadIPPluginJar : add dfsdm
2025-06-15 11:48:07,167 [INFO] IPUIPlugin:80 - create IPUIPlugin
2025-06-15 11:48:07,167 [INFO] PluginManager:220 - loadIPPluginJar : add dma
2025-06-15 11:48:07,171 [INFO] IPUIPlugin:80 - create IPUIPlugin
2025-06-15 11:48:07,171 [INFO] PluginManager:220 - loadIPPluginJar : add dma3
2025-06-15 11:48:07,174 [INFO] IPUIPlugin:80 - create IPUIPlugin
2025-06-15 11:48:07,174 [INFO] PluginManager:220 - loadIPPluginJar : add extmemmanager
2025-06-15 11:48:07,176 [INFO] IPUIPlugin:80 - create IPUIPlugin
2025-06-15 11:48:07,176 [INFO] PluginManager:220 - loadIPPluginJar : add fatfs
2025-06-15 11:48:07,182 [INFO] IPUIPlugin:80 - create IPUIPlugin
2025-06-15 11:48:07,182 [INFO] PluginManager:220 - loadIPPluginJar : add fmc
2025-06-15 11:48:07,189 [INFO] IPUIPlugin:80 - create IPUIPlugin
2025-06-15 11:48:07,189 [INFO] PluginManager:220 - loadIPPluginJar : add freertos
2025-06-15 11:48:07,191 [INFO] IPUIPlugin:80 - create IPUIPlugin
2025-06-15 11:48:07,191 [INFO] PluginManager:220 - loadIPPluginJar : add genericplugin
2025-06-15 11:48:07,194 [INFO] IPUIPlugin:80 - create IPUIPlugin
2025-06-15 11:48:07,194 [INFO] PluginManager:220 - loadIPPluginJar : add gfxmmu
2025-06-15 11:48:07,200 [INFO] IPUIPlugin:80 - create IPUIPlugin
2025-06-15 11:48:07,201 [INFO] PluginManager:220 - loadIPPluginJar : add gic
2025-06-15 11:48:07,205 [INFO] IPUIPlugin:80 - create IPUIPlugin
2025-06-15 11:48:07,205 [INFO] PluginManager:220 - loadIPPluginJar : add gpio
2025-06-15 11:48:07,210 [INFO] IPUIPlugin:80 - create IPUIPlugin
2025-06-15 11:48:07,210 [INFO] PluginManager:220 - loadIPPluginJar : add gtzc
2025-06-15 11:48:07,213 [INFO] IPUIPlugin:80 - create IPUIPlugin
2025-06-15 11:48:07,213 [INFO] PluginManager:220 - loadIPPluginJar : add hash
2025-06-15 11:48:07,216 [INFO] IPUIPlugin:80 - create IPUIPlugin
2025-06-15 11:48:07,216 [INFO] PluginManager:220 - loadIPPluginJar : add i2c
2025-06-15 11:48:07,219 [INFO] IPUIPlugin:80 - create IPUIPlugin
2025-06-15 11:48:07,219 [INFO] PluginManager:220 - loadIPPluginJar : add i2s
2025-06-15 11:48:07,223 [INFO] IPUIPlugin:80 - create IPUIPlugin
2025-06-15 11:48:07,223 [INFO] PluginManager:220 - loadIPPluginJar : add i3c
2025-06-15 11:48:07,228 [INFO] IPUIPlugin:80 - create IPUIPlugin
2025-06-15 11:48:07,228 [INFO] PluginManager:220 - loadIPPluginJar : add ipddr
2025-06-15 11:48:07,236 [INFO] IPUIPlugin:80 - create IPUIPlugin
2025-06-15 11:48:07,236 [INFO] PluginManager:220 - loadIPPluginJar : add linkedlist
2025-06-15 11:48:07,240 [INFO] IPUIPlugin:80 - create IPUIPlugin
2025-06-15 11:48:07,241 [INFO] PluginManager:220 - loadIPPluginJar : add lorawan
2025-06-15 11:48:07,243 [INFO] IPUIPlugin:80 - create IPUIPlugin
2025-06-15 11:48:07,243 [INFO] PluginManager:220 - loadIPPluginJar : add ltdc
2025-06-15 11:48:07,249 [INFO] IPUIPlugin:80 - create IPUIPlugin
2025-06-15 11:48:07,250 [INFO] PluginManager:220 - loadIPPluginJar : add mdma
2025-06-15 11:48:07,254 [INFO] IPUIPlugin:80 - create IPUIPlugin
2025-06-15 11:48:07,255 [INFO] PluginManager:220 - loadIPPluginJar : add nvic
2025-06-15 11:48:07,258 [INFO] IPUIPlugin:80 - create IPUIPlugin
2025-06-15 11:48:07,259 [INFO] PluginManager:220 - loadIPPluginJar : add opamp
2025-06-15 11:48:07,262 [INFO] IPUIPlugin:80 - create IPUIPlugin
2025-06-15 11:48:07,262 [INFO] PluginManager:220 - loadIPPluginJar : add openamp
2025-06-15 11:48:07,266 [INFO] IPUIPlugin:80 - create IPUIPlugin
2025-06-15 11:48:07,266 [INFO] PluginManager:220 - loadIPPluginJar : add pdm2pcm
2025-06-15 11:48:07,275 [INFO] IPUIPlugin:80 - create IPUIPlugin
2025-06-15 11:48:07,279 [INFO] PluginManager:220 - loadIPPluginJar : add plateformsettings
2025-06-15 11:48:07,282 [INFO] IPUIPlugin:80 - create IPUIPlugin
2025-06-15 11:48:07,282 [INFO] PluginManager:220 - loadIPPluginJar : add quadspi
2025-06-15 11:48:07,285 [INFO] IPUIPlugin:80 - create IPUIPlugin
2025-06-15 11:48:07,286 [INFO] PluginManager:220 - loadIPPluginJar : add radio
2025-06-15 11:48:07,292 [INFO] IPUIPlugin:80 - create IPUIPlugin
2025-06-15 11:48:07,292 [INFO] PluginManager:220 - loadIPPluginJar : add resmgrutility
2025-06-15 11:48:07,296 [INFO] IPUIPlugin:80 - create IPUIPlugin
2025-06-15 11:48:07,296 [INFO] PluginManager:220 - loadIPPluginJar : add sai
2025-06-15 11:48:07,299 [INFO] IPUIPlugin:80 - create IPUIPlugin
2025-06-15 11:48:07,299 [INFO] PluginManager:220 - loadIPPluginJar : add spi
2025-06-15 11:48:07,307 [INFO] IPUIPlugin:80 - create IPUIPlugin
2025-06-15 11:48:07,308 [INFO] PluginManager:220 - loadIPPluginJar : add stm32_wpan
2025-06-15 11:48:07,310 [INFO] IPUIPlugin:80 - create IPUIPlugin
2025-06-15 11:48:07,311 [INFO] PluginManager:220 - loadIPPluginJar : add tim
2025-06-15 11:48:07,316 [INFO] IPUIPlugin:80 - create IPUIPlugin
2025-06-15 11:48:07,316 [INFO] PluginManager:220 - loadIPPluginJar : add touchsensing
2025-06-15 11:48:07,319 [INFO] IPUIPlugin:80 - create IPUIPlugin
2025-06-15 11:48:07,319 [INFO] PluginManager:220 - loadIPPluginJar : add tracer_emb
2025-06-15 11:48:07,321 [INFO] IPUIPlugin:80 - create IPUIPlugin
2025-06-15 11:48:07,321 [INFO] PluginManager:220 - loadIPPluginJar : add ts
2025-06-15 11:48:07,323 [INFO] IPUIPlugin:80 - create IPUIPlugin
2025-06-15 11:48:07,323 [INFO] PluginManager:220 - loadIPPluginJar : add tsc
2025-06-15 11:48:07,325 [INFO] IPUIPlugin:80 - create IPUIPlugin
2025-06-15 11:48:07,325 [INFO] PluginManager:220 - loadIPPluginJar : add ucpd
2025-06-15 11:48:07,330 [INFO] IPUIPlugin:80 - create IPUIPlugin
2025-06-15 11:48:07,330 [INFO] PluginManager:220 - loadIPPluginJar : add usart
2025-06-15 11:48:07,334 [INFO] IPUIPlugin:80 - create IPUIPlugin
2025-06-15 11:48:07,334 [INFO] PluginManager:220 - loadIPPluginJar : add usbx
2025-06-15 11:48:07,485 [FATAL] Updater:351 - Updater called before beeing initialized
2025-06-15 11:48:07,517 [INFO] RulesReader:64 - Compatibility file has been processed (302 Rules)
2025-06-15 11:48:07,530 [INFO] RulesReader:64 - Compatibility file has been processed (302 Rules)
2025-06-15 11:48:07,540 [INFO] CADModel:165 - CPN selected for project level
2025-06-15 11:48:07,540 [INFO] CADModel:114 - Register for checkConnection events
2025-06-15 11:48:07,540 [FATAL] Updater:351 - Updater called before beeing initialized
2025-06-15 11:48:07,540 [ERROR] CADModel:125 - Updater not yet initialized, retry later 
2025-06-15 11:48:07,767 [FATAL] Updater:351 - Updater called before beeing initialized
2025-06-15 11:48:07,770 [INFO] CADModel:165 - CPN selected for project level
2025-06-15 11:48:07,770 [INFO] CADModel:114 - Register for checkConnection events
2025-06-15 11:48:07,770 [FATAL] Updater:351 - Updater called before beeing initialized
2025-06-15 11:48:07,770 [ERROR] CADModel:125 - Updater not yet initialized, retry later 
2025-06-15 11:48:07,775 [FATAL] Updater:351 - Updater called before beeing initialized
2025-06-15 11:48:07,907 [FATAL] Updater:351 - Updater called before beeing initialized
2025-06-15 11:48:07,912 [INFO] DbMcusAds:53 - JSON generation date=Wed May 07 14:37:55 IST 2025 (1746608875484)
2025-06-15 11:48:07,912 [FATAL] Updater:351 - Updater called before beeing initialized
2025-06-15 11:48:07,965 [WARN] DetailPanel:346 - Failed to get advertising image, set to default
2025-06-15 11:48:08,288 [FATAL] Updater:351 - Updater called before beeing initialized
2025-06-15 11:48:08,293 [FATAL] Updater:351 - Updater called before beeing initialized
2025-06-15 11:48:08,293 [FATAL] Updater:351 - Updater called before beeing initialized
2025-06-15 11:48:08,293 [WARN] DetailPanel:346 - Failed to get advertising image, set to default
2025-06-15 11:48:08,294 [FATAL] Updater:351 - Updater called before beeing initialized
2025-06-15 11:48:08,383 [ERROR] Updater:1198 - MainUpdater not yet initialized. External WinMGr cannot be set.
2025-06-15 11:48:08,385 [INFO] Updater:1134 - Updater Version found : 6.14.1
2025-06-15 11:48:08,410 [INFO] ApplicationProperties:184 - Using Application install path: C:\ST\STM32CubeIDE_1.15.1\STM32CubeIDE\plugins\com.st.stm32cube.common.mx_6.14.1.202504091515
2025-06-15 11:48:09,418 [INFO] ThirdPartyUpdaterWithRetryManager:70 - Updater plugin not ready yet. [2/15]
2025-06-15 11:48:09,996 [ERROR] LogOutputStream:75 - [STDERR_REDIRECT] Jun 15, 2025 11:48:09 AM java.util.prefs.WindowsPreferences <init>
2025-06-15 11:48:10,000 [ERROR] LogOutputStream:75 - [STDERR_REDIRECT] WARNING: Could not open/create prefs root node Software\JavaSoft\Prefs at root 0xffffffff80000002. Windows RegCreateKeyEx(...) returned error code 5.
2025-06-15 11:48:10,000 [ERROR] LogOutputStream:75 - [STDERR_REDIRECT] 
2025-06-15 11:48:12,420 [FATAL] Updater:351 - Updater called before beeing initialized
2025-06-15 11:48:12,421 [ERROR] IntegrityCheckThread:130 - Cannot retrieve database content from updater: error 21
2025-06-15 11:48:12,422 [INFO] ThirdParty:978 - Integrity check success = false
2025-06-15 11:48:12,422 [INFO] IntegrityCheckThread:100 - exiting critical section [integrity check]
2025-06-15 11:48:12,422 [INFO] IntegrityCheckThread:103 - End integrity checks thread
2025-06-15 11:48:22,377 [INFO] MainUpdater:2872 - connection check result : 22
2025-06-15 11:48:22,378 [INFO] MainUpdater:289 - Updater Check For Update Now.
2025-06-15 11:48:22,378 [INFO] MicroXplorer:498 - Change Database Version : DB.6.0.141
2025-06-15 11:48:22,395 [INFO] McuFinderGlobals:63 - Set McuFinder mode to 2 (CubeIDE integrated)
2025-06-15 11:48:22,395 [INFO] UserAuth:171 - activating auth plugin
2025-06-15 11:48:22,406 [INFO] UserAuth:484 - Internet connection configuration mode: 2
2025-06-15 11:48:22,437 [INFO] UserAuth:484 - Internet connection configuration mode: 2
2025-06-15 11:48:22,628 [INFO] CheckServerUpdateThread:120 - End of CheckServer Thread
2025-06-15 20:26:02,352 [INFO] McuFinderGlobals:63 - Set McuFinder mode to 2 (CubeIDE integrated)
2025-06-15 20:26:02,682 [INFO] MainUpdater:2872 - connection check result : 10
2025-06-15 20:26:03,100 [INFO] ApiDb:581 - Connected to CubeFinder SQLite database (C:\Users\Tejas Sawant\.stmcufinder\plugins\mcufinder\mcu\cube-finder-db.db)
2025-06-15 20:26:03,241 [INFO] ApiDb:668 - CubeFinder database Data Model version=2.1
2025-06-15 20:26:03,241 [INFO] ApiDb:669 - CubeFinder database Configuration version=3.0.39
2025-06-15 20:26:03,242 [INFO] ApiDb:670 - CubeFinder database generation date=2025-05-20 (1747743314)
2025-06-15 20:26:03,242 [INFO] ApiDb:671 - CubeFinder database FW Pack versions=[FP-ATR-ASTRA1_V2.0.0, FP-SNS-FLIGHT1_V5.1.0, FP-SNS-MOTENV1_V5.0.0, FP-SNS-MOTENVWB1_V1.4.0, FP-SNS-SMARTAG2_V1.2.0, FP-SNS-STBOX1_V2.0.0, STM32Cube_FW_C0_V1.4.0, STM32Cube_FW_F4_V1.28.2, STM32Cube_FW_F7_V1.17.3, STM32Cube_FW_G0_V1.6.2, STM32Cube_FW_G4_V1.6.1, STM32Cube_FW_H5_V1.5.0, STM32Cube_FW_H7RS_V1.2.0, STM32Cube_FW_H7_V1.12.1, STM32Cube_FW_L0_V1.12.2, STM32Cube_FW_L4_V1.18.1, STM32Cube_FW_L5_V1.5.1, STM32Cube_FW_N6_V1.1.1, STM32Cube_FW_U0_V1.2.0, STM32Cube_FW_U3_V1.1.0, STM32Cube_FW_U5_V1.7.0, STM32Cube_FW_WB0_V1.2.0, STM32Cube_FW_WBA_V1.6.0, STM32Cube_FW_WB_V1.22.0, STM32Cube_FW_WL3_V1.1.0, STM32Cube_FW_WL_V1.3.1, X-CUBE-ALGOBUILD_V1.4.0, X-CUBE-ALS_V1.0.2, X-CUBE-AZRTOS-F4_V1.1.0, X-CUBE-AZRTOS-F7_V1.1.0, X-CUBE-AZRTOS-G0_V1.1.0, X-CUBE-AZRTOS-G4_V2.0.0, X-CUBE-AZRTOS-H7RS_V1.1.0, X-CUBE-AZRTOS-H7_V3.3.0, X-CUBE-AZRTOS-L4_V2.0.0, X-CUBE-AZRTOS-L5_V2.0.0, X-CUBE-AZRTOS-WB_V2.0.0, X-CUBE-AZRTOS-WL_V2.0.0, X-CUBE-BLE1_V7.1.0, X-CUBE-BLE2_V3.3.0, X-CUBE-BLEMGR_V4.0.0, X-CUBE-EEPRMA1_V5.1.0, X-CUBE-FREERTOS_V1.3.1, X-CUBE-GNSS1_V6.0.0, X-CUBE-MEMS1_V11.2.0, X-CUBE-NFC4_V3.0.0, X-CUBE-NFC7_V2.0.0, X-CUBE-SFXS2LP1_V4.0.0, X-CUBE-SUBG2_V5.0.0, X-CUBE-TOF1_V3.4.3]
2025-06-15 20:26:03,399 [INFO] DbBoardsSqlite:226 - include board P-NUCLEO-WB55-NUCLEO as a kit item of type 'Nucleo-64'
2025-06-15 20:26:03,400 [INFO] DbBoardsSqlite:226 - include board P-NUCLEO-WB55-USBDONGLE as a kit item of type 'Nucleo USB Dongle'
2025-06-15 20:26:03,401 [INFO] DbBoardsSqlite:226 - include board STEVAL-IDP005V1 as a kit item of type 'Evaluation Board'
2025-06-15 20:26:03,401 [INFO] DbBoardsSqlite:226 - include board STEVAL-IDP005V2 as a kit item of type 'Evaluation Board'
2025-06-15 20:26:04,029 [INFO] ApiDb:240 - Found 895 in-development CPN: [B-G473E-ZEST1S, B-WB1M-WPAN1, B-WBA5M-WPAN, B-WL5M-SUBG1, NUCLEO-C031C6, NUCLEO-C051C8, NUCLEO-C071RB, NUCLEO-C092RC, NUCLEO-H503RB, NUCLEO-H533RE, NUCLEO-H563ZI, NUCLEO-H7S3L8, NUCLEO-N657X0-Q, NUCLEO-U031R8, NUCLEO-U083RC, NUCLEO-U385RG-Q, NUCLEO-U545RE-Q, NUCLEO-U5A5ZJ-Q, NUCLEO-WB05KZ, NUCLEO-WB07CC, NUCLEO-WB09KE, NUCLEO-WBA52CG, NUCLEO-WBA55CG, NUCLEO-WBA65RI, NUCLEO-WL33CC1, NUCLEO-WL33CC2, STEVAL-PROTEUS1, STEVAL-SMARTAG2, STEVAL-STWINBX1, STM320518-EVAL, STM32C0116-DK, STM32C011D6Y3TR, STM32C011D6Y6TR, STM32C011F4P3, STM32C011F4P6, STM32C011F4U3, STM32C011F4U6TR, STM32C011F6P3, STM32C011F6P6, STM32C011F6U3, STM32C011F6U6TR, STM32C011J4M3, STM32C011J4M6, STM32C011J6M3, STM32C011J6M6, STM32C0316-DK, STM32C031C4T3, STM32C031C4T6, STM32C031C4U3, STM32C031C4U6, STM32C031C6T3, STM32C031C6T6, STM32C031C6U3, STM32C031C6U6, STM32C031F4P3, STM32C031F4P6, STM32C031F6P3, STM32C031F6P6, STM32C031G4U3, STM32C031G4U6, STM32C031G6U3, STM32C031G6U6, STM32C031K4T3, STM32C031K4T6, STM32C031K4U3, STM32C031K4U6, STM32C031K6T3, STM32C031K6T6, STM32C031K6U3, STM32C031K6U6, STM32C051C6T6, STM32C051C6U6, STM32C051C8T6, STM32C051C8U6, STM32C051D8Y6TR, STM32C051F6P6, STM32C051F8P6, STM32C051G6U6, STM32C051G8U6, STM32C051K6T6, STM32C051K6U6, STM32C051K8T6, STM32C071C8T6, STM32C071C8T6N, STM32C071C8U6, STM32C071C8U6N, STM32C071CBT6, STM32C071CBT6N, STM32C071CBU6, STM32C071CBU6N, STM32C071F8P6, STM32C071F8P6N, STM32C071FBP6, STM32C071FBP6N, STM32C071FBY6TR, STM32C071G8U6, STM32C071G8U6N, STM32C071GBU6, STM32C071GBU6N, STM32C071K8T6, STM32C071K8T6N, STM32C071K8U6, STM32C071K8U6N, STM32C071KBT6, STM32C071KBT6N, STM32C071KBU6, STM32C071KBU6N, STM32C071R8T6, STM32C071R8T6N, STM32C071RBI6N, STM32C071RBT6, STM32C071RBT6N, STM32C091CBT6, STM32C091CBU6, STM32C091CCT6, STM32C091CCU6, STM32C091ECY6TR, STM32C091FBP6, STM32C091FCP6, STM32C091GBU6, STM32C091GCU6, STM32C091KBT6, STM32C091KBU6, STM32C091KCT6, STM32C091KCU6, STM32C091RBT6, STM32C091RCI6, STM32C091RCT6, STM32C092CBT6, STM32C092CBU6, STM32C092CCT6, STM32C092CCU6, STM32C092ECY6TR, STM32C092FBP6, STM32C092FCP6, STM32C092GBU6, STM32C092GCU6, STM32C092KBT6, STM32C092KBU6, STM32C092KCT6, STM32C092KCU6, STM32C092RBT6, STM32C092RCI6, STM32C092RCT6, STM32G071K8TXN, STM32G071K8UXN, STM32G081GBU6N, STM32G081KBT6N, STM32G081KBUXN, STM32G0B1CCT6N, STM32G0B1KCT6, STM32G0B1NEY6TR, STM32G0B1RCT6N, STM32G0C1CCT6, STM32G0C1CCT6N, STM32G0C1CCU6N, STM32G0C1CET6N, STM32G0C1CEU6N, STM32G0C1KCT6, STM32G0C1NEY6TR, STM32G0C1RCI6N, STM32G0C1RCT6N, STM32G0C1REI6N, STM32G0C1RET6N, STM32G0C1VCI6, STM32G0C1VEI6, STM32G411C6T3, STM32G411C6T6, STM32G411C6U3, STM32G411C6U6, STM32G411C8T3, STM32G411C8T6, STM32G411C8U3, STM32G411C8U6, STM32G411CBT3, STM32G411CBT6, STM32G411CBU3, STM32G411CBU6, STM32G411CCT3, STM32G411CCT6, STM32G411CCU3, STM32G411CCU6, STM32G411K6T3, STM32G411K6T6, STM32G411K6U3, STM32G411K6U6, STM32G411K8T3, STM32G411K8T6, STM32G411K8U3, STM32G411K8U6, STM32G411KBT3, STM32G411KBT6, STM32G411KBU3, STM32G411KBU6, STM32G411M6T3, STM32G411M6T6, STM32G411M8T3, STM32G411M8T6, STM32G411MBT3, STM32G411MBT6, STM32G411MCT3, STM32G411MCT6, STM32G411R6T3, STM32G411R6T6, STM32G411R8T3, STM32G411R8T6, STM32G411RBT3, STM32G411RBT6, STM32G411RCT3, STM32G411RCT6, STM32G414CBT3, STM32G414CBT6, STM32G414CBU3, STM32G414CBU6, STM32G414CCT3, STM32G414CCT6, STM32G414CCU3, STM32G414CCU6, STM32G414MBT3, STM32G414MBT6, STM32G414MCT3, STM32G414MCT6, STM32G414RBT3, STM32G414RBT6, STM32G414RCT3, STM32G414RCT6, STM32G414VBT3, STM32G414VBT6, STM32G414VCT3, STM32G414VCT6, STM32G431CBT3Z, STM32G431RBT3Z, STM32G471CCT6, STM32G471CCU6, STM32G471CET3, STM32G471CET6, STM32G471CEU3, STM32G471CEU6, STM32G471MCT6, STM32G471MET3, STM32G471MET6, STM32G471MEY6TR, STM32G471QCT6, STM32G471QET3, STM32G471RCT6, STM32G471RET3, STM32G471RET6, STM32G471VCH6, STM32G471VCI6, STM32G471VCT6, STM32G471VEH3, STM32G471VEH6, STM32G471VEI3, STM32G471VEI6, STM32G471VET3, STM32G471VET6, STM32G473QET3Z, STM32G473RET3Z, STM32G474CCT6, STM32G491RET3Z, STM32H503CBT6, STM32H503CBU6, STM32H503EBY6TR, STM32H503KBU6, STM32H503RBT6, STM32H523CCT6, STM32H523CCU6, STM32H523CET6, STM32H523CEU6, STM32H523HEY6TR, STM32H523RCT6, STM32H523RET6, STM32H523VCI6, STM32H523VCT6, STM32H523VEI6, STM32H523VET6, STM32H523ZCJ6, STM32H523ZCT6, STM32H523ZEJ6, STM32H523ZET6, STM32H533CET6, STM32H533CEU6, STM32H533HEY6TR, STM32H533RET6, STM32H533VEI6, STM32H533VET6, STM32H533ZEJ6, STM32H533ZET6, STM32H562AGI6, STM32H562AII6, STM32H562IGK6, STM32H562IGT6, STM32H562IIK6, STM32H562IIT6, STM32H562RGT6, STM32H562RGV6, STM32H562RIT6, STM32H562RIV6, STM32H562VGT6, STM32H562VIT6, STM32H562ZGT6, STM32H562ZIT6, STM32H563AGI6, STM32H563AII3Q, STM32H563AII6, STM32H563IGK6, STM32H563IGT6, STM32H563IIK3Q, STM32H563IIK6, STM32H563IIT3Q, STM32H563IIT6, STM32H563MIY3QTR, STM32H563RGT6, STM32H563RGV6, STM32H563RIT6, STM32H563RIV6, STM32H563VGT6, STM32H563VIT3Q, STM32H563VIT6, STM32H563ZGT6, STM32H563ZIT3Q, STM32H563ZIT6, STM32H573AII3Q, STM32H573AII6, STM32H573I-DK, STM32H573IIK3Q, STM32H573IIK6, STM32H573IIT3Q, STM32H573IIT6, STM32H573MIY3QTR, STM32H573RIT6, STM32H573RIV6, STM32H573VIT3Q, STM32H573VIT6, STM32H573ZIT3Q, STM32H573ZIT6, STM32H7R3A8I6, STM32H7R3I8K6, STM32H7R3I8T6, STM32H7R3L8H6, STM32H7R3L8H6H, STM32H7R3R8V6, STM32H7R3V8H6, STM32H7R3V8T6, STM32H7R3V8Y6TR, STM32H7R3Z8J6, STM32H7R3Z8T6, STM32H7R7A8I6, STM32H7R7I8K6, STM32H7R7I8T6, STM32H7R7L8H6, STM32H7R7L8H6H, STM32H7R7Z8J6, STM32H7S3A8I6, STM32H7S3I8K6, STM32H7S3I8T6, STM32H7S3L8H6, STM32H7S3L8H6H, STM32H7S3R8V6, STM32H7S3V8H6, STM32H7S3V8T6, STM32H7S3V8Y6TR, STM32H7S3Z8J6, STM32H7S3Z8T6, STM32H7S78-DK, STM32H7S7A8I6, STM32H7S7I8K6, STM32H7S7I8T6, STM32H7S7L8H6, STM32H7S7L8H6H, STM32H7S7Z8J6, STM32L4R5QGI6STR, STM32MP131AAE3, STM32MP131AAF3, STM32MP131AAG3, STM32MP131CAE3, STM32MP131CAF3, STM32MP131CAG3, STM32MP131DAE7, STM32MP131DAF7, STM32MP131DAG7, STM32MP131FAE7, STM32MP131FAF7, STM32MP131FAG7, STM32MP133AAE3, STM32MP133AAF3, STM32MP133AAG3, STM32MP133CAE3, STM32MP133CAF3, STM32MP133CAG3, STM32MP133DAE7, STM32MP133DAF7, STM32MP133DAG7, STM32MP133FAE7, STM32MP133FAF7, STM32MP133FAG7, STM32MP135AAE3, STM32MP135AAF3, STM32MP135AAG3, STM32MP135CAE3, STM32MP135CAF3, STM32MP135CAG3, STM32MP135DAE7, STM32MP135DAF7, STM32MP135DAG7, STM32MP135F-DK, STM32MP135FAE7, STM32MP135FAF7, STM32MP135FAF7T, STM32MP135FAF7U, STM32MP135FAG7, STM32MP231AAJ3, STM32MP231AAK3, STM32MP231AAL3, STM32MP231CAJ3, STM32MP231CAK3, STM32MP231CAL3, STM32MP231DAJ3, STM32MP231DAK3, STM32MP231DAL3, STM32MP231FAJ3, STM32MP231FAK3, STM32MP231FAL3, STM32MP233AAJ3, STM32MP233AAK3, STM32MP233AAL3, STM32MP233CAJ3, STM32MP233CAK3, STM32MP233CAL3, STM32MP233DAJ3, STM32MP233DAK3, STM32MP233DAL3, STM32MP233FAJ3, STM32MP233FAK3, STM32MP233FAL3, STM32MP235AAJ3, STM32MP235AAK3, STM32MP235AAL3, STM32MP235CAJ3, STM32MP235CAK3, STM32MP235CAL3, STM32MP235DAJ3, STM32MP235DAK3, STM32MP235DAL3, STM32MP235FAJ3, STM32MP235FAK3, STM32MP235FAL3, STM32MP251AAI3, STM32MP251AAJ3, STM32MP251AAK3, STM32MP251AAL3, STM32MP251CAI3, STM32MP251CAJ3, STM32MP251CAK3, STM32MP251CAL3, STM32MP251DAI3, STM32MP251DAJ3, STM32MP251DAK3, STM32MP251DAL3, STM32MP251FAI3, STM32MP251FAJ3, STM32MP251FAK3, STM32MP251FAL3, STM32MP253AAI3, STM32MP253AAJ3, STM32MP253AAK3, STM32MP253AAL3, STM32MP253CAI3, STM32MP253CAJ3, STM32MP253CAK3, STM32MP253CAL3, STM32MP253DAI3, STM32MP253DAJ3, STM32MP253DAK3, STM32MP253DAL3, STM32MP253FAI3, STM32MP253FAJ3, STM32MP253FAK3, STM32MP253FAL3, STM32MP255AAI3, STM32MP255AAJ3, STM32MP255AAK3, STM32MP255AAL3, STM32MP255CAI3, STM32MP255CAJ3, STM32MP255CAK3, STM32MP255CAL3, STM32MP255DAI3, STM32MP255DAJ3, STM32MP255DAK3, STM32MP255DAL3, STM32MP255FAI3, STM32MP255FAJ3, STM32MP255FAK3, STM32MP255FAL3, STM32MP257AAI3, STM32MP257AAJ3, STM32MP257AAK3, STM32MP257AAL3, STM32MP257CAI3, STM32MP257CAJ3, STM32MP257CAK3, STM32MP257CAL3, STM32MP257DAI3, STM32MP257DAJ3, STM32MP257DAK3, STM32MP257DAL3, STM32MP257F-DK, STM32MP257F-EV1, STM32MP257FAI3, STM32MP257FAJ3, STM32MP257FAK3, STM32MP257FAL3, STM32N645A0H3Q, STM32N645B0H3Q, STM32N645I0H3Q, STM32N645L0H3Q, STM32N645X0H3Q, STM32N645Z0H3Q, STM32N647A0H3Q, STM32N647B0H3Q, STM32N647I0H3Q, STM32N647L0H3Q, STM32N647X0H3Q, STM32N647Z0H3Q, STM32N655A0H3Q, STM32N655B0H3Q, STM32N655I0H3Q, STM32N655L0H3Q, STM32N655X0H3Q, STM32N655Z0H3Q, STM32N6570-DK, STM32N657A0H3Q, STM32N657B0H3Q, STM32N657I0H3Q, STM32N657L0H3Q, STM32N657X0H3Q, STM32N657Z0H3Q, STM32U031C6T6, STM32U031C6U6, STM32U031C8T6, STM32U031C8U6, STM32U031F4P6, STM32U031F6P6, STM32U031F8P6, STM32U031G6Y6TR, STM32U031G8Y6TR, STM32U031K4U6, STM32U031K6U6, STM32U031K8U6, STM32U031R6I6, STM32U031R6T6, STM32U031R8I6, STM32U031R8T6, STM32U073C8T6, STM32U073C8U6, STM32U073CBT6, STM32U073CBU6, STM32U073CCT6, STM32U073CCU6, STM32U073H8Y6TR, STM32U073HBY6TR, STM32U073HCY6TR, STM32U073K8U6, STM32U073KBU6, STM32U073KCU6, STM32U073M8I6, STM32U073M8T6, STM32U073MBI6, STM32U073MBT6, STM32U073MCI6, STM32U073MCT6, STM32U073R8I6, STM32U073R8T6, STM32U073RBI6, STM32U073RBT6, STM32U073RCI6, STM32U073RCT6, STM32U083C-DK, STM32U083CCT6, STM32U083CCU6, STM32U083HCY6TR, STM32U083KCU6, STM32U083MCI6, STM32U083MCT6, STM32U083RCI6, STM32U083RCT6, STM32U375CET6, STM32U375CET6Q, STM32U375CEU6, STM32U375CEU6Q, STM32U375CEY6QTR, STM32U375CGT6, STM32U375CGT6Q, STM32U375CGU6, STM32U375CGU6Q, STM32U375CGY6QTR, STM32U375KEU6, STM32U375KGU6, STM32U375REI6, STM32U375REI6Q, STM32U375RET6, STM32U375RET6Q, STM32U375REY6GTR, STM32U375REY6QTR, STM32U375RGI6, STM32U375RGI6Q, STM32U375RGT6, STM32U375RGT6Q, STM32U375RGY6GTR, STM32U375RGY6QTR, STM32U375VEI6, STM32U375VEI6Q, STM32U375VET6, STM32U375VET6Q, STM32U375VGI6, STM32U375VGI6Q, STM32U375VGT6, STM32U375VGT6Q, STM32U385CGT6, STM32U385CGT6Q, STM32U385CGU6, STM32U385CGU6Q, STM32U385CGY6QTR, STM32U385KGU6, STM32U385RGI6, STM32U385RGI6Q, STM32U385RGT6, STM32U385RGT6Q, STM32U385RGY6GTR, STM32U385RGY6QTR, STM32U385VGI6, STM32U385VGI6Q, STM32U385VGT6, STM32U385VGT6Q, STM32U535CBT6, STM32U535CBT6Q, STM32U535CBU6, STM32U535CBU6Q, STM32U535CCT6, STM32U535CCT6Q, STM32U535CCU6, STM32U535CCU6Q, STM32U535CET6, STM32U535CET6Q, STM32U535CEU6, STM32U535CEU6Q, STM32U535JEY6QTR, STM32U535NCY6QTR, STM32U535NEY6QTR, STM32U535RBI6, STM32U535RBI6Q, STM32U535RBT6, STM32U535RBT6Q, STM32U535RCI6, STM32U535RCI6Q, STM32U535RCT6, STM32U535RCT6Q, STM32U535REI6, STM32U535REI6Q, STM32U535RET6, STM32U535RET6Q, STM32U535VCI6, STM32U535VCI6Q, STM32U535VCT6, STM32U535VCT6Q, STM32U535VEI6, STM32U535VEI6Q, STM32U535VET6, STM32U535VET6Q, STM32U545CET6, STM32U545CET6Q, STM32U545CEU6, STM32U545CEU6Q, STM32U545JEY6QTR, STM32U545NEY6QTR, STM32U545REI6, STM32U545REI6Q, STM32U545RET6, STM32U545RET6Q, STM32U545VEI6, STM32U545VEI6Q, STM32U545VET6, STM32U545VET6Q, STM32U595AIH6, STM32U595AIH6Q, STM32U595AJH6, STM32U595AJH6Q, STM32U595QII6, STM32U595QII6Q, STM32U595QJI6, STM32U595QJI6Q, STM32U595RIT6, STM32U595RIT6Q, STM32U595RJT6, STM32U595RJT6Q, STM32U595VIT6, STM32U595VIT6Q, STM32U595VJT6, STM32U595VJT6Q, STM32U595ZIT6, STM32U595ZIT6Q, STM32U595ZIY6QTR, STM32U595ZJT6, STM32U595ZJT6Q, STM32U595ZJY6QTR, STM32U599BJY6QTR, STM32U599NIH6Q, STM32U599NJH6Q, STM32U599VIT6Q, STM32U599VJT6, STM32U599VJT6Q, STM32U599ZIT6Q, STM32U599ZIY6QTR, STM32U599ZJT6Q, STM32U599ZJY6QTR, STM32U5A5AJH6, STM32U5A5AJH6Q, STM32U5A5QII3Q , STM32U5A5QJI6, STM32U5A5QJI6Q, STM32U5A5RJT6, STM32U5A5RJT6Q, STM32U5A5VJT6, STM32U5A5VJT6Q, STM32U5A5ZJT6, STM32U5A5ZJT6Q, STM32U5A5ZJY6QTR, STM32U5A9BJY6QTR, STM32U5A9J-DK, STM32U5A9NJH6Q, STM32U5A9VJT6Q, STM32U5A9ZJT6Q, STM32U5A9ZJY6QTR, STM32U5F7VIT6, STM32U5F7VIT6Q, STM32U5F7VJT6, STM32U5F7VJT6Q, STM32U5F9BJY6QTR, STM32U5F9NJH6Q, STM32U5F9VIT6Q, STM32U5F9VJT6Q, STM32U5F9ZIJ6QTR, STM32U5F9ZIT6Q, STM32U5F9ZJJ6QTR, STM32U5F9ZJT6Q, STM32U5G7VJT6, STM32U5G7VJT6Q, STM32U5G9BJY6QTR, STM32U5G9J-DK1, STM32U5G9J-DK2, STM32U5G9NJH6Q, STM32U5G9VJT6Q, STM32U5G9ZJJ6QTR, STM32U5G9ZJT6Q, STM32WB05KZV6TR, STM32WB05KZV7TR, STM32WB05TZF6TR, STM32WB05TZF7TR, STM32WB06CCF6TR, STM32WB06CCF7TR, STM32WB06CCV6TR, STM32WB06CCV7TR, STM32WB06KCV6TR, STM32WB06KCV7TR, STM32WB07CCF6TR, STM32WB07CCF7TR, STM32WB07CCV6TR, STM32WB07CCV7TR, STM32WB07KCV6TR, STM32WB07KCV7TR, STM32WB09KEV6TR, STM32WB09KEV7TR, STM32WB09TEF6TR, STM32WB09TEF7TR, STM32WB1MMCH6, STM32WBA50KGU6, STM32WBA50KGU6TR, STM32WBA52CEU6, STM32WBA52CEU6TR, STM32WBA52CEU7, STM32WBA52CEU7TR, STM32WBA52CGU6, STM32WBA52CGU6TR, STM32WBA52CGU6U, STM32WBA52CGU7, STM32WBA52CGU7TR, STM32WBA52KEU6, STM32WBA52KEU6TR, STM32WBA52KGU6, STM32WBA52KGU6TR, STM32WBA54CEU6, STM32WBA54CEU6TR, STM32WBA54CEU7, STM32WBA54CEU7TR, STM32WBA54CGU6, STM32WBA54CGU6TR, STM32WBA54CGU7, STM32WBA54CGU7TR, STM32WBA54KEU6, STM32WBA54KEU6TR, STM32WBA54KEU7, STM32WBA54KEU7TR, STM32WBA54KGU6, STM32WBA54KGU6TR, STM32WBA54KGU7, STM32WBA54KGU7TR, STM32WBA55CEU6, STM32WBA55CEU6TR, STM32WBA55CEU7, STM32WBA55CEU7TR, STM32WBA55CGU6, STM32WBA55CGU6TR, STM32WBA55CGU6U, STM32WBA55CGU7, STM32WBA55CGU7TR, STM32WBA55G-DK1, STM32WBA55HEF6, STM32WBA55HEF7, STM32WBA55HGF6, STM32WBA55HGF7, STM32WBA55UEI6, STM32WBA55UEI6TR, STM32WBA55UEI7, STM32WBA55UEI7TR, STM32WBA55UGI6, STM32WBA55UGI6TR, STM32WBA55UGI7, STM32WBA55UGI7TR, STM32WBA5MJGH6TR, STM32WBA62CGU6, STM32WBA62CIU6, STM32WBA62MGF6, STM32WBA62MIF6, STM32WBA62PGI6, STM32WBA62PII6, STM32WBA63CGU6, STM32WBA63CGU7, STM32WBA63CIU6, STM32WBA63CIU7, STM32WBA64CGU6, STM32WBA64CGU7, STM32WBA64CIU6, STM32WBA64CIU7, STM32WBA65CGU6, STM32WBA65CGU7, STM32WBA65CIU6, STM32WBA65CIU7, STM32WBA65I-DK1, STM32WBA65MGF6, STM32WBA65MGF7, STM32WBA65MIF6, STM32WBA65MIF7, STM32WBA65PGI6, STM32WBA65PGI7, STM32WBA65PII6, STM32WBA65PII7, STM32WBA65RGV6, STM32WBA65RGV7, STM32WBA65RIV6, STM32WBA65RIV7, STM32WL30K8V6, STM32WL30KBV6, STM32WL31C8V6, STM32WL31CBV6, STM32WL31K8V6, STM32WL31KBV6, STM32WL33C8V6, STM32WL33C8V6TR, STM32WL33C8V7, STM32WL33C8V7TR, STM32WL33CBV6, STM32WL33CBV6TR, STM32WL33CBV7, STM32WL33CBV7TR, STM32WL33CCV6, STM32WL33CCV6TR, STM32WL33CCV7, STM32WL33CCV7A, STM32WL33CCV7ATR, STM32WL33CCV7TR, STM32WL33K8V6, STM32WL33K8V6TR, STM32WL33K8V7, STM32WL33K8V7TR, STM32WL33KBV6, STM32WL33KBV6TR, STM32WL33KBV7, STM32WL33KBV7TR, STM32WL33KCV6, STM32WL33KCV6TR, STM32WL33KCV7, STM32WL33KCV7TR, STM32WL5MOCH6, STM32WL5MOCH6TR]
2025-06-15 20:26:04,391 [INFO] BoardInfo:889 - No configuration file found for board P-NUCLEO-WB55
2025-06-15 20:26:04,393 [INFO] DbBoards:161 - Kit is not supported: P-NUCLEO-WB55
2025-06-15 20:26:04,409 [INFO] BoardInfo:889 - No configuration file found for board STEVAL-BFA001V1B
2025-06-15 20:26:04,412 [INFO] DbBoards:161 - Kit is not supported: STEVAL-BFA001V1B
2025-06-15 20:26:04,414 [INFO] BoardInfo:889 - No configuration file found for board STEVAL-BFA001V2B
2025-06-15 20:26:04,416 [INFO] DbBoards:161 - Kit is not supported: STEVAL-BFA001V2B
2025-06-15 20:26:04,717 [INFO] DbBoards:168 - Found 211 boards, 208 are supported
2025-06-15 20:26:04,718 [INFO] DbBoards:169 - Found 211 boards, 43 of them is supported for  Bsp
2025-06-15 20:26:04,722 [INFO] ApiDb:668 - CubeFinder database Data Model version=2.1
2025-06-15 20:26:04,722 [INFO] ApiDb:669 - CubeFinder database Configuration version=3.0.39
2025-06-15 20:26:04,722 [INFO] ApiDb:670 - CubeFinder database generation date=2025-05-20 (1747743314)
2025-06-15 20:26:04,722 [INFO] ApiDb:671 - CubeFinder database FW Pack versions=[FP-ATR-ASTRA1_V2.0.0, FP-SNS-FLIGHT1_V5.1.0, FP-SNS-MOTENV1_V5.0.0, FP-SNS-MOTENVWB1_V1.4.0, FP-SNS-SMARTAG2_V1.2.0, FP-SNS-STBOX1_V2.0.0, STM32Cube_FW_C0_V1.4.0, STM32Cube_FW_F4_V1.28.2, STM32Cube_FW_F7_V1.17.3, STM32Cube_FW_G0_V1.6.2, STM32Cube_FW_G4_V1.6.1, STM32Cube_FW_H5_V1.5.0, STM32Cube_FW_H7RS_V1.2.0, STM32Cube_FW_H7_V1.12.1, STM32Cube_FW_L0_V1.12.2, STM32Cube_FW_L4_V1.18.1, STM32Cube_FW_L5_V1.5.1, STM32Cube_FW_N6_V1.1.1, STM32Cube_FW_U0_V1.2.0, STM32Cube_FW_U3_V1.1.0, STM32Cube_FW_U5_V1.7.0, STM32Cube_FW_WB0_V1.2.0, STM32Cube_FW_WBA_V1.6.0, STM32Cube_FW_WB_V1.22.0, STM32Cube_FW_WL3_V1.1.0, STM32Cube_FW_WL_V1.3.1, X-CUBE-ALGOBUILD_V1.4.0, X-CUBE-ALS_V1.0.2, X-CUBE-AZRTOS-F4_V1.1.0, X-CUBE-AZRTOS-F7_V1.1.0, X-CUBE-AZRTOS-G0_V1.1.0, X-CUBE-AZRTOS-G4_V2.0.0, X-CUBE-AZRTOS-H7RS_V1.1.0, X-CUBE-AZRTOS-H7_V3.3.0, X-CUBE-AZRTOS-L4_V2.0.0, X-CUBE-AZRTOS-L5_V2.0.0, X-CUBE-AZRTOS-WB_V2.0.0, X-CUBE-AZRTOS-WL_V2.0.0, X-CUBE-BLE1_V7.1.0, X-CUBE-BLE2_V3.3.0, X-CUBE-BLEMGR_V4.0.0, X-CUBE-EEPRMA1_V5.1.0, X-CUBE-FREERTOS_V1.3.1, X-CUBE-GNSS1_V6.0.0, X-CUBE-MEMS1_V11.2.0, X-CUBE-NFC4_V3.0.0, X-CUBE-NFC7_V2.0.0, X-CUBE-SFXS2LP1_V4.0.0, X-CUBE-SUBG2_V5.0.0, X-CUBE-TOF1_V3.4.3]
2025-06-15 20:26:07,088 [INFO] ApiDb:240 - Found 895 in-development CPN: [B-G473E-ZEST1S, B-WB1M-WPAN1, B-WBA5M-WPAN, B-WL5M-SUBG1, NUCLEO-C031C6, NUCLEO-C051C8, NUCLEO-C071RB, NUCLEO-C092RC, NUCLEO-H503RB, NUCLEO-H533RE, NUCLEO-H563ZI, NUCLEO-H7S3L8, NUCLEO-N657X0-Q, NUCLEO-U031R8, NUCLEO-U083RC, NUCLEO-U385RG-Q, NUCLEO-U545RE-Q, NUCLEO-U5A5ZJ-Q, NUCLEO-WB05KZ, NUCLEO-WB07CC, NUCLEO-WB09KE, NUCLEO-WBA52CG, NUCLEO-WBA55CG, NUCLEO-WBA65RI, NUCLEO-WL33CC1, NUCLEO-WL33CC2, STEVAL-PROTEUS1, STEVAL-SMARTAG2, STEVAL-STWINBX1, STM320518-EVAL, STM32C0116-DK, STM32C011D6Y3TR, STM32C011D6Y6TR, STM32C011F4P3, STM32C011F4P6, STM32C011F4U3, STM32C011F4U6TR, STM32C011F6P3, STM32C011F6P6, STM32C011F6U3, STM32C011F6U6TR, STM32C011J4M3, STM32C011J4M6, STM32C011J6M3, STM32C011J6M6, STM32C0316-DK, STM32C031C4T3, STM32C031C4T6, STM32C031C4U3, STM32C031C4U6, STM32C031C6T3, STM32C031C6T6, STM32C031C6U3, STM32C031C6U6, STM32C031F4P3, STM32C031F4P6, STM32C031F6P3, STM32C031F6P6, STM32C031G4U3, STM32C031G4U6, STM32C031G6U3, STM32C031G6U6, STM32C031K4T3, STM32C031K4T6, STM32C031K4U3, STM32C031K4U6, STM32C031K6T3, STM32C031K6T6, STM32C031K6U3, STM32C031K6U6, STM32C051C6T6, STM32C051C6U6, STM32C051C8T6, STM32C051C8U6, STM32C051D8Y6TR, STM32C051F6P6, STM32C051F8P6, STM32C051G6U6, STM32C051G8U6, STM32C051K6T6, STM32C051K6U6, STM32C051K8T6, STM32C071C8T6, STM32C071C8T6N, STM32C071C8U6, STM32C071C8U6N, STM32C071CBT6, STM32C071CBT6N, STM32C071CBU6, STM32C071CBU6N, STM32C071F8P6, STM32C071F8P6N, STM32C071FBP6, STM32C071FBP6N, STM32C071FBY6TR, STM32C071G8U6, STM32C071G8U6N, STM32C071GBU6, STM32C071GBU6N, STM32C071K8T6, STM32C071K8T6N, STM32C071K8U6, STM32C071K8U6N, STM32C071KBT6, STM32C071KBT6N, STM32C071KBU6, STM32C071KBU6N, STM32C071R8T6, STM32C071R8T6N, STM32C071RBI6N, STM32C071RBT6, STM32C071RBT6N, STM32C091CBT6, STM32C091CBU6, STM32C091CCT6, STM32C091CCU6, STM32C091ECY6TR, STM32C091FBP6, STM32C091FCP6, STM32C091GBU6, STM32C091GCU6, STM32C091KBT6, STM32C091KBU6, STM32C091KCT6, STM32C091KCU6, STM32C091RBT6, STM32C091RCI6, STM32C091RCT6, STM32C092CBT6, STM32C092CBU6, STM32C092CCT6, STM32C092CCU6, STM32C092ECY6TR, STM32C092FBP6, STM32C092FCP6, STM32C092GBU6, STM32C092GCU6, STM32C092KBT6, STM32C092KBU6, STM32C092KCT6, STM32C092KCU6, STM32C092RBT6, STM32C092RCI6, STM32C092RCT6, STM32G071K8TXN, STM32G071K8UXN, STM32G081GBU6N, STM32G081KBT6N, STM32G081KBUXN, STM32G0B1CCT6N, STM32G0B1KCT6, STM32G0B1NEY6TR, STM32G0B1RCT6N, STM32G0C1CCT6, STM32G0C1CCT6N, STM32G0C1CCU6N, STM32G0C1CET6N, STM32G0C1CEU6N, STM32G0C1KCT6, STM32G0C1NEY6TR, STM32G0C1RCI6N, STM32G0C1RCT6N, STM32G0C1REI6N, STM32G0C1RET6N, STM32G0C1VCI6, STM32G0C1VEI6, STM32G411C6T3, STM32G411C6T6, STM32G411C6U3, STM32G411C6U6, STM32G411C8T3, STM32G411C8T6, STM32G411C8U3, STM32G411C8U6, STM32G411CBT3, STM32G411CBT6, STM32G411CBU3, STM32G411CBU6, STM32G411CCT3, STM32G411CCT6, STM32G411CCU3, STM32G411CCU6, STM32G411K6T3, STM32G411K6T6, STM32G411K6U3, STM32G411K6U6, STM32G411K8T3, STM32G411K8T6, STM32G411K8U3, STM32G411K8U6, STM32G411KBT3, STM32G411KBT6, STM32G411KBU3, STM32G411KBU6, STM32G411M6T3, STM32G411M6T6, STM32G411M8T3, STM32G411M8T6, STM32G411MBT3, STM32G411MBT6, STM32G411MCT3, STM32G411MCT6, STM32G411R6T3, STM32G411R6T6, STM32G411R8T3, STM32G411R8T6, STM32G411RBT3, STM32G411RBT6, STM32G411RCT3, STM32G411RCT6, STM32G414CBT3, STM32G414CBT6, STM32G414CBU3, STM32G414CBU6, STM32G414CCT3, STM32G414CCT6, STM32G414CCU3, STM32G414CCU6, STM32G414MBT3, STM32G414MBT6, STM32G414MCT3, STM32G414MCT6, STM32G414RBT3, STM32G414RBT6, STM32G414RCT3, STM32G414RCT6, STM32G414VBT3, STM32G414VBT6, STM32G414VCT3, STM32G414VCT6, STM32G431CBT3Z, STM32G431RBT3Z, STM32G471CCT6, STM32G471CCU6, STM32G471CET3, STM32G471CET6, STM32G471CEU3, STM32G471CEU6, STM32G471MCT6, STM32G471MET3, STM32G471MET6, STM32G471MEY6TR, STM32G471QCT6, STM32G471QET3, STM32G471RCT6, STM32G471RET3, STM32G471RET6, STM32G471VCH6, STM32G471VCI6, STM32G471VCT6, STM32G471VEH3, STM32G471VEH6, STM32G471VEI3, STM32G471VEI6, STM32G471VET3, STM32G471VET6, STM32G473QET3Z, STM32G473RET3Z, STM32G474CCT6, STM32G491RET3Z, STM32H503CBT6, STM32H503CBU6, STM32H503EBY6TR, STM32H503KBU6, STM32H503RBT6, STM32H523CCT6, STM32H523CCU6, STM32H523CET6, STM32H523CEU6, STM32H523HEY6TR, STM32H523RCT6, STM32H523RET6, STM32H523VCI6, STM32H523VCT6, STM32H523VEI6, STM32H523VET6, STM32H523ZCJ6, STM32H523ZCT6, STM32H523ZEJ6, STM32H523ZET6, STM32H533CET6, STM32H533CEU6, STM32H533HEY6TR, STM32H533RET6, STM32H533VEI6, STM32H533VET6, STM32H533ZEJ6, STM32H533ZET6, STM32H562AGI6, STM32H562AII6, STM32H562IGK6, STM32H562IGT6, STM32H562IIK6, STM32H562IIT6, STM32H562RGT6, STM32H562RGV6, STM32H562RIT6, STM32H562RIV6, STM32H562VGT6, STM32H562VIT6, STM32H562ZGT6, STM32H562ZIT6, STM32H563AGI6, STM32H563AII3Q, STM32H563AII6, STM32H563IGK6, STM32H563IGT6, STM32H563IIK3Q, STM32H563IIK6, STM32H563IIT3Q, STM32H563IIT6, STM32H563MIY3QTR, STM32H563RGT6, STM32H563RGV6, STM32H563RIT6, STM32H563RIV6, STM32H563VGT6, STM32H563VIT3Q, STM32H563VIT6, STM32H563ZGT6, STM32H563ZIT3Q, STM32H563ZIT6, STM32H573AII3Q, STM32H573AII6, STM32H573I-DK, STM32H573IIK3Q, STM32H573IIK6, STM32H573IIT3Q, STM32H573IIT6, STM32H573MIY3QTR, STM32H573RIT6, STM32H573RIV6, STM32H573VIT3Q, STM32H573VIT6, STM32H573ZIT3Q, STM32H573ZIT6, STM32H7R3A8I6, STM32H7R3I8K6, STM32H7R3I8T6, STM32H7R3L8H6, STM32H7R3L8H6H, STM32H7R3R8V6, STM32H7R3V8H6, STM32H7R3V8T6, STM32H7R3V8Y6TR, STM32H7R3Z8J6, STM32H7R3Z8T6, STM32H7R7A8I6, STM32H7R7I8K6, STM32H7R7I8T6, STM32H7R7L8H6, STM32H7R7L8H6H, STM32H7R7Z8J6, STM32H7S3A8I6, STM32H7S3I8K6, STM32H7S3I8T6, STM32H7S3L8H6, STM32H7S3L8H6H, STM32H7S3R8V6, STM32H7S3V8H6, STM32H7S3V8T6, STM32H7S3V8Y6TR, STM32H7S3Z8J6, STM32H7S3Z8T6, STM32H7S78-DK, STM32H7S7A8I6, STM32H7S7I8K6, STM32H7S7I8T6, STM32H7S7L8H6, STM32H7S7L8H6H, STM32H7S7Z8J6, STM32L4R5QGI6STR, STM32MP131AAE3, STM32MP131AAF3, STM32MP131AAG3, STM32MP131CAE3, STM32MP131CAF3, STM32MP131CAG3, STM32MP131DAE7, STM32MP131DAF7, STM32MP131DAG7, STM32MP131FAE7, STM32MP131FAF7, STM32MP131FAG7, STM32MP133AAE3, STM32MP133AAF3, STM32MP133AAG3, STM32MP133CAE3, STM32MP133CAF3, STM32MP133CAG3, STM32MP133DAE7, STM32MP133DAF7, STM32MP133DAG7, STM32MP133FAE7, STM32MP133FAF7, STM32MP133FAG7, STM32MP135AAE3, STM32MP135AAF3, STM32MP135AAG3, STM32MP135CAE3, STM32MP135CAF3, STM32MP135CAG3, STM32MP135DAE7, STM32MP135DAF7, STM32MP135DAG7, STM32MP135F-DK, STM32MP135FAE7, STM32MP135FAF7, STM32MP135FAF7T, STM32MP135FAF7U, STM32MP135FAG7, STM32MP231AAJ3, STM32MP231AAK3, STM32MP231AAL3, STM32MP231CAJ3, STM32MP231CAK3, STM32MP231CAL3, STM32MP231DAJ3, STM32MP231DAK3, STM32MP231DAL3, STM32MP231FAJ3, STM32MP231FAK3, STM32MP231FAL3, STM32MP233AAJ3, STM32MP233AAK3, STM32MP233AAL3, STM32MP233CAJ3, STM32MP233CAK3, STM32MP233CAL3, STM32MP233DAJ3, STM32MP233DAK3, STM32MP233DAL3, STM32MP233FAJ3, STM32MP233FAK3, STM32MP233FAL3, STM32MP235AAJ3, STM32MP235AAK3, STM32MP235AAL3, STM32MP235CAJ3, STM32MP235CAK3, STM32MP235CAL3, STM32MP235DAJ3, STM32MP235DAK3, STM32MP235DAL3, STM32MP235FAJ3, STM32MP235FAK3, STM32MP235FAL3, STM32MP251AAI3, STM32MP251AAJ3, STM32MP251AAK3, STM32MP251AAL3, STM32MP251CAI3, STM32MP251CAJ3, STM32MP251CAK3, STM32MP251CAL3, STM32MP251DAI3, STM32MP251DAJ3, STM32MP251DAK3, STM32MP251DAL3, STM32MP251FAI3, STM32MP251FAJ3, STM32MP251FAK3, STM32MP251FAL3, STM32MP253AAI3, STM32MP253AAJ3, STM32MP253AAK3, STM32MP253AAL3, STM32MP253CAI3, STM32MP253CAJ3, STM32MP253CAK3, STM32MP253CAL3, STM32MP253DAI3, STM32MP253DAJ3, STM32MP253DAK3, STM32MP253DAL3, STM32MP253FAI3, STM32MP253FAJ3, STM32MP253FAK3, STM32MP253FAL3, STM32MP255AAI3, STM32MP255AAJ3, STM32MP255AAK3, STM32MP255AAL3, STM32MP255CAI3, STM32MP255CAJ3, STM32MP255CAK3, STM32MP255CAL3, STM32MP255DAI3, STM32MP255DAJ3, STM32MP255DAK3, STM32MP255DAL3, STM32MP255FAI3, STM32MP255FAJ3, STM32MP255FAK3, STM32MP255FAL3, STM32MP257AAI3, STM32MP257AAJ3, STM32MP257AAK3, STM32MP257AAL3, STM32MP257CAI3, STM32MP257CAJ3, STM32MP257CAK3, STM32MP257CAL3, STM32MP257DAI3, STM32MP257DAJ3, STM32MP257DAK3, STM32MP257DAL3, STM32MP257F-DK, STM32MP257F-EV1, STM32MP257FAI3, STM32MP257FAJ3, STM32MP257FAK3, STM32MP257FAL3, STM32N645A0H3Q, STM32N645B0H3Q, STM32N645I0H3Q, STM32N645L0H3Q, STM32N645X0H3Q, STM32N645Z0H3Q, STM32N647A0H3Q, STM32N647B0H3Q, STM32N647I0H3Q, STM32N647L0H3Q, STM32N647X0H3Q, STM32N647Z0H3Q, STM32N655A0H3Q, STM32N655B0H3Q, STM32N655I0H3Q, STM32N655L0H3Q, STM32N655X0H3Q, STM32N655Z0H3Q, STM32N6570-DK, STM32N657A0H3Q, STM32N657B0H3Q, STM32N657I0H3Q, STM32N657L0H3Q, STM32N657X0H3Q, STM32N657Z0H3Q, STM32U031C6T6, STM32U031C6U6, STM32U031C8T6, STM32U031C8U6, STM32U031F4P6, STM32U031F6P6, STM32U031F8P6, STM32U031G6Y6TR, STM32U031G8Y6TR, STM32U031K4U6, STM32U031K6U6, STM32U031K8U6, STM32U031R6I6, STM32U031R6T6, STM32U031R8I6, STM32U031R8T6, STM32U073C8T6, STM32U073C8U6, STM32U073CBT6, STM32U073CBU6, STM32U073CCT6, STM32U073CCU6, STM32U073H8Y6TR, STM32U073HBY6TR, STM32U073HCY6TR, STM32U073K8U6, STM32U073KBU6, STM32U073KCU6, STM32U073M8I6, STM32U073M8T6, STM32U073MBI6, STM32U073MBT6, STM32U073MCI6, STM32U073MCT6, STM32U073R8I6, STM32U073R8T6, STM32U073RBI6, STM32U073RBT6, STM32U073RCI6, STM32U073RCT6, STM32U083C-DK, STM32U083CCT6, STM32U083CCU6, STM32U083HCY6TR, STM32U083KCU6, STM32U083MCI6, STM32U083MCT6, STM32U083RCI6, STM32U083RCT6, STM32U375CET6, STM32U375CET6Q, STM32U375CEU6, STM32U375CEU6Q, STM32U375CEY6QTR, STM32U375CGT6, STM32U375CGT6Q, STM32U375CGU6, STM32U375CGU6Q, STM32U375CGY6QTR, STM32U375KEU6, STM32U375KGU6, STM32U375REI6, STM32U375REI6Q, STM32U375RET6, STM32U375RET6Q, STM32U375REY6GTR, STM32U375REY6QTR, STM32U375RGI6, STM32U375RGI6Q, STM32U375RGT6, STM32U375RGT6Q, STM32U375RGY6GTR, STM32U375RGY6QTR, STM32U375VEI6, STM32U375VEI6Q, STM32U375VET6, STM32U375VET6Q, STM32U375VGI6, STM32U375VGI6Q, STM32U375VGT6, STM32U375VGT6Q, STM32U385CGT6, STM32U385CGT6Q, STM32U385CGU6, STM32U385CGU6Q, STM32U385CGY6QTR, STM32U385KGU6, STM32U385RGI6, STM32U385RGI6Q, STM32U385RGT6, STM32U385RGT6Q, STM32U385RGY6GTR, STM32U385RGY6QTR, STM32U385VGI6, STM32U385VGI6Q, STM32U385VGT6, STM32U385VGT6Q, STM32U535CBT6, STM32U535CBT6Q, STM32U535CBU6, STM32U535CBU6Q, STM32U535CCT6, STM32U535CCT6Q, STM32U535CCU6, STM32U535CCU6Q, STM32U535CET6, STM32U535CET6Q, STM32U535CEU6, STM32U535CEU6Q, STM32U535JEY6QTR, STM32U535NCY6QTR, STM32U535NEY6QTR, STM32U535RBI6, STM32U535RBI6Q, STM32U535RBT6, STM32U535RBT6Q, STM32U535RCI6, STM32U535RCI6Q, STM32U535RCT6, STM32U535RCT6Q, STM32U535REI6, STM32U535REI6Q, STM32U535RET6, STM32U535RET6Q, STM32U535VCI6, STM32U535VCI6Q, STM32U535VCT6, STM32U535VCT6Q, STM32U535VEI6, STM32U535VEI6Q, STM32U535VET6, STM32U535VET6Q, STM32U545CET6, STM32U545CET6Q, STM32U545CEU6, STM32U545CEU6Q, STM32U545JEY6QTR, STM32U545NEY6QTR, STM32U545REI6, STM32U545REI6Q, STM32U545RET6, STM32U545RET6Q, STM32U545VEI6, STM32U545VEI6Q, STM32U545VET6, STM32U545VET6Q, STM32U595AIH6, STM32U595AIH6Q, STM32U595AJH6, STM32U595AJH6Q, STM32U595QII6, STM32U595QII6Q, STM32U595QJI6, STM32U595QJI6Q, STM32U595RIT6, STM32U595RIT6Q, STM32U595RJT6, STM32U595RJT6Q, STM32U595VIT6, STM32U595VIT6Q, STM32U595VJT6, STM32U595VJT6Q, STM32U595ZIT6, STM32U595ZIT6Q, STM32U595ZIY6QTR, STM32U595ZJT6, STM32U595ZJT6Q, STM32U595ZJY6QTR, STM32U599BJY6QTR, STM32U599NIH6Q, STM32U599NJH6Q, STM32U599VIT6Q, STM32U599VJT6, STM32U599VJT6Q, STM32U599ZIT6Q, STM32U599ZIY6QTR, STM32U599ZJT6Q, STM32U599ZJY6QTR, STM32U5A5AJH6, STM32U5A5AJH6Q, STM32U5A5QII3Q , STM32U5A5QJI6, STM32U5A5QJI6Q, STM32U5A5RJT6, STM32U5A5RJT6Q, STM32U5A5VJT6, STM32U5A5VJT6Q, STM32U5A5ZJT6, STM32U5A5ZJT6Q, STM32U5A5ZJY6QTR, STM32U5A9BJY6QTR, STM32U5A9J-DK, STM32U5A9NJH6Q, STM32U5A9VJT6Q, STM32U5A9ZJT6Q, STM32U5A9ZJY6QTR, STM32U5F7VIT6, STM32U5F7VIT6Q, STM32U5F7VJT6, STM32U5F7VJT6Q, STM32U5F9BJY6QTR, STM32U5F9NJH6Q, STM32U5F9VIT6Q, STM32U5F9VJT6Q, STM32U5F9ZIJ6QTR, STM32U5F9ZIT6Q, STM32U5F9ZJJ6QTR, STM32U5F9ZJT6Q, STM32U5G7VJT6, STM32U5G7VJT6Q, STM32U5G9BJY6QTR, STM32U5G9J-DK1, STM32U5G9J-DK2, STM32U5G9NJH6Q, STM32U5G9VJT6Q, STM32U5G9ZJJ6QTR, STM32U5G9ZJT6Q, STM32WB05KZV6TR, STM32WB05KZV7TR, STM32WB05TZF6TR, STM32WB05TZF7TR, STM32WB06CCF6TR, STM32WB06CCF7TR, STM32WB06CCV6TR, STM32WB06CCV7TR, STM32WB06KCV6TR, STM32WB06KCV7TR, STM32WB07CCF6TR, STM32WB07CCF7TR, STM32WB07CCV6TR, STM32WB07CCV7TR, STM32WB07KCV6TR, STM32WB07KCV7TR, STM32WB09KEV6TR, STM32WB09KEV7TR, STM32WB09TEF6TR, STM32WB09TEF7TR, STM32WB1MMCH6, STM32WBA50KGU6, STM32WBA50KGU6TR, STM32WBA52CEU6, STM32WBA52CEU6TR, STM32WBA52CEU7, STM32WBA52CEU7TR, STM32WBA52CGU6, STM32WBA52CGU6TR, STM32WBA52CGU6U, STM32WBA52CGU7, STM32WBA52CGU7TR, STM32WBA52KEU6, STM32WBA52KEU6TR, STM32WBA52KGU6, STM32WBA52KGU6TR, STM32WBA54CEU6, STM32WBA54CEU6TR, STM32WBA54CEU7, STM32WBA54CEU7TR, STM32WBA54CGU6, STM32WBA54CGU6TR, STM32WBA54CGU7, STM32WBA54CGU7TR, STM32WBA54KEU6, STM32WBA54KEU6TR, STM32WBA54KEU7, STM32WBA54KEU7TR, STM32WBA54KGU6, STM32WBA54KGU6TR, STM32WBA54KGU7, STM32WBA54KGU7TR, STM32WBA55CEU6, STM32WBA55CEU6TR, STM32WBA55CEU7, STM32WBA55CEU7TR, STM32WBA55CGU6, STM32WBA55CGU6TR, STM32WBA55CGU6U, STM32WBA55CGU7, STM32WBA55CGU7TR, STM32WBA55G-DK1, STM32WBA55HEF6, STM32WBA55HEF7, STM32WBA55HGF6, STM32WBA55HGF7, STM32WBA55UEI6, STM32WBA55UEI6TR, STM32WBA55UEI7, STM32WBA55UEI7TR, STM32WBA55UGI6, STM32WBA55UGI6TR, STM32WBA55UGI7, STM32WBA55UGI7TR, STM32WBA5MJGH6TR, STM32WBA62CGU6, STM32WBA62CIU6, STM32WBA62MGF6, STM32WBA62MIF6, STM32WBA62PGI6, STM32WBA62PII6, STM32WBA63CGU6, STM32WBA63CGU7, STM32WBA63CIU6, STM32WBA63CIU7, STM32WBA64CGU6, STM32WBA64CGU7, STM32WBA64CIU6, STM32WBA64CIU7, STM32WBA65CGU6, STM32WBA65CGU7, STM32WBA65CIU6, STM32WBA65CIU7, STM32WBA65I-DK1, STM32WBA65MGF6, STM32WBA65MGF7, STM32WBA65MIF6, STM32WBA65MIF7, STM32WBA65PGI6, STM32WBA65PGI7, STM32WBA65PII6, STM32WBA65PII7, STM32WBA65RGV6, STM32WBA65RGV7, STM32WBA65RIV6, STM32WBA65RIV7, STM32WL30K8V6, STM32WL30KBV6, STM32WL31C8V6, STM32WL31CBV6, STM32WL31K8V6, STM32WL31KBV6, STM32WL33C8V6, STM32WL33C8V6TR, STM32WL33C8V7, STM32WL33C8V7TR, STM32WL33CBV6, STM32WL33CBV6TR, STM32WL33CBV7, STM32WL33CBV7TR, STM32WL33CCV6, STM32WL33CCV6TR, STM32WL33CCV7, STM32WL33CCV7A, STM32WL33CCV7ATR, STM32WL33CCV7TR, STM32WL33K8V6, STM32WL33K8V6TR, STM32WL33K8V7, STM32WL33K8V7TR, STM32WL33KBV6, STM32WL33KBV6TR, STM32WL33KBV7, STM32WL33KBV7TR, STM32WL33KCV6, STM32WL33KCV6TR, STM32WL33KCV7, STM32WL33KCV7TR, STM32WL5MOCH6, STM32WL5MOCH6TR]
2025-06-15 20:26:07,092 [INFO] DbMcus:218 - Found 4686 MCUs, 4686 are supported
2025-06-15 20:26:07,095 [INFO] ApiDb:423 - Load user favorites file C:\Users\Tejas Sawant/.stm32cubeide/favorites.mcus.txt: 0 item(s)
2025-06-15 20:26:07,095 [INFO] ApiDb:427 - User favorites MCUs=[]
2025-06-15 20:26:07,095 [INFO] DbMcus:224 - Set 0 / 0 favorites MCUs
2025-06-15 20:26:07,541 [INFO] ApiDb:423 - Load user favorites file C:\Users\Tejas Sawant/.stm32cubeide/favorites.boards.txt: 0 item(s)
2025-06-15 20:26:07,541 [INFO] ApiDb:427 - User favorites Boards=[]
2025-06-15 20:26:07,541 [INFO] DbBoards:198 - Set 0 / 0 favorites Boards
2025-06-15 20:26:07,542 [INFO] McuFinderGlobals:76 - Set McuFinderConnectedMode to true
2025-06-15 20:26:07,549 [INFO] MultiScanPanel:200 - Auto-refresh data requested => check proxy status ongoing
2025-06-15 20:26:07,552 [INFO] FinderPluginLoader:95 - Searching for filters in installed packs
2025-06-15 20:26:09,121 [INFO] LoadUrlFilesThread:185 - End of LoadServerUrlFiles without Thread
2025-06-15 20:26:09,134 [INFO] DetailPanel:341 - Set advertising image to C:/Users/Tejas Sawant/STM32Cube/Repository/\en.summit-h1-25-promotion.jpg
2025-06-15 20:26:12,828 [INFO] MultiScanPanel:200 - Auto-refresh data requested => check proxy status ongoing
2025-06-15 20:26:12,953 [INFO] LoadUrlFilesThread:185 - End of LoadServerUrlFiles without Thread
2025-06-15 20:26:12,954 [INFO] DetailPanel:341 - Set advertising image to C:/Users/Tejas Sawant/STM32Cube/Repository/\en.summit-h1-25-promotion.jpg
2025-06-15 20:26:12,966 [INFO] DbBoards:642 - Loading board mini-images...
2025-06-15 20:26:13,152 [ERROR] DbBoards:659 - Image file not found for board B-WBA5M-WPAN: C:\Users\Tejas Sawant\.stmcufinder\plugins\mcufinder//mcu//boards_images/B-WBA5M-WPAN.jpg
2025-06-15 20:26:15,216 [INFO] DbBoards:665 - Loaded 210 board mini-images
2025-06-15 20:26:46,753 [INFO] McuFinderGlobals:76 - Set McuFinderConnectedMode to true
2025-06-15 20:26:46,759 [INFO] ApiDb:448 - Save user favorites file C:\Users\Tejas Sawant/.stm32cubeide/favorites.mcus.txt: 0 item(s)
2025-06-15 20:26:46,759 [INFO] ApiDb:452 - User favorites MCUs=[]
2025-06-15 20:26:46,761 [INFO] ApiDb:448 - Save user favorites file C:\Users\Tejas Sawant/.stm32cubeide/favorites.boards.txt: 0 item(s)
2025-06-15 20:26:46,762 [INFO] ApiDb:452 - User favorites Boards=[]
2025-06-15 20:42:41,958 [INFO] LogOutputStream:77 - [STDOUT_REDIRECT] StartTraceHandler.execute(), success : Collect=true
2025-06-15 20:43:36,599 [INFO] LogOutputStream:77 - [STDOUT_REDIRECT] StartTraceHandler.execute(), success : Collect=false
2025-06-15 20:43:40,665 [INFO] LogOutputStream:77 - [STDOUT_REDIRECT] StartTraceHandler.execute(), success : Collect=true
2025-06-15 20:45:23,326 [INFO] LogOutputStream:77 - [STDOUT_REDIRECT] StartTraceHandler.execute(), success : Collect=false
2025-06-15 20:45:28,867 [INFO] LogOutputStream:77 - [STDOUT_REDIRECT] StartTraceHandler.execute(), success : Collect=true
2025-06-15 20:45:44,637 [INFO] LogOutputStream:77 - [STDOUT_REDIRECT] StartTraceHandler.execute(), success : Collect=false
2025-06-15 20:45:45,882 [INFO] LogOutputStream:77 - [STDOUT_REDIRECT] StartTraceHandler.execute(), success : Collect=true
2025-06-15 20:45:47,080 [INFO] LogOutputStream:77 - [STDOUT_REDIRECT] StartTraceHandler.execute(), success : Collect=false
2025-06-15 20:46:19,586 [INFO] LogOutputStream:77 - [STDOUT_REDIRECT] StartTraceHandler.execute(), success : Collect=true
2025-06-15 20:59:31,400 [INFO] LogOutputStream:77 - [STDOUT_REDIRECT] StartTraceHandler.execute(), success : Collect=false
2025-06-15 20:59:33,742 [INFO] LogOutputStream:77 - [STDOUT_REDIRECT] StartTraceHandler.execute(), success : Collect=true
2025-06-15 23:46:25,861 [INFO] Activator:176 - 


2025-06-15 23:46:25,866 [INFO] Activator:177 - !SESSION log4j initialized
2025-06-15 23:46:32,294 [INFO] LogOutputStream:77 - [STDOUT_REDIRECT] 
2025-06-15 23:46:33,013 [INFO] ApplicationProperties:184 - Using Application install path: C:\ST\STM32CubeIDE_1.15.1\STM32CubeIDE\plugins\com.st.stm32cube.common.mx_6.14.1.202504091515
2025-06-15 23:46:33,031 [INFO] DbMcusXml:78 - Set database path to: C:\ST\STM32CubeIDE_1.15.1\STM32CubeIDE\plugins\com.st.stm32cube.common.mx_6.14.1.202504091515\\db\/mcu/
2025-06-15 23:46:33,032 [INFO] ApiDb:274 - Set plugin database path to: C:\ST\STM32CubeIDE_1.15.1\STM32CubeIDE\plugins\com.st.stm32cube.common.mx_6.14.1.202504091515\\db\/plugins/boardmanager/
2025-06-15 23:46:33,032 [WARN] ApiDb:259 - Overriding images path with different value:  => C:\ST\STM32CubeIDE_1.15.1\STM32CubeIDE\plugins\com.st.stm32cube.common.mx_6.14.1.202504091515\\db\/plugins/mcufinder/images/
2025-06-15 23:46:33,038 [INFO] ApiDb:250 - Set database path to: C:\Users\Tejas Sawant\.stmcufinder\plugins\mcufinder//mcu/
2025-06-15 23:46:33,039 [INFO] DbMcusAds:125 - Set database path to: C:\Users\Tejas Sawant\.stmcufinder\plugins\mcufinder//mcu/
2025-06-15 23:46:33,041 [INFO] CrossReferenceDbSqlite:203 - Set database path to: C:\Users\Tejas Sawant\.stmcufinder\plugins\mcufinder//mcu/cs/
2025-06-15 23:46:33,160 [INFO] RulesReader:64 - Compatibility file has been processed (302 Rules)
2025-06-15 23:46:33,239 [INFO] DbMcusXml:78 - Set database path to: C:\ST\STM32CubeIDE_1.15.1\STM32CubeIDE\plugins\com.st.stm32cube.common.mx_6.14.1.202504091515\\db\/mcu/
2025-06-15 23:46:33,239 [INFO] ApiDb:274 - Set plugin database path to: C:\ST\STM32CubeIDE_1.15.1\STM32CubeIDE\plugins\com.st.stm32cube.common.mx_6.14.1.202504091515\\db\/plugins/boardmanager/
2025-06-15 23:46:33,239 [INFO] ApiDb:261 - Set plugin images path to: C:\ST\STM32CubeIDE_1.15.1\STM32CubeIDE\plugins\com.st.stm32cube.common.mx_6.14.1.202504091515\\db\/plugins/mcufinder/images/
2025-06-15 23:46:33,239 [WARN] DbFile:41 - Overriding database path with different value: C:\Users\Tejas Sawant\.stmcufinder\plugins\mcufinder/ => C:\Users\Tejas Sawant\.stmcufinder\plugins\mcufinder
2025-06-15 23:46:33,240 [INFO] ApiDb:250 - Set database path to: C:\Users\Tejas Sawant\.stmcufinder\plugins\mcufinder//mcu/
2025-06-15 23:46:33,240 [WARN] DbFile:41 - Overriding database path with different value: C:\Users\Tejas Sawant\.stmcufinder\plugins\mcufinder/ => C:\Users\Tejas Sawant\.stmcufinder\plugins\mcufinder
2025-06-15 23:46:33,240 [INFO] DbMcusAds:125 - Set database path to: C:\Users\Tejas Sawant\.stmcufinder\plugins\mcufinder//mcu/
2025-06-15 23:46:33,240 [WARN] DbFile:41 - Overriding database path with different value: C:\Users\Tejas Sawant\.stmcufinder\plugins\mcufinder/ => C:\Users\Tejas Sawant\.stmcufinder\plugins\mcufinder
2025-06-15 23:46:33,240 [WARN] DbFile:41 - Overriding database path with different value: C:\Users\Tejas Sawant\.stmcufinder\plugins\mcufinder/ => C:\Users\Tejas Sawant\.stmcufinder\plugins\mcufinder
2025-06-15 23:46:33,240 [INFO] CrossReferenceDbSqlite:203 - Set database path to: C:\Users\Tejas Sawant\.stmcufinder\plugins\mcufinder//mcu/cs/
2025-06-15 23:46:33,304 [INFO] MainPanel:272 - HeapMemory: 268435456
2025-06-15 23:46:33,384 [INFO] DbMcusXml:78 - Set database path to: C:\ST\STM32CubeIDE_1.15.1\STM32CubeIDE\plugins\com.st.stm32cube.common.mx_6.14.1.202504091515\\db\/mcu/
2025-06-15 23:46:33,384 [INFO] ApiDb:274 - Set plugin database path to: C:\ST\STM32CubeIDE_1.15.1\STM32CubeIDE\plugins\com.st.stm32cube.common.mx_6.14.1.202504091515\\db\/plugins/boardmanager/
2025-06-15 23:46:33,384 [INFO] ApiDb:261 - Set plugin images path to: C:\ST\STM32CubeIDE_1.15.1\STM32CubeIDE\plugins\com.st.stm32cube.common.mx_6.14.1.202504091515\\db\/plugins/mcufinder/images/
2025-06-15 23:46:33,384 [WARN] DbFile:41 - Overriding database path with different value: C:\Users\Tejas Sawant\.stmcufinder\plugins\mcufinder/ => C:\Users\Tejas Sawant\.stmcufinder\plugins\mcufinder
2025-06-15 23:46:33,385 [INFO] ApiDb:250 - Set database path to: C:\Users\Tejas Sawant\.stmcufinder\plugins\mcufinder//mcu/
2025-06-15 23:46:33,385 [WARN] DbFile:41 - Overriding database path with different value: C:\Users\Tejas Sawant\.stmcufinder\plugins\mcufinder/ => C:\Users\Tejas Sawant\.stmcufinder\plugins\mcufinder
2025-06-15 23:46:33,385 [INFO] DbMcusAds:125 - Set database path to: C:\Users\Tejas Sawant\.stmcufinder\plugins\mcufinder//mcu/
2025-06-15 23:46:33,385 [WARN] DbFile:41 - Overriding database path with different value: C:\Users\Tejas Sawant\.stmcufinder\plugins\mcufinder/ => C:\Users\Tejas Sawant\.stmcufinder\plugins\mcufinder
2025-06-15 23:46:33,385 [WARN] DbFile:41 - Overriding database path with different value: C:\Users\Tejas Sawant\.stmcufinder\plugins\mcufinder/ => C:\Users\Tejas Sawant\.stmcufinder\plugins\mcufinder
2025-06-15 23:46:33,385 [INFO] CrossReferenceDbSqlite:203 - Set database path to: C:\Users\Tejas Sawant\.stmcufinder\plugins\mcufinder//mcu/cs/
2025-06-15 23:46:33,404 [INFO] ApplicationProperties:184 - Using Application install path: C:\ST\STM32CubeIDE_1.15.1\STM32CubeIDE\plugins\com.st.stm32cube.common.mx_6.14.1.202504091515
2025-06-15 23:46:33,406 [INFO] PluginManage:196 - Search for loadable plugins [exclusion list=, ]
2025-06-15 23:46:33,407 [INFO] PluginManage:310 - Check plugin analytics
2025-06-15 23:46:33,588 [INFO] AnalyticsPlugin:253 - Accepted Software Licenses: 
2025-06-15 23:46:33,588 [INFO] AnalyticsPlugin:255 - Accepted CMSIS Pack Licenses: 
2025-06-15 23:46:33,588 [INFO] AnalyticsPlugin:257 - Accepted Firmware Licenses: 
2025-06-15 23:46:33,591 [INFO] PluginManage:359 - Loaded plugin analytics (category:tool,tabindex:-1)
2025-06-15 23:46:33,591 [INFO] PluginManage:310 - Check plugin cadmodel
2025-06-15 23:46:33,597 [INFO] CADModel:105 - Init CAD model plugin
2025-06-15 23:46:33,597 [INFO] PluginManage:359 - Loaded plugin cadmodel (category:power,tabindex:5)
2025-06-15 23:46:33,597 [INFO] PluginManage:310 - Check plugin clock
2025-06-15 23:46:33,606 [INFO] PluginManage:359 - Loaded plugin clock (category:base,tabindex:2)
2025-06-15 23:46:33,607 [INFO] PluginManage:310 - Check plugin ddr
2025-06-15 23:46:33,611 [INFO] PluginManage:359 - Loaded plugin ddr (category:tool,tabindex:6)
2025-06-15 23:46:33,612 [INFO] PluginManage:310 - Check plugin filemanager
2025-06-15 23:46:33,746 [INFO] PluginManage:359 - Loaded plugin filemanager (category:base,tabindex:10)
2025-06-15 23:46:33,747 [INFO] PluginManage:310 - Check plugin ipmanager
2025-06-15 23:46:33,752 [INFO] PluginManage:359 - Loaded plugin ipmanager (category:base,tabindex:5)
2025-06-15 23:46:33,752 [INFO] PluginManage:310 - Check plugin lpbam
2025-06-15 23:46:33,761 [INFO] PluginManage:359 - Loaded plugin lpbam (category:base,tabindex:0)
2025-06-15 23:46:33,761 [INFO] PluginManage:310 - Check plugin memorymap
2025-06-15 23:46:33,771 [INFO] PluginManage:359 - Loaded plugin memorymap (category:base,tabindex:4)
2025-06-15 23:46:33,771 [INFO] PluginManage:310 - Check plugin pinoutandconfiguration
2025-06-15 23:46:33,779 [INFO] PluginManage:359 - Loaded plugin pinoutandconfiguration (category:base,tabindex:1)
2025-06-15 23:46:33,779 [INFO] PluginManage:310 - Check plugin pinoutconfig
2025-06-15 23:46:33,911 [WARN] SupportedApi:132 - Cannot load RTOS API schema: s4s-elt-must-match.1: The content of 'definitions' must match (annotation?, (simpleType | complexType)?, (unique | key | keyref)*)). A problem was found starting at: attribute.
2025-06-15 23:46:34,046 [INFO] PluginManage:359 - Loaded plugin pinoutconfig (category:base,tabindex:0)
2025-06-15 23:46:34,046 [INFO] PluginManage:310 - Check plugin power
2025-06-15 23:46:34,056 [INFO] PluginManage:359 - Loaded plugin power (category:power,tabindex:4)
2025-06-15 23:46:34,056 [INFO] PluginManage:310 - Check plugin projectmanager
2025-06-15 23:46:34,072 [INFO] PluginManage:359 - Loaded plugin projectmanager (category:projectmanager,tabindex:4)
2025-06-15 23:46:34,073 [INFO] PluginManage:310 - Check plugin rif
2025-06-15 23:46:34,079 [INFO] PluginManage:359 - Loaded plugin rif (category:base,tabindex:3)
2025-06-15 23:46:34,079 [INFO] PluginManage:310 - Check plugin thirdparty
2025-06-15 23:46:34,227 [INFO] PluginManage:359 - Loaded plugin thirdparty (category:base,tabindex:-1)
2025-06-15 23:46:34,227 [WARN] IntegrityCheckThread:84 - waiting for thirdparty lock release [integrity check]
2025-06-15 23:46:34,227 [INFO] PluginManage:310 - Check plugin tools
2025-06-15 23:46:34,227 [INFO] IntegrityCheckThread:86 - entering critical section [integrity check]
2025-06-15 23:46:34,227 [INFO] ThirdPartyUpdaterWithRetryManager:70 - Updater plugin not ready yet. [1/15]
2025-06-15 23:46:34,231 [INFO] PluginManage:359 - Loaded plugin tools (category:base,tabindex:7)
2025-06-15 23:46:34,232 [INFO] PluginManage:310 - Check plugin tutovideos
2025-06-15 23:46:34,419 [INFO] PluginManage:359 - Loaded plugin tutovideos (category:base,tabindex:-1)
2025-06-15 23:46:34,419 [INFO] PluginManage:310 - Check plugin updater
2025-06-15 23:46:34,440 [INFO] PluginManage:359 - Loaded plugin updater (category:base,tabindex:12)
2025-06-15 23:46:34,440 [INFO] PluginManage:310 - Check plugin userauth
2025-06-15 23:46:34,444 [INFO] UserAuth:118 - Init User Auth plugin
2025-06-15 23:46:34,444 [INFO] PluginManage:359 - Loaded plugin userauth (category:base,tabindex:14)
2025-06-15 23:46:34,445 [INFO] PluginManage:283 - PluginManage : Loaded plugins [18]
2025-06-15 23:46:34,644 [INFO] PinOutPanel:1589 - setPackage(No Configuration,No Configuration)
2025-06-15 23:46:34,732 [INFO] CADModel:165 - CPN selected for project level
2025-06-15 23:46:34,732 [INFO] CADModel:114 - Register for checkConnection events
2025-06-15 23:46:34,748 [INFO] IPUIPlugin:80 - create IPUIPlugin
2025-06-15 23:46:34,748 [INFO] PluginManager:220 - loadIPPluginJar : add adc
2025-06-15 23:46:34,750 [INFO] IPUIPlugin:80 - create IPUIPlugin
2025-06-15 23:46:34,750 [INFO] PluginManager:220 - loadIPPluginJar : add aes
2025-06-15 23:46:34,753 [INFO] IPUIPlugin:80 - create IPUIPlugin
2025-06-15 23:46:34,753 [INFO] PluginManager:220 - loadIPPluginJar : add can
2025-06-15 23:46:34,754 [INFO] IPUIPlugin:80 - create IPUIPlugin
2025-06-15 23:46:34,754 [INFO] PluginManager:220 - loadIPPluginJar : add comp
2025-06-15 23:46:34,757 [INFO] IPUIPlugin:80 - create IPUIPlugin
2025-06-15 23:46:34,757 [INFO] PluginManager:220 - loadIPPluginJar : add cryp
2025-06-15 23:46:34,759 [INFO] IPUIPlugin:80 - create IPUIPlugin
2025-06-15 23:46:34,759 [INFO] PluginManager:220 - loadIPPluginJar : add ddr_ctrl_phy
2025-06-15 23:46:34,762 [INFO] IPUIPlugin:80 - create IPUIPlugin
2025-06-15 23:46:34,763 [INFO] PluginManager:220 - loadIPPluginJar : add dfsdm
2025-06-15 23:46:34,769 [INFO] IPUIPlugin:80 - create IPUIPlugin
2025-06-15 23:46:34,769 [INFO] PluginManager:220 - loadIPPluginJar : add dma
2025-06-15 23:46:34,772 [INFO] IPUIPlugin:80 - create IPUIPlugin
2025-06-15 23:46:34,772 [INFO] PluginManager:220 - loadIPPluginJar : add dma3
2025-06-15 23:46:34,775 [INFO] IPUIPlugin:80 - create IPUIPlugin
2025-06-15 23:46:34,775 [INFO] PluginManager:220 - loadIPPluginJar : add extmemmanager
2025-06-15 23:46:34,776 [INFO] IPUIPlugin:80 - create IPUIPlugin
2025-06-15 23:46:34,777 [INFO] PluginManager:220 - loadIPPluginJar : add fatfs
2025-06-15 23:46:34,783 [INFO] IPUIPlugin:80 - create IPUIPlugin
2025-06-15 23:46:34,783 [INFO] PluginManager:220 - loadIPPluginJar : add fmc
2025-06-15 23:46:34,790 [INFO] IPUIPlugin:80 - create IPUIPlugin
2025-06-15 23:46:34,790 [INFO] PluginManager:220 - loadIPPluginJar : add freertos
2025-06-15 23:46:34,792 [INFO] IPUIPlugin:80 - create IPUIPlugin
2025-06-15 23:46:34,793 [INFO] PluginManager:220 - loadIPPluginJar : add genericplugin
2025-06-15 23:46:34,795 [INFO] IPUIPlugin:80 - create IPUIPlugin
2025-06-15 23:46:34,796 [INFO] PluginManager:220 - loadIPPluginJar : add gfxmmu
2025-06-15 23:46:34,801 [INFO] IPUIPlugin:80 - create IPUIPlugin
2025-06-15 23:46:34,803 [INFO] PluginManager:220 - loadIPPluginJar : add gic
2025-06-15 23:46:34,810 [INFO] IPUIPlugin:80 - create IPUIPlugin
2025-06-15 23:46:34,810 [INFO] PluginManager:220 - loadIPPluginJar : add gpio
2025-06-15 23:46:34,815 [INFO] IPUIPlugin:80 - create IPUIPlugin
2025-06-15 23:46:34,815 [INFO] PluginManager:220 - loadIPPluginJar : add gtzc
2025-06-15 23:46:34,818 [INFO] IPUIPlugin:80 - create IPUIPlugin
2025-06-15 23:46:34,818 [INFO] PluginManager:220 - loadIPPluginJar : add hash
2025-06-15 23:46:34,821 [INFO] IPUIPlugin:80 - create IPUIPlugin
2025-06-15 23:46:34,823 [INFO] PluginManager:220 - loadIPPluginJar : add i2c
2025-06-15 23:46:34,826 [INFO] IPUIPlugin:80 - create IPUIPlugin
2025-06-15 23:46:34,826 [INFO] PluginManager:220 - loadIPPluginJar : add i2s
2025-06-15 23:46:34,829 [INFO] IPUIPlugin:80 - create IPUIPlugin
2025-06-15 23:46:34,830 [INFO] PluginManager:220 - loadIPPluginJar : add i3c
2025-06-15 23:46:34,833 [INFO] IPUIPlugin:80 - create IPUIPlugin
2025-06-15 23:46:34,833 [INFO] PluginManager:220 - loadIPPluginJar : add ipddr
2025-06-15 23:46:34,841 [INFO] IPUIPlugin:80 - create IPUIPlugin
2025-06-15 23:46:34,841 [INFO] PluginManager:220 - loadIPPluginJar : add linkedlist
2025-06-15 23:46:34,844 [INFO] IPUIPlugin:80 - create IPUIPlugin
2025-06-15 23:46:34,845 [INFO] PluginManager:220 - loadIPPluginJar : add lorawan
2025-06-15 23:46:34,847 [INFO] IPUIPlugin:80 - create IPUIPlugin
2025-06-15 23:46:34,847 [INFO] PluginManager:220 - loadIPPluginJar : add ltdc
2025-06-15 23:46:34,852 [INFO] IPUIPlugin:80 - create IPUIPlugin
2025-06-15 23:46:34,852 [INFO] PluginManager:220 - loadIPPluginJar : add mdma
2025-06-15 23:46:34,856 [INFO] IPUIPlugin:80 - create IPUIPlugin
2025-06-15 23:46:34,856 [INFO] PluginManager:220 - loadIPPluginJar : add nvic
2025-06-15 23:46:34,859 [INFO] IPUIPlugin:80 - create IPUIPlugin
2025-06-15 23:46:34,860 [INFO] PluginManager:220 - loadIPPluginJar : add opamp
2025-06-15 23:46:34,863 [INFO] IPUIPlugin:80 - create IPUIPlugin
2025-06-15 23:46:34,864 [INFO] PluginManager:220 - loadIPPluginJar : add openamp
2025-06-15 23:46:34,866 [INFO] IPUIPlugin:80 - create IPUIPlugin
2025-06-15 23:46:34,866 [INFO] PluginManager:220 - loadIPPluginJar : add pdm2pcm
2025-06-15 23:46:34,872 [INFO] IPUIPlugin:80 - create IPUIPlugin
2025-06-15 23:46:34,875 [INFO] PluginManager:220 - loadIPPluginJar : add plateformsettings
2025-06-15 23:46:34,877 [INFO] IPUIPlugin:80 - create IPUIPlugin
2025-06-15 23:46:34,877 [INFO] PluginManager:220 - loadIPPluginJar : add quadspi
2025-06-15 23:46:34,879 [INFO] IPUIPlugin:80 - create IPUIPlugin
2025-06-15 23:46:34,880 [INFO] PluginManager:220 - loadIPPluginJar : add radio
2025-06-15 23:46:34,884 [INFO] IPUIPlugin:80 - create IPUIPlugin
2025-06-15 23:46:34,884 [INFO] PluginManager:220 - loadIPPluginJar : add resmgrutility
2025-06-15 23:46:34,888 [INFO] IPUIPlugin:80 - create IPUIPlugin
2025-06-15 23:46:34,889 [INFO] PluginManager:220 - loadIPPluginJar : add sai
2025-06-15 23:46:34,891 [INFO] IPUIPlugin:80 - create IPUIPlugin
2025-06-15 23:46:34,891 [INFO] PluginManager:220 - loadIPPluginJar : add spi
2025-06-15 23:46:34,897 [INFO] IPUIPlugin:80 - create IPUIPlugin
2025-06-15 23:46:34,897 [INFO] PluginManager:220 - loadIPPluginJar : add stm32_wpan
2025-06-15 23:46:34,899 [INFO] IPUIPlugin:80 - create IPUIPlugin
2025-06-15 23:46:34,899 [INFO] PluginManager:220 - loadIPPluginJar : add tim
2025-06-15 23:46:34,902 [INFO] IPUIPlugin:80 - create IPUIPlugin
2025-06-15 23:46:34,902 [INFO] PluginManager:220 - loadIPPluginJar : add touchsensing
2025-06-15 23:46:34,905 [INFO] IPUIPlugin:80 - create IPUIPlugin
2025-06-15 23:46:34,905 [INFO] PluginManager:220 - loadIPPluginJar : add tracer_emb
2025-06-15 23:46:34,906 [INFO] IPUIPlugin:80 - create IPUIPlugin
2025-06-15 23:46:34,907 [INFO] PluginManager:220 - loadIPPluginJar : add ts
2025-06-15 23:46:34,908 [INFO] IPUIPlugin:80 - create IPUIPlugin
2025-06-15 23:46:34,908 [INFO] PluginManager:220 - loadIPPluginJar : add tsc
2025-06-15 23:46:34,910 [INFO] IPUIPlugin:80 - create IPUIPlugin
2025-06-15 23:46:34,910 [INFO] PluginManager:220 - loadIPPluginJar : add ucpd
2025-06-15 23:46:34,913 [INFO] IPUIPlugin:80 - create IPUIPlugin
2025-06-15 23:46:34,913 [INFO] PluginManager:220 - loadIPPluginJar : add usart
2025-06-15 23:46:34,918 [INFO] IPUIPlugin:80 - create IPUIPlugin
2025-06-15 23:46:34,918 [INFO] PluginManager:220 - loadIPPluginJar : add usbx
2025-06-15 23:46:35,061 [FATAL] Updater:351 - Updater called before beeing initialized
2025-06-15 23:46:35,084 [INFO] RulesReader:64 - Compatibility file has been processed (302 Rules)
2025-06-15 23:46:35,093 [INFO] RulesReader:64 - Compatibility file has been processed (302 Rules)
2025-06-15 23:46:35,100 [INFO] CADModel:165 - CPN selected for project level
2025-06-15 23:46:35,100 [INFO] CADModel:114 - Register for checkConnection events
2025-06-15 23:46:35,100 [FATAL] Updater:351 - Updater called before beeing initialized
2025-06-15 23:46:35,101 [ERROR] CADModel:125 - Updater not yet initialized, retry later 
2025-06-15 23:46:35,248 [FATAL] Updater:351 - Updater called before beeing initialized
2025-06-15 23:46:35,250 [INFO] CADModel:165 - CPN selected for project level
2025-06-15 23:46:35,250 [INFO] CADModel:114 - Register for checkConnection events
2025-06-15 23:46:35,250 [FATAL] Updater:351 - Updater called before beeing initialized
2025-06-15 23:46:35,250 [ERROR] CADModel:125 - Updater not yet initialized, retry later 
2025-06-15 23:46:35,253 [FATAL] Updater:351 - Updater called before beeing initialized
2025-06-15 23:46:35,351 [FATAL] Updater:351 - Updater called before beeing initialized
2025-06-15 23:46:35,355 [INFO] DbMcusAds:53 - JSON generation date=Wed May 07 14:37:55 IST 2025 (1746608875484)
2025-06-15 23:46:35,355 [FATAL] Updater:351 - Updater called before beeing initialized
2025-06-15 23:46:35,386 [WARN] DetailPanel:346 - Failed to get advertising image, set to default
2025-06-15 23:46:35,637 [FATAL] Updater:351 - Updater called before beeing initialized
2025-06-15 23:46:35,638 [FATAL] Updater:351 - Updater called before beeing initialized
2025-06-15 23:46:35,639 [FATAL] Updater:351 - Updater called before beeing initialized
2025-06-15 23:46:35,639 [WARN] DetailPanel:346 - Failed to get advertising image, set to default
2025-06-15 23:46:35,639 [FATAL] Updater:351 - Updater called before beeing initialized
2025-06-15 23:46:35,702 [ERROR] Updater:1198 - MainUpdater not yet initialized. External WinMGr cannot be set.
2025-06-15 23:46:35,703 [INFO] Updater:1134 - Updater Version found : 6.14.1
2025-06-15 23:46:35,719 [INFO] ApplicationProperties:184 - Using Application install path: C:\ST\STM32CubeIDE_1.15.1\STM32CubeIDE\plugins\com.st.stm32cube.common.mx_6.14.1.202504091515
2025-06-15 23:46:37,229 [INFO] ThirdPartyUpdaterWithRetryManager:70 - Updater plugin not ready yet. [2/15]
2025-06-15 23:46:37,295 [ERROR] LogOutputStream:75 - [STDERR_REDIRECT] Jun 15, 2025 11:46:37 PM java.util.prefs.WindowsPreferences <init>
2025-06-15 23:46:37,297 [ERROR] LogOutputStream:75 - [STDERR_REDIRECT] WARNING: Could not open/create prefs root node Software\JavaSoft\Prefs at root 0xffffffff80000002. Windows RegCreateKeyEx(...) returned error code 5.
2025-06-15 23:46:37,297 [ERROR] LogOutputStream:75 - [STDERR_REDIRECT] 
2025-06-15 23:46:38,320 [INFO] MainUpdater:2872 - connection check result : 10
2025-06-15 23:46:38,321 [INFO] MainUpdater:289 - Updater Check For Update Now.
2025-06-15 23:46:38,321 [INFO] MicroXplorer:498 - Change Database Version : DB.6.0.141
2025-06-15 23:46:38,337 [INFO] McuFinderGlobals:63 - Set McuFinder mode to 2 (CubeIDE integrated)
2025-06-15 23:46:38,337 [INFO] UserAuth:171 - activating auth plugin
2025-06-15 23:46:38,341 [INFO] UserAuth:484 - Internet connection configuration mode: 1
2025-06-15 23:46:38,387 [INFO] JxBrowserEngine:152 - Initiate JxBrowser Engine with user profile folder
2025-06-15 23:46:38,569 [INFO] CheckServerUpdateThread:120 - End of CheckServer Thread
2025-06-15 23:46:40,039 [INFO] WebApp:169 - Instantiating new browser for Auth
2025-06-15 23:46:40,688 [WARN] PackLoader:240 - Cannot read IP mode file for STMicroelectronics.FP-SNS-MOTENVWB1.1.4.0
2025-06-15 23:46:40,703 [WARN] PackLoader:240 - Cannot read IP mode file for STMicroelectronics.FP-ATR-ASTRA1.2.0.2
2025-06-15 23:46:40,711 [WARN] PackLoader:240 - Cannot read IP mode file for STMicroelectronics.FP-ATR-ASTRA1.2.0.1
2025-06-15 23:46:40,728 [WARN] PackLoader:240 - Cannot read IP mode file for STMicroelectronics.X-CUBE-SMBUS.2.1.0
2025-06-15 23:46:40,742 [WARN] PackLoader:240 - Cannot read IP mode file for STMicroelectronics.X-CUBE-WB05N.1.1.0
2025-06-15 23:46:40,751 [WARN] PackLoader:240 - Cannot read IP mode file for STMicroelectronics.X-CUBE-ST60.1.0.0
2025-06-15 23:46:40,789 [WARN] PackLoader:240 - Cannot read IP mode file for STMicroelectronics.X-CUBE-AZRTOS-F7.1.1.0
2025-06-15 23:46:40,919 [WARN] PackLoader:240 - Cannot read IP mode file for STMicroelectronics.X-CUBE-MEMS1.11.0.0
2025-06-15 23:46:41,107 [WARN] PackLoader:240 - Cannot read IP mode file for STMicroelectronics.FP-SNS-FLIGHT1.5.0.2
2025-06-15 23:46:41,118 [WARN] PackLoader:240 - Cannot read IP mode file for STMicroelectronics.X-CUBE-DISPLAY.3.0.0
2025-06-15 23:46:41,133 [WARN] PackLoader:240 - Cannot read IP mode file for STMicroelectronics.X-CUBE-BLE1.7.0.0
2025-06-15 23:46:41,149 [WARN] PackLoader:240 - Cannot read IP mode file for STMicroelectronics.X-CUBE-NFC10.1.0.0
2025-06-15 23:46:41,181 [WARN] PackLoader:240 - Cannot read IP mode file for STMicroelectronics.X-CUBE-BLEMGR.4.0.0
2025-06-15 23:46:41,196 [WARN] PackLoader:240 - Cannot read IP mode file for emotas.I-CUBE-CANOPEN.1.3.0
2025-06-15 23:46:41,209 [WARN] PackLoader:240 - Cannot read IP mode file for STMicroelectronics.X-CUBE-BLEMGR.3.1.0
2025-06-15 23:46:41,219 [WARN] PackLoader:240 - Cannot read IP mode file for STMicroelectronics.X-CUBE-AI.10.0.0
2025-06-15 23:46:41,227 [WARN] PackLoader:240 - Cannot read IP mode file for STMicroelectronics.FP-SNS-SMARTAG2.1.2.0
2025-06-15 23:46:41,232 [WARN] PackLoader:240 - Cannot read IP mode file for STMicroelectronics.FP-SNS-FLIGHT1.5.1.0
2025-06-15 23:46:41,280 [INFO] WebApp:463 - Apply proxy settings
2025-06-15 23:46:41,280 [INFO] WebApp:548 - Chromium requires no authentication
2025-06-15 23:46:41,299 [WARN] PackLoader:240 - Cannot read IP mode file for STMicroelectronics.X-CUBE-MEMS1.11.1.0
2025-06-15 23:46:41,301 [INFO] WebApp:491 - Direct internet connection detected
2025-06-15 23:46:41,353 [INFO] WebApp:894 - Register for checkConnection events
2025-06-15 23:46:41,353 [INFO] WebApp:463 - Apply proxy settings
2025-06-15 23:46:41,353 [INFO] WebApp:548 - Chromium requires no authentication
2025-06-15 23:46:41,355 [INFO] WebApp:491 - Direct internet connection detected
2025-06-15 23:46:41,435 [INFO] LogOutputStream:77 - [STDOUT_REDIRECT] 1 : Invalid condition id : UX_CORESTACK_Condition cause : null
2025-06-15 23:46:41,436 [INFO] LogOutputStream:77 - [STDOUT_REDIRECT] 1 : Invalid condition id : UX_CORESTACK_Condition cause : null
2025-06-15 23:46:41,437 [INFO] LogOutputStream:77 - [STDOUT_REDIRECT] 1 : Invalid condition id : UX_CORESTACK_Condition cause : null
2025-06-15 23:46:41,438 [INFO] LogOutputStream:77 - [STDOUT_REDIRECT] 1 : Invalid condition id : UX_CORESTACK_Condition cause : null
2025-06-15 23:46:41,439 [INFO] LogOutputStream:77 - [STDOUT_REDIRECT] 1 : Invalid condition id : UX_CORESTACK_Condition cause : null
2025-06-15 23:46:41,442 [WARN] PackLoader:240 - Cannot read IP mode file for STMicroelectronics.X-CUBE-AZRTOS-WL.2.0.0
2025-06-15 23:46:41,449 [WARN] PackLoader:240 - Cannot read IP mode file for STMicroelectronics.FP-SNS-MOTENV1.5.0.0
2025-06-15 23:46:41,456 [WARN] PackLoader:240 - Cannot read IP mode file for wolfSSL.I-CUBE-wolfMQTT.1.19.0
2025-06-15 23:46:41,465 [WARN] PackLoader:240 - Cannot read IP mode file for WES.I-CUBE-Cesium.1.3.0
2025-06-15 23:46:41,471 [WARN] PackLoader:240 - Cannot read IP mode file for STMicroelectronics.X-CUBE-BLE2.3.3.0
2025-06-15 23:46:41,479 [WARN] PackLoader:240 - Cannot read IP mode file for STMicroelectronics.X-CUBE-NFC9.1.0.0
2025-06-15 23:46:41,485 [WARN] PackLoader:240 - Cannot read IP mode file for STMicroelectronics.X-CUBE-BLE1.7.1.0
2025-06-15 23:46:41,491 [WARN] PackLoader:240 - Cannot read IP mode file for STMicroelectronics.X-CUBE-TCPP.4.1.0
2025-06-15 23:46:41,496 [WARN] PackLoader:240 - Cannot read IP mode file for STMicroelectronics.X-CUBE-AI.10.1.0
2025-06-15 23:46:41,542 [WARN] PackLoader:240 - Cannot read IP mode file for STMicroelectronics.X-CUBE-MEMS1.11.2.0
2025-06-15 23:46:41,678 [INFO] WebApp:191 - Connection restablished
2025-06-15 23:46:41,713 [WARN] PackLoader:240 - Cannot read IP mode file for STMicroelectronics.X-CUBE-AZRTOS-G0.1.1.0
2025-06-15 23:46:41,728 [WARN] PackLoader:240 - Cannot read IP mode file for STMicroelectronics.X-CUBE-SAFEA1.1.2.2
2025-06-15 23:46:41,774 [WARN] PackLoader:240 - Cannot read IP mode file for STMicroelectronics.X-CUBE-NFC4.3.0.0
2025-06-15 23:46:41,793 [WARN] PackLoader:240 - Cannot read IP mode file for EmbeddedOffice.I-CUBE-FS-RTOS.1.0.1
2025-06-15 23:46:41,805 [WARN] PackLoader:240 - Cannot read IP mode file for STMicroelectronics.X-CUBE-WB05N.2.0.0
2025-06-15 23:46:41,815 [WARN] PackLoader:240 - Cannot read IP mode file for STMicroelectronics.X-CUBE-TCPP.4.2.0
2025-06-15 23:46:41,827 [WARN] PackLoader:240 - Cannot read IP mode file for RealThread.X-CUBE-RT-Thread_Nano.4.1.1
2025-06-15 23:46:41,835 [WARN] PackLoader:240 - Cannot read IP mode file for STMicroelectronics.FP-ATR-SIGFOX1.3.2.0
2025-06-15 23:46:41,848 [WARN] PackLoader:240 - Cannot read IP mode file for wolfSSL.I-CUBE-wolfSSL.5.7.2
2025-06-15 23:46:41,858 [WARN] ConditionMgr:438 - getConditionDescription Invalid condition id : Cortex-A Device cause : null
2025-06-15 23:46:41,883 [WARN] ConditionMgr:1044 - genDependencies : Invalid condition id : Cortex-A Device cause : null
2025-06-15 23:46:41,883 [WARN] ConditionMgr:1044 - genDependencies : Invalid condition id : Cortex-A Device cause : null
2025-06-15 23:46:41,883 [WARN] ConditionMgr:1044 - genDependencies : Invalid condition id : Cortex-A Device cause : null
2025-06-15 23:46:41,895 [WARN] PackLoader:240 - Cannot read IP mode file for STMicroelectronics.X-CUBE-EEPRMA1.5.1.0
2025-06-15 23:46:41,908 [WARN] PackLoader:240 - Cannot read IP mode file for ITTIA_DB.I-CUBE-ITTIADB.8.9.0
2025-06-15 23:46:41,919 [WARN] PackLoader:240 - Cannot read IP mode file for STMicroelectronics.X-CUBE-ST67W61.1.0.0
2025-06-15 23:46:41,954 [INFO] WebApp:225 - Starting web application
2025-06-15 23:46:41,954 [INFO] WebApp:593 - Web application path used C:\ST\STM32CubeIDE_1.15.1\STM32CubeIDE\plugins\com.st.stm32cube.common.mx_6.14.1.202504091515\db\plugins\mcufinder\reactClient1\index.html
2025-06-15 23:46:41,969 [WARN] PackLoader:240 - Cannot read IP mode file for SEGGER.I-CUBE-embOS.1.3.1
2025-06-15 23:46:42,026 [WARN] PackLoader:240 - Cannot read IP mode file for STMicroelectronics.X-CUBE-ALGOBUILD.1.4.0
2025-06-15 23:46:42,102 [WARN] PackLoader:240 - Cannot read IP mode file for STMicroelectronics.X-CUBE-MEMS1.11.3.0
2025-06-15 23:46:42,255 [WARN] PackLoader:240 - Cannot read IP mode file for STMicroelectronics.X-CUBE-AI.9.1.0
2025-06-15 23:46:42,264 [WARN] PackLoader:240 - Cannot read IP mode file for STMicroelectronics.X-CUBE-GNSS1.6.0.0
2025-06-15 23:46:42,292 [WARN] PackLoader:240 - Cannot read IP mode file for STMicroelectronics.X-CUBE-AZRTOS-F4.1.1.0
2025-06-15 23:46:42,301 [WARN] PackLoader:240 - Cannot read IP mode file for Avnet-IotConnect.X-CUBE-IoTC-DA16k-PMOD.1.0.0
2025-06-15 23:46:42,307 [WARN] PackLoader:240 - Cannot read IP mode file for STMicroelectronics.X-CUBE-ISPU.2.1.0
2025-06-15 23:46:42,317 [WARN] PackLoader:240 - Cannot read IP mode file for STMicroelectronics.X-CUBE-FREERTOS.1.2.0
2025-06-15 23:46:42,337 [WARN] PackLoader:240 - Cannot read IP mode file for STMicroelectronics.X-CUBE-AZRTOS-L5.2.0.0
2025-06-15 23:46:42,351 [WARN] PackLoader:240 - Cannot read IP mode file for STMicroelectronics.X-CUBE-NFC6.3.1.0
2025-06-15 23:46:42,362 [WARN] PackLoader:240 - Cannot read IP mode file for STMicroelectronics.X-CUBE-DPower.1.2.0
2025-06-15 23:46:42,366 [WARN] PackLoader:240 - Cannot read IP mode file for STMicroelectronics.X-CUBE-AI.9.0.0
2025-06-15 23:46:42,373 [WARN] PackLoader:240 - Cannot read IP mode file for STMicroelectronics.X-CUBE-FREERTOS.1.3.1
2025-06-15 23:46:42,379 [WARN] PackLoader:240 - Cannot read IP mode file for STMicroelectronics.X-CUBE-FREERTOS.1.3.0
2025-06-15 23:46:42,386 [WARN] PackLoader:240 - Cannot read IP mode file for STMicroelectronics.X-CUBE-NFC7.1.0.1
2025-06-15 23:46:42,392 [WARN] PackLoader:240 - Cannot read IP mode file for wolfSSL.I-CUBE-wolfTPM.3.2.0
2025-06-15 23:46:42,399 [WARN] PackLoader:240 - Cannot read IP mode file for STMicroelectronics.X-CUBE-DPower.1.3.0
2025-06-15 23:46:42,418 [WARN] ConditionMgr:438 - getConditionDescription Invalid condition id : LAN8742 Phy interface Condition cause : null
2025-06-15 23:46:42,419 [WARN] PackLoader:240 - Cannot read IP mode file for STMicroelectronics.X-CUBE-AZRTOS-L4.2.0.0
2025-06-15 23:46:42,420 [WARN] ConditionMgr:1044 - genDependencies : Invalid condition id : LAN8742 Phy interface Condition cause : null
2025-06-15 23:46:42,421 [WARN] ConditionMgr:1044 - genDependencies : Invalid condition id : LAN8742 Phy interface Condition cause : null
2025-06-15 23:46:42,421 [WARN] ConditionMgr:1044 - genDependencies : Invalid condition id : LAN8742 Phy interface Condition cause : null
2025-06-15 23:46:42,430 [WARN] PackLoader:240 - Cannot read IP mode file for STMicroelectronics.X-CUBE-SFXS2LP1.4.0.0
2025-06-15 23:46:42,456 [WARN] PackLoader:240 - Cannot read IP mode file for STMicroelectronics.X-CUBE-AZRTOS-H7.3.3.0
2025-06-15 23:46:42,472 [WARN] PackLoader:240 - Cannot read IP mode file for STMicroelectronics.X-CUBE-IPS.3.0.0
2025-06-15 23:46:42,494 [WARN] ConditionMgr:438 - getConditionDescription Invalid condition id : UX DEVICE CLASS RTOS Condition cause : null
2025-06-15 23:46:42,495 [WARN] ConditionMgr:438 - getConditionDescription Invalid condition id : UX DEVICE CLASS RTOS Condition cause : null
2025-06-15 23:46:42,498 [WARN] PackLoader:240 - Cannot read IP mode file for STMicroelectronics.X-CUBE-AZRTOS-WB.2.0.0
2025-06-15 23:46:42,498 [WARN] ConditionMgr:1044 - genDependencies : Invalid condition id : UX DEVICE CLASS RTOS Condition cause : null
2025-06-15 23:46:42,498 [WARN] ConditionMgr:1044 - genDependencies : Invalid condition id : UX DEVICE CLASS RTOS Condition cause : null
2025-06-15 23:46:42,499 [WARN] ConditionMgr:1044 - genDependencies : Invalid condition id : UX DEVICE CLASS RTOS Condition cause : null
2025-06-15 23:46:42,499 [WARN] ConditionMgr:1044 - genDependencies : Invalid condition id : UX DEVICE CLASS RTOS Condition cause : null
2025-06-15 23:46:42,500 [WARN] ConditionMgr:1044 - genDependencies : Invalid condition id : UX DEVICE CLASS RTOS Condition cause : null
2025-06-15 23:46:42,507 [WARN] PackLoader:240 - Cannot read IP mode file for STMicroelectronics.X-CUBE-GNSS1.7.0.0
2025-06-15 23:46:42,514 [WARN] PackLoader:240 - Cannot read IP mode file for STMicroelectronics.X-CUBE-GNSS1.7.0.1
2025-06-15 23:46:42,524 [WARN] PackLoader:240 - Cannot read IP mode file for STMicroelectronics.X-CUBE-TOUCHGFX.4.25.0
2025-06-15 23:46:42,533 [WARN] PackLoader:240 - Cannot read IP mode file for STMicroelectronics.FP-SNS-STBOX1.2.0.0
2025-06-15 23:46:42,547 [WARN] PackLoader:240 - Cannot read IP mode file for STMicroelectronics.X-CUBE-SUBG2.5.0.0
2025-06-15 23:46:42,577 [WARN] PackLoader:240 - Cannot read IP mode file for STMicroelectronics.X-CUBE-AZRTOS-H7RS.1.1.0
2025-06-15 23:46:42,586 [WARN] PackLoader:240 - Cannot read IP mode file for Cesanta.I-CUBE-Mongoose.7.13.0
2025-06-15 23:46:42,605 [WARN] PackLoader:240 - Cannot read IP mode file for STMicroelectronics.X-CUBE-AZRTOS-G4.2.0.0
2025-06-15 23:46:42,613 [WARN] PackLoader:240 - Cannot read IP mode file for STMicroelectronics.X-CUBE-NFC7.2.0.0
2025-06-15 23:46:42,621 [WARN] PackLoader:240 - Cannot read IP mode file for STMicroelectronics.X-CUBE-ISPU.2.0.0
2025-06-15 23:46:42,634 [WARN] PackLoader:240 - Cannot read IP mode file for STMicroelectronics.X-CUBE-IPS.3.1.0
2025-06-15 23:46:42,650 [WARN] PackLoader:240 - Cannot read IP mode file for STMicroelectronics.X-CUBE-ALS.1.0.2
2025-06-15 23:46:42,685 [WARN] PackLoader:240 - Cannot read IP mode file for STMicroelectronics.X-CUBE-MEMS1.10.0.0
2025-06-15 23:46:42,824 [WARN] PackLoader:240 - Cannot read IP mode file for STMicroelectronics.X-CUBE-TOUCHGFX.4.24.0
2025-06-15 23:46:42,831 [WARN] PackLoader:240 - Cannot read IP mode file for STMicroelectronics.X-CUBE-TOUCHGFX.4.24.2
2025-06-15 23:46:42,835 [WARN] PackLoader:240 - Cannot read IP mode file for STMicroelectronics.X-CUBE-TOUCHGFX.4.24.1
2025-06-15 23:46:42,839 [WARN] PackLoader:240 - Cannot read IP mode file for wolfSSL.I-CUBE-wolfTPM.3.4.0
2025-06-15 23:46:42,847 [WARN] PackLoader:240 - Cannot read IP mode file for portGmbH.I-Cube-SoM-uGOAL.1.1.0
2025-06-15 23:46:42,864 [WARN] PackLoader:240 - Cannot read IP mode file for STMicroelectronics.X-CUBE-AZRTOS-H7RS.1.0.0
2025-06-15 23:46:42,870 [WARN] PackLoader:240 - Cannot read IP mode file for STMicroelectronics.FP-ATR-ASTRA1.2.0.0
2025-06-15 23:46:42,882 [WARN] PackLoader:240 - Cannot read IP mode file for STMicroelectronics.X-CUBE-TOF1.3.4.2
2025-06-15 23:46:42,898 [WARN] PackLoader:240 - Cannot read IP mode file for STMicroelectronics.X-CUBE-TOF1.3.4.3
2025-06-15 23:46:42,921 [WARN] PackLoader:240 - Cannot read IP mode file for Infineon.AIROC-Wi-Fi-Bluetooth-STM32.1.6.1
2025-06-15 23:46:42,928 [WARN] PackLoader:240 - Cannot read IP mode file for wolfSSL.I-CUBE-wolfSSH.1.4.17
2025-06-15 23:46:42,929 [INFO] ThirdParty:978 - Integrity check success = true
2025-06-15 23:46:42,929 [INFO] IntegrityCheckThread:100 - exiting critical section [integrity check]
2025-06-15 23:46:42,930 [INFO] IntegrityCheckThread:103 - End integrity checks thread
2025-06-15 23:46:44,270 [ERROR] LogOutputStream:75 - [STDERR_REDIRECT] 
