2024-08-17 00:03:22,635 [INFO] LogOutputStream:77 - [STDOUT_REDIRECT] StartTraceHandler.execute(), success : Collect=true
2024-08-17 00:06:57,676 [ERROR] LogOutputStream:75 - [STDERR_REDIRECT] Exception in thread "SWV client thread" java.lang.NullPointerException: Cannot invoke "com.st.stm32cube.ide.mcu.debug.swv.core.SWVPlugin.isDebugging()" because "com.st.stm32cube.ide.mcu.debug.swv.core.SWVPlugin.plugin" is null
2024-08-17 00:06:57,678 [ERROR] LogOutputStream:75 - [STDERR_REDIRECT] 	at com.st.stm32cube.ide.mcu.debug.swv.core.SWVPlugin.debugTrace(SWVPlugin.java:85)
2024-08-17 00:06:57,681 [ERROR] LogOutputStream:75 - [STDERR_REDIRECT] 	at com.st.stm32cube.ide.mcu.debug.swv.core.SWVClient.TRACE(SWVClient.java:768)
2024-08-17 00:06:57,683 [ERROR] LogOutputStream:75 - [STDERR_REDIRECT] 	at com.st.stm32cube.ide.mcu.debug.swv.core.SWVClient.readByte(SWVClient.java:296)
2024-08-17 00:06:57,685 [ERROR] LogOutputStream:75 - [STDERR_REDIRECT] 	at com.st.stm32cube.ide.mcu.debug.swv.core.SWVClient.getNextByte(SWVClient.java:277)
2024-08-17 00:06:57,686 [ERROR] LogOutputStream:75 - [STDERR_REDIRECT] 	at com.st.stm32cube.ide.mcu.debug.swv.core.SWVClient.run(SWVClient.java:313)
2024-08-17 00:08:03,099 [INFO] Activator:176 - 


2024-08-17 00:08:03,106 [INFO] Activator:177 - !SESSION log4j initialized
2024-08-17 00:08:09,246 [INFO] LogOutputStream:77 - [STDOUT_REDIRECT] 
2024-08-17 00:08:10,387 [INFO] ApplicationProperties:184 - Using Application install path: C:\ST\STM32CubeIDE_1.15.1\STM32CubeIDE\plugins\com.st.stm32cube.common.mx_6.11.1.202404110753
2024-08-17 00:08:10,411 [INFO] DbMcusXml:78 - Set database path to: C:\ST\STM32CubeIDE_1.15.1\STM32CubeIDE\plugins\com.st.stm32cube.common.mx_6.11.1.202404110753\\db\/mcu/
2024-08-17 00:08:10,411 [INFO] ApiDb:274 - Set plugin database path to: C:\ST\STM32CubeIDE_1.15.1\STM32CubeIDE\plugins\com.st.stm32cube.common.mx_6.11.1.202404110753\\db\/plugins/boardmanager/
2024-08-17 00:08:10,411 [WARN] ApiDb:259 - Overriding images path with different value:  => C:\ST\STM32CubeIDE_1.15.1\STM32CubeIDE\plugins\com.st.stm32cube.common.mx_6.11.1.202404110753\\db\/plugins/mcufinder/images/
2024-08-17 00:08:10,423 [INFO] ApiDb:250 - Set database path to: C:\Users\Tejas Sawant\.stmcufinder\plugins\mcufinder//mcu/
2024-08-17 00:08:10,424 [INFO] DbMcusAds:125 - Set database path to: C:\Users\Tejas Sawant\.stmcufinder\plugins\mcufinder//mcu/
2024-08-17 00:08:10,428 [INFO] CrossReferenceDbSqlite:203 - Set database path to: C:\Users\Tejas Sawant\.stmcufinder\plugins\mcufinder//mcu/cs/
2024-08-17 00:08:10,593 [INFO] RulesReader:64 - Compatibility file has been processed (297 Rules)
2024-08-17 00:08:10,745 [INFO] DbMcusXml:78 - Set database path to: C:\ST\STM32CubeIDE_1.15.1\STM32CubeIDE\plugins\com.st.stm32cube.common.mx_6.11.1.202404110753\\db\/mcu/
2024-08-17 00:08:10,745 [INFO] ApiDb:274 - Set plugin database path to: C:\ST\STM32CubeIDE_1.15.1\STM32CubeIDE\plugins\com.st.stm32cube.common.mx_6.11.1.202404110753\\db\/plugins/boardmanager/
2024-08-17 00:08:10,745 [INFO] ApiDb:261 - Set plugin images path to: C:\ST\STM32CubeIDE_1.15.1\STM32CubeIDE\plugins\com.st.stm32cube.common.mx_6.11.1.202404110753\\db\/plugins/mcufinder/images/
2024-08-17 00:08:10,746 [WARN] DbFile:41 - Overriding database path with different value: C:\Users\Tejas Sawant\.stmcufinder\plugins\mcufinder/ => C:\Users\Tejas Sawant\.stmcufinder\plugins\mcufinder
2024-08-17 00:08:10,746 [INFO] ApiDb:250 - Set database path to: C:\Users\Tejas Sawant\.stmcufinder\plugins\mcufinder//mcu/
2024-08-17 00:08:10,746 [WARN] DbFile:41 - Overriding database path with different value: C:\Users\Tejas Sawant\.stmcufinder\plugins\mcufinder/ => C:\Users\Tejas Sawant\.stmcufinder\plugins\mcufinder
2024-08-17 00:08:10,746 [INFO] DbMcusAds:125 - Set database path to: C:\Users\Tejas Sawant\.stmcufinder\plugins\mcufinder//mcu/
2024-08-17 00:08:10,746 [WARN] DbFile:41 - Overriding database path with different value: C:\Users\Tejas Sawant\.stmcufinder\plugins\mcufinder/ => C:\Users\Tejas Sawant\.stmcufinder\plugins\mcufinder
2024-08-17 00:08:10,746 [WARN] DbFile:41 - Overriding database path with different value: C:\Users\Tejas Sawant\.stmcufinder\plugins\mcufinder/ => C:\Users\Tejas Sawant\.stmcufinder\plugins\mcufinder
2024-08-17 00:08:10,747 [INFO] CrossReferenceDbSqlite:203 - Set database path to: C:\Users\Tejas Sawant\.stmcufinder\plugins\mcufinder//mcu/cs/
2024-08-17 00:08:10,861 [INFO] MainPanel:264 - HeapMemory: 268435456
2024-08-17 00:08:11,005 [INFO] DbMcusXml:78 - Set database path to: C:\ST\STM32CubeIDE_1.15.1\STM32CubeIDE\plugins\com.st.stm32cube.common.mx_6.11.1.202404110753\\db\/mcu/
2024-08-17 00:08:11,005 [INFO] ApiDb:274 - Set plugin database path to: C:\ST\STM32CubeIDE_1.15.1\STM32CubeIDE\plugins\com.st.stm32cube.common.mx_6.11.1.202404110753\\db\/plugins/boardmanager/
2024-08-17 00:08:11,005 [INFO] ApiDb:261 - Set plugin images path to: C:\ST\STM32CubeIDE_1.15.1\STM32CubeIDE\plugins\com.st.stm32cube.common.mx_6.11.1.202404110753\\db\/plugins/mcufinder/images/
2024-08-17 00:08:11,005 [WARN] DbFile:41 - Overriding database path with different value: C:\Users\Tejas Sawant\.stmcufinder\plugins\mcufinder/ => C:\Users\Tejas Sawant\.stmcufinder\plugins\mcufinder
2024-08-17 00:08:11,005 [INFO] ApiDb:250 - Set database path to: C:\Users\Tejas Sawant\.stmcufinder\plugins\mcufinder//mcu/
2024-08-17 00:08:11,006 [WARN] DbFile:41 - Overriding database path with different value: C:\Users\Tejas Sawant\.stmcufinder\plugins\mcufinder/ => C:\Users\Tejas Sawant\.stmcufinder\plugins\mcufinder
2024-08-17 00:08:11,006 [INFO] DbMcusAds:125 - Set database path to: C:\Users\Tejas Sawant\.stmcufinder\plugins\mcufinder//mcu/
2024-08-17 00:08:11,006 [WARN] DbFile:41 - Overriding database path with different value: C:\Users\Tejas Sawant\.stmcufinder\plugins\mcufinder/ => C:\Users\Tejas Sawant\.stmcufinder\plugins\mcufinder
2024-08-17 00:08:11,006 [WARN] DbFile:41 - Overriding database path with different value: C:\Users\Tejas Sawant\.stmcufinder\plugins\mcufinder/ => C:\Users\Tejas Sawant\.stmcufinder\plugins\mcufinder
2024-08-17 00:08:11,006 [INFO] CrossReferenceDbSqlite:203 - Set database path to: C:\Users\Tejas Sawant\.stmcufinder\plugins\mcufinder//mcu/cs/
2024-08-17 00:08:11,034 [INFO] ApplicationProperties:184 - Using Application install path: C:\ST\STM32CubeIDE_1.15.1\STM32CubeIDE\plugins\com.st.stm32cube.common.mx_6.11.1.202404110753
2024-08-17 00:08:11,036 [INFO] PluginManage:196 - Search for loadable plugins [exclusion list=, ]
2024-08-17 00:08:11,038 [INFO] PluginManage:310 - Check plugin analytics
2024-08-17 00:08:11,288 [INFO] AnalyticsPlugin:253 - Accepted Software Licenses: 
2024-08-17 00:08:11,288 [INFO] AnalyticsPlugin:255 - Accepted CMSIS Pack Licenses: 
2024-08-17 00:08:11,288 [INFO] AnalyticsPlugin:257 - Accepted Firmware Licenses: 
2024-08-17 00:08:11,292 [INFO] PluginManage:359 - Loaded plugin analytics (category:tool,tabindex:-1)
2024-08-17 00:08:11,292 [INFO] PluginManage:310 - Check plugin cadmodel
2024-08-17 00:08:11,300 [INFO] CADModel:105 - Init CAD model plugin
2024-08-17 00:08:11,300 [INFO] PluginManage:359 - Loaded plugin cadmodel (category:power,tabindex:5)
2024-08-17 00:08:11,300 [INFO] PluginManage:310 - Check plugin clock
2024-08-17 00:08:11,318 [INFO] PluginManage:359 - Loaded plugin clock (category:base,tabindex:2)
2024-08-17 00:08:11,318 [INFO] PluginManage:310 - Check plugin ddr
2024-08-17 00:08:11,322 [INFO] PluginManage:359 - Loaded plugin ddr (category:tool,tabindex:6)
2024-08-17 00:08:11,322 [INFO] PluginManage:310 - Check plugin filemanager
2024-08-17 00:08:11,526 [INFO] PluginManage:359 - Loaded plugin filemanager (category:base,tabindex:10)
2024-08-17 00:08:11,526 [INFO] PluginManage:310 - Check plugin ipmanager
2024-08-17 00:08:11,540 [INFO] PluginManage:359 - Loaded plugin ipmanager (category:base,tabindex:5)
2024-08-17 00:08:11,541 [INFO] PluginManage:310 - Check plugin lpbam
2024-08-17 00:08:11,555 [INFO] PluginManage:359 - Loaded plugin lpbam (category:base,tabindex:0)
2024-08-17 00:08:11,555 [INFO] PluginManage:310 - Check plugin memorymap
2024-08-17 00:08:11,581 [INFO] PluginManage:359 - Loaded plugin memorymap (category:base,tabindex:4)
2024-08-17 00:08:11,582 [INFO] PluginManage:310 - Check plugin pinoutandconfiguration
2024-08-17 00:08:11,593 [INFO] PluginManage:359 - Loaded plugin pinoutandconfiguration (category:base,tabindex:1)
2024-08-17 00:08:11,594 [INFO] PluginManage:310 - Check plugin pinoutconfig
2024-08-17 00:08:11,715 [WARN] SupportedApi:132 - Cannot load RTOS API schema: s4s-elt-must-match.1: The content of 'definitions' must match (annotation?, (simpleType | complexType)?, (unique | key | keyref)*)). A problem was found starting at: attribute.
2024-08-17 00:08:11,904 [INFO] PluginManage:359 - Loaded plugin pinoutconfig (category:base,tabindex:0)
2024-08-17 00:08:11,904 [INFO] PluginManage:310 - Check plugin power
2024-08-17 00:08:11,919 [INFO] PluginManage:359 - Loaded plugin power (category:power,tabindex:4)
2024-08-17 00:08:11,919 [INFO] PluginManage:310 - Check plugin projectmanager
2024-08-17 00:08:11,940 [INFO] PluginManage:359 - Loaded plugin projectmanager (category:projectmanager,tabindex:3)
2024-08-17 00:08:11,941 [INFO] PluginManage:310 - Check plugin thirdparty
2024-08-17 00:08:12,101 [INFO] PluginManage:359 - Loaded plugin thirdparty (category:base,tabindex:-1)
2024-08-17 00:08:12,101 [WARN] IntegrityCheckThread:84 - waiting for thirdparty lock release [integrity check]
2024-08-17 00:08:12,101 [INFO] PluginManage:310 - Check plugin tools
2024-08-17 00:08:12,101 [INFO] IntegrityCheckThread:86 - entering critical section [integrity check]
2024-08-17 00:08:12,102 [INFO] ThirdPartyUpdaterWithRetryManager:70 - Updater plugin not ready yet. [1/15]
2024-08-17 00:08:12,104 [INFO] PluginManage:359 - Loaded plugin tools (category:base,tabindex:7)
2024-08-17 00:08:12,104 [INFO] PluginManage:310 - Check plugin tutovideos
2024-08-17 00:08:12,342 [INFO] PluginManage:359 - Loaded plugin tutovideos (category:base,tabindex:-1)
2024-08-17 00:08:12,343 [INFO] PluginManage:310 - Check plugin updater
2024-08-17 00:08:12,356 [INFO] PluginManage:359 - Loaded plugin updater (category:base,tabindex:12)
2024-08-17 00:08:12,356 [INFO] PluginManage:310 - Check plugin userauth
2024-08-17 00:08:12,364 [INFO] UserAuth:114 - Init User Auth plugin
2024-08-17 00:08:12,364 [INFO] PluginManage:359 - Loaded plugin userauth (category:base,tabindex:14)
2024-08-17 00:08:12,365 [INFO] PluginManage:283 - PluginManage : Loaded plugins [17]
2024-08-17 00:08:12,673 [INFO] PinOutPanel:1561 - setPackage(No Configuration,No Configuration)
2024-08-17 00:08:12,790 [INFO] CADModel:165 - CPN selected for project level
2024-08-17 00:08:12,791 [INFO] CADModel:114 - Register for checkConnection events
2024-08-17 00:08:12,811 [INFO] IPUIPlugin:80 - create IPUIPlugin
2024-08-17 00:08:12,811 [INFO] PluginManager:220 - loadIPPluginJar : add adc
2024-08-17 00:08:12,814 [INFO] IPUIPlugin:80 - create IPUIPlugin
2024-08-17 00:08:12,815 [INFO] PluginManager:220 - loadIPPluginJar : add aes
2024-08-17 00:08:12,818 [INFO] IPUIPlugin:80 - create IPUIPlugin
2024-08-17 00:08:12,818 [INFO] PluginManager:220 - loadIPPluginJar : add can
2024-08-17 00:08:12,821 [INFO] IPUIPlugin:80 - create IPUIPlugin
2024-08-17 00:08:12,821 [INFO] PluginManager:220 - loadIPPluginJar : add comp
2024-08-17 00:08:12,824 [INFO] IPUIPlugin:80 - create IPUIPlugin
2024-08-17 00:08:12,824 [INFO] PluginManager:220 - loadIPPluginJar : add cryp
2024-08-17 00:08:12,828 [INFO] IPUIPlugin:80 - create IPUIPlugin
2024-08-17 00:08:12,828 [INFO] PluginManager:220 - loadIPPluginJar : add dfsdm
2024-08-17 00:08:12,836 [INFO] IPUIPlugin:80 - create IPUIPlugin
2024-08-17 00:08:12,837 [INFO] PluginManager:220 - loadIPPluginJar : add dma
2024-08-17 00:08:12,840 [INFO] IPUIPlugin:80 - create IPUIPlugin
2024-08-17 00:08:12,840 [INFO] PluginManager:220 - loadIPPluginJar : add dma3
2024-08-17 00:08:12,845 [INFO] IPUIPlugin:80 - create IPUIPlugin
2024-08-17 00:08:12,845 [INFO] PluginManager:220 - loadIPPluginJar : add extmemmanager
2024-08-17 00:08:12,847 [INFO] IPUIPlugin:80 - create IPUIPlugin
2024-08-17 00:08:12,847 [INFO] PluginManager:220 - loadIPPluginJar : add fatfs
2024-08-17 00:08:12,852 [INFO] IPUIPlugin:80 - create IPUIPlugin
2024-08-17 00:08:12,852 [INFO] PluginManager:220 - loadIPPluginJar : add fmc
2024-08-17 00:08:12,857 [INFO] IPUIPlugin:80 - create IPUIPlugin
2024-08-17 00:08:12,858 [INFO] PluginManager:220 - loadIPPluginJar : add freertos
2024-08-17 00:08:12,859 [INFO] IPUIPlugin:80 - create IPUIPlugin
2024-08-17 00:08:12,859 [INFO] PluginManager:220 - loadIPPluginJar : add genericplugin
2024-08-17 00:08:12,862 [INFO] IPUIPlugin:80 - create IPUIPlugin
2024-08-17 00:08:12,862 [INFO] PluginManager:220 - loadIPPluginJar : add gfxmmu
2024-08-17 00:08:12,867 [INFO] IPUIPlugin:80 - create IPUIPlugin
2024-08-17 00:08:12,868 [INFO] PluginManager:220 - loadIPPluginJar : add gic
2024-08-17 00:08:12,874 [INFO] IPUIPlugin:80 - create IPUIPlugin
2024-08-17 00:08:12,874 [INFO] PluginManager:220 - loadIPPluginJar : add gpio
2024-08-17 00:08:12,878 [INFO] IPUIPlugin:80 - create IPUIPlugin
2024-08-17 00:08:12,879 [INFO] PluginManager:220 - loadIPPluginJar : add gtzc
2024-08-17 00:08:12,883 [INFO] IPUIPlugin:80 - create IPUIPlugin
2024-08-17 00:08:12,883 [INFO] PluginManager:220 - loadIPPluginJar : add hash
2024-08-17 00:08:12,887 [INFO] IPUIPlugin:80 - create IPUIPlugin
2024-08-17 00:08:12,887 [INFO] PluginManager:220 - loadIPPluginJar : add i2c
2024-08-17 00:08:12,890 [INFO] IPUIPlugin:80 - create IPUIPlugin
2024-08-17 00:08:12,890 [INFO] PluginManager:220 - loadIPPluginJar : add i2s
2024-08-17 00:08:12,893 [INFO] IPUIPlugin:80 - create IPUIPlugin
2024-08-17 00:08:12,894 [INFO] PluginManager:220 - loadIPPluginJar : add i3c
2024-08-17 00:08:12,897 [INFO] IPUIPlugin:80 - create IPUIPlugin
2024-08-17 00:08:12,897 [INFO] PluginManager:220 - loadIPPluginJar : add ipddr
2024-08-17 00:08:12,905 [INFO] IPUIPlugin:80 - create IPUIPlugin
2024-08-17 00:08:12,906 [INFO] PluginManager:220 - loadIPPluginJar : add linkedlist
2024-08-17 00:08:12,909 [INFO] IPUIPlugin:80 - create IPUIPlugin
2024-08-17 00:08:12,909 [INFO] PluginManager:220 - loadIPPluginJar : add lorawan
2024-08-17 00:08:12,910 [INFO] IPUIPlugin:80 - create IPUIPlugin
2024-08-17 00:08:12,910 [INFO] PluginManager:220 - loadIPPluginJar : add ltdc
2024-08-17 00:08:12,919 [INFO] IPUIPlugin:80 - create IPUIPlugin
2024-08-17 00:08:12,919 [INFO] PluginManager:220 - loadIPPluginJar : add mdma
2024-08-17 00:08:12,923 [INFO] IPUIPlugin:80 - create IPUIPlugin
2024-08-17 00:08:12,923 [INFO] PluginManager:220 - loadIPPluginJar : add nvic
2024-08-17 00:08:12,927 [INFO] IPUIPlugin:80 - create IPUIPlugin
2024-08-17 00:08:12,927 [INFO] PluginManager:220 - loadIPPluginJar : add opamp
2024-08-17 00:08:12,932 [INFO] IPUIPlugin:80 - create IPUIPlugin
2024-08-17 00:08:12,932 [INFO] PluginManager:220 - loadIPPluginJar : add openamp
2024-08-17 00:08:12,937 [INFO] IPUIPlugin:80 - create IPUIPlugin
2024-08-17 00:08:12,937 [INFO] PluginManager:220 - loadIPPluginJar : add pdm2pcm
2024-08-17 00:08:12,943 [INFO] IPUIPlugin:80 - create IPUIPlugin
2024-08-17 00:08:12,946 [INFO] PluginManager:220 - loadIPPluginJar : add plateformsettings
2024-08-17 00:08:12,948 [INFO] IPUIPlugin:80 - create IPUIPlugin
2024-08-17 00:08:12,948 [INFO] PluginManager:220 - loadIPPluginJar : add quadspi
2024-08-17 00:08:12,953 [INFO] IPUIPlugin:80 - create IPUIPlugin
2024-08-17 00:08:12,953 [INFO] PluginManager:220 - loadIPPluginJar : add resmgrutility
2024-08-17 00:08:12,956 [INFO] IPUIPlugin:80 - create IPUIPlugin
2024-08-17 00:08:12,956 [INFO] PluginManager:220 - loadIPPluginJar : add sai
2024-08-17 00:08:12,958 [INFO] IPUIPlugin:80 - create IPUIPlugin
2024-08-17 00:08:12,958 [INFO] PluginManager:220 - loadIPPluginJar : add spi
2024-08-17 00:08:12,964 [INFO] IPUIPlugin:80 - create IPUIPlugin
2024-08-17 00:08:12,965 [INFO] PluginManager:220 - loadIPPluginJar : add stm32_wpan
2024-08-17 00:08:12,967 [INFO] IPUIPlugin:80 - create IPUIPlugin
2024-08-17 00:08:12,967 [INFO] PluginManager:220 - loadIPPluginJar : add tim
2024-08-17 00:08:12,970 [INFO] IPUIPlugin:80 - create IPUIPlugin
2024-08-17 00:08:12,970 [INFO] PluginManager:220 - loadIPPluginJar : add touchsensing
2024-08-17 00:08:12,972 [INFO] IPUIPlugin:80 - create IPUIPlugin
2024-08-17 00:08:12,972 [INFO] PluginManager:220 - loadIPPluginJar : add tracer_emb
2024-08-17 00:08:12,974 [INFO] IPUIPlugin:80 - create IPUIPlugin
2024-08-17 00:08:12,974 [INFO] PluginManager:220 - loadIPPluginJar : add ts
2024-08-17 00:08:12,976 [INFO] IPUIPlugin:80 - create IPUIPlugin
2024-08-17 00:08:12,976 [INFO] PluginManager:220 - loadIPPluginJar : add tsc
2024-08-17 00:08:12,977 [INFO] IPUIPlugin:80 - create IPUIPlugin
2024-08-17 00:08:12,977 [INFO] PluginManager:220 - loadIPPluginJar : add ucpd
2024-08-17 00:08:12,981 [INFO] IPUIPlugin:80 - create IPUIPlugin
2024-08-17 00:08:12,981 [INFO] PluginManager:220 - loadIPPluginJar : add usart
2024-08-17 00:08:12,984 [INFO] IPUIPlugin:80 - create IPUIPlugin
2024-08-17 00:08:12,984 [INFO] PluginManager:220 - loadIPPluginJar : add usbx
2024-08-17 00:08:13,143 [INFO] CADModel:165 - CPN selected for project level
2024-08-17 00:08:13,143 [INFO] CADModel:114 - Register for checkConnection events
2024-08-17 00:08:13,143 [FATAL] Updater:308 - Updater called before beeing initialized
2024-08-17 00:08:13,144 [ERROR] CADModel:125 - Updater not yet initialized, retry later 
2024-08-17 00:08:13,361 [INFO] CADModel:165 - CPN selected for project level
2024-08-17 00:08:13,361 [INFO] CADModel:114 - Register for checkConnection events
2024-08-17 00:08:13,362 [FATAL] Updater:308 - Updater called before beeing initialized
2024-08-17 00:08:13,362 [ERROR] CADModel:125 - Updater not yet initialized, retry later 
2024-08-17 00:08:13,366 [FATAL] Updater:308 - Updater called before beeing initialized
2024-08-17 00:08:13,507 [FATAL] Updater:308 - Updater called before beeing initialized
2024-08-17 00:08:13,512 [INFO] DbMcusAds:53 - JSON generation date=Thu May 16 14:52:00 IST 2024 (1715851320667)
2024-08-17 00:08:13,513 [FATAL] Updater:308 - Updater called before beeing initialized
2024-08-17 00:08:13,563 [WARN] DetailPanel:346 - Failed to get advertising image, set to default
2024-08-17 00:08:13,723 [FATAL] Updater:308 - Updater called before beeing initialized
2024-08-17 00:08:13,726 [FATAL] Updater:308 - Updater called before beeing initialized
2024-08-17 00:08:13,726 [FATAL] Updater:308 - Updater called before beeing initialized
2024-08-17 00:08:13,727 [WARN] DetailPanel:346 - Failed to get advertising image, set to default
2024-08-17 00:08:13,727 [FATAL] Updater:308 - Updater called before beeing initialized
2024-08-17 00:08:13,822 [ERROR] Updater:1120 - MainUpdater not yet initialized. External WinMGr cannot be set.
2024-08-17 00:08:13,824 [INFO] Updater:1056 - Updater Version found : 6.11.1
2024-08-17 00:08:13,851 [INFO] ApplicationProperties:184 - Using Application install path: C:\ST\STM32CubeIDE_1.15.1\STM32CubeIDE\plugins\com.st.stm32cube.common.mx_6.11.1.202404110753
2024-08-17 00:08:15,104 [INFO] ThirdPartyUpdaterWithRetryManager:70 - Updater plugin not ready yet. [2/15]
2024-08-17 00:08:15,443 [ERROR] LogOutputStream:75 - [STDERR_REDIRECT] Aug 17, 2024 12:08:15 AM java.util.prefs.WindowsPreferences <init>
2024-08-17 00:08:15,445 [ERROR] LogOutputStream:75 - [STDERR_REDIRECT] WARNING: Could not open/create prefs root node Software\JavaSoft\Prefs at root 0xffffffff80000002. Windows RegCreateKeyEx(...) returned error code 5.
2024-08-17 00:08:15,445 [ERROR] LogOutputStream:75 - [STDERR_REDIRECT] 
2024-08-17 00:08:15,818 [INFO] MainUpdater:2873 - connection check result : 10
2024-08-17 00:08:15,819 [INFO] MainUpdater:290 - Updater Check For Update Now.
2024-08-17 00:08:15,820 [INFO] MicroXplorer:498 - Change Database Version : DB.6.0.111
2024-08-17 00:08:15,836 [INFO] McuFinderGlobals:63 - Set McuFinder mode to 2 (CubeIDE integrated)
2024-08-17 00:08:15,836 [INFO] UserAuth:179 - activating auth plugin
2024-08-17 00:08:15,841 [INFO] UserAuth:415 - Internet connection configuration mode: 1
2024-08-17 00:08:15,870 [INFO] JxBrowserEngine:152 - Initiate JxBrowser Engine with user profile folder
2024-08-17 00:08:16,036 [INFO] CheckServerUpdateThread:120 - End of CheckServer Thread
2024-08-17 00:08:16,858 [INFO] WebApp:161 - Instantiating new browser for Auth
2024-08-17 00:08:17,708 [INFO] WebApp:779 - Register for checkConnection events
2024-08-17 00:08:17,708 [INFO] WebApp:414 - Apply proxy settings
2024-08-17 00:08:17,708 [INFO] WebApp:499 - Chromium requires no authentication
2024-08-17 00:08:17,720 [INFO] WebApp:442 - Direct internet connection detected
2024-08-17 00:08:17,967 [INFO] WebApp:192 - Starting web application
2024-08-17 00:08:17,967 [INFO] WebApp:544 - Web application path used C:\ST\STM32CubeIDE_1.15.1\STM32CubeIDE\plugins\com.st.stm32cube.common.mx_6.11.1.202404110753\db\plugins\mcufinder\reactClient1\index.html
2024-08-17 00:08:18,448 [WARN] PackLoader:240 - Cannot read IP mode file for STMicroelectronics.FP-SNS-MOTENVWB1.1.4.0
2024-08-17 00:08:18,462 [WARN] PackLoader:240 - Cannot read IP mode file for STMicroelectronics.X-CUBE-SMBUS.2.1.0
2024-08-17 00:08:18,499 [WARN] PackLoader:240 - Cannot read IP mode file for STMicroelectronics.X-CUBE-AZRTOS-F7.1.1.0
2024-08-17 00:08:18,521 [WARN] PackLoader:240 - Cannot read IP mode file for STMicroelectronics.FP-SNS-FLIGHT1.5.0.2
2024-08-17 00:08:18,532 [WARN] PackLoader:240 - Cannot read IP mode file for STMicroelectronics.X-CUBE-DISPLAY.3.0.0
2024-08-17 00:08:18,551 [WARN] PackLoader:240 - Cannot read IP mode file for STMicroelectronics.X-CUBE-BLE1.7.0.0
2024-08-17 00:08:18,561 [WARN] PackLoader:240 - Cannot read IP mode file for emotas.I-CUBE-CANOPEN.1.3.0
2024-08-17 00:08:18,578 [WARN] PackLoader:240 - Cannot read IP mode file for STMicroelectronics.X-CUBE-BLEMGR.3.1.0
2024-08-17 00:08:18,589 [WARN] PackLoader:240 - Cannot read IP mode file for STMicroelectronics.FP-SNS-SMARTAG2.1.2.0
2024-08-17 00:08:18,605 [INFO] LogOutputStream:77 - [STDOUT_REDIRECT] 1 : Invalid condition id : UX_CORESTACK_Condition cause : null
2024-08-17 00:08:18,606 [INFO] LogOutputStream:77 - [STDOUT_REDIRECT] 1 : Invalid condition id : UX_CORESTACK_Condition cause : null
2024-08-17 00:08:18,608 [INFO] LogOutputStream:77 - [STDOUT_REDIRECT] 1 : Invalid condition id : UX_CORESTACK_Condition cause : null
2024-08-17 00:08:18,610 [INFO] LogOutputStream:77 - [STDOUT_REDIRECT] 1 : Invalid condition id : UX_CORESTACK_Condition cause : null
2024-08-17 00:08:18,610 [INFO] LogOutputStream:77 - [STDOUT_REDIRECT] 1 : Invalid condition id : UX_CORESTACK_Condition cause : null
2024-08-17 00:08:18,615 [WARN] PackLoader:240 - Cannot read IP mode file for STMicroelectronics.X-CUBE-AZRTOS-WL.2.0.0
2024-08-17 00:08:18,625 [WARN] PackLoader:240 - Cannot read IP mode file for STMicroelectronics.FP-SNS-MOTENV1.5.0.0
2024-08-17 00:08:18,633 [WARN] PackLoader:240 - Cannot read IP mode file for wolfSSL.I-CUBE-wolfMQTT.1.19.0
2024-08-17 00:08:18,645 [WARN] PackLoader:240 - Cannot read IP mode file for WES.I-CUBE-Cesium.1.3.0
2024-08-17 00:08:18,653 [WARN] PackLoader:240 - Cannot read IP mode file for STMicroelectronics.X-CUBE-BLE2.3.3.0
2024-08-17 00:08:18,663 [WARN] PackLoader:240 - Cannot read IP mode file for STMicroelectronics.X-CUBE-TCPP.4.1.0
2024-08-17 00:08:18,682 [WARN] PackLoader:240 - Cannot read IP mode file for STMicroelectronics.X-CUBE-AZRTOS-G0.1.1.0
2024-08-17 00:08:18,692 [WARN] PackLoader:240 - Cannot read IP mode file for STMicroelectronics.X-CUBE-SAFEA1.1.2.2
2024-08-17 00:08:18,699 [WARN] PackLoader:240 - Cannot read IP mode file for STMicroelectronics.X-CUBE-NFC4.3.0.0
2024-08-17 00:08:18,711 [WARN] PackLoader:240 - Cannot read IP mode file for EmbeddedOffice.I-CUBE-FS-RTOS.1.0.1
2024-08-17 00:08:18,711 [ERROR] ConditionMgr:805 - Attr not supported : Dmpu
2024-08-17 00:08:18,711 [ERROR] ConditionMgr:805 - Attr not supported : Dmpu
2024-08-17 00:08:18,711 [ERROR] ConditionMgr:805 - Attr not supported : Dmpu
2024-08-17 00:08:18,711 [ERROR] ConditionMgr:805 - Attr not supported : Dmpu
2024-08-17 00:08:18,711 [ERROR] ConditionMgr:805 - Attr not supported : Dmpu
2024-08-17 00:08:18,711 [ERROR] ConditionMgr:805 - Attr not supported : Dmpu
2024-08-17 00:08:18,711 [ERROR] ConditionMgr:805 - Attr not supported : Dmpu
2024-08-17 00:08:18,711 [ERROR] ConditionMgr:805 - Attr not supported : Dmpu
2024-08-17 00:08:18,712 [ERROR] ConditionMgr:805 - Attr not supported : Dmpu
2024-08-17 00:08:18,712 [ERROR] ConditionMgr:805 - Attr not supported : Dmpu
2024-08-17 00:08:18,712 [ERROR] ConditionMgr:805 - Attr not supported : Dmpu
2024-08-17 00:08:18,712 [ERROR] ConditionMgr:805 - Attr not supported : Dmpu
2024-08-17 00:08:18,712 [ERROR] ConditionMgr:805 - Attr not supported : Dmpu
2024-08-17 00:08:18,712 [ERROR] ConditionMgr:805 - Attr not supported : Dmpu
2024-08-17 00:08:18,712 [ERROR] ConditionMgr:805 - Attr not supported : Dmpu
2024-08-17 00:08:18,713 [ERROR] ConditionMgr:805 - Attr not supported : Dmpu
2024-08-17 00:08:18,713 [ERROR] ConditionMgr:805 - Attr not supported : Dmpu
2024-08-17 00:08:18,713 [ERROR] ConditionMgr:805 - Attr not supported : Dmpu
2024-08-17 00:08:18,713 [ERROR] ConditionMgr:805 - Attr not supported : Dmpu
2024-08-17 00:08:18,713 [ERROR] ConditionMgr:805 - Attr not supported : Dmpu
2024-08-17 00:08:18,713 [ERROR] ConditionMgr:805 - Attr not supported : Dmpu
2024-08-17 00:08:18,713 [ERROR] ConditionMgr:805 - Attr not supported : Dmpu
2024-08-17 00:08:18,713 [ERROR] ConditionMgr:805 - Attr not supported : Dmpu
2024-08-17 00:08:18,713 [ERROR] ConditionMgr:805 - Attr not supported : Dmpu
2024-08-17 00:08:18,713 [ERROR] ConditionMgr:805 - Attr not supported : Dmpu
2024-08-17 00:08:18,714 [ERROR] ConditionMgr:805 - Attr not supported : Dmpu
2024-08-17 00:08:18,714 [ERROR] ConditionMgr:805 - Attr not supported : Dmpu
2024-08-17 00:08:18,714 [ERROR] ConditionMgr:805 - Attr not supported : Dmpu
2024-08-17 00:08:18,714 [ERROR] ConditionMgr:805 - Attr not supported : Dmpu
2024-08-17 00:08:18,714 [ERROR] ConditionMgr:805 - Attr not supported : Dmpu
2024-08-17 00:08:18,714 [ERROR] ConditionMgr:805 - Attr not supported : Dmpu
2024-08-17 00:08:18,714 [ERROR] ConditionMgr:805 - Attr not supported : Dmpu
2024-08-17 00:08:18,714 [ERROR] ConditionMgr:805 - Attr not supported : Dmpu
2024-08-17 00:08:18,714 [ERROR] ConditionMgr:805 - Attr not supported : Dmpu
2024-08-17 00:08:18,715 [ERROR] ConditionMgr:805 - Attr not supported : Dmpu
2024-08-17 00:08:18,715 [ERROR] ConditionMgr:805 - Attr not supported : Dmpu
2024-08-17 00:08:18,715 [ERROR] ConditionMgr:805 - Attr not supported : Dmpu
2024-08-17 00:08:18,715 [ERROR] ConditionMgr:805 - Attr not supported : Dmpu
2024-08-17 00:08:18,715 [ERROR] ConditionMgr:805 - Attr not supported : Dmpu
2024-08-17 00:08:18,715 [ERROR] ConditionMgr:805 - Attr not supported : Dmpu
2024-08-17 00:08:18,715 [ERROR] ConditionMgr:805 - Attr not supported : Dmpu
2024-08-17 00:08:18,716 [ERROR] ConditionMgr:805 - Attr not supported : Dmpu
2024-08-17 00:08:18,716 [ERROR] ConditionMgr:805 - Attr not supported : Dmpu
2024-08-17 00:08:18,716 [ERROR] ConditionMgr:805 - Attr not supported : Dmpu
2024-08-17 00:08:18,716 [ERROR] ConditionMgr:805 - Attr not supported : Dmpu
2024-08-17 00:08:18,716 [ERROR] ConditionMgr:805 - Attr not supported : Dmpu
2024-08-17 00:08:18,716 [ERROR] ConditionMgr:805 - Attr not supported : Dmpu
2024-08-17 00:08:18,716 [ERROR] ConditionMgr:805 - Attr not supported : Dmpu
2024-08-17 00:08:18,716 [ERROR] ConditionMgr:805 - Attr not supported : Dmpu
2024-08-17 00:08:18,716 [ERROR] ConditionMgr:805 - Attr not supported : Dmpu
2024-08-17 00:08:18,716 [ERROR] ConditionMgr:805 - Attr not supported : Dmpu
2024-08-17 00:08:18,716 [ERROR] ConditionMgr:805 - Attr not supported : Dmpu
2024-08-17 00:08:18,716 [ERROR] ConditionMgr:805 - Attr not supported : Dmpu
2024-08-17 00:08:18,717 [ERROR] ConditionMgr:805 - Attr not supported : Dmpu
2024-08-17 00:08:18,717 [ERROR] ConditionMgr:805 - Attr not supported : Dmpu
2024-08-17 00:08:18,717 [ERROR] ConditionMgr:805 - Attr not supported : Dmpu
2024-08-17 00:08:18,717 [ERROR] ConditionMgr:805 - Attr not supported : Dmpu
2024-08-17 00:08:18,717 [ERROR] ConditionMgr:805 - Attr not supported : Dmpu
2024-08-17 00:08:18,717 [ERROR] ConditionMgr:805 - Attr not supported : Dmpu
2024-08-17 00:08:18,717 [ERROR] ConditionMgr:805 - Attr not supported : Dmpu
2024-08-17 00:08:18,717 [ERROR] ConditionMgr:805 - Attr not supported : Dmpu
2024-08-17 00:08:18,717 [ERROR] ConditionMgr:805 - Attr not supported : Dmpu
2024-08-17 00:08:18,717 [ERROR] ConditionMgr:805 - Attr not supported : Dmpu
2024-08-17 00:08:18,717 [ERROR] ConditionMgr:805 - Attr not supported : Dmpu
2024-08-17 00:08:18,724 [WARN] PackLoader:240 - Cannot read IP mode file for RealThread.X-CUBE-RT-Thread_Nano.4.1.1
2024-08-17 00:08:18,730 [WARN] PackLoader:240 - Cannot read IP mode file for STMicroelectronics.FP-ATR-SIGFOX1.3.2.0
2024-08-17 00:08:18,736 [WARN] PackLoader:240 - Cannot read IP mode file for wolfSSL.I-CUBE-wolfSSL.5.7.2
2024-08-17 00:08:18,744 [WARN] PackLoader:240 - Cannot read IP mode file for STMicroelectronics.X-CUBE-EEPRMA1.5.1.0
2024-08-17 00:08:18,754 [WARN] PackLoader:240 - Cannot read IP mode file for ITTIA_DB.I-CUBE-ITTIADB.8.9.0
2024-08-17 00:08:18,781 [WARN] PackLoader:240 - Cannot read IP mode file for SEGGER.I-CUBE-embOS.1.3.1
2024-08-17 00:08:18,818 [WARN] PackLoader:240 - Cannot read IP mode file for STMicroelectronics.X-CUBE-ALGOBUILD.1.4.0
2024-08-17 00:08:18,826 [WARN] PackLoader:240 - Cannot read IP mode file for STMicroelectronics.X-CUBE-GNSS1.6.0.0
2024-08-17 00:08:18,850 [WARN] PackLoader:240 - Cannot read IP mode file for STMicroelectronics.X-CUBE-AZRTOS-F4.1.1.0
2024-08-17 00:08:18,861 [WARN] PackLoader:240 - Cannot read IP mode file for STMicroelectronics.X-CUBE-FREERTOS.1.2.0
2024-08-17 00:08:18,890 [WARN] PackLoader:240 - Cannot read IP mode file for STMicroelectronics.X-CUBE-AZRTOS-L5.2.0.0
2024-08-17 00:08:18,902 [WARN] PackLoader:240 - Cannot read IP mode file for STMicroelectronics.X-CUBE-NFC6.3.1.0
2024-08-17 00:08:18,912 [WARN] PackLoader:240 - Cannot read IP mode file for STMicroelectronics.X-CUBE-DPower.1.2.0
2024-08-17 00:08:18,917 [WARN] PackLoader:240 - Cannot read IP mode file for STMicroelectronics.X-CUBE-AI.9.0.0
2024-08-17 00:08:18,924 [WARN] PackLoader:240 - Cannot read IP mode file for STMicroelectronics.X-CUBE-NFC7.1.0.1
2024-08-17 00:08:18,931 [WARN] PackLoader:240 - Cannot read IP mode file for wolfSSL.I-CUBE-wolfTPM.3.2.0
2024-08-17 00:08:18,952 [WARN] ConditionMgr:438 - getConditionDescription Invalid condition id : LAN8742 Phy interface Condition cause : null
2024-08-17 00:08:18,953 [WARN] PackLoader:240 - Cannot read IP mode file for STMicroelectronics.X-CUBE-AZRTOS-L4.2.0.0
2024-08-17 00:08:18,954 [WARN] ConditionMgr:1039 - genDependencies : Invalid condition id : LAN8742 Phy interface Condition cause : null
2024-08-17 00:08:18,955 [WARN] ConditionMgr:1039 - genDependencies : Invalid condition id : LAN8742 Phy interface Condition cause : null
2024-08-17 00:08:18,955 [WARN] ConditionMgr:1039 - genDependencies : Invalid condition id : LAN8742 Phy interface Condition cause : null
2024-08-17 00:08:18,966 [WARN] PackLoader:240 - Cannot read IP mode file for STMicroelectronics.X-CUBE-SFXS2LP1.4.0.0
2024-08-17 00:08:18,990 [WARN] PackLoader:240 - Cannot read IP mode file for STMicroelectronics.X-CUBE-AZRTOS-H7.3.3.0
2024-08-17 00:08:19,011 [WARN] ConditionMgr:438 - getConditionDescription Invalid condition id : UX DEVICE CLASS RTOS Condition cause : null
2024-08-17 00:08:19,011 [WARN] ConditionMgr:438 - getConditionDescription Invalid condition id : UX DEVICE CLASS RTOS Condition cause : null
2024-08-17 00:08:19,013 [WARN] PackLoader:240 - Cannot read IP mode file for STMicroelectronics.X-CUBE-AZRTOS-WB.2.0.0
2024-08-17 00:08:19,014 [WARN] ConditionMgr:1039 - genDependencies : Invalid condition id : UX DEVICE CLASS RTOS Condition cause : null
2024-08-17 00:08:19,014 [WARN] ConditionMgr:1039 - genDependencies : Invalid condition id : UX DEVICE CLASS RTOS Condition cause : null
2024-08-17 00:08:19,014 [WARN] ConditionMgr:1039 - genDependencies : Invalid condition id : UX DEVICE CLASS RTOS Condition cause : null
2024-08-17 00:08:19,015 [WARN] ConditionMgr:1039 - genDependencies : Invalid condition id : UX DEVICE CLASS RTOS Condition cause : null
2024-08-17 00:08:19,015 [WARN] ConditionMgr:1039 - genDependencies : Invalid condition id : UX DEVICE CLASS RTOS Condition cause : null
2024-08-17 00:08:19,024 [WARN] PackLoader:240 - Cannot read IP mode file for STMicroelectronics.FP-SNS-STBOX1.2.0.0
2024-08-17 00:08:19,041 [WARN] PackLoader:240 - Cannot read IP mode file for STMicroelectronics.X-CUBE-SUBG2.5.0.0
2024-08-17 00:08:19,054 [WARN] PackLoader:240 - Cannot read IP mode file for Cesanta.I-CUBE-Mongoose.7.13.0
2024-08-17 00:08:19,073 [WARN] PackLoader:240 - Cannot read IP mode file for STMicroelectronics.X-CUBE-AZRTOS-G4.2.0.0
2024-08-17 00:08:19,081 [WARN] PackLoader:240 - Cannot read IP mode file for STMicroelectronics.X-CUBE-ISPU.2.0.0
2024-08-17 00:08:19,088 [WARN] PackLoader:240 - Cannot read IP mode file for STMicroelectronics.X-CUBE-ALS.1.0.2
2024-08-17 00:08:19,127 [WARN] PackLoader:240 - Cannot read IP mode file for STMicroelectronics.X-CUBE-MEMS1.10.0.0
2024-08-17 00:08:19,252 [WARN] PackLoader:240 - Cannot read IP mode file for STMicroelectronics.X-CUBE-TOUCHGFX.4.24.0
2024-08-17 00:08:19,257 [WARN] PackLoader:240 - Cannot read IP mode file for portGmbH.I-Cube-SoM-uGOAL.1.1.0
2024-08-17 00:08:19,274 [WARN] PackLoader:240 - Cannot read IP mode file for STMicroelectronics.X-CUBE-AZRTOS-H7RS.1.0.0
2024-08-17 00:08:19,281 [WARN] PackLoader:240 - Cannot read IP mode file for STMicroelectronics.FP-ATR-ASTRA1.2.0.0
2024-08-17 00:08:19,292 [WARN] PackLoader:240 - Cannot read IP mode file for STMicroelectronics.X-CUBE-TOF1.3.4.2
2024-08-17 00:08:19,319 [WARN] PackLoader:240 - Cannot read IP mode file for Infineon.AIROC-Wi-Fi-Bluetooth-STM32.1.6.1
2024-08-17 00:08:19,327 [WARN] PackLoader:240 - Cannot read IP mode file for wolfSSL.I-CUBE-wolfSSH.1.4.17
2024-08-17 00:08:19,328 [INFO] ThirdParty:978 - Integrity check success = true
2024-08-17 00:08:19,328 [INFO] IntegrityCheckThread:100 - exiting critical section [integrity check]
2024-08-17 00:08:19,328 [INFO] IntegrityCheckThread:103 - End integrity checks thread
2024-08-17 00:37:56,071 [ERROR] LogOutputStream:75 - [STDERR_REDIRECT] Exception in thread "SWV client thread" java.lang.NullPointerException: Cannot invoke "com.st.stm32cube.ide.mcu.debug.swv.core.SWVPlugin.isDebugging()" because "com.st.stm32cube.ide.mcu.debug.swv.core.SWVPlugin.plugin" is null
2024-08-17 00:37:56,077 [ERROR] LogOutputStream:75 - [STDERR_REDIRECT] 	at com.st.stm32cube.ide.mcu.debug.swv.core.SWVPlugin.debugTrace(SWVPlugin.java:85)
2024-08-17 00:37:56,078 [ERROR] LogOutputStream:75 - [STDERR_REDIRECT] 	at com.st.stm32cube.ide.mcu.debug.swv.core.SWVClient.TRACE(SWVClient.java:768)
2024-08-17 00:37:56,080 [ERROR] LogOutputStream:75 - [STDERR_REDIRECT] 	at com.st.stm32cube.ide.mcu.debug.swv.core.SWVClient.readByte(SWVClient.java:296)
2024-08-17 00:37:56,082 [ERROR] LogOutputStream:75 - [STDERR_REDIRECT] 	at com.st.stm32cube.ide.mcu.debug.swv.core.SWVClient.getNextByte(SWVClient.java:277)
2024-08-17 00:37:56,083 [ERROR] LogOutputStream:75 - [STDERR_REDIRECT] 	at com.st.stm32cube.ide.mcu.debug.swv.core.SWVClient.run(SWVClient.java:313)
2024-08-17 00:37:56,648 [ERROR] LogOutputStream:75 - [STDERR_REDIRECT] 
2024-08-17 00:37:56,648 [ERROR] LogOutputStream:75 - [STDERR_REDIRECT] 
2024-08-17 01:05:55,315 [INFO] Activator:176 - 


2024-08-17 01:05:55,315 [INFO] Activator:177 - !SESSION log4j initialized
2024-08-17 01:07:10,527 [INFO] ApplicationProperties:181 - Using Application install path: C:\ST\STM32CubeIDE_1.0.2\STM32CubeIDE\plugins\com.st.stm32cube.common.mx_5.3.0.201907110903
2024-08-17 01:07:10,534 [INFO] DbMcusXml:68 - Set database path to: C:\ST\STM32CubeIDE_1.0.2\STM32CubeIDE\plugins\com.st.stm32cube.common.mx_5.3.0.201907110903\\db\/mcu/
2024-08-17 01:07:10,552 [INFO] DbBoardsPdsc:54 - Set plugin database path to: C:\ST\STM32CubeIDE_1.0.2\STM32CubeIDE\plugins\com.st.stm32cube.common.mx_5.3.0.201907110903\\db\/plugins/boardmanager/
2024-08-17 01:07:10,552 [INFO] DbMcus:264 - Set plugin images path to: C:\ST\STM32CubeIDE_1.0.2\STM32CubeIDE\plugins\com.st.stm32cube.common.mx_5.3.0.201907110903\\db\/plugins/mcufinder/images/
2024-08-17 01:07:10,552 [INFO] DbBoards:232 - Set plugin images path to: C:\ST\STM32CubeIDE_1.0.2\STM32CubeIDE\plugins\com.st.stm32cube.common.mx_5.3.0.201907110903\\db\/plugins/mcufinder/images/
2024-08-17 01:07:10,557 [INFO] APIGFXSelector:72 - Set database path to: C:\ST\STM32CubeIDE_1.0.2\STM32CubeIDE\plugins\com.st.stm32cube.common.mx_5.3.0.201907110903\\db\/plugins/mcufinder/mcu/
2024-08-17 01:07:10,616 [INFO] DbMcusAds:72 - Set database path to: C:\Users\Tejas Sawant\.stmcufinder\plugins\mcufinder//mcu/
2024-08-17 01:07:10,616 [INFO] DbMcusDocs:92 - Set database path to: C:\Users\Tejas Sawant\.stmcufinder\plugins\mcufinder//mcu/
2024-08-17 01:07:10,616 [INFO] DbMcusJson:59 - Set database path to: C:\Users\Tejas Sawant\.stmcufinder\plugins\mcufinder//mcu/
2024-08-17 01:07:10,616 [INFO] DbBoardsDocs:84 - Set database path to: C:\Users\Tejas Sawant\.stmcufinder\plugins\mcufinder//mcu/
2024-08-17 01:07:10,616 [INFO] DbBoardsJson:51 - Set database path to: C:\Users\Tejas Sawant\.stmcufinder\plugins\mcufinder//mcu/
2024-08-17 01:07:11,097 [INFO] CrossReferenceDbSqlite:197 - Set database path to: C:\Users\Tejas Sawant\.stmcufinder\plugins\mcufinder//mcu/cs/
2024-08-17 01:07:11,246 [INFO] RulesReader:52 - Compatibility file has been processed (156 Rules)
2024-08-17 01:07:11,364 [INFO] MicroXplorer:521 - Detected Java Version = 1.8.0_202
2024-08-17 01:07:11,364 [INFO] DbMcusXml:68 - Set database path to: C:\ST\STM32CubeIDE_1.0.2\STM32CubeIDE\plugins\com.st.stm32cube.common.mx_5.3.0.201907110903\\db\/mcu/
2024-08-17 01:07:11,364 [INFO] DbBoardsPdsc:54 - Set plugin database path to: C:\ST\STM32CubeIDE_1.0.2\STM32CubeIDE\plugins\com.st.stm32cube.common.mx_5.3.0.201907110903\\db\/plugins/boardmanager/
2024-08-17 01:07:11,371 [INFO] DbMcus:264 - Set plugin images path to: C:\ST\STM32CubeIDE_1.0.2\STM32CubeIDE\plugins\com.st.stm32cube.common.mx_5.3.0.201907110903\\db\/plugins/mcufinder/images/
2024-08-17 01:07:11,371 [INFO] DbBoards:232 - Set plugin images path to: C:\ST\STM32CubeIDE_1.0.2\STM32CubeIDE\plugins\com.st.stm32cube.common.mx_5.3.0.201907110903\\db\/plugins/mcufinder/images/
2024-08-17 01:07:11,371 [INFO] APIGFXSelector:72 - Set database path to: C:\ST\STM32CubeIDE_1.0.2\STM32CubeIDE\plugins\com.st.stm32cube.common.mx_5.3.0.201907110903\\db\/plugins/mcufinder/mcu/
2024-08-17 01:07:11,371 [WARN] DbFile:31 - Overriding database path with different value: C:\Users\Tejas Sawant\.stmcufinder\plugins\mcufinder/ => C:\Users\Tejas Sawant\.stmcufinder\plugins\mcufinder
2024-08-17 01:07:11,371 [INFO] DbMcusAds:72 - Set database path to: C:\Users\Tejas Sawant\.stmcufinder\plugins\mcufinder//mcu/
2024-08-17 01:07:11,372 [WARN] DbFile:31 - Overriding database path with different value: C:\Users\Tejas Sawant\.stmcufinder\plugins\mcufinder/ => C:\Users\Tejas Sawant\.stmcufinder\plugins\mcufinder
2024-08-17 01:07:11,372 [INFO] DbMcusDocs:92 - Set database path to: C:\Users\Tejas Sawant\.stmcufinder\plugins\mcufinder//mcu/
2024-08-17 01:07:11,372 [WARN] DbFile:31 - Overriding database path with different value: C:\Users\Tejas Sawant\.stmcufinder\plugins\mcufinder/ => C:\Users\Tejas Sawant\.stmcufinder\plugins\mcufinder
2024-08-17 01:07:11,372 [INFO] DbMcusJson:59 - Set database path to: C:\Users\Tejas Sawant\.stmcufinder\plugins\mcufinder//mcu/
2024-08-17 01:07:11,372 [WARN] DbFile:31 - Overriding database path with different value: C:\Users\Tejas Sawant\.stmcufinder\plugins\mcufinder/ => C:\Users\Tejas Sawant\.stmcufinder\plugins\mcufinder
2024-08-17 01:07:11,372 [INFO] DbBoardsDocs:84 - Set database path to: C:\Users\Tejas Sawant\.stmcufinder\plugins\mcufinder//mcu/
2024-08-17 01:07:11,374 [WARN] DbFile:31 - Overriding database path with different value: C:\Users\Tejas Sawant\.stmcufinder\plugins\mcufinder/ => C:\Users\Tejas Sawant\.stmcufinder\plugins\mcufinder
2024-08-17 01:07:11,374 [INFO] DbBoardsJson:51 - Set database path to: C:\Users\Tejas Sawant\.stmcufinder\plugins\mcufinder//mcu/
2024-08-17 01:07:11,374 [WARN] DbFile:31 - Overriding database path with different value: C:\Users\Tejas Sawant\.stmcufinder\plugins\mcufinder/ => C:\Users\Tejas Sawant\.stmcufinder\plugins\mcufinder
2024-08-17 01:07:11,374 [WARN] DbFile:31 - Overriding database path with different value: C:\Users\Tejas Sawant\.stmcufinder\plugins\mcufinder/ => C:\Users\Tejas Sawant\.stmcufinder\plugins\mcufinder
2024-08-17 01:07:11,374 [INFO] CrossReferenceDbSqlite:197 - Set database path to: C:\Users\Tejas Sawant\.stmcufinder\plugins\mcufinder//mcu/cs/
2024-08-17 01:07:11,479 [INFO] MainPanel:211 - HeapMemory: 304087040
2024-08-17 01:07:11,579 [INFO] DbMcusXml:68 - Set database path to: C:\ST\STM32CubeIDE_1.0.2\STM32CubeIDE\plugins\com.st.stm32cube.common.mx_5.3.0.201907110903\\db\/mcu/
2024-08-17 01:07:11,579 [INFO] DbBoardsPdsc:54 - Set plugin database path to: C:\ST\STM32CubeIDE_1.0.2\STM32CubeIDE\plugins\com.st.stm32cube.common.mx_5.3.0.201907110903\\db\/plugins/boardmanager/
2024-08-17 01:07:11,579 [INFO] DbMcus:264 - Set plugin images path to: C:\ST\STM32CubeIDE_1.0.2\STM32CubeIDE\plugins\com.st.stm32cube.common.mx_5.3.0.201907110903\\db\/plugins/mcufinder/images/
2024-08-17 01:07:11,583 [INFO] DbBoards:232 - Set plugin images path to: C:\ST\STM32CubeIDE_1.0.2\STM32CubeIDE\plugins\com.st.stm32cube.common.mx_5.3.0.201907110903\\db\/plugins/mcufinder/images/
2024-08-17 01:07:11,583 [INFO] APIGFXSelector:72 - Set database path to: C:\ST\STM32CubeIDE_1.0.2\STM32CubeIDE\plugins\com.st.stm32cube.common.mx_5.3.0.201907110903\\db\/plugins/mcufinder/mcu/
2024-08-17 01:07:11,583 [WARN] DbFile:31 - Overriding database path with different value: C:\Users\Tejas Sawant\.stmcufinder\plugins\mcufinder/ => C:\Users\Tejas Sawant\.stmcufinder\plugins\mcufinder
2024-08-17 01:07:11,583 [INFO] DbMcusAds:72 - Set database path to: C:\Users\Tejas Sawant\.stmcufinder\plugins\mcufinder//mcu/
2024-08-17 01:07:11,583 [WARN] DbFile:31 - Overriding database path with different value: C:\Users\Tejas Sawant\.stmcufinder\plugins\mcufinder/ => C:\Users\Tejas Sawant\.stmcufinder\plugins\mcufinder
2024-08-17 01:07:11,583 [INFO] DbMcusDocs:92 - Set database path to: C:\Users\Tejas Sawant\.stmcufinder\plugins\mcufinder//mcu/
2024-08-17 01:07:11,583 [WARN] DbFile:31 - Overriding database path with different value: C:\Users\Tejas Sawant\.stmcufinder\plugins\mcufinder/ => C:\Users\Tejas Sawant\.stmcufinder\plugins\mcufinder
2024-08-17 01:07:11,583 [INFO] DbMcusJson:59 - Set database path to: C:\Users\Tejas Sawant\.stmcufinder\plugins\mcufinder//mcu/
2024-08-17 01:07:11,583 [WARN] DbFile:31 - Overriding database path with different value: C:\Users\Tejas Sawant\.stmcufinder\plugins\mcufinder/ => C:\Users\Tejas Sawant\.stmcufinder\plugins\mcufinder
2024-08-17 01:07:11,583 [INFO] DbBoardsDocs:84 - Set database path to: C:\Users\Tejas Sawant\.stmcufinder\plugins\mcufinder//mcu/
2024-08-17 01:07:11,583 [WARN] DbFile:31 - Overriding database path with different value: C:\Users\Tejas Sawant\.stmcufinder\plugins\mcufinder/ => C:\Users\Tejas Sawant\.stmcufinder\plugins\mcufinder
2024-08-17 01:07:11,583 [INFO] DbBoardsJson:51 - Set database path to: C:\Users\Tejas Sawant\.stmcufinder\plugins\mcufinder//mcu/
2024-08-17 01:07:11,583 [WARN] DbFile:31 - Overriding database path with different value: C:\Users\Tejas Sawant\.stmcufinder\plugins\mcufinder/ => C:\Users\Tejas Sawant\.stmcufinder\plugins\mcufinder
2024-08-17 01:07:11,583 [WARN] DbFile:31 - Overriding database path with different value: C:\Users\Tejas Sawant\.stmcufinder\plugins\mcufinder/ => C:\Users\Tejas Sawant\.stmcufinder\plugins\mcufinder
2024-08-17 01:07:11,583 [INFO] CrossReferenceDbSqlite:197 - Set database path to: C:\Users\Tejas Sawant\.stmcufinder\plugins\mcufinder//mcu/cs/
2024-08-17 01:07:11,617 [INFO] ApplicationProperties:181 - Using Application install path: C:\ST\STM32CubeIDE_1.0.2\STM32CubeIDE\plugins\com.st.stm32cube.common.mx_5.3.0.201907110903
2024-08-17 01:07:11,617 [INFO] PluginManage:178 - Search for loadable plugins [exclusion list=]
2024-08-17 01:07:11,617 [INFO] PluginManage:292 - Check plugin analytics
2024-08-17 01:07:11,627 [INFO] PluginManage:342 - Loaded plugin analytics (category:tool,tabindex:-1)
2024-08-17 01:07:11,627 [INFO] PluginManage:292 - Check plugin clock
2024-08-17 01:07:11,645 [INFO] PluginManage:342 - Loaded plugin clock (category:base,tabindex:2)
2024-08-17 01:07:11,645 [INFO] PluginManage:292 - Check plugin ddr
2024-08-17 01:07:11,645 [INFO] PluginManage:342 - Loaded plugin ddr (category:tool,tabindex:6)
2024-08-17 01:07:11,645 [INFO] PluginManage:292 - Check plugin filemanager
2024-08-17 01:07:11,787 [INFO] PluginManage:342 - Loaded plugin filemanager (category:base,tabindex:10)
2024-08-17 01:07:11,787 [INFO] PluginManage:292 - Check plugin ipmanager
2024-08-17 01:07:11,797 [INFO] PluginManage:342 - Loaded plugin ipmanager (category:base,tabindex:5)
2024-08-17 01:07:11,797 [INFO] PluginManage:292 - Check plugin pinoutandconfiguration
2024-08-17 01:07:11,805 [INFO] PluginManage:342 - Loaded plugin pinoutandconfiguration (category:base,tabindex:1)
2024-08-17 01:07:11,805 [INFO] PluginManage:292 - Check plugin pinoutconfig
2024-08-17 01:07:11,840 [INFO] PluginManage:342 - Loaded plugin pinoutconfig (category:base,tabindex:0)
2024-08-17 01:07:11,842 [INFO] PluginManage:292 - Check plugin power
2024-08-17 01:07:11,856 [INFO] PluginManage:342 - Loaded plugin power (category:power,tabindex:4)
2024-08-17 01:07:11,856 [INFO] PluginManage:292 - Check plugin projectmanager
2024-08-17 01:07:11,880 [INFO] PluginManage:342 - Loaded plugin projectmanager (category:projectmanager,tabindex:3)
2024-08-17 01:07:11,880 [INFO] PluginManage:292 - Check plugin thirdparty
2024-08-17 01:07:11,899 [INFO] ThirdPartyDb:294 - Open Third Party DataBase File (C:/Users/Tejas Sawant/.stm32cubemx/plugins/thirdparty/db/thirdparties_db.xml) : 0 ms. number of Sw pack : 0
2024-08-17 01:07:11,923 [INFO] PluginManage:342 - Loaded plugin thirdparty (category:base,tabindex:-1)
2024-08-17 01:07:11,925 [INFO] PluginManage:292 - Check plugin tools
2024-08-17 01:07:11,925 [INFO] PluginManage:342 - Loaded plugin tools (category:base,tabindex:7)
2024-08-17 01:07:11,925 [INFO] PluginManage:292 - Check plugin updater
2024-08-17 01:07:11,944 [INFO] PluginManage:342 - Loaded plugin updater (category:base,tabindex:12)
2024-08-17 01:07:11,944 [INFO] PluginManage:265 - PluginManage : Loaded plugins [12]
2024-08-17 01:07:12,188 [INFO] PinOutPanel:1367 - setPackage(No Configuration,No Configuration)
2024-08-17 01:07:12,304 [INFO] IPUIPlugin:63 - create IPUIPlugin
2024-08-17 01:07:12,304 [INFO] PluginManager:200 - loadIPPluginJar : add adc
2024-08-17 01:07:12,304 [INFO] IPUIPlugin:63 - create IPUIPlugin
2024-08-17 01:07:12,304 [INFO] PluginManager:200 - loadIPPluginJar : add aes
2024-08-17 01:07:12,304 [INFO] IPUIPlugin:63 - create IPUIPlugin
2024-08-17 01:07:12,304 [INFO] PluginManager:200 - loadIPPluginJar : add can
2024-08-17 01:07:12,304 [INFO] IPUIPlugin:63 - create IPUIPlugin
2024-08-17 01:07:12,304 [INFO] PluginManager:200 - loadIPPluginJar : add comp
2024-08-17 01:07:12,304 [INFO] IPUIPlugin:63 - create IPUIPlugin
2024-08-17 01:07:12,304 [INFO] PluginManager:200 - loadIPPluginJar : add cryp
2024-08-17 01:07:12,323 [INFO] IPUIPlugin:63 - create IPUIPlugin
2024-08-17 01:07:12,323 [INFO] PluginManager:200 - loadIPPluginJar : add dfsdm
2024-08-17 01:07:12,330 [INFO] IPUIPlugin:63 - create IPUIPlugin
2024-08-17 01:07:12,330 [INFO] PluginManager:200 - loadIPPluginJar : add dma
2024-08-17 01:07:12,330 [INFO] IPUIPlugin:63 - create IPUIPlugin
2024-08-17 01:07:12,330 [INFO] PluginManager:200 - loadIPPluginJar : add fatfs
2024-08-17 01:07:12,336 [INFO] IPUIPlugin:63 - create IPUIPlugin
2024-08-17 01:07:12,336 [INFO] PluginManager:200 - loadIPPluginJar : add fmc
2024-08-17 01:07:12,336 [INFO] IPUIPlugin:63 - create IPUIPlugin
2024-08-17 01:07:12,336 [INFO] PluginManager:200 - loadIPPluginJar : add freertos
2024-08-17 01:07:12,351 [INFO] IPUIPlugin:63 - create IPUIPlugin
2024-08-17 01:07:12,353 [INFO] PluginManager:200 - loadIPPluginJar : add genericplugin
2024-08-17 01:07:12,353 [INFO] IPUIPlugin:63 - create IPUIPlugin
2024-08-17 01:07:12,353 [INFO] PluginManager:200 - loadIPPluginJar : add gfxmmu
2024-08-17 01:07:12,353 [INFO] IPUIPlugin:63 - create IPUIPlugin
2024-08-17 01:07:12,353 [INFO] PluginManager:200 - loadIPPluginJar : add gfxsimulator
2024-08-17 01:07:12,353 [INFO] IPUIPlugin:63 - create IPUIPlugin
2024-08-17 01:07:12,353 [INFO] PluginManager:200 - loadIPPluginJar : add gic
2024-08-17 01:07:12,369 [INFO] IPUIPlugin:63 - create IPUIPlugin
2024-08-17 01:07:12,369 [INFO] PluginManager:200 - loadIPPluginJar : add gpio
2024-08-17 01:07:12,369 [INFO] IPUIPlugin:63 - create IPUIPlugin
2024-08-17 01:07:12,378 [INFO] PluginManager:200 - loadIPPluginJar : add hash
2024-08-17 01:07:12,378 [INFO] IPUIPlugin:63 - create IPUIPlugin
2024-08-17 01:07:12,378 [INFO] PluginManager:200 - loadIPPluginJar : add i2c
2024-08-17 01:07:12,383 [INFO] IPUIPlugin:63 - create IPUIPlugin
2024-08-17 01:07:12,383 [INFO] PluginManager:200 - loadIPPluginJar : add i2s
2024-08-17 01:07:12,383 [INFO] IPUIPlugin:63 - create IPUIPlugin
2024-08-17 01:07:12,383 [INFO] PluginManager:200 - loadIPPluginJar : add ipddr
2024-08-17 01:07:12,383 [INFO] IPUIPlugin:63 - create IPUIPlugin
2024-08-17 01:07:12,383 [INFO] PluginManager:200 - loadIPPluginJar : add ltdc
2024-08-17 01:07:12,399 [INFO] IPUIPlugin:63 - create IPUIPlugin
2024-08-17 01:07:12,399 [INFO] PluginManager:200 - loadIPPluginJar : add mdma
2024-08-17 01:07:12,399 [INFO] IPUIPlugin:63 - create IPUIPlugin
2024-08-17 01:07:12,399 [INFO] PluginManager:200 - loadIPPluginJar : add nvic
2024-08-17 01:07:12,399 [INFO] IPUIPlugin:63 - create IPUIPlugin
2024-08-17 01:07:12,399 [INFO] PluginManager:200 - loadIPPluginJar : add opamp
2024-08-17 01:07:12,414 [INFO] IPUIPlugin:63 - create IPUIPlugin
2024-08-17 01:07:12,414 [INFO] PluginManager:200 - loadIPPluginJar : add pdm2pcm
2024-08-17 01:07:12,414 [INFO] IPUIPlugin:63 - create IPUIPlugin
2024-08-17 01:07:12,414 [INFO] PluginManager:200 - loadIPPluginJar : add plateformsettings
2024-08-17 01:07:12,430 [INFO] IPUIPlugin:63 - create IPUIPlugin
2024-08-17 01:07:12,430 [INFO] PluginManager:200 - loadIPPluginJar : add quadspi
2024-08-17 01:07:12,431 [INFO] IPUIPlugin:63 - create IPUIPlugin
2024-08-17 01:07:12,431 [INFO] PluginManager:200 - loadIPPluginJar : add resmgrutility
2024-08-17 01:07:12,431 [INFO] IPUIPlugin:63 - create IPUIPlugin
2024-08-17 01:07:12,431 [INFO] PluginManager:200 - loadIPPluginJar : add sai
2024-08-17 01:07:12,440 [INFO] IPUIPlugin:63 - create IPUIPlugin
2024-08-17 01:07:12,440 [INFO] PluginManager:200 - loadIPPluginJar : add spi
2024-08-17 01:07:12,446 [INFO] IPUIPlugin:63 - create IPUIPlugin
2024-08-17 01:07:12,446 [INFO] PluginManager:200 - loadIPPluginJar : add stm32_wpan
2024-08-17 01:07:12,448 [INFO] IPUIPlugin:63 - create IPUIPlugin
2024-08-17 01:07:12,448 [INFO] PluginManager:200 - loadIPPluginJar : add tim
2024-08-17 01:07:12,455 [INFO] IPUIPlugin:63 - create IPUIPlugin
2024-08-17 01:07:12,455 [INFO] PluginManager:200 - loadIPPluginJar : add touchsensing
2024-08-17 01:07:12,457 [INFO] IPUIPlugin:63 - create IPUIPlugin
2024-08-17 01:07:12,457 [INFO] PluginManager:200 - loadIPPluginJar : add tracer_emb
2024-08-17 01:07:12,462 [INFO] IPUIPlugin:63 - create IPUIPlugin
2024-08-17 01:07:12,462 [INFO] PluginManager:200 - loadIPPluginJar : add ts
2024-08-17 01:07:12,462 [INFO] IPUIPlugin:63 - create IPUIPlugin
2024-08-17 01:07:12,462 [INFO] PluginManager:200 - loadIPPluginJar : add tsc
2024-08-17 01:07:12,462 [INFO] IPUIPlugin:63 - create IPUIPlugin
2024-08-17 01:07:12,462 [INFO] PluginManager:200 - loadIPPluginJar : add ucpd
2024-08-17 01:07:12,462 [INFO] IPUIPlugin:63 - create IPUIPlugin
2024-08-17 01:07:12,462 [INFO] PluginManager:200 - loadIPPluginJar : add usart
2024-08-17 01:07:13,070 [INFO] BoardConnectionPanel:217 - [DDR PANEL] osNameString: Windows
2024-08-17 01:07:13,442 [FATAL] Updater:277 - Updater called before beeing initialized
2024-08-17 01:07:13,918 [FATAL] Updater:277 - Updater called before beeing initialized
2024-08-17 01:07:13,936 [INFO] PinOutPanel:1367 - setPackage(No Configuration,No Configuration)
2024-08-17 01:07:13,937 [FATAL] Updater:277 - Updater called before beeing initialized
2024-08-17 01:07:13,940 [INFO] MainDdrPanel:82 - [DDR PANEL] SETTER - Set cubeProgrammerPath to: C:\ST\STM32CubeIDE_1.0.2\STM32CubeIDE\plugins\com.st.stm32cube.ide.mcu.externaltools.cubeprogrammer.win32_1.0.0.201904021149\tools\bin
2024-08-17 01:07:13,983 [INFO] Updater:860 - Updater Version found : 5.3.0
2024-08-17 01:07:13,996 [INFO] ApplicationProperties:181 - Using Application install path: C:\ST\STM32CubeIDE_1.0.2\STM32CubeIDE\plugins\com.st.stm32cube.common.mx_5.3.0.201907110903
2024-08-17 01:07:14,045 [INFO] MainUpdater:445 - Copy updater definitions from MX database
2024-08-17 01:07:14,759 [INFO] MainUpdater:2040 - connection check result : 10
2024-08-17 01:07:14,759 [INFO] MainUpdater:2607 - Updater definition file requires update
2024-08-17 01:07:14,759 [INFO] MainUpdater:229 - Updater Check For Update Now.
2024-08-17 01:07:14,759 [INFO] MicroXplorer:401 - Change Database Version : DB.5.0.30
2024-08-17 01:07:14,918 [WARN] MainUpdater:1068 - Updater busy. Cannot search thirdparties
2024-08-17 01:07:14,982 [INFO] ServerAccessManage:347 - Download File updaters.zip
2024-08-17 01:07:15,370 [INFO] FileExtend:191 - Unzip File : updaters.zip
2024-08-17 01:07:15,370 [INFO] FileExtend:206 - Standard Zip Deflate
2024-08-17 01:07:16,263 [INFO] FileExtend:191 - Unzip File : updaters.zip
2024-08-17 01:07:16,273 [INFO] FileExtend:206 - Standard Zip Deflate
2024-08-17 01:07:17,032 [INFO] ServerAccessManage:347 - Download File PacksControlFlags.xml
2024-08-17 01:07:17,202 [INFO] ServerAccessManage:347 - Download File cubemx.pidx
2024-08-17 01:07:17,369 [INFO] LoadServerUpdatesThread:272 - End of LoadServerUpdate Thread
2024-08-17 01:07:17,449 [INFO] CheckServerUpdateThread:121 - End of CheckServer Thread
2024-08-17 01:07:17,479 [INFO] MainUpdater:2040 - connection check result : 10
2024-08-17 01:07:17,479 [INFO] LogOutputStream:76 - [STDOUT_REDIRECT] Successfull proxy connection.
2024-08-17 01:07:17,782 [INFO] McuFinderGlobals:40 - Set McuFinder mode to 2 (CubeIDE integrated)
2024-08-17 01:07:17,795 [INFO] FinderPluginLoader:85 - Searching for filters in installed packs
2024-08-17 01:07:17,795 [INFO] DbMcusXml:106 - Load MCU database from C:\ST\STM32CubeIDE_1.0.2\STM32CubeIDE\plugins\com.st.stm32cube.common.mx_5.3.0.201907110903\\db\/mcu/families.xml
2024-08-17 01:07:17,938 [INFO] IntegrityCheckThread:97 - End integrity checks thread
2024-08-17 01:07:17,938 [INFO] ThirdPartyDb:264 - Close Third Party DataBase File (C:/Users/Tejas Sawant/.stm32cubemx/plugins/thirdparty/db/thirdparties_db.xml)
2024-08-17 01:07:18,278 [INFO] DbMcusJson:87 - JSON generation date=Fri Jun 21 15:58:09 IST 2019 (1561112889)
2024-08-17 01:07:19,250 [INFO] DbMcus:193 - Found 1496 MCUs (1455 are supported by CubeMX, 1455 are visible in CubeMX)
2024-08-17 01:07:19,250 [INFO] ApiDb:158 - Load user favorites file C:\Users\Tejas Sawant/.stm32cubeide/favorites.mcus.txt: 0 item(s)
2024-08-17 01:07:19,250 [INFO] ApiDb:163 - User favorites MCUs=[]
2024-08-17 01:07:19,250 [INFO] DbMcus:205 - Set 0 / 0 favorites MCUs
2024-08-17 01:07:19,851 [INFO] LoadUrlFilesThread:147 - End of LoadServerUrlFiles without Thread
2024-08-17 01:07:19,882 [INFO] McuDetailPanel:180 - Set advertising image to C:/Users/Tejas Sawant/STM32Cube/Repository/\en.prom-stm32h7rs-mcu-finder.jpg
2024-08-17 01:07:20,437 [INFO] ToolPreferences:109 - Table McuList, key=mcufinder_cubeide.mculist: column name not found=Commercial Part No
2024-08-17 01:07:20,437 [INFO] ToolPreferences:109 - Table McuList, key=mcufinder_cubeide.mculist: column name not found=I/O
2024-08-17 01:07:20,437 [INFO] ToolPreferences:109 - Table McuList, key=mcufinder_cubeide.mculist: column name not found=Frequency
2024-08-17 01:07:20,437 [INFO] McuFilterPanel:282 - Update 0 favorites MCUs
2024-08-17 01:07:20,574 [INFO] DbBoardsPdsc:92 - Found 18 items
2024-08-17 01:07:20,574 [INFO] DbBoardsPdsc:92 - Found 9 items
2024-08-17 01:07:20,578 [INFO] DbBoardsPdsc:92 - Found 27 items
2024-08-17 01:07:20,579 [INFO] DbBoardsPdsc:92 - Found 1 items
2024-08-17 01:07:20,582 [INFO] DbBoardsPdsc:92 - Found 37 items
2024-08-17 01:07:20,590 [INFO] DbBoardsPdsc:92 - Found 37 items
2024-08-17 01:07:20,590 [INFO] DbBoardsPdsc:92 - Found 1 items
2024-08-17 01:07:20,595 [INFO] DbBoardsJson:79 - JSON generation date=Thu Jul 04 19:32:38 IST 2019 (1562248958)
2024-08-17 01:07:20,611 [INFO] DbBoards:120 - Found 130 boards (129 are supported by CubeMX)
2024-08-17 01:07:20,611 [INFO] DbBoardsDocs:118 - JSON generation date=Fri Jun 21 15:58:09 IST 2019 (1561112889)
2024-08-17 01:07:20,611 [INFO] DbBoardsDocs:57 - Found 151 boards documents
2024-08-17 01:07:20,611 [WARN] DbBoards:130 - board NUCLEO-H743ZI2 has no document id list !
2024-08-17 01:07:20,627 [WARN] DbBoards:130 - board NUCLEO-G031K8 has no document id list !
2024-08-17 01:07:20,627 [WARN] DbBoards:130 - board P-NUCLEO-WB55-Nucleo has no document id list !
2024-08-17 01:07:20,627 [WARN] DbBoards:130 - board P-NUCLEO-WB55-USBDongle has no document id list !
2024-08-17 01:07:20,627 [WARN] DbBoards:130 - board P-NUCLEO-WB55 has no document id list !
2024-08-17 01:07:20,627 [WARN] DbBoards:130 - board STM32F401C-DISCO has no document id list !
2024-08-17 01:07:20,627 [WARN] DbBoards:130 - board STM32F769I-DISC1 has no document id list !
2024-08-17 01:07:20,627 [WARN] DbBoards:130 - board B-G474E-DPOW1 has no document id list !
2024-08-17 01:07:20,627 [WARN] DbBoards:130 - board STM32F7308-DISCO has no document id list !
2024-08-17 01:07:20,627 [WARN] DbBoards:130 - board STM32L-DISCOVERY has no document id list !
2024-08-17 01:07:20,627 [WARN] DbBoards:130 - board STM32G0316-DISCO has no document id list !
2024-08-17 01:07:20,627 [WARN] DbBoards:130 - board STM32H747I-DISC1 has no document id list !
2024-08-17 01:07:20,627 [WARN] DbBoards:130 - board STM32MP157A-DK1 has no document id list !
2024-08-17 01:07:20,627 [WARN] DbBoards:130 - board STM32303C-EVAL has no document id list !
2024-08-17 01:07:20,627 [WARN] DbBoards:130 - board STM32L152D-EVAL has no document id list !
2024-08-17 01:07:20,627 [WARN] DbBoards:130 - board STM32H743I-EVAL2 has no document id list !
2024-08-17 01:07:20,627 [WARN] DbBoards:130 - board STM32H753I-EVAL2 has no document id list !
2024-08-17 01:07:20,627 [WARN] DbBoards:130 - board STM32H747I-EVAL has no document id list !
2024-08-17 01:07:20,627 [WARN] DbBoards:130 - board STM32H757I-EVAL has no document id list !
2024-08-17 01:07:20,627 [WARN] DbBoards:130 - board STM32G474E-EVAL1 has no document id list !
2024-08-17 01:07:20,627 [WARN] DbBoards:130 - board STEVAL-MKSBOX1V1 has no document id list !
2024-08-17 01:07:21,509 [INFO] ApiDb:158 - Load user favorites file C:\Users\Tejas Sawant/.stm32cubeide/favorites.boards.txt: 0 item(s)
2024-08-17 01:07:21,509 [INFO] ApiDb:163 - User favorites Boards=[]
2024-08-17 01:07:21,509 [INFO] DbBoards:209 - Set 0 / 0 favorites Boards
2024-08-17 01:07:21,583 [INFO] LoadUrlFilesThread:147 - End of LoadServerUrlFiles without Thread
2024-08-17 01:07:21,583 [INFO] BoardDetailPanel:179 - Set advertising image to C:/Users/Tejas Sawant/STM32Cube/Repository/\en.prom-stm32h7rs-mcu-finder.jpg
2024-08-17 01:07:21,607 [INFO] ToolPreferences:109 - Table BoardList, key=mcufinder_cubeide.boardlist: column name not found=Commercial Part No
2024-08-17 01:07:21,607 [INFO] BoardFilterPanel:211 - Update 0 favorites Boards
2024-08-17 01:07:21,842 [INFO] CrossSelectorPresenter:1319 - Cross Selector saved comparison directory: C:\Users\Tejas Sawant\.stmcufinder\plugins\mcufinder\mcu\cs_comparisons_mx
2024-08-17 01:07:21,955 [INFO] ToolPreferences:109 - Table McuList, key=mcufinder_cubeide.mculist: column name not found=Commercial Part No
2024-08-17 01:07:21,955 [INFO] ToolPreferences:109 - Table McuList, key=mcufinder_cubeide.mculist: column name not found=I/O
2024-08-17 01:07:21,955 [INFO] ToolPreferences:109 - Table McuList, key=mcufinder_cubeide.mculist: column name not found=Frequency
2024-08-17 01:07:21,978 [INFO] ToolPreferences:109 - Table BoardList, key=mcufinder_cubeide.boardlist: column name not found=Commercial Part No
2024-08-17 01:08:20,498 [INFO] LogOutputStream:76 - [STDOUT_REDIRECT] withoutVersionV1.24.2
2024-08-17 01:08:20,498 [INFO] LogOutputStream:76 - [STDOUT_REDIRECT] withoutVersionV1.24.1
2024-08-17 01:08:20,502 [INFO] LogOutputStream:76 - [STDOUT_REDIRECT] withoutVersionV1.24.0
2024-08-17 01:20:46,664 [ERROR] LogOutputStream:74 - [STDERR_REDIRECT] Exception in thread "SWV client thread" java.lang.NullPointerException
2024-08-17 01:20:46,669 [ERROR] LogOutputStream:74 - [STDERR_REDIRECT] 	at com.st.stm32cube.ide.mcu.debug.swv.core.SWVPlugin.debugTrace(SWVPlugin.java:93)
2024-08-17 01:20:46,673 [ERROR] LogOutputStream:74 - [STDERR_REDIRECT] 	at com.st.stm32cube.ide.mcu.debug.swv.core.SWVClient.TRACE(SWVClient.java:796)
2024-08-17 01:20:46,676 [ERROR] LogOutputStream:74 - [STDERR_REDIRECT] 	at com.st.stm32cube.ide.mcu.debug.swv.core.SWVClient.readByte(SWVClient.java:295)
2024-08-17 01:20:46,677 [ERROR] LogOutputStream:74 - [STDERR_REDIRECT] 	at com.st.stm32cube.ide.mcu.debug.swv.core.SWVClient.getNextByte(SWVClient.java:278)
2024-08-17 01:20:46,677 [ERROR] LogOutputStream:74 - [STDERR_REDIRECT] 	at com.st.stm32cube.ide.mcu.debug.swv.core.SWVClient.run(SWVClient.java:323)
2024-08-18 18:12:22,409 [INFO] Activator:176 - 


2024-08-18 18:12:22,414 [INFO] Activator:177 - !SESSION log4j initialized
2024-08-18 18:13:32,125 [INFO] ApplicationProperties:181 - Using Application install path: C:\ST\STM32CubeIDE_1.0.2\STM32CubeIDE\plugins\com.st.stm32cube.common.mx_5.3.0.201907110903
2024-08-18 18:13:32,132 [INFO] DbMcusXml:68 - Set database path to: C:\ST\STM32CubeIDE_1.0.2\STM32CubeIDE\plugins\com.st.stm32cube.common.mx_5.3.0.201907110903\\db\/mcu/
2024-08-18 18:13:32,132 [INFO] DbBoardsPdsc:54 - Set plugin database path to: C:\ST\STM32CubeIDE_1.0.2\STM32CubeIDE\plugins\com.st.stm32cube.common.mx_5.3.0.201907110903\\db\/plugins/boardmanager/
2024-08-18 18:13:32,132 [INFO] DbMcus:264 - Set plugin images path to: C:\ST\STM32CubeIDE_1.0.2\STM32CubeIDE\plugins\com.st.stm32cube.common.mx_5.3.0.201907110903\\db\/plugins/mcufinder/images/
2024-08-18 18:13:32,132 [INFO] DbBoards:232 - Set plugin images path to: C:\ST\STM32CubeIDE_1.0.2\STM32CubeIDE\plugins\com.st.stm32cube.common.mx_5.3.0.201907110903\\db\/plugins/mcufinder/images/
2024-08-18 18:13:32,148 [INFO] APIGFXSelector:72 - Set database path to: C:\ST\STM32CubeIDE_1.0.2\STM32CubeIDE\plugins\com.st.stm32cube.common.mx_5.3.0.201907110903\\db\/plugins/mcufinder/mcu/
2024-08-18 18:13:32,158 [INFO] DbMcusAds:72 - Set database path to: C:\Users\Tejas Sawant\.stmcufinder\plugins\mcufinder//mcu/
2024-08-18 18:13:32,158 [INFO] DbMcusDocs:92 - Set database path to: C:\Users\Tejas Sawant\.stmcufinder\plugins\mcufinder//mcu/
2024-08-18 18:13:32,158 [INFO] DbMcusJson:59 - Set database path to: C:\Users\Tejas Sawant\.stmcufinder\plugins\mcufinder//mcu/
2024-08-18 18:13:32,158 [INFO] DbBoardsDocs:84 - Set database path to: C:\Users\Tejas Sawant\.stmcufinder\plugins\mcufinder//mcu/
2024-08-18 18:13:32,158 [INFO] DbBoardsJson:51 - Set database path to: C:\Users\Tejas Sawant\.stmcufinder\plugins\mcufinder//mcu/
2024-08-18 18:13:32,179 [INFO] CrossReferenceDbSqlite:197 - Set database path to: C:\Users\Tejas Sawant\.stmcufinder\plugins\mcufinder//mcu/cs/
2024-08-18 18:13:32,259 [INFO] RulesReader:52 - Compatibility file has been processed (156 Rules)
2024-08-18 18:13:32,348 [INFO] MicroXplorer:521 - Detected Java Version = 1.8.0_202
2024-08-18 18:13:32,348 [INFO] DbMcusXml:68 - Set database path to: C:\ST\STM32CubeIDE_1.0.2\STM32CubeIDE\plugins\com.st.stm32cube.common.mx_5.3.0.201907110903\\db\/mcu/
2024-08-18 18:13:32,348 [INFO] DbBoardsPdsc:54 - Set plugin database path to: C:\ST\STM32CubeIDE_1.0.2\STM32CubeIDE\plugins\com.st.stm32cube.common.mx_5.3.0.201907110903\\db\/plugins/boardmanager/
2024-08-18 18:13:32,348 [INFO] DbMcus:264 - Set plugin images path to: C:\ST\STM32CubeIDE_1.0.2\STM32CubeIDE\plugins\com.st.stm32cube.common.mx_5.3.0.201907110903\\db\/plugins/mcufinder/images/
2024-08-18 18:13:32,348 [INFO] DbBoards:232 - Set plugin images path to: C:\ST\STM32CubeIDE_1.0.2\STM32CubeIDE\plugins\com.st.stm32cube.common.mx_5.3.0.201907110903\\db\/plugins/mcufinder/images/
2024-08-18 18:13:32,348 [INFO] APIGFXSelector:72 - Set database path to: C:\ST\STM32CubeIDE_1.0.2\STM32CubeIDE\plugins\com.st.stm32cube.common.mx_5.3.0.201907110903\\db\/plugins/mcufinder/mcu/
2024-08-18 18:13:32,348 [WARN] DbFile:31 - Overriding database path with different value: C:\Users\Tejas Sawant\.stmcufinder\plugins\mcufinder/ => C:\Users\Tejas Sawant\.stmcufinder\plugins\mcufinder
2024-08-18 18:13:32,348 [INFO] DbMcusAds:72 - Set database path to: C:\Users\Tejas Sawant\.stmcufinder\plugins\mcufinder//mcu/
2024-08-18 18:13:32,348 [WARN] DbFile:31 - Overriding database path with different value: C:\Users\Tejas Sawant\.stmcufinder\plugins\mcufinder/ => C:\Users\Tejas Sawant\.stmcufinder\plugins\mcufinder
2024-08-18 18:13:32,348 [INFO] DbMcusDocs:92 - Set database path to: C:\Users\Tejas Sawant\.stmcufinder\plugins\mcufinder//mcu/
2024-08-18 18:13:32,348 [WARN] DbFile:31 - Overriding database path with different value: C:\Users\Tejas Sawant\.stmcufinder\plugins\mcufinder/ => C:\Users\Tejas Sawant\.stmcufinder\plugins\mcufinder
2024-08-18 18:13:32,348 [INFO] DbMcusJson:59 - Set database path to: C:\Users\Tejas Sawant\.stmcufinder\plugins\mcufinder//mcu/
2024-08-18 18:13:32,348 [WARN] DbFile:31 - Overriding database path with different value: C:\Users\Tejas Sawant\.stmcufinder\plugins\mcufinder/ => C:\Users\Tejas Sawant\.stmcufinder\plugins\mcufinder
2024-08-18 18:13:32,348 [INFO] DbBoardsDocs:84 - Set database path to: C:\Users\Tejas Sawant\.stmcufinder\plugins\mcufinder//mcu/
2024-08-18 18:13:32,348 [WARN] DbFile:31 - Overriding database path with different value: C:\Users\Tejas Sawant\.stmcufinder\plugins\mcufinder/ => C:\Users\Tejas Sawant\.stmcufinder\plugins\mcufinder
2024-08-18 18:13:32,348 [INFO] DbBoardsJson:51 - Set database path to: C:\Users\Tejas Sawant\.stmcufinder\plugins\mcufinder//mcu/
2024-08-18 18:13:32,348 [WARN] DbFile:31 - Overriding database path with different value: C:\Users\Tejas Sawant\.stmcufinder\plugins\mcufinder/ => C:\Users\Tejas Sawant\.stmcufinder\plugins\mcufinder
2024-08-18 18:13:32,348 [WARN] DbFile:31 - Overriding database path with different value: C:\Users\Tejas Sawant\.stmcufinder\plugins\mcufinder/ => C:\Users\Tejas Sawant\.stmcufinder\plugins\mcufinder
2024-08-18 18:13:32,348 [INFO] CrossReferenceDbSqlite:197 - Set database path to: C:\Users\Tejas Sawant\.stmcufinder\plugins\mcufinder//mcu/cs/
2024-08-18 18:13:32,411 [INFO] MainPanel:211 - HeapMemory: 406847488
2024-08-18 18:13:32,499 [INFO] DbMcusXml:68 - Set database path to: C:\ST\STM32CubeIDE_1.0.2\STM32CubeIDE\plugins\com.st.stm32cube.common.mx_5.3.0.201907110903\\db\/mcu/
2024-08-18 18:13:32,499 [INFO] DbBoardsPdsc:54 - Set plugin database path to: C:\ST\STM32CubeIDE_1.0.2\STM32CubeIDE\plugins\com.st.stm32cube.common.mx_5.3.0.201907110903\\db\/plugins/boardmanager/
2024-08-18 18:13:32,499 [INFO] DbMcus:264 - Set plugin images path to: C:\ST\STM32CubeIDE_1.0.2\STM32CubeIDE\plugins\com.st.stm32cube.common.mx_5.3.0.201907110903\\db\/plugins/mcufinder/images/
2024-08-18 18:13:32,499 [INFO] DbBoards:232 - Set plugin images path to: C:\ST\STM32CubeIDE_1.0.2\STM32CubeIDE\plugins\com.st.stm32cube.common.mx_5.3.0.201907110903\\db\/plugins/mcufinder/images/
2024-08-18 18:13:32,499 [INFO] APIGFXSelector:72 - Set database path to: C:\ST\STM32CubeIDE_1.0.2\STM32CubeIDE\plugins\com.st.stm32cube.common.mx_5.3.0.201907110903\\db\/plugins/mcufinder/mcu/
2024-08-18 18:13:32,499 [WARN] DbFile:31 - Overriding database path with different value: C:\Users\Tejas Sawant\.stmcufinder\plugins\mcufinder/ => C:\Users\Tejas Sawant\.stmcufinder\plugins\mcufinder
2024-08-18 18:13:32,499 [INFO] DbMcusAds:72 - Set database path to: C:\Users\Tejas Sawant\.stmcufinder\plugins\mcufinder//mcu/
2024-08-18 18:13:32,499 [WARN] DbFile:31 - Overriding database path with different value: C:\Users\Tejas Sawant\.stmcufinder\plugins\mcufinder/ => C:\Users\Tejas Sawant\.stmcufinder\plugins\mcufinder
2024-08-18 18:13:32,499 [INFO] DbMcusDocs:92 - Set database path to: C:\Users\Tejas Sawant\.stmcufinder\plugins\mcufinder//mcu/
2024-08-18 18:13:32,499 [WARN] DbFile:31 - Overriding database path with different value: C:\Users\Tejas Sawant\.stmcufinder\plugins\mcufinder/ => C:\Users\Tejas Sawant\.stmcufinder\plugins\mcufinder
2024-08-18 18:13:32,499 [INFO] DbMcusJson:59 - Set database path to: C:\Users\Tejas Sawant\.stmcufinder\plugins\mcufinder//mcu/
2024-08-18 18:13:32,499 [WARN] DbFile:31 - Overriding database path with different value: C:\Users\Tejas Sawant\.stmcufinder\plugins\mcufinder/ => C:\Users\Tejas Sawant\.stmcufinder\plugins\mcufinder
2024-08-18 18:13:32,499 [INFO] DbBoardsDocs:84 - Set database path to: C:\Users\Tejas Sawant\.stmcufinder\plugins\mcufinder//mcu/
2024-08-18 18:13:32,499 [WARN] DbFile:31 - Overriding database path with different value: C:\Users\Tejas Sawant\.stmcufinder\plugins\mcufinder/ => C:\Users\Tejas Sawant\.stmcufinder\plugins\mcufinder
2024-08-18 18:13:32,499 [INFO] DbBoardsJson:51 - Set database path to: C:\Users\Tejas Sawant\.stmcufinder\plugins\mcufinder//mcu/
2024-08-18 18:13:32,499 [WARN] DbFile:31 - Overriding database path with different value: C:\Users\Tejas Sawant\.stmcufinder\plugins\mcufinder/ => C:\Users\Tejas Sawant\.stmcufinder\plugins\mcufinder
2024-08-18 18:13:32,499 [WARN] DbFile:31 - Overriding database path with different value: C:\Users\Tejas Sawant\.stmcufinder\plugins\mcufinder/ => C:\Users\Tejas Sawant\.stmcufinder\plugins\mcufinder
2024-08-18 18:13:32,499 [INFO] CrossReferenceDbSqlite:197 - Set database path to: C:\Users\Tejas Sawant\.stmcufinder\plugins\mcufinder//mcu/cs/
2024-08-18 18:13:32,511 [INFO] ApplicationProperties:181 - Using Application install path: C:\ST\STM32CubeIDE_1.0.2\STM32CubeIDE\plugins\com.st.stm32cube.common.mx_5.3.0.201907110903
2024-08-18 18:13:32,511 [INFO] PluginManage:178 - Search for loadable plugins [exclusion list=]
2024-08-18 18:13:32,511 [INFO] PluginManage:292 - Check plugin analytics
2024-08-18 18:13:32,527 [INFO] PluginManage:342 - Loaded plugin analytics (category:tool,tabindex:-1)
2024-08-18 18:13:32,527 [INFO] PluginManage:292 - Check plugin clock
2024-08-18 18:13:32,553 [INFO] PluginManage:342 - Loaded plugin clock (category:base,tabindex:2)
2024-08-18 18:13:32,553 [INFO] PluginManage:292 - Check plugin ddr
2024-08-18 18:13:32,553 [INFO] PluginManage:342 - Loaded plugin ddr (category:tool,tabindex:6)
2024-08-18 18:13:32,553 [INFO] PluginManage:292 - Check plugin filemanager
2024-08-18 18:13:32,637 [INFO] PluginManage:342 - Loaded plugin filemanager (category:base,tabindex:10)
2024-08-18 18:13:32,637 [INFO] PluginManage:292 - Check plugin ipmanager
2024-08-18 18:13:32,647 [INFO] PluginManage:342 - Loaded plugin ipmanager (category:base,tabindex:5)
2024-08-18 18:13:32,647 [INFO] PluginManage:292 - Check plugin pinoutandconfiguration
2024-08-18 18:13:32,653 [INFO] PluginManage:342 - Loaded plugin pinoutandconfiguration (category:base,tabindex:1)
2024-08-18 18:13:32,653 [INFO] PluginManage:292 - Check plugin pinoutconfig
2024-08-18 18:13:32,684 [INFO] PluginManage:342 - Loaded plugin pinoutconfig (category:base,tabindex:0)
2024-08-18 18:13:32,684 [INFO] PluginManage:292 - Check plugin power
2024-08-18 18:13:32,702 [INFO] PluginManage:342 - Loaded plugin power (category:power,tabindex:4)
2024-08-18 18:13:32,702 [INFO] PluginManage:292 - Check plugin projectmanager
2024-08-18 18:13:32,716 [INFO] PluginManage:342 - Loaded plugin projectmanager (category:projectmanager,tabindex:3)
2024-08-18 18:13:32,716 [INFO] PluginManage:292 - Check plugin thirdparty
2024-08-18 18:13:32,732 [INFO] ThirdPartyDb:294 - Open Third Party DataBase File (C:/Users/Tejas Sawant/.stm32cubemx/plugins/thirdparty/db/thirdparties_db.xml) : 0 ms. number of Sw pack : 0
2024-08-18 18:13:32,749 [INFO] PluginManage:342 - Loaded plugin thirdparty (category:base,tabindex:-1)
2024-08-18 18:13:32,757 [INFO] PluginManage:292 - Check plugin tools
2024-08-18 18:13:32,763 [INFO] PluginManage:342 - Loaded plugin tools (category:base,tabindex:7)
2024-08-18 18:13:32,763 [INFO] PluginManage:292 - Check plugin updater
2024-08-18 18:13:32,785 [INFO] PluginManage:342 - Loaded plugin updater (category:base,tabindex:12)
2024-08-18 18:13:32,785 [INFO] PluginManage:265 - PluginManage : Loaded plugins [12]
2024-08-18 18:13:32,938 [INFO] PinOutPanel:1367 - setPackage(No Configuration,No Configuration)
2024-08-18 18:13:33,011 [INFO] IPUIPlugin:63 - create IPUIPlugin
2024-08-18 18:13:33,011 [INFO] PluginManager:200 - loadIPPluginJar : add adc
2024-08-18 18:13:33,032 [INFO] IPUIPlugin:63 - create IPUIPlugin
2024-08-18 18:13:33,032 [INFO] PluginManager:200 - loadIPPluginJar : add aes
2024-08-18 18:13:33,063 [INFO] IPUIPlugin:63 - create IPUIPlugin
2024-08-18 18:13:33,063 [INFO] PluginManager:200 - loadIPPluginJar : add can
2024-08-18 18:13:33,095 [INFO] IPUIPlugin:63 - create IPUIPlugin
2024-08-18 18:13:33,095 [INFO] PluginManager:200 - loadIPPluginJar : add comp
2024-08-18 18:13:33,111 [INFO] IPUIPlugin:63 - create IPUIPlugin
2024-08-18 18:13:33,111 [INFO] PluginManager:200 - loadIPPluginJar : add cryp
2024-08-18 18:13:33,142 [INFO] IPUIPlugin:63 - create IPUIPlugin
2024-08-18 18:13:33,142 [INFO] PluginManager:200 - loadIPPluginJar : add dfsdm
2024-08-18 18:13:33,153 [INFO] IPUIPlugin:63 - create IPUIPlugin
2024-08-18 18:13:33,153 [INFO] PluginManager:200 - loadIPPluginJar : add dma
2024-08-18 18:13:33,158 [INFO] IPUIPlugin:63 - create IPUIPlugin
2024-08-18 18:13:33,174 [INFO] PluginManager:200 - loadIPPluginJar : add fatfs
2024-08-18 18:13:33,208 [INFO] IPUIPlugin:63 - create IPUIPlugin
2024-08-18 18:13:33,208 [INFO] PluginManager:200 - loadIPPluginJar : add fmc
2024-08-18 18:13:33,227 [INFO] IPUIPlugin:63 - create IPUIPlugin
2024-08-18 18:13:33,227 [INFO] PluginManager:200 - loadIPPluginJar : add freertos
2024-08-18 18:13:33,248 [INFO] IPUIPlugin:63 - create IPUIPlugin
2024-08-18 18:13:33,248 [INFO] PluginManager:200 - loadIPPluginJar : add genericplugin
2024-08-18 18:13:33,318 [INFO] IPUIPlugin:63 - create IPUIPlugin
2024-08-18 18:13:33,318 [INFO] PluginManager:200 - loadIPPluginJar : add gfxmmu
2024-08-18 18:13:33,428 [INFO] IPUIPlugin:63 - create IPUIPlugin
2024-08-18 18:13:33,428 [INFO] PluginManager:200 - loadIPPluginJar : add gfxsimulator
2024-08-18 18:13:33,539 [INFO] IPUIPlugin:63 - create IPUIPlugin
2024-08-18 18:13:33,539 [INFO] PluginManager:200 - loadIPPluginJar : add gic
2024-08-18 18:13:33,556 [INFO] IPUIPlugin:63 - create IPUIPlugin
2024-08-18 18:13:33,556 [INFO] PluginManager:200 - loadIPPluginJar : add gpio
2024-08-18 18:13:33,570 [INFO] IPUIPlugin:63 - create IPUIPlugin
2024-08-18 18:13:33,570 [INFO] PluginManager:200 - loadIPPluginJar : add hash
2024-08-18 18:13:33,637 [INFO] IPUIPlugin:63 - create IPUIPlugin
2024-08-18 18:13:33,637 [INFO] PluginManager:200 - loadIPPluginJar : add i2c
2024-08-18 18:13:33,681 [INFO] IPUIPlugin:63 - create IPUIPlugin
2024-08-18 18:13:33,681 [INFO] PluginManager:200 - loadIPPluginJar : add i2s
2024-08-18 18:13:33,775 [INFO] IPUIPlugin:63 - create IPUIPlugin
2024-08-18 18:13:33,775 [INFO] PluginManager:200 - loadIPPluginJar : add ipddr
2024-08-18 18:13:33,808 [INFO] IPUIPlugin:63 - create IPUIPlugin
2024-08-18 18:13:33,808 [INFO] PluginManager:200 - loadIPPluginJar : add ltdc
2024-08-18 18:13:33,824 [INFO] IPUIPlugin:63 - create IPUIPlugin
2024-08-18 18:13:33,824 [INFO] PluginManager:200 - loadIPPluginJar : add mdma
2024-08-18 18:13:33,830 [INFO] IPUIPlugin:63 - create IPUIPlugin
2024-08-18 18:13:33,830 [INFO] PluginManager:200 - loadIPPluginJar : add nvic
2024-08-18 18:13:33,854 [INFO] IPUIPlugin:63 - create IPUIPlugin
2024-08-18 18:13:33,854 [INFO] PluginManager:200 - loadIPPluginJar : add opamp
2024-08-18 18:13:33,901 [INFO] IPUIPlugin:63 - create IPUIPlugin
2024-08-18 18:13:33,901 [INFO] PluginManager:200 - loadIPPluginJar : add pdm2pcm
2024-08-18 18:13:33,917 [INFO] IPUIPlugin:63 - create IPUIPlugin
2024-08-18 18:13:33,917 [INFO] PluginManager:200 - loadIPPluginJar : add plateformsettings
2024-08-18 18:13:33,936 [INFO] IPUIPlugin:63 - create IPUIPlugin
2024-08-18 18:13:33,936 [INFO] PluginManager:200 - loadIPPluginJar : add quadspi
2024-08-18 18:13:33,959 [INFO] IPUIPlugin:63 - create IPUIPlugin
2024-08-18 18:13:33,959 [INFO] PluginManager:200 - loadIPPluginJar : add resmgrutility
2024-08-18 18:13:33,996 [INFO] IPUIPlugin:63 - create IPUIPlugin
2024-08-18 18:13:33,996 [INFO] PluginManager:200 - loadIPPluginJar : add sai
2024-08-18 18:13:34,027 [INFO] IPUIPlugin:63 - create IPUIPlugin
2024-08-18 18:13:34,027 [INFO] PluginManager:200 - loadIPPluginJar : add spi
2024-08-18 18:13:34,053 [INFO] IPUIPlugin:63 - create IPUIPlugin
2024-08-18 18:13:34,053 [INFO] PluginManager:200 - loadIPPluginJar : add stm32_wpan
2024-08-18 18:13:34,076 [INFO] IPUIPlugin:63 - create IPUIPlugin
2024-08-18 18:13:34,076 [INFO] PluginManager:200 - loadIPPluginJar : add tim
2024-08-18 18:13:34,122 [INFO] IPUIPlugin:63 - create IPUIPlugin
2024-08-18 18:13:34,122 [INFO] PluginManager:200 - loadIPPluginJar : add touchsensing
2024-08-18 18:13:34,138 [INFO] IPUIPlugin:63 - create IPUIPlugin
2024-08-18 18:13:34,138 [INFO] PluginManager:200 - loadIPPluginJar : add tracer_emb
2024-08-18 18:13:34,154 [INFO] IPUIPlugin:63 - create IPUIPlugin
2024-08-18 18:13:34,154 [INFO] PluginManager:200 - loadIPPluginJar : add ts
2024-08-18 18:13:34,170 [INFO] IPUIPlugin:63 - create IPUIPlugin
2024-08-18 18:13:34,170 [INFO] PluginManager:200 - loadIPPluginJar : add tsc
2024-08-18 18:13:34,185 [INFO] IPUIPlugin:63 - create IPUIPlugin
2024-08-18 18:13:34,199 [INFO] PluginManager:200 - loadIPPluginJar : add ucpd
2024-08-18 18:13:34,217 [INFO] IPUIPlugin:63 - create IPUIPlugin
2024-08-18 18:13:34,217 [INFO] PluginManager:200 - loadIPPluginJar : add usart
2024-08-18 18:13:34,493 [INFO] BoardConnectionPanel:217 - [DDR PANEL] osNameString: Windows
2024-08-18 18:13:34,752 [FATAL] Updater:277 - Updater called before beeing initialized
2024-08-18 18:13:35,102 [FATAL] Updater:277 - Updater called before beeing initialized
2024-08-18 18:13:35,116 [INFO] PinOutPanel:1367 - setPackage(No Configuration,No Configuration)
2024-08-18 18:13:35,116 [FATAL] Updater:277 - Updater called before beeing initialized
2024-08-18 18:13:35,119 [INFO] MainDdrPanel:82 - [DDR PANEL] SETTER - Set cubeProgrammerPath to: C:\ST\STM32CubeIDE_1.0.2\STM32CubeIDE\plugins\com.st.stm32cube.ide.mcu.externaltools.cubeprogrammer.win32_1.0.0.201904021149\tools\bin
2024-08-18 18:13:35,149 [INFO] Updater:860 - Updater Version found : 5.3.0
2024-08-18 18:13:35,158 [INFO] ApplicationProperties:181 - Using Application install path: C:\ST\STM32CubeIDE_1.0.2\STM32CubeIDE\plugins\com.st.stm32cube.common.mx_5.3.0.201907110903
2024-08-18 18:13:35,339 [INFO] MainUpdater:2040 - connection check result : 10
2024-08-18 18:13:35,339 [INFO] MainUpdater:229 - Updater Check For Update Now.
2024-08-18 18:13:35,339 [INFO] MicroXplorer:401 - Change Database Version : DB.5.0.30
2024-08-18 18:13:35,404 [INFO] CheckServerUpdateThread:121 - End of CheckServer Thread
2024-08-18 18:13:35,560 [INFO] MainUpdater:2040 - connection check result : 10
2024-08-18 18:13:35,560 [INFO] LogOutputStream:76 - [STDOUT_REDIRECT] Successfull proxy connection.
2024-08-18 18:13:35,718 [INFO] McuFinderGlobals:40 - Set McuFinder mode to 2 (CubeIDE integrated)
2024-08-18 18:13:35,734 [INFO] FinderPluginLoader:85 - Searching for filters in installed packs
2024-08-18 18:13:35,736 [INFO] DbMcusXml:106 - Load MCU database from C:\ST\STM32CubeIDE_1.0.2\STM32CubeIDE\plugins\com.st.stm32cube.common.mx_5.3.0.201907110903\\db\/mcu/families.xml
2024-08-18 18:13:35,760 [INFO] IntegrityCheckThread:97 - End integrity checks thread
2024-08-18 18:13:35,760 [INFO] ThirdPartyDb:264 - Close Third Party DataBase File (C:/Users/Tejas Sawant/.stm32cubemx/plugins/thirdparty/db/thirdparties_db.xml)
2024-08-18 18:13:36,305 [INFO] DbMcusJson:87 - JSON generation date=Fri Jun 21 15:58:09 IST 2019 (1561112889)
2024-08-18 18:13:37,129 [INFO] DbMcus:193 - Found 1496 MCUs (1455 are supported by CubeMX, 1455 are visible in CubeMX)
2024-08-18 18:13:37,129 [INFO] ApiDb:158 - Load user favorites file C:\Users\Tejas Sawant/.stm32cubeide/favorites.mcus.txt: 0 item(s)
2024-08-18 18:13:37,129 [INFO] ApiDb:163 - User favorites MCUs=[]
2024-08-18 18:13:37,129 [INFO] DbMcus:205 - Set 0 / 0 favorites MCUs
2024-08-18 18:13:37,493 [INFO] LoadUrlFilesThread:147 - End of LoadServerUrlFiles without Thread
2024-08-18 18:13:37,510 [INFO] McuDetailPanel:180 - Set advertising image to C:/Users/Tejas Sawant/STM32Cube/Repository/\en.prom-stm32h7rs-mcu-finder.jpg
2024-08-18 18:13:37,917 [INFO] ToolPreferences:109 - Table McuList, key=mcufinder_cubeide.mculist: column name not found=Commercial Part No
2024-08-18 18:13:37,917 [INFO] ToolPreferences:109 - Table McuList, key=mcufinder_cubeide.mculist: column name not found=I/O
2024-08-18 18:13:37,917 [INFO] ToolPreferences:109 - Table McuList, key=mcufinder_cubeide.mculist: column name not found=Frequency
2024-08-18 18:13:37,917 [INFO] McuFilterPanel:282 - Update 0 favorites MCUs
2024-08-18 18:13:38,056 [INFO] DbBoardsPdsc:92 - Found 18 items
2024-08-18 18:13:38,070 [INFO] DbBoardsPdsc:92 - Found 9 items
2024-08-18 18:13:38,087 [INFO] DbBoardsPdsc:92 - Found 27 items
2024-08-18 18:13:38,103 [INFO] DbBoardsPdsc:92 - Found 1 items
2024-08-18 18:13:38,108 [INFO] DbBoardsPdsc:92 - Found 37 items
2024-08-18 18:13:38,126 [INFO] DbBoardsPdsc:92 - Found 37 items
2024-08-18 18:13:38,143 [INFO] DbBoardsPdsc:92 - Found 1 items
2024-08-18 18:13:38,193 [INFO] DbBoardsJson:79 - JSON generation date=Thu Jul 04 19:32:38 IST 2019 (1562248958)
2024-08-18 18:13:38,193 [INFO] DbBoards:120 - Found 130 boards (129 are supported by CubeMX)
2024-08-18 18:13:38,216 [INFO] DbBoardsDocs:118 - JSON generation date=Fri Jun 21 15:58:09 IST 2019 (1561112889)
2024-08-18 18:13:38,218 [INFO] DbBoardsDocs:57 - Found 151 boards documents
2024-08-18 18:13:38,218 [WARN] DbBoards:130 - board NUCLEO-H743ZI2 has no document id list !
2024-08-18 18:13:38,218 [WARN] DbBoards:130 - board NUCLEO-G031K8 has no document id list !
2024-08-18 18:13:38,218 [WARN] DbBoards:130 - board P-NUCLEO-WB55-Nucleo has no document id list !
2024-08-18 18:13:38,218 [WARN] DbBoards:130 - board P-NUCLEO-WB55-USBDongle has no document id list !
2024-08-18 18:13:38,218 [WARN] DbBoards:130 - board P-NUCLEO-WB55 has no document id list !
2024-08-18 18:13:38,218 [WARN] DbBoards:130 - board STM32F401C-DISCO has no document id list !
2024-08-18 18:13:38,218 [WARN] DbBoards:130 - board STM32F769I-DISC1 has no document id list !
2024-08-18 18:13:38,218 [WARN] DbBoards:130 - board B-G474E-DPOW1 has no document id list !
2024-08-18 18:13:38,218 [WARN] DbBoards:130 - board STM32F7308-DISCO has no document id list !
2024-08-18 18:13:38,218 [WARN] DbBoards:130 - board STM32L-DISCOVERY has no document id list !
2024-08-18 18:13:38,218 [WARN] DbBoards:130 - board STM32G0316-DISCO has no document id list !
2024-08-18 18:13:38,218 [WARN] DbBoards:130 - board STM32H747I-DISC1 has no document id list !
2024-08-18 18:13:38,218 [WARN] DbBoards:130 - board STM32MP157A-DK1 has no document id list !
2024-08-18 18:13:38,218 [WARN] DbBoards:130 - board STM32303C-EVAL has no document id list !
2024-08-18 18:13:38,218 [WARN] DbBoards:130 - board STM32L152D-EVAL has no document id list !
2024-08-18 18:13:38,218 [WARN] DbBoards:130 - board STM32H743I-EVAL2 has no document id list !
2024-08-18 18:13:38,218 [WARN] DbBoards:130 - board STM32H753I-EVAL2 has no document id list !
2024-08-18 18:13:38,218 [WARN] DbBoards:130 - board STM32H747I-EVAL has no document id list !
2024-08-18 18:13:38,218 [WARN] DbBoards:130 - board STM32H757I-EVAL has no document id list !
2024-08-18 18:13:38,218 [WARN] DbBoards:130 - board STM32G474E-EVAL1 has no document id list !
2024-08-18 18:13:38,218 [WARN] DbBoards:130 - board STEVAL-MKSBOX1V1 has no document id list !
2024-08-18 18:13:39,068 [INFO] ApiDb:158 - Load user favorites file C:\Users\Tejas Sawant/.stm32cubeide/favorites.boards.txt: 0 item(s)
2024-08-18 18:13:39,068 [INFO] ApiDb:163 - User favorites Boards=[]
2024-08-18 18:13:39,068 [INFO] DbBoards:209 - Set 0 / 0 favorites Boards
2024-08-18 18:13:39,110 [INFO] LoadUrlFilesThread:147 - End of LoadServerUrlFiles without Thread
2024-08-18 18:13:39,110 [INFO] BoardDetailPanel:179 - Set advertising image to C:/Users/Tejas Sawant/STM32Cube/Repository/\en.prom-stm32h7rs-mcu-finder.jpg
2024-08-18 18:13:39,127 [INFO] ToolPreferences:109 - Table BoardList, key=mcufinder_cubeide.boardlist: column name not found=Commercial Part No
2024-08-18 18:13:39,127 [INFO] BoardFilterPanel:211 - Update 0 favorites Boards
2024-08-18 18:13:39,268 [INFO] CrossSelectorPresenter:1319 - Cross Selector saved comparison directory: C:\Users\Tejas Sawant\.stmcufinder\plugins\mcufinder\mcu\cs_comparisons_mx
2024-08-18 18:13:39,364 [INFO] ToolPreferences:109 - Table McuList, key=mcufinder_cubeide.mculist: column name not found=Commercial Part No
2024-08-18 18:13:39,364 [INFO] ToolPreferences:109 - Table McuList, key=mcufinder_cubeide.mculist: column name not found=I/O
2024-08-18 18:13:39,364 [INFO] ToolPreferences:109 - Table McuList, key=mcufinder_cubeide.mculist: column name not found=Frequency
2024-08-18 18:13:39,364 [INFO] ToolPreferences:109 - Table BoardList, key=mcufinder_cubeide.boardlist: column name not found=Commercial Part No
