2024-12-15 08:10:15,734 [INFO] Activator:176 - 


2024-12-15 08:10:15,743 [INFO] Activator:177 - !SESSION log4j initialized
2024-12-15 08:10:21,688 [INFO] LogOutputStream:77 - [STDOUT_REDIRECT] 
2024-12-15 08:10:23,249 [INFO] ApplicationProperties:184 - Using Application install path: C:\ST\STM32CubeIDE_1.15.1\STM32CubeIDE\plugins\com.st.stm32cube.common.mx_6.12.0.202406281431
2024-12-15 08:10:23,271 [INFO] DbMcusXml:78 - Set database path to: C:\ST\STM32CubeIDE_1.15.1\STM32CubeIDE\plugins\com.st.stm32cube.common.mx_6.12.0.202406281431\\db\/mcu/
2024-12-15 08:10:23,271 [INFO] ApiDb:274 - Set plugin database path to: C:\ST\STM32CubeIDE_1.15.1\STM32CubeIDE\plugins\com.st.stm32cube.common.mx_6.12.0.202406281431\\db\/plugins/boardmanager/
2024-12-15 08:10:23,272 [WARN] ApiDb:259 - Overriding images path with different value:  => C:\ST\STM32CubeIDE_1.15.1\STM32CubeIDE\plugins\com.st.stm32cube.common.mx_6.12.0.202406281431\\db\/plugins/mcufinder/images/
2024-12-15 08:10:23,283 [INFO] ApiDb:250 - Set database path to: C:\Users\Tejas Sawant\.stmcufinder\plugins\mcufinder//mcu/
2024-12-15 08:10:23,284 [INFO] DbMcusAds:125 - Set database path to: C:\Users\Tejas Sawant\.stmcufinder\plugins\mcufinder//mcu/
2024-12-15 08:10:23,287 [INFO] CrossReferenceDbSqlite:203 - Set database path to: C:\Users\Tejas Sawant\.stmcufinder\plugins\mcufinder//mcu/cs/
2024-12-15 08:10:23,418 [INFO] RulesReader:64 - Compatibility file has been processed (297 Rules)
2024-12-15 08:10:23,522 [INFO] DbMcusXml:78 - Set database path to: C:\ST\STM32CubeIDE_1.15.1\STM32CubeIDE\plugins\com.st.stm32cube.common.mx_6.12.0.202406281431\\db\/mcu/
2024-12-15 08:10:23,522 [INFO] ApiDb:274 - Set plugin database path to: C:\ST\STM32CubeIDE_1.15.1\STM32CubeIDE\plugins\com.st.stm32cube.common.mx_6.12.0.202406281431\\db\/plugins/boardmanager/
2024-12-15 08:10:23,522 [INFO] ApiDb:261 - Set plugin images path to: C:\ST\STM32CubeIDE_1.15.1\STM32CubeIDE\plugins\com.st.stm32cube.common.mx_6.12.0.202406281431\\db\/plugins/mcufinder/images/
2024-12-15 08:10:23,522 [WARN] DbFile:41 - Overriding database path with different value: C:\Users\Tejas Sawant\.stmcufinder\plugins\mcufinder/ => C:\Users\Tejas Sawant\.stmcufinder\plugins\mcufinder
2024-12-15 08:10:23,522 [INFO] ApiDb:250 - Set database path to: C:\Users\Tejas Sawant\.stmcufinder\plugins\mcufinder//mcu/
2024-12-15 08:10:23,522 [WARN] DbFile:41 - Overriding database path with different value: C:\Users\Tejas Sawant\.stmcufinder\plugins\mcufinder/ => C:\Users\Tejas Sawant\.stmcufinder\plugins\mcufinder
2024-12-15 08:10:23,523 [INFO] DbMcusAds:125 - Set database path to: C:\Users\Tejas Sawant\.stmcufinder\plugins\mcufinder//mcu/
2024-12-15 08:10:23,523 [WARN] DbFile:41 - Overriding database path with different value: C:\Users\Tejas Sawant\.stmcufinder\plugins\mcufinder/ => C:\Users\Tejas Sawant\.stmcufinder\plugins\mcufinder
2024-12-15 08:10:23,523 [WARN] DbFile:41 - Overriding database path with different value: C:\Users\Tejas Sawant\.stmcufinder\plugins\mcufinder/ => C:\Users\Tejas Sawant\.stmcufinder\plugins\mcufinder
2024-12-15 08:10:23,523 [INFO] CrossReferenceDbSqlite:203 - Set database path to: C:\Users\Tejas Sawant\.stmcufinder\plugins\mcufinder//mcu/cs/
2024-12-15 08:10:23,621 [INFO] MainPanel:268 - HeapMemory: 268435456
2024-12-15 08:10:23,740 [INFO] DbMcusXml:78 - Set database path to: C:\ST\STM32CubeIDE_1.15.1\STM32CubeIDE\plugins\com.st.stm32cube.common.mx_6.12.0.202406281431\\db\/mcu/
2024-12-15 08:10:23,740 [INFO] ApiDb:274 - Set plugin database path to: C:\ST\STM32CubeIDE_1.15.1\STM32CubeIDE\plugins\com.st.stm32cube.common.mx_6.12.0.202406281431\\db\/plugins/boardmanager/
2024-12-15 08:10:23,740 [INFO] ApiDb:261 - Set plugin images path to: C:\ST\STM32CubeIDE_1.15.1\STM32CubeIDE\plugins\com.st.stm32cube.common.mx_6.12.0.202406281431\\db\/plugins/mcufinder/images/
2024-12-15 08:10:23,741 [WARN] DbFile:41 - Overriding database path with different value: C:\Users\Tejas Sawant\.stmcufinder\plugins\mcufinder/ => C:\Users\Tejas Sawant\.stmcufinder\plugins\mcufinder
2024-12-15 08:10:23,741 [INFO] ApiDb:250 - Set database path to: C:\Users\Tejas Sawant\.stmcufinder\plugins\mcufinder//mcu/
2024-12-15 08:10:23,741 [WARN] DbFile:41 - Overriding database path with different value: C:\Users\Tejas Sawant\.stmcufinder\plugins\mcufinder/ => C:\Users\Tejas Sawant\.stmcufinder\plugins\mcufinder
2024-12-15 08:10:23,741 [INFO] DbMcusAds:125 - Set database path to: C:\Users\Tejas Sawant\.stmcufinder\plugins\mcufinder//mcu/
2024-12-15 08:10:23,741 [WARN] DbFile:41 - Overriding database path with different value: C:\Users\Tejas Sawant\.stmcufinder\plugins\mcufinder/ => C:\Users\Tejas Sawant\.stmcufinder\plugins\mcufinder
2024-12-15 08:10:23,741 [WARN] DbFile:41 - Overriding database path with different value: C:\Users\Tejas Sawant\.stmcufinder\plugins\mcufinder/ => C:\Users\Tejas Sawant\.stmcufinder\plugins\mcufinder
2024-12-15 08:10:23,741 [INFO] CrossReferenceDbSqlite:203 - Set database path to: C:\Users\Tejas Sawant\.stmcufinder\plugins\mcufinder//mcu/cs/
2024-12-15 08:10:23,763 [INFO] ApplicationProperties:184 - Using Application install path: C:\ST\STM32CubeIDE_1.15.1\STM32CubeIDE\plugins\com.st.stm32cube.common.mx_6.12.0.202406281431
2024-12-15 08:10:23,765 [INFO] PluginManage:196 - Search for loadable plugins [exclusion list=, ]
2024-12-15 08:10:23,767 [INFO] PluginManage:310 - Check plugin analytics
2024-12-15 08:10:23,961 [INFO] AnalyticsPlugin:253 - Accepted Software Licenses: 
2024-12-15 08:10:23,961 [INFO] AnalyticsPlugin:255 - Accepted CMSIS Pack Licenses: 
2024-12-15 08:10:23,961 [INFO] AnalyticsPlugin:257 - Accepted Firmware Licenses: 
2024-12-15 08:10:23,964 [INFO] PluginManage:359 - Loaded plugin analytics (category:tool,tabindex:-1)
2024-12-15 08:10:23,964 [INFO] PluginManage:310 - Check plugin cadmodel
2024-12-15 08:10:23,984 [INFO] CADModel:105 - Init CAD model plugin
2024-12-15 08:10:23,985 [INFO] PluginManage:359 - Loaded plugin cadmodel (category:power,tabindex:5)
2024-12-15 08:10:23,985 [INFO] PluginManage:310 - Check plugin clock
2024-12-15 08:10:24,017 [INFO] PluginManage:359 - Loaded plugin clock (category:base,tabindex:2)
2024-12-15 08:10:24,017 [INFO] PluginManage:310 - Check plugin ddr
2024-12-15 08:10:24,022 [INFO] PluginManage:359 - Loaded plugin ddr (category:tool,tabindex:6)
2024-12-15 08:10:24,023 [INFO] PluginManage:310 - Check plugin filemanager
2024-12-15 08:10:24,188 [INFO] PluginManage:359 - Loaded plugin filemanager (category:base,tabindex:10)
2024-12-15 08:10:24,188 [INFO] PluginManage:310 - Check plugin ipmanager
2024-12-15 08:10:24,197 [INFO] PluginManage:359 - Loaded plugin ipmanager (category:base,tabindex:5)
2024-12-15 08:10:24,198 [INFO] PluginManage:310 - Check plugin lpbam
2024-12-15 08:10:24,220 [INFO] PluginManage:359 - Loaded plugin lpbam (category:base,tabindex:0)
2024-12-15 08:10:24,220 [INFO] PluginManage:310 - Check plugin memorymap
2024-12-15 08:10:24,249 [INFO] PluginManage:359 - Loaded plugin memorymap (category:base,tabindex:4)
2024-12-15 08:10:24,249 [INFO] PluginManage:310 - Check plugin pinoutandconfiguration
2024-12-15 08:10:24,269 [INFO] PluginManage:359 - Loaded plugin pinoutandconfiguration (category:base,tabindex:1)
2024-12-15 08:10:24,269 [INFO] PluginManage:310 - Check plugin pinoutconfig
2024-12-15 08:10:24,366 [WARN] SupportedApi:132 - Cannot load RTOS API schema: s4s-elt-must-match.1: The content of 'definitions' must match (annotation?, (simpleType | complexType)?, (unique | key | keyref)*)). A problem was found starting at: attribute.
2024-12-15 08:10:24,514 [INFO] PluginManage:359 - Loaded plugin pinoutconfig (category:base,tabindex:0)
2024-12-15 08:10:24,514 [INFO] PluginManage:310 - Check plugin power
2024-12-15 08:10:24,537 [INFO] PluginManage:359 - Loaded plugin power (category:power,tabindex:4)
2024-12-15 08:10:24,537 [INFO] PluginManage:310 - Check plugin projectmanager
2024-12-15 08:10:24,555 [INFO] PluginManage:359 - Loaded plugin projectmanager (category:projectmanager,tabindex:4)
2024-12-15 08:10:24,555 [INFO] PluginManage:310 - Check plugin rif
2024-12-15 08:10:24,574 [INFO] PluginManage:359 - Loaded plugin rif (category:base,tabindex:3)
2024-12-15 08:10:24,574 [INFO] PluginManage:310 - Check plugin thirdparty
2024-12-15 08:10:24,878 [INFO] PluginManage:359 - Loaded plugin thirdparty (category:base,tabindex:-1)
2024-12-15 08:10:24,879 [INFO] PluginManage:310 - Check plugin tools
2024-12-15 08:10:24,878 [WARN] IntegrityCheckThread:84 - waiting for thirdparty lock release [integrity check]
2024-12-15 08:10:24,879 [INFO] IntegrityCheckThread:86 - entering critical section [integrity check]
2024-12-15 08:10:24,879 [INFO] ThirdPartyUpdaterWithRetryManager:70 - Updater plugin not ready yet. [1/15]
2024-12-15 08:10:24,924 [INFO] PluginManage:359 - Loaded plugin tools (category:base,tabindex:7)
2024-12-15 08:10:24,924 [INFO] PluginManage:310 - Check plugin tutovideos
2024-12-15 08:10:25,136 [INFO] PluginManage:359 - Loaded plugin tutovideos (category:base,tabindex:-1)
2024-12-15 08:10:25,136 [INFO] PluginManage:310 - Check plugin updater
2024-12-15 08:10:25,154 [INFO] PluginManage:359 - Loaded plugin updater (category:base,tabindex:12)
2024-12-15 08:10:25,154 [INFO] PluginManage:310 - Check plugin userauth
2024-12-15 08:10:25,160 [INFO] UserAuth:113 - Init User Auth plugin
2024-12-15 08:10:25,160 [INFO] PluginManage:359 - Loaded plugin userauth (category:base,tabindex:14)
2024-12-15 08:10:25,161 [INFO] PluginManage:283 - PluginManage : Loaded plugins [18]
2024-12-15 08:10:25,396 [INFO] PinOutPanel:1561 - setPackage(No Configuration,No Configuration)
2024-12-15 08:10:25,500 [INFO] CADModel:165 - CPN selected for project level
2024-12-15 08:10:25,501 [INFO] CADModel:114 - Register for checkConnection events
2024-12-15 08:10:25,531 [INFO] IPUIPlugin:80 - create IPUIPlugin
2024-12-15 08:10:25,531 [INFO] PluginManager:220 - loadIPPluginJar : add adc
2024-12-15 08:10:25,570 [INFO] IPUIPlugin:80 - create IPUIPlugin
2024-12-15 08:10:25,570 [INFO] PluginManager:220 - loadIPPluginJar : add aes
2024-12-15 08:10:25,617 [INFO] IPUIPlugin:80 - create IPUIPlugin
2024-12-15 08:10:25,617 [INFO] PluginManager:220 - loadIPPluginJar : add can
2024-12-15 08:10:25,648 [INFO] IPUIPlugin:80 - create IPUIPlugin
2024-12-15 08:10:25,648 [INFO] PluginManager:220 - loadIPPluginJar : add comp
2024-12-15 08:10:25,695 [INFO] IPUIPlugin:80 - create IPUIPlugin
2024-12-15 08:10:25,695 [INFO] PluginManager:220 - loadIPPluginJar : add cryp
2024-12-15 08:10:25,711 [INFO] IPUIPlugin:80 - create IPUIPlugin
2024-12-15 08:10:25,711 [INFO] PluginManager:220 - loadIPPluginJar : add ddr_ctrl_phy
2024-12-15 08:10:25,743 [INFO] IPUIPlugin:80 - create IPUIPlugin
2024-12-15 08:10:25,743 [INFO] PluginManager:220 - loadIPPluginJar : add dfsdm
2024-12-15 08:10:25,761 [INFO] IPUIPlugin:80 - create IPUIPlugin
2024-12-15 08:10:25,762 [INFO] PluginManager:220 - loadIPPluginJar : add dma
2024-12-15 08:10:25,809 [INFO] IPUIPlugin:80 - create IPUIPlugin
2024-12-15 08:10:25,809 [INFO] PluginManager:220 - loadIPPluginJar : add dma3
2024-12-15 08:10:25,862 [INFO] IPUIPlugin:80 - create IPUIPlugin
2024-12-15 08:10:25,863 [INFO] PluginManager:220 - loadIPPluginJar : add extmemmanager
2024-12-15 08:10:25,885 [INFO] IPUIPlugin:80 - create IPUIPlugin
2024-12-15 08:10:25,885 [INFO] PluginManager:220 - loadIPPluginJar : add fatfs
2024-12-15 08:10:25,934 [INFO] IPUIPlugin:80 - create IPUIPlugin
2024-12-15 08:10:25,934 [INFO] PluginManager:220 - loadIPPluginJar : add fmc
2024-12-15 08:10:25,952 [INFO] IPUIPlugin:80 - create IPUIPlugin
2024-12-15 08:10:25,952 [INFO] PluginManager:220 - loadIPPluginJar : add freertos
2024-12-15 08:10:25,974 [INFO] IPUIPlugin:80 - create IPUIPlugin
2024-12-15 08:10:25,974 [INFO] PluginManager:220 - loadIPPluginJar : add genericplugin
2024-12-15 08:10:26,068 [INFO] IPUIPlugin:80 - create IPUIPlugin
2024-12-15 08:10:26,069 [INFO] PluginManager:220 - loadIPPluginJar : add gfxmmu
2024-12-15 08:10:26,207 [INFO] IPUIPlugin:80 - create IPUIPlugin
2024-12-15 08:10:26,207 [INFO] PluginManager:220 - loadIPPluginJar : add gic
2024-12-15 08:10:26,223 [INFO] IPUIPlugin:80 - create IPUIPlugin
2024-12-15 08:10:26,223 [INFO] PluginManager:220 - loadIPPluginJar : add gpio
2024-12-15 08:10:26,325 [INFO] IPUIPlugin:80 - create IPUIPlugin
2024-12-15 08:10:26,325 [INFO] PluginManager:220 - loadIPPluginJar : add gtzc
2024-12-15 08:10:26,383 [INFO] IPUIPlugin:80 - create IPUIPlugin
2024-12-15 08:10:26,383 [INFO] PluginManager:220 - loadIPPluginJar : add hash
2024-12-15 08:10:26,439 [INFO] IPUIPlugin:80 - create IPUIPlugin
2024-12-15 08:10:26,440 [INFO] PluginManager:220 - loadIPPluginJar : add i2c
2024-12-15 08:10:26,481 [INFO] IPUIPlugin:80 - create IPUIPlugin
2024-12-15 08:10:26,482 [INFO] PluginManager:220 - loadIPPluginJar : add i2s
2024-12-15 08:10:26,527 [INFO] IPUIPlugin:80 - create IPUIPlugin
2024-12-15 08:10:26,527 [INFO] PluginManager:220 - loadIPPluginJar : add i3c
2024-12-15 08:10:26,649 [INFO] IPUIPlugin:80 - create IPUIPlugin
2024-12-15 08:10:26,649 [INFO] PluginManager:220 - loadIPPluginJar : add ipddr
2024-12-15 08:10:26,761 [INFO] IPUIPlugin:80 - create IPUIPlugin
2024-12-15 08:10:26,761 [INFO] PluginManager:220 - loadIPPluginJar : add linkedlist
2024-12-15 08:10:26,798 [INFO] IPUIPlugin:80 - create IPUIPlugin
2024-12-15 08:10:26,798 [INFO] PluginManager:220 - loadIPPluginJar : add lorawan
2024-12-15 08:10:26,836 [INFO] IPUIPlugin:80 - create IPUIPlugin
2024-12-15 08:10:26,836 [INFO] PluginManager:220 - loadIPPluginJar : add ltdc
2024-12-15 08:10:26,852 [INFO] IPUIPlugin:80 - create IPUIPlugin
2024-12-15 08:10:26,852 [INFO] PluginManager:220 - loadIPPluginJar : add mdma
2024-12-15 08:10:26,867 [INFO] IPUIPlugin:80 - create IPUIPlugin
2024-12-15 08:10:26,867 [INFO] PluginManager:220 - loadIPPluginJar : add nvic
2024-12-15 08:10:26,921 [INFO] IPUIPlugin:80 - create IPUIPlugin
2024-12-15 08:10:26,921 [INFO] PluginManager:220 - loadIPPluginJar : add opamp
2024-12-15 08:10:26,987 [INFO] IPUIPlugin:80 - create IPUIPlugin
2024-12-15 08:10:26,987 [INFO] PluginManager:220 - loadIPPluginJar : add openamp
2024-12-15 08:10:27,037 [INFO] IPUIPlugin:80 - create IPUIPlugin
2024-12-15 08:10:27,037 [INFO] PluginManager:220 - loadIPPluginJar : add pdm2pcm
2024-12-15 08:10:27,054 [INFO] IPUIPlugin:80 - create IPUIPlugin
2024-12-15 08:10:27,056 [INFO] PluginManager:220 - loadIPPluginJar : add plateformsettings
2024-12-15 08:10:27,084 [INFO] IPUIPlugin:80 - create IPUIPlugin
2024-12-15 08:10:27,084 [INFO] PluginManager:220 - loadIPPluginJar : add quadspi
2024-12-15 08:10:27,115 [INFO] IPUIPlugin:80 - create IPUIPlugin
2024-12-15 08:10:27,116 [INFO] PluginManager:220 - loadIPPluginJar : add radio
2024-12-15 08:10:27,131 [INFO] IPUIPlugin:80 - create IPUIPlugin
2024-12-15 08:10:27,131 [INFO] PluginManager:220 - loadIPPluginJar : add resmgrutility
2024-12-15 08:10:27,182 [INFO] IPUIPlugin:80 - create IPUIPlugin
2024-12-15 08:10:27,182 [INFO] PluginManager:220 - loadIPPluginJar : add sai
2024-12-15 08:10:27,220 [INFO] IPUIPlugin:80 - create IPUIPlugin
2024-12-15 08:10:27,220 [INFO] PluginManager:220 - loadIPPluginJar : add spi
2024-12-15 08:10:27,300 [INFO] IPUIPlugin:80 - create IPUIPlugin
2024-12-15 08:10:27,300 [INFO] PluginManager:220 - loadIPPluginJar : add stm32_wpan
2024-12-15 08:10:27,332 [INFO] IPUIPlugin:80 - create IPUIPlugin
2024-12-15 08:10:27,332 [INFO] PluginManager:220 - loadIPPluginJar : add tim
2024-12-15 08:10:27,409 [INFO] IPUIPlugin:80 - create IPUIPlugin
2024-12-15 08:10:27,409 [INFO] PluginManager:220 - loadIPPluginJar : add touchsensing
2024-12-15 08:10:27,435 [INFO] IPUIPlugin:80 - create IPUIPlugin
2024-12-15 08:10:27,436 [INFO] PluginManager:220 - loadIPPluginJar : add tracer_emb
2024-12-15 08:10:27,462 [INFO] IPUIPlugin:80 - create IPUIPlugin
2024-12-15 08:10:27,462 [INFO] PluginManager:220 - loadIPPluginJar : add ts
2024-12-15 08:10:27,486 [INFO] IPUIPlugin:80 - create IPUIPlugin
2024-12-15 08:10:27,486 [INFO] PluginManager:220 - loadIPPluginJar : add tsc
2024-12-15 08:10:27,508 [INFO] IPUIPlugin:80 - create IPUIPlugin
2024-12-15 08:10:27,508 [INFO] PluginManager:220 - loadIPPluginJar : add ucpd
2024-12-15 08:10:27,553 [INFO] IPUIPlugin:80 - create IPUIPlugin
2024-12-15 08:10:27,553 [INFO] PluginManager:220 - loadIPPluginJar : add usart
2024-12-15 08:10:27,598 [INFO] IPUIPlugin:80 - create IPUIPlugin
2024-12-15 08:10:27,598 [INFO] PluginManager:220 - loadIPPluginJar : add usbx
2024-12-15 08:10:27,735 [INFO] CADModel:165 - CPN selected for project level
2024-12-15 08:10:27,736 [INFO] CADModel:114 - Register for checkConnection events
2024-12-15 08:10:27,736 [FATAL] Updater:334 - Updater called before beeing initialized
2024-12-15 08:10:27,736 [ERROR] CADModel:125 - Updater not yet initialized, retry later 
2024-12-15 08:10:27,881 [INFO] ThirdPartyUpdaterWithRetryManager:70 - Updater plugin not ready yet. [2/15]
2024-12-15 08:10:27,889 [INFO] CADModel:165 - CPN selected for project level
2024-12-15 08:10:27,889 [INFO] CADModel:114 - Register for checkConnection events
2024-12-15 08:10:27,889 [FATAL] Updater:334 - Updater called before beeing initialized
2024-12-15 08:10:27,889 [ERROR] CADModel:125 - Updater not yet initialized, retry later 
2024-12-15 08:10:27,893 [FATAL] Updater:334 - Updater called before beeing initialized
2024-12-15 08:10:28,005 [FATAL] Updater:334 - Updater called before beeing initialized
2024-12-15 08:10:28,017 [INFO] DbMcusAds:53 - JSON generation date=Thu May 16 14:52:00 IST 2024 (1715851320667)
2024-12-15 08:10:28,017 [FATAL] Updater:334 - Updater called before beeing initialized
2024-12-15 08:10:28,060 [WARN] DetailPanel:346 - Failed to get advertising image, set to default
2024-12-15 08:10:28,173 [FATAL] Updater:334 - Updater called before beeing initialized
2024-12-15 08:10:28,176 [FATAL] Updater:334 - Updater called before beeing initialized
2024-12-15 08:10:28,176 [FATAL] Updater:334 - Updater called before beeing initialized
2024-12-15 08:10:28,177 [WARN] DetailPanel:346 - Failed to get advertising image, set to default
2024-12-15 08:10:28,177 [FATAL] Updater:334 - Updater called before beeing initialized
2024-12-15 08:10:28,243 [ERROR] Updater:1164 - MainUpdater not yet initialized. External WinMGr cannot be set.
2024-12-15 08:10:28,255 [INFO] Updater:1100 - Updater Version found : 6.12.0
2024-12-15 08:10:28,277 [INFO] ApplicationProperties:184 - Using Application install path: C:\ST\STM32CubeIDE_1.15.1\STM32CubeIDE\plugins\com.st.stm32cube.common.mx_6.12.0.202406281431
2024-12-15 08:10:29,868 [ERROR] LogOutputStream:75 - [STDERR_REDIRECT] Dec 15, 2024 8:10:29 AM java.util.prefs.WindowsPreferences <init>
2024-12-15 08:10:29,869 [ERROR] LogOutputStream:75 - [STDERR_REDIRECT] WARNING: Could not open/create prefs root node Software\JavaSoft\Prefs at root 0xffffffff80000002. Windows RegCreateKeyEx(...) returned error code 5.
2024-12-15 08:10:29,869 [ERROR] LogOutputStream:75 - [STDERR_REDIRECT] 
2024-12-15 08:10:30,137 [INFO] MainUpdater:2873 - connection check result : 22
2024-12-15 08:10:30,137 [INFO] MainUpdater:290 - Updater Check For Update Now.
2024-12-15 08:10:30,138 [INFO] MicroXplorer:498 - Change Database Version : DB.6.0.120
2024-12-15 08:10:30,159 [INFO] McuFinderGlobals:63 - Set McuFinder mode to 2 (CubeIDE integrated)
2024-12-15 08:10:30,159 [INFO] UserAuth:179 - activating auth plugin
2024-12-15 08:10:30,163 [INFO] UserAuth:417 - Internet connection configuration mode: 2
2024-12-15 08:10:30,186 [INFO] UserAuth:417 - Internet connection configuration mode: 2
2024-12-15 08:10:30,385 [INFO] CheckServerUpdateThread:120 - End of CheckServer Thread
2024-12-15 08:10:31,154 [WARN] PackLoader:240 - Cannot read IP mode file for STMicroelectronics.FP-SNS-MOTENVWB1.1.4.0
2024-12-15 08:10:31,177 [WARN] PackLoader:240 - Cannot read IP mode file for STMicroelectronics.X-CUBE-SMBUS.2.1.0
2024-12-15 08:10:31,224 [WARN] PackLoader:240 - Cannot read IP mode file for STMicroelectronics.X-CUBE-AZRTOS-F7.1.1.0
2024-12-15 08:10:31,313 [WARN] PackLoader:240 - Cannot read IP mode file for STMicroelectronics.X-CUBE-MEMS1.11.0.0
2024-12-15 08:10:31,455 [WARN] PackLoader:240 - Cannot read IP mode file for STMicroelectronics.FP-SNS-FLIGHT1.5.0.2
2024-12-15 08:10:31,478 [WARN] PackLoader:240 - Cannot read IP mode file for STMicroelectronics.X-CUBE-DISPLAY.3.0.0
2024-12-15 08:10:31,502 [WARN] PackLoader:240 - Cannot read IP mode file for STMicroelectronics.X-CUBE-BLE1.7.0.0
2024-12-15 08:10:31,532 [WARN] PackLoader:240 - Cannot read IP mode file for STMicroelectronics.X-CUBE-NFC10.1.0.0
2024-12-15 08:10:31,558 [WARN] PackLoader:240 - Cannot read IP mode file for emotas.I-CUBE-CANOPEN.1.3.0
2024-12-15 08:10:31,585 [WARN] PackLoader:240 - Cannot read IP mode file for STMicroelectronics.X-CUBE-BLEMGR.3.1.0
2024-12-15 08:10:31,621 [WARN] PackLoader:240 - Cannot read IP mode file for STMicroelectronics.FP-SNS-SMARTAG2.1.2.0
2024-12-15 08:10:31,651 [INFO] LogOutputStream:77 - [STDOUT_REDIRECT] 1 : Invalid condition id : UX_CORESTACK_Condition cause : null
2024-12-15 08:10:31,652 [INFO] LogOutputStream:77 - [STDOUT_REDIRECT] 1 : Invalid condition id : UX_CORESTACK_Condition cause : null
2024-12-15 08:10:31,653 [INFO] LogOutputStream:77 - [STDOUT_REDIRECT] 1 : Invalid condition id : UX_CORESTACK_Condition cause : null
2024-12-15 08:10:31,654 [INFO] LogOutputStream:77 - [STDOUT_REDIRECT] 1 : Invalid condition id : UX_CORESTACK_Condition cause : null
2024-12-15 08:10:31,654 [INFO] LogOutputStream:77 - [STDOUT_REDIRECT] 1 : Invalid condition id : UX_CORESTACK_Condition cause : null
2024-12-15 08:10:31,657 [WARN] PackLoader:240 - Cannot read IP mode file for STMicroelectronics.X-CUBE-AZRTOS-WL.2.0.0
2024-12-15 08:10:31,679 [WARN] PackLoader:240 - Cannot read IP mode file for STMicroelectronics.FP-SNS-MOTENV1.5.0.0
2024-12-15 08:10:31,699 [WARN] PackLoader:240 - Cannot read IP mode file for wolfSSL.I-CUBE-wolfMQTT.1.19.0
2024-12-15 08:10:31,720 [WARN] PackLoader:240 - Cannot read IP mode file for WES.I-CUBE-Cesium.1.3.0
2024-12-15 08:10:31,743 [WARN] PackLoader:240 - Cannot read IP mode file for STMicroelectronics.X-CUBE-BLE2.3.3.0
2024-12-15 08:10:31,764 [WARN] PackLoader:240 - Cannot read IP mode file for STMicroelectronics.X-CUBE-NFC9.1.0.0
2024-12-15 08:10:31,784 [WARN] PackLoader:240 - Cannot read IP mode file for STMicroelectronics.X-CUBE-TCPP.4.1.0
2024-12-15 08:10:31,818 [WARN] PackLoader:240 - Cannot read IP mode file for STMicroelectronics.X-CUBE-AZRTOS-G0.1.1.0
2024-12-15 08:10:31,842 [WARN] PackLoader:240 - Cannot read IP mode file for STMicroelectronics.X-CUBE-SAFEA1.1.2.2
2024-12-15 08:10:31,863 [WARN] PackLoader:240 - Cannot read IP mode file for STMicroelectronics.X-CUBE-NFC4.3.0.0
2024-12-15 08:10:31,888 [WARN] PackLoader:240 - Cannot read IP mode file for EmbeddedOffice.I-CUBE-FS-RTOS.1.0.1
2024-12-15 08:10:31,888 [ERROR] ConditionMgr:805 - Attr not supported : Dmpu
2024-12-15 08:10:31,888 [ERROR] ConditionMgr:805 - Attr not supported : Dmpu
2024-12-15 08:10:31,889 [ERROR] ConditionMgr:805 - Attr not supported : Dmpu
2024-12-15 08:10:31,889 [ERROR] ConditionMgr:805 - Attr not supported : Dmpu
2024-12-15 08:10:31,889 [ERROR] ConditionMgr:805 - Attr not supported : Dmpu
2024-12-15 08:10:31,889 [ERROR] ConditionMgr:805 - Attr not supported : Dmpu
2024-12-15 08:10:31,889 [ERROR] ConditionMgr:805 - Attr not supported : Dmpu
2024-12-15 08:10:31,889 [ERROR] ConditionMgr:805 - Attr not supported : Dmpu
2024-12-15 08:10:31,889 [ERROR] ConditionMgr:805 - Attr not supported : Dmpu
2024-12-15 08:10:31,889 [ERROR] ConditionMgr:805 - Attr not supported : Dmpu
2024-12-15 08:10:31,889 [ERROR] ConditionMgr:805 - Attr not supported : Dmpu
2024-12-15 08:10:31,889 [ERROR] ConditionMgr:805 - Attr not supported : Dmpu
2024-12-15 08:10:31,889 [ERROR] ConditionMgr:805 - Attr not supported : Dmpu
2024-12-15 08:10:31,889 [ERROR] ConditionMgr:805 - Attr not supported : Dmpu
2024-12-15 08:10:31,889 [ERROR] ConditionMgr:805 - Attr not supported : Dmpu
2024-12-15 08:10:31,889 [ERROR] ConditionMgr:805 - Attr not supported : Dmpu
2024-12-15 08:10:31,889 [ERROR] ConditionMgr:805 - Attr not supported : Dmpu
2024-12-15 08:10:31,889 [ERROR] ConditionMgr:805 - Attr not supported : Dmpu
2024-12-15 08:10:31,890 [ERROR] ConditionMgr:805 - Attr not supported : Dmpu
2024-12-15 08:10:31,890 [ERROR] ConditionMgr:805 - Attr not supported : Dmpu
2024-12-15 08:10:31,890 [ERROR] ConditionMgr:805 - Attr not supported : Dmpu
2024-12-15 08:10:31,890 [ERROR] ConditionMgr:805 - Attr not supported : Dmpu
2024-12-15 08:10:31,890 [ERROR] ConditionMgr:805 - Attr not supported : Dmpu
2024-12-15 08:10:31,890 [ERROR] ConditionMgr:805 - Attr not supported : Dmpu
2024-12-15 08:10:31,890 [ERROR] ConditionMgr:805 - Attr not supported : Dmpu
2024-12-15 08:10:31,890 [ERROR] ConditionMgr:805 - Attr not supported : Dmpu
2024-12-15 08:10:31,890 [ERROR] ConditionMgr:805 - Attr not supported : Dmpu
2024-12-15 08:10:31,890 [ERROR] ConditionMgr:805 - Attr not supported : Dmpu
2024-12-15 08:10:31,890 [ERROR] ConditionMgr:805 - Attr not supported : Dmpu
2024-12-15 08:10:31,890 [ERROR] ConditionMgr:805 - Attr not supported : Dmpu
2024-12-15 08:10:31,890 [ERROR] ConditionMgr:805 - Attr not supported : Dmpu
2024-12-15 08:10:31,890 [ERROR] ConditionMgr:805 - Attr not supported : Dmpu
2024-12-15 08:10:31,890 [ERROR] ConditionMgr:805 - Attr not supported : Dmpu
2024-12-15 08:10:31,891 [ERROR] ConditionMgr:805 - Attr not supported : Dmpu
2024-12-15 08:10:31,891 [ERROR] ConditionMgr:805 - Attr not supported : Dmpu
2024-12-15 08:10:31,891 [ERROR] ConditionMgr:805 - Attr not supported : Dmpu
2024-12-15 08:10:31,891 [ERROR] ConditionMgr:805 - Attr not supported : Dmpu
2024-12-15 08:10:31,891 [ERROR] ConditionMgr:805 - Attr not supported : Dmpu
2024-12-15 08:10:31,891 [ERROR] ConditionMgr:805 - Attr not supported : Dmpu
2024-12-15 08:10:31,891 [ERROR] ConditionMgr:805 - Attr not supported : Dmpu
2024-12-15 08:10:31,891 [ERROR] ConditionMgr:805 - Attr not supported : Dmpu
2024-12-15 08:10:31,891 [ERROR] ConditionMgr:805 - Attr not supported : Dmpu
2024-12-15 08:10:31,891 [ERROR] ConditionMgr:805 - Attr not supported : Dmpu
2024-12-15 08:10:31,891 [ERROR] ConditionMgr:805 - Attr not supported : Dmpu
2024-12-15 08:10:31,891 [ERROR] ConditionMgr:805 - Attr not supported : Dmpu
2024-12-15 08:10:31,891 [ERROR] ConditionMgr:805 - Attr not supported : Dmpu
2024-12-15 08:10:31,891 [ERROR] ConditionMgr:805 - Attr not supported : Dmpu
2024-12-15 08:10:31,891 [ERROR] ConditionMgr:805 - Attr not supported : Dmpu
2024-12-15 08:10:31,892 [ERROR] ConditionMgr:805 - Attr not supported : Dmpu
2024-12-15 08:10:31,892 [ERROR] ConditionMgr:805 - Attr not supported : Dmpu
2024-12-15 08:10:31,892 [ERROR] ConditionMgr:805 - Attr not supported : Dmpu
2024-12-15 08:10:31,892 [ERROR] ConditionMgr:805 - Attr not supported : Dmpu
2024-12-15 08:10:31,892 [ERROR] ConditionMgr:805 - Attr not supported : Dmpu
2024-12-15 08:10:31,892 [ERROR] ConditionMgr:805 - Attr not supported : Dmpu
2024-12-15 08:10:31,892 [ERROR] ConditionMgr:805 - Attr not supported : Dmpu
2024-12-15 08:10:31,892 [ERROR] ConditionMgr:805 - Attr not supported : Dmpu
2024-12-15 08:10:31,892 [ERROR] ConditionMgr:805 - Attr not supported : Dmpu
2024-12-15 08:10:31,892 [ERROR] ConditionMgr:805 - Attr not supported : Dmpu
2024-12-15 08:10:31,892 [ERROR] ConditionMgr:805 - Attr not supported : Dmpu
2024-12-15 08:10:31,892 [ERROR] ConditionMgr:805 - Attr not supported : Dmpu
2024-12-15 08:10:31,892 [ERROR] ConditionMgr:805 - Attr not supported : Dmpu
2024-12-15 08:10:31,892 [ERROR] ConditionMgr:805 - Attr not supported : Dmpu
2024-12-15 08:10:31,892 [ERROR] ConditionMgr:805 - Attr not supported : Dmpu
2024-12-15 08:10:31,893 [ERROR] ConditionMgr:805 - Attr not supported : Dmpu
2024-12-15 08:10:31,914 [WARN] PackLoader:240 - Cannot read IP mode file for RealThread.X-CUBE-RT-Thread_Nano.4.1.1
2024-12-15 08:10:31,934 [WARN] PackLoader:240 - Cannot read IP mode file for STMicroelectronics.FP-ATR-SIGFOX1.3.2.0
2024-12-15 08:10:31,950 [WARN] PackLoader:240 - Cannot read IP mode file for wolfSSL.I-CUBE-wolfSSL.5.7.2
2024-12-15 08:10:31,971 [WARN] PackLoader:240 - Cannot read IP mode file for STMicroelectronics.X-CUBE-EEPRMA1.5.1.0
2024-12-15 08:10:31,993 [WARN] PackLoader:240 - Cannot read IP mode file for ITTIA_DB.I-CUBE-ITTIADB.8.9.0
2024-12-15 08:10:32,034 [WARN] PackLoader:240 - Cannot read IP mode file for SEGGER.I-CUBE-embOS.1.3.1
2024-12-15 08:10:32,085 [WARN] PackLoader:240 - Cannot read IP mode file for STMicroelectronics.X-CUBE-ALGOBUILD.1.4.0
2024-12-15 08:10:32,101 [WARN] PackLoader:240 - Cannot read IP mode file for STMicroelectronics.X-CUBE-GNSS1.6.0.0
2024-12-15 08:10:32,129 [WARN] PackLoader:240 - Cannot read IP mode file for STMicroelectronics.X-CUBE-AZRTOS-F4.1.1.0
2024-12-15 08:10:32,146 [WARN] PackLoader:240 - Cannot read IP mode file for STMicroelectronics.X-CUBE-ISPU.2.1.0
2024-12-15 08:10:32,160 [WARN] PackLoader:240 - Cannot read IP mode file for STMicroelectronics.X-CUBE-FREERTOS.1.2.0
2024-12-15 08:10:32,186 [WARN] PackLoader:240 - Cannot read IP mode file for STMicroelectronics.X-CUBE-AZRTOS-L5.2.0.0
2024-12-15 08:10:32,204 [WARN] PackLoader:240 - Cannot read IP mode file for STMicroelectronics.X-CUBE-NFC6.3.1.0
2024-12-15 08:10:32,219 [WARN] PackLoader:240 - Cannot read IP mode file for STMicroelectronics.X-CUBE-DPower.1.2.0
2024-12-15 08:10:32,234 [WARN] PackLoader:240 - Cannot read IP mode file for STMicroelectronics.X-CUBE-AI.9.0.0
2024-12-15 08:10:32,250 [WARN] PackLoader:240 - Cannot read IP mode file for STMicroelectronics.X-CUBE-NFC7.1.0.1
2024-12-15 08:10:32,265 [WARN] PackLoader:240 - Cannot read IP mode file for wolfSSL.I-CUBE-wolfTPM.3.2.0
2024-12-15 08:10:32,296 [WARN] ConditionMgr:438 - getConditionDescription Invalid condition id : LAN8742 Phy interface Condition cause : null
2024-12-15 08:10:32,297 [WARN] PackLoader:240 - Cannot read IP mode file for STMicroelectronics.X-CUBE-AZRTOS-L4.2.0.0
2024-12-15 08:10:32,298 [WARN] ConditionMgr:1039 - genDependencies : Invalid condition id : LAN8742 Phy interface Condition cause : null
2024-12-15 08:10:32,298 [WARN] ConditionMgr:1039 - genDependencies : Invalid condition id : LAN8742 Phy interface Condition cause : null
2024-12-15 08:10:32,298 [WARN] ConditionMgr:1039 - genDependencies : Invalid condition id : LAN8742 Phy interface Condition cause : null
2024-12-15 08:10:32,318 [WARN] PackLoader:240 - Cannot read IP mode file for STMicroelectronics.X-CUBE-SFXS2LP1.4.0.0
2024-12-15 08:10:32,348 [WARN] PackLoader:240 - Cannot read IP mode file for STMicroelectronics.X-CUBE-AZRTOS-H7.3.3.0
2024-12-15 08:10:32,374 [WARN] ConditionMgr:438 - getConditionDescription Invalid condition id : UX DEVICE CLASS RTOS Condition cause : null
2024-12-15 08:10:32,374 [WARN] ConditionMgr:438 - getConditionDescription Invalid condition id : UX DEVICE CLASS RTOS Condition cause : null
2024-12-15 08:10:32,375 [WARN] PackLoader:240 - Cannot read IP mode file for STMicroelectronics.X-CUBE-AZRTOS-WB.2.0.0
2024-12-15 08:10:32,376 [WARN] ConditionMgr:1039 - genDependencies : Invalid condition id : UX DEVICE CLASS RTOS Condition cause : null
2024-12-15 08:10:32,376 [WARN] ConditionMgr:1039 - genDependencies : Invalid condition id : UX DEVICE CLASS RTOS Condition cause : null
2024-12-15 08:10:32,376 [WARN] ConditionMgr:1039 - genDependencies : Invalid condition id : UX DEVICE CLASS RTOS Condition cause : null
2024-12-15 08:10:32,376 [WARN] ConditionMgr:1039 - genDependencies : Invalid condition id : UX DEVICE CLASS RTOS Condition cause : null
2024-12-15 08:10:32,376 [WARN] ConditionMgr:1039 - genDependencies : Invalid condition id : UX DEVICE CLASS RTOS Condition cause : null
2024-12-15 08:10:32,392 [WARN] PackLoader:240 - Cannot read IP mode file for STMicroelectronics.X-CUBE-GNSS1.7.0.0
2024-12-15 08:10:32,409 [WARN] PackLoader:240 - Cannot read IP mode file for STMicroelectronics.FP-SNS-STBOX1.2.0.0
2024-12-15 08:10:32,431 [WARN] PackLoader:240 - Cannot read IP mode file for STMicroelectronics.X-CUBE-SUBG2.5.0.0
2024-12-15 08:10:32,448 [WARN] PackLoader:240 - Cannot read IP mode file for Cesanta.I-CUBE-Mongoose.7.13.0
2024-12-15 08:10:32,475 [WARN] PackLoader:240 - Cannot read IP mode file for STMicroelectronics.X-CUBE-AZRTOS-G4.2.0.0
2024-12-15 08:10:32,490 [WARN] PackLoader:240 - Cannot read IP mode file for STMicroelectronics.X-CUBE-ISPU.2.0.0
2024-12-15 08:10:32,504 [WARN] PackLoader:240 - Cannot read IP mode file for STMicroelectronics.X-CUBE-ALS.1.0.2
2024-12-15 08:10:32,553 [WARN] PackLoader:240 - Cannot read IP mode file for STMicroelectronics.X-CUBE-MEMS1.10.0.0
2024-12-15 08:10:32,624 [WARN] PackLoader:240 - Cannot read IP mode file for STMicroelectronics.X-CUBE-TOUCHGFX.4.24.0
2024-12-15 08:10:32,637 [WARN] PackLoader:240 - Cannot read IP mode file for STMicroelectronics.X-CUBE-TOUCHGFX.4.24.1
2024-12-15 08:10:32,650 [WARN] PackLoader:240 - Cannot read IP mode file for wolfSSL.I-CUBE-wolfTPM.3.4.0
2024-12-15 08:10:32,664 [WARN] PackLoader:240 - Cannot read IP mode file for portGmbH.I-Cube-SoM-uGOAL.1.1.0
2024-12-15 08:10:32,691 [WARN] PackLoader:240 - Cannot read IP mode file for STMicroelectronics.X-CUBE-AZRTOS-H7RS.1.0.0
2024-12-15 08:10:32,706 [WARN] PackLoader:240 - Cannot read IP mode file for STMicroelectronics.FP-ATR-ASTRA1.2.0.0
2024-12-15 08:10:32,728 [WARN] PackLoader:240 - Cannot read IP mode file for STMicroelectronics.X-CUBE-TOF1.3.4.2
2024-12-15 08:10:32,764 [WARN] PackLoader:240 - Cannot read IP mode file for Infineon.AIROC-Wi-Fi-Bluetooth-STM32.1.6.1
2024-12-15 08:10:32,778 [WARN] PackLoader:240 - Cannot read IP mode file for wolfSSL.I-CUBE-wolfSSH.1.4.17
2024-12-15 08:10:32,778 [INFO] ThirdParty:978 - Integrity check success = true
2024-12-15 08:10:32,779 [INFO] IntegrityCheckThread:100 - exiting critical section [integrity check]
2024-12-15 08:10:32,779 [INFO] IntegrityCheckThread:103 - End integrity checks thread
2024-12-15 08:11:24,307 [INFO] McuFinderGlobals:63 - Set McuFinder mode to 2 (CubeIDE integrated)
2024-12-15 08:11:24,353 [INFO] MainUpdater:2873 - connection check result : 22
2024-12-15 08:11:40,206 [INFO] MainUpdater:2873 - connection check result : 22
2024-12-15 08:11:48,071 [INFO] ApiDb:581 - Connected to CubeFinder SQLite database (C:\Users\Tejas Sawant\.stmcufinder\plugins\mcufinder\mcu\cube-finder-db.db)
2024-12-15 08:11:48,190 [INFO] ApiDb:668 - CubeFinder database Data Model version=2.1
2024-12-15 08:11:48,191 [INFO] ApiDb:669 - CubeFinder database Configuration version=3.0.39
2024-12-15 08:11:48,191 [INFO] ApiDb:670 - CubeFinder database generation date=2024-08-06 (1722941618)
2024-12-15 08:11:48,191 [INFO] ApiDb:671 - CubeFinder database FW Pack versions=[FP-ATR-ASTRA1_V2.0.0, FP-SNS-FLIGHT1_V5.0.2, FP-SNS-MOTENV1_V5.0.0, FP-SNS-MOTENVWB1_V1.4.0, FP-SNS-SMARTAG2_V1.2.0, FP-SNS-STBOX1_V2.0.0, STM32Cube_FW_C0_V1.2.0, STM32Cube_FW_F4_V1.28.0, STM32Cube_FW_F7_V1.17.2, STM32Cube_FW_G0_V1.6.2, STM32Cube_FW_G4_V1.6.0, STM32Cube_FW_H5_V1.3.0, STM32Cube_FW_H7RS_V1.1.0, STM32Cube_FW_H7_V1.11.2, STM32Cube_FW_L0_V1.12.2, STM32Cube_FW_L5_V1.5.1, STM32Cube_FW_U0_V1.1.0, STM32Cube_FW_U5_V1.6.0, STM32Cube_FW_WB0_V1.0.0, STM32Cube_FW_WBA_V1.4.1, STM32Cube_FW_WB_V1.20.0, STM32Cube_FW_WL_V1.3.0, X-CUBE-ALGOBUILD_V1.4.0, X-CUBE-ALS_V1.0.2, X-CUBE-AZRTOS-F4_V1.1.0, X-CUBE-AZRTOS-F7_V1.1.0, X-CUBE-AZRTOS-G0_V1.1.0, X-CUBE-AZRTOS-G4_V2.0.0, X-CUBE-AZRTOS-H7RS_V1.0.0, X-CUBE-AZRTOS-H7_V3.2.0, X-CUBE-AZRTOS-L4_V2.0.0, X-CUBE-AZRTOS-L5_V1.1.0, X-CUBE-AZRTOS-WB_V2.0.0, X-CUBE-AZRTOS-WL_V2.0.0, X-CUBE-BLE1_V7.0.0, X-CUBE-BLE2_V3.3.0, X-CUBE-BLEMGR_V3.1.0, X-CUBE-EEPRMA1_V5.1.0, X-CUBE-FREERTOS_V1.2.0, X-CUBE-GNSS1_V6.0.0, X-CUBE-MEMS1_V10.0.0, X-CUBE-NFC4_V3.0.0, X-CUBE-NFC7_V1.0.1, X-CUBE-SFXS2LP1_V4.0.0, X-CUBE-SUBG2_V5.0.0, X-CUBE-TOF1_V3.4.2]
2024-12-15 08:11:48,362 [INFO] DbBoardsSqlite:226 - include board P-NUCLEO-WB55-NUCLEO as a kit item of type 'Nucleo-64'
2024-12-15 08:11:48,362 [INFO] DbBoardsSqlite:226 - include board P-NUCLEO-WB55-USBDONGLE as a kit item of type 'Nucleo USB Dongle'
2024-12-15 08:11:48,365 [INFO] DbBoardsSqlite:226 - include board STEVAL-IDP005V1 as a kit item of type 'Evaluation Board'
2024-12-15 08:11:48,365 [INFO] DbBoardsSqlite:226 - include board STEVAL-IDP005V2 as a kit item of type 'Evaluation Board'
2024-12-15 08:11:48,910 [INFO] ApiDb:240 - Found 646 in-development CPN: [B-G473E-ZEST1S, B-WB1M-WPAN1, B-WL5M-SUBG1, NUCLEO-C031C6, NUCLEO-C071RB, NUCLEO-H503RB, NUCLEO-H533RE, NUCLEO-H563ZI, NUCLEO-H7S3L8, NUCLEO-U031R8, NUCLEO-U083RC, NUCLEO-U545RE-Q, NUCLEO-U5A5ZJ-Q, NUCLEO-WB05KZ, NUCLEO-WB07CC, NUCLEO-WB09KE, NUCLEO-WBA52CG, NUCLEO-WBA55CG, STEVAL-PROTEUS1, STEVAL-SMARTAG2, STEVAL-STWINBX1, STM320518-EVAL, STM32C0116-DK, STM32C011D6Y3TR, STM32C011D6Y6TR, STM32C011F4P3, STM32C011F4P6, STM32C011F4U3, STM32C011F4U6TR, STM32C011F6P3, STM32C011F6P6, STM32C011F6U3, STM32C011F6U6TR, STM32C011J4M3, STM32C011J4M6, STM32C011J6M3, STM32C011J6M6, STM32C0316-DK, STM32C031C4T3, STM32C031C4T6, STM32C031C4U3, STM32C031C4U6, STM32C031C6T3, STM32C031C6T6, STM32C031C6U3, STM32C031C6U6, STM32C031F4P3, STM32C031F4P6, STM32C031F6P3, STM32C031F6P6, STM32C031G4U3, STM32C031G4U6, STM32C031G6U3, STM32C031G6U6, STM32C031K4T3, STM32C031K4T6, STM32C031K4U3, STM32C031K4U6, STM32C031K6T3, STM32C031K6T6, STM32C031K6U3, STM32C031K6U6, STM32C071C8T6, STM32C071C8T6N, STM32C071C8U6, STM32C071C8U6N, STM32C071CBT6, STM32C071CBT6N, STM32C071CBU6, STM32C071CBU6N, STM32C071F8P6, STM32C071F8P6N, STM32C071FBP6, STM32C071FBP6N, STM32C071FBY6TR, STM32C071G8U6, STM32C071G8U6N, STM32C071GBU6, STM32C071GBU6N, STM32C071K8T6, STM32C071K8T6N, STM32C071K8U6, STM32C071K8U6N, STM32C071KBT6, STM32C071KBT6N, STM32C071KBU6, STM32C071KBU6N, STM32C071R8T6, STM32C071R8T6N, STM32C071RBI6N, STM32C071RBT6, STM32C071RBT6N, STM32G071K8TXN, STM32G071K8UXN, STM32G081GBU6N, STM32G081KBT6N, STM32G081KBUXN, STM32G0B1CCT6N, STM32G0B1KCT6, STM32G0B1NEY6TR, STM32G0B1RCT6N, STM32G0C1CCT6, STM32G0C1CCT6N, STM32G0C1CCU6N, STM32G0C1CET6N, STM32G0C1CEU6N, STM32G0C1KCT6, STM32G0C1NEY6TR, STM32G0C1RCI6N, STM32G0C1RCT6N, STM32G0C1REI6N, STM32G0C1RET6N, STM32G0C1VCI6, STM32G0C1VEI6, STM32G411C6T3, STM32G411C6T6, STM32G411C6U3, STM32G411C6U6, STM32G411C8T3, STM32G411C8T6, STM32G411C8U3, STM32G411C8U6, STM32G411CBT3, STM32G411CBT6, STM32G411CBU3, STM32G411CBU6, STM32G411K6T3, STM32G411K6T6, STM32G411K6U3, STM32G411K6U6, STM32G411K8T3, STM32G411K8T6, STM32G411K8U3, STM32G411K8U6, STM32G411KBT3, STM32G411KBT6, STM32G411KBU3, STM32G411KBU6, STM32G411M6T3, STM32G411M6T6, STM32G411M8T3, STM32G411M8T6, STM32G411MBT3, STM32G411MBT6, STM32G411R6T3, STM32G411R6T6, STM32G411R8T3, STM32G411R8T6, STM32G411RBT3, STM32G411RBT6, STM32G414CBT3, STM32G414CBT6, STM32G414CBU3, STM32G414CBU6, STM32G414CCT3, STM32G414CCT6, STM32G414CCU3, STM32G414CCU6, STM32G414MBT3, STM32G414MBT6, STM32G414MCT3, STM32G414MCT6, STM32G414RBT3, STM32G414RBT6, STM32G414RCT3, STM32G414RCT6, STM32G414VBT3, STM32G414VBT6, STM32G414VCT3, STM32G414VCT6, STM32G431CBT3Z, STM32G431RBT3Z, STM32G471CCT6, STM32G471CCU6, STM32G471CET3, STM32G471CET6, STM32G471CEU3, STM32G471CEU6, STM32G471MCT6, STM32G471MET3, STM32G471MET6, STM32G471MEY6TR, STM32G471QCT6, STM32G471QET3, STM32G471RCT6, STM32G471RET3, STM32G471RET6, STM32G471VCH6, STM32G471VCI6, STM32G471VCT6, STM32G471VEH3, STM32G471VEH6, STM32G471VEI3, STM32G471VEI6, STM32G471VET3, STM32G471VET6, STM32G473QET3Z, STM32G473RET3Z, STM32G474CCT6, STM32G491RET3Z, STM32H503CBT6, STM32H503CBU6, STM32H503EBY6TR, STM32H503KBU6, STM32H503RBT6, STM32H523CCT6, STM32H523CCU6, STM32H523CET6, STM32H523CEU6, STM32H523HEY6TR, STM32H523RCT6, STM32H523RET6, STM32H523VCI6, STM32H523VCT6, STM32H523VEI6, STM32H523VET6, STM32H523ZCJ6, STM32H523ZCT6, STM32H523ZEJ6, STM32H523ZET6, STM32H533CET6, STM32H533CEU6, STM32H533HEY6TR, STM32H533RET6, STM32H533VEI6, STM32H533VET6, STM32H533ZEJ6, STM32H533ZET6, STM32H562AGI6, STM32H562AII6, STM32H562IGK6, STM32H562IGT6, STM32H562IIK6, STM32H562IIT6, STM32H562RGT6, STM32H562RGV6, STM32H562RIT6, STM32H562RIV6, STM32H562VGT6, STM32H562VIT6, STM32H562ZGT6, STM32H562ZIT6, STM32H563AGI6, STM32H563AII3Q, STM32H563AII6, STM32H563IGK6, STM32H563IGT6, STM32H563IIK3Q, STM32H563IIK6, STM32H563IIT3Q, STM32H563IIT6, STM32H563MIY3QTR, STM32H563RGT6, STM32H563RGV6, STM32H563RIT6, STM32H563RIV6, STM32H563VGT6, STM32H563VIT3Q, STM32H563VIT6, STM32H563ZGT6, STM32H563ZIT3Q, STM32H563ZIT6, STM32H573AII3Q, STM32H573AII6, STM32H573I-DK, STM32H573IIK3Q, STM32H573IIK6, STM32H573IIT3Q, STM32H573IIT6, STM32H573MIY3QTR, STM32H573RIT6, STM32H573RIV6, STM32H573VIT3Q, STM32H573VIT6, STM32H573ZIT3Q, STM32H573ZIT6, STM32H7R3A8I6, STM32H7R3I8K6, STM32H7R3I8T6, STM32H7R3L8H6, STM32H7R3L8H6H, STM32H7R3R8V6, STM32H7R3V8H6, STM32H7R3V8T6, STM32H7R3V8Y6TR, STM32H7R3Z8J6, STM32H7R3Z8T6, STM32H7R7A8I6, STM32H7R7I8K6, STM32H7R7I8T6, STM32H7R7L8H6, STM32H7R7L8H6H, STM32H7R7Z8J6, STM32H7S3A8I6, STM32H7S3I8K6, STM32H7S3I8T6, STM32H7S3L8H6, STM32H7S3L8H6H, STM32H7S3R8V6, STM32H7S3V8H6, STM32H7S3V8T6, STM32H7S3V8Y6TR, STM32H7S3Z8J6, STM32H7S3Z8T6, STM32H7S78-DK, STM32H7S7A8I6, STM32H7S7I8K6, STM32H7S7I8T6, STM32H7S7L8H6, STM32H7S7L8H6H, STM32H7S7Z8J6, STM32L4R5QGI6STR, STM32MP131AAE3, STM32MP131AAF3, STM32MP131AAG3, STM32MP131CAE3, STM32MP131CAF3, STM32MP131CAG3, STM32MP131DAE7, STM32MP131DAF7, STM32MP131DAG7, STM32MP131FAE7, STM32MP131FAF7, STM32MP131FAG7, STM32MP133AAE3, STM32MP133AAF3, STM32MP133AAG3, STM32MP133CAE3, STM32MP133CAF3, STM32MP133CAG3, STM32MP133DAE7, STM32MP133DAF7, STM32MP133DAG7, STM32MP133FAE7, STM32MP133FAF7, STM32MP133FAG7, STM32MP135AAE3, STM32MP135AAF3, STM32MP135AAG3, STM32MP135CAE3, STM32MP135CAF3, STM32MP135CAG3, STM32MP135DAE7, STM32MP135DAF7, STM32MP135DAG7, STM32MP135F-DK, STM32MP135FAE7, STM32MP135FAF7, STM32MP135FAF7T, STM32MP135FAF7U, STM32MP135FAG7, STM32MP251AAI3, STM32MP251AAK3, STM32MP251AAL3, STM32MP251CAI3, STM32MP251CAK3, STM32MP251CAL3, STM32MP251DAI3, STM32MP251DAK3, STM32MP251DAL3, STM32MP251FAI3, STM32MP251FAK3, STM32MP251FAL3, STM32MP253AAI3, STM32MP253AAK3, STM32MP253AAL3, STM32MP253CAI3, STM32MP253CAK3, STM32MP253CAL3, STM32MP253DAI3, STM32MP253DAK3, STM32MP253DAL3, STM32MP253FAI3, STM32MP253FAK3, STM32MP253FAL3, STM32MP255AAI3, STM32MP255AAK3, STM32MP255AAL3, STM32MP255CAI3, STM32MP255CAK3, STM32MP255CAL3, STM32MP255DAI3, STM32MP255DAK3, STM32MP255DAL3, STM32MP255FAI3, STM32MP255FAK3, STM32MP255FAL3, STM32MP257AAI3, STM32MP257AAK3, STM32MP257AAL3, STM32MP257CAI3, STM32MP257CAK3, STM32MP257CAL3, STM32MP257DAI3, STM32MP257DAK3, STM32MP257DAL3, STM32MP257F-DK, STM32MP257F-EV1, STM32MP257FAI3, STM32MP257FAK3, STM32MP257FAL3, STM32U031C6T6, STM32U031C6U6, STM32U031C8T6, STM32U031C8U6, STM32U031F4P6, STM32U031F6P6, STM32U031F8P6, STM32U031G6Y6TR, STM32U031G8Y6TR, STM32U031K4U6, STM32U031K6U6, STM32U031K8U6, STM32U031R6I6, STM32U031R6T6, STM32U031R8I6, STM32U031R8T6, STM32U073C8T6, STM32U073C8U6, STM32U073CBT6, STM32U073CBU6, STM32U073CCT6, STM32U073CCU6, STM32U073H8Y6TR, STM32U073HBY6TR, STM32U073HCY6TR, STM32U073K8U6, STM32U073KBU6, STM32U073KCU6, STM32U073M8I6, STM32U073M8T6, STM32U073MBI6, STM32U073MBT6, STM32U073MCI6, STM32U073MCT6, STM32U073R8I6, STM32U073R8T6, STM32U073RBI6, STM32U073RBT6, STM32U073RCI6, STM32U073RCT6, STM32U083C-DK, STM32U083CCT6, STM32U083CCU6, STM32U083HCY6TR, STM32U083KCU6, STM32U083MCI6, STM32U083MCT6, STM32U083RCI6, STM32U083RCT6, STM32U535CBT6, STM32U535CBT6Q, STM32U535CBU6, STM32U535CBU6Q, STM32U535CCT6, STM32U535CCT6Q, STM32U535CCU6, STM32U535CCU6Q, STM32U535CET6, STM32U535CET6Q, STM32U535CEU6, STM32U535CEU6Q, STM32U535JEY6QTR, STM32U535NCY6QTR, STM32U535NEY6QTR, STM32U535RBI6, STM32U535RBI6Q, STM32U535RBT6, STM32U535RBT6Q, STM32U535RCI6, STM32U535RCI6Q, STM32U535RCT6, STM32U535RCT6Q, STM32U535REI6, STM32U535REI6Q, STM32U535RET6, STM32U535RET6Q, STM32U535VCI6, STM32U535VCI6Q, STM32U535VCT6, STM32U535VCT6Q, STM32U535VEI6, STM32U535VEI6Q, STM32U535VET6, STM32U535VET6Q, STM32U545CET6, STM32U545CET6Q, STM32U545CEU6, STM32U545CEU6Q, STM32U545JEY6QTR, STM32U545NEY6QTR, STM32U545REI6, STM32U545REI6Q, STM32U545RET6, STM32U545RET6Q, STM32U545VEI6, STM32U545VEI6Q, STM32U545VET6, STM32U545VET6Q, STM32U595AIH6, STM32U595AIH6Q, STM32U595AJH6, STM32U595AJH6Q, STM32U595QII6, STM32U595QII6Q, STM32U595QJI6, STM32U595QJI6Q, STM32U595RIT6, STM32U595RIT6Q, STM32U595RJT6, STM32U595RJT6Q, STM32U595VIT6, STM32U595VIT6Q, STM32U595VJT6, STM32U595VJT6Q, STM32U595ZIT6, STM32U595ZIT6Q, STM32U595ZIY6QTR, STM32U595ZJT6, STM32U595ZJT6Q, STM32U595ZJY6QTR, STM32U599BJY6QTR, STM32U599NIH6Q, STM32U599NJH6Q, STM32U599VIT6Q, STM32U599VJT6, STM32U599VJT6Q, STM32U599ZIT6Q, STM32U599ZIY6QTR, STM32U599ZJT6Q, STM32U599ZJY6QTR, STM32U5A5AJH6, STM32U5A5AJH6Q, STM32U5A5QII3Q , STM32U5A5QJI6, STM32U5A5QJI6Q, STM32U5A5RJT6, STM32U5A5RJT6Q, STM32U5A5VJT6, STM32U5A5VJT6Q, STM32U5A5ZJT6, STM32U5A5ZJT6Q, STM32U5A5ZJY6QTR, STM32U5A9BJY6QTR, STM32U5A9J-DK, STM32U5A9NJH6Q, STM32U5A9VJT6Q, STM32U5A9ZJT6Q, STM32U5A9ZJY6QTR, STM32U5F7VIT6, STM32U5F7VIT6Q, STM32U5F7VJT6, STM32U5F7VJT6Q, STM32U5F9BJY6QTR, STM32U5F9NJH6Q, STM32U5F9VIT6Q, STM32U5F9VJT6Q, STM32U5F9ZIJ6QTR, STM32U5F9ZIT6Q, STM32U5F9ZJJ6QTR, STM32U5F9ZJT6Q, STM32U5G7VJT6, STM32U5G7VJT6Q, STM32U5G9BJY6QTR, STM32U5G9J-DK1, STM32U5G9J-DK2, STM32U5G9NJH6Q, STM32U5G9VJT6Q, STM32U5G9ZJJ6QTR, STM32U5G9ZJT6Q, STM32WB05KZV6TR, STM32WB05KZV7TR, STM32WB05TZF6TR, STM32WB05TZF7TR, STM32WB06CCF6TR, STM32WB06CCF7TR, STM32WB06CCV6TR, STM32WB06CCV7TR, STM32WB06KCV6TR, STM32WB06KCV7TR, STM32WB07CCF6TR, STM32WB07CCF7TR, STM32WB07CCV6TR, STM32WB07CCV7TR, STM32WB07KCV6TR, STM32WB07KCV7TR, STM32WB09KEV6TR, STM32WB09KEV7TR, STM32WB09TEF6TR, STM32WB09TEF7TR, STM32WB1MMCH6, STM32WBA50KGU6, STM32WBA50KGU6TR, STM32WBA52CEU6, STM32WBA52CEU6TR, STM32WBA52CEU7, STM32WBA52CEU7TR, STM32WBA52CGU6, STM32WBA52CGU6TR, STM32WBA52CGU6U, STM32WBA52CGU7, STM32WBA52CGU7TR, STM32WBA52KEU6, STM32WBA52KEU6TR, STM32WBA52KGU6, STM32WBA52KGU6TR, STM32WBA54CEU6, STM32WBA54CEU6TR, STM32WBA54CEU7, STM32WBA54CEU7TR, STM32WBA54CGU6, STM32WBA54CGU6TR, STM32WBA54CGU7, STM32WBA54CGU7TR, STM32WBA54KEU6, STM32WBA54KEU6TR, STM32WBA54KEU7, STM32WBA54KEU7TR, STM32WBA54KGU6, STM32WBA54KGU6TR, STM32WBA54KGU7, STM32WBA54KGU7TR, STM32WBA55CEU6, STM32WBA55CEU6TR, STM32WBA55CEU7, STM32WBA55CEU7TR, STM32WBA55CGU6, STM32WBA55CGU6TR, STM32WBA55CGU6U, STM32WBA55CGU7, STM32WBA55CGU7TR, STM32WBA55G-DK1, STM32WBA55HEF6, STM32WBA55HEF7, STM32WBA55HGF6, STM32WBA55HGF7, STM32WBA55UEI6, STM32WBA55UEI6TR, STM32WBA55UEI7, STM32WBA55UEI7TR, STM32WBA55UGI6, STM32WBA55UGI6TR, STM32WBA55UGI7, STM32WBA55UGI7TR, STM32WL5MOCH6, STM32WL5MOCH6TR]
2024-12-15 08:11:49,144 [INFO] BoardInfo:889 - No configuration file found for board P-NUCLEO-WB55
2024-12-15 08:11:49,145 [INFO] DbBoards:161 - Kit is not supported: P-NUCLEO-WB55
2024-12-15 08:11:49,154 [INFO] BoardInfo:889 - No configuration file found for board STEVAL-BFA001V1B
2024-12-15 08:11:49,154 [INFO] DbBoards:161 - Kit is not supported: STEVAL-BFA001V1B
2024-12-15 08:11:49,156 [INFO] BoardInfo:889 - No configuration file found for board STEVAL-BFA001V2B
2024-12-15 08:11:49,157 [INFO] DbBoards:161 - Kit is not supported: STEVAL-BFA001V2B
2024-12-15 08:11:49,375 [INFO] DbBoards:168 - Found 201 boards, 198 are supported
2024-12-15 08:11:49,375 [INFO] DbBoards:169 - Found 201 boards, 25 of them is supported for  Bsp
2024-12-15 08:11:49,379 [INFO] ApiDb:668 - CubeFinder database Data Model version=2.1
2024-12-15 08:11:49,379 [INFO] ApiDb:669 - CubeFinder database Configuration version=3.0.39
2024-12-15 08:11:49,379 [INFO] ApiDb:670 - CubeFinder database generation date=2024-08-06 (1722941618)
2024-12-15 08:11:49,379 [INFO] ApiDb:671 - CubeFinder database FW Pack versions=[FP-ATR-ASTRA1_V2.0.0, FP-SNS-FLIGHT1_V5.0.2, FP-SNS-MOTENV1_V5.0.0, FP-SNS-MOTENVWB1_V1.4.0, FP-SNS-SMARTAG2_V1.2.0, FP-SNS-STBOX1_V2.0.0, STM32Cube_FW_C0_V1.2.0, STM32Cube_FW_F4_V1.28.0, STM32Cube_FW_F7_V1.17.2, STM32Cube_FW_G0_V1.6.2, STM32Cube_FW_G4_V1.6.0, STM32Cube_FW_H5_V1.3.0, STM32Cube_FW_H7RS_V1.1.0, STM32Cube_FW_H7_V1.11.2, STM32Cube_FW_L0_V1.12.2, STM32Cube_FW_L5_V1.5.1, STM32Cube_FW_U0_V1.1.0, STM32Cube_FW_U5_V1.6.0, STM32Cube_FW_WB0_V1.0.0, STM32Cube_FW_WBA_V1.4.1, STM32Cube_FW_WB_V1.20.0, STM32Cube_FW_WL_V1.3.0, X-CUBE-ALGOBUILD_V1.4.0, X-CUBE-ALS_V1.0.2, X-CUBE-AZRTOS-F4_V1.1.0, X-CUBE-AZRTOS-F7_V1.1.0, X-CUBE-AZRTOS-G0_V1.1.0, X-CUBE-AZRTOS-G4_V2.0.0, X-CUBE-AZRTOS-H7RS_V1.0.0, X-CUBE-AZRTOS-H7_V3.2.0, X-CUBE-AZRTOS-L4_V2.0.0, X-CUBE-AZRTOS-L5_V1.1.0, X-CUBE-AZRTOS-WB_V2.0.0, X-CUBE-AZRTOS-WL_V2.0.0, X-CUBE-BLE1_V7.0.0, X-CUBE-BLE2_V3.3.0, X-CUBE-BLEMGR_V3.1.0, X-CUBE-EEPRMA1_V5.1.0, X-CUBE-FREERTOS_V1.2.0, X-CUBE-GNSS1_V6.0.0, X-CUBE-MEMS1_V10.0.0, X-CUBE-NFC4_V3.0.0, X-CUBE-NFC7_V1.0.1, X-CUBE-SFXS2LP1_V4.0.0, X-CUBE-SUBG2_V5.0.0, X-CUBE-TOF1_V3.4.2]
2024-12-15 08:11:52,129 [INFO] ApiDb:240 - Found 646 in-development CPN: [B-G473E-ZEST1S, B-WB1M-WPAN1, B-WL5M-SUBG1, NUCLEO-C031C6, NUCLEO-C071RB, NUCLEO-H503RB, NUCLEO-H533RE, NUCLEO-H563ZI, NUCLEO-H7S3L8, NUCLEO-U031R8, NUCLEO-U083RC, NUCLEO-U545RE-Q, NUCLEO-U5A5ZJ-Q, NUCLEO-WB05KZ, NUCLEO-WB07CC, NUCLEO-WB09KE, NUCLEO-WBA52CG, NUCLEO-WBA55CG, STEVAL-PROTEUS1, STEVAL-SMARTAG2, STEVAL-STWINBX1, STM320518-EVAL, STM32C0116-DK, STM32C011D6Y3TR, STM32C011D6Y6TR, STM32C011F4P3, STM32C011F4P6, STM32C011F4U3, STM32C011F4U6TR, STM32C011F6P3, STM32C011F6P6, STM32C011F6U3, STM32C011F6U6TR, STM32C011J4M3, STM32C011J4M6, STM32C011J6M3, STM32C011J6M6, STM32C0316-DK, STM32C031C4T3, STM32C031C4T6, STM32C031C4U3, STM32C031C4U6, STM32C031C6T3, STM32C031C6T6, STM32C031C6U3, STM32C031C6U6, STM32C031F4P3, STM32C031F4P6, STM32C031F6P3, STM32C031F6P6, STM32C031G4U3, STM32C031G4U6, STM32C031G6U3, STM32C031G6U6, STM32C031K4T3, STM32C031K4T6, STM32C031K4U3, STM32C031K4U6, STM32C031K6T3, STM32C031K6T6, STM32C031K6U3, STM32C031K6U6, STM32C071C8T6, STM32C071C8T6N, STM32C071C8U6, STM32C071C8U6N, STM32C071CBT6, STM32C071CBT6N, STM32C071CBU6, STM32C071CBU6N, STM32C071F8P6, STM32C071F8P6N, STM32C071FBP6, STM32C071FBP6N, STM32C071FBY6TR, STM32C071G8U6, STM32C071G8U6N, STM32C071GBU6, STM32C071GBU6N, STM32C071K8T6, STM32C071K8T6N, STM32C071K8U6, STM32C071K8U6N, STM32C071KBT6, STM32C071KBT6N, STM32C071KBU6, STM32C071KBU6N, STM32C071R8T6, STM32C071R8T6N, STM32C071RBI6N, STM32C071RBT6, STM32C071RBT6N, STM32G071K8TXN, STM32G071K8UXN, STM32G081GBU6N, STM32G081KBT6N, STM32G081KBUXN, STM32G0B1CCT6N, STM32G0B1KCT6, STM32G0B1NEY6TR, STM32G0B1RCT6N, STM32G0C1CCT6, STM32G0C1CCT6N, STM32G0C1CCU6N, STM32G0C1CET6N, STM32G0C1CEU6N, STM32G0C1KCT6, STM32G0C1NEY6TR, STM32G0C1RCI6N, STM32G0C1RCT6N, STM32G0C1REI6N, STM32G0C1RET6N, STM32G0C1VCI6, STM32G0C1VEI6, STM32G411C6T3, STM32G411C6T6, STM32G411C6U3, STM32G411C6U6, STM32G411C8T3, STM32G411C8T6, STM32G411C8U3, STM32G411C8U6, STM32G411CBT3, STM32G411CBT6, STM32G411CBU3, STM32G411CBU6, STM32G411K6T3, STM32G411K6T6, STM32G411K6U3, STM32G411K6U6, STM32G411K8T3, STM32G411K8T6, STM32G411K8U3, STM32G411K8U6, STM32G411KBT3, STM32G411KBT6, STM32G411KBU3, STM32G411KBU6, STM32G411M6T3, STM32G411M6T6, STM32G411M8T3, STM32G411M8T6, STM32G411MBT3, STM32G411MBT6, STM32G411R6T3, STM32G411R6T6, STM32G411R8T3, STM32G411R8T6, STM32G411RBT3, STM32G411RBT6, STM32G414CBT3, STM32G414CBT6, STM32G414CBU3, STM32G414CBU6, STM32G414CCT3, STM32G414CCT6, STM32G414CCU3, STM32G414CCU6, STM32G414MBT3, STM32G414MBT6, STM32G414MCT3, STM32G414MCT6, STM32G414RBT3, STM32G414RBT6, STM32G414RCT3, STM32G414RCT6, STM32G414VBT3, STM32G414VBT6, STM32G414VCT3, STM32G414VCT6, STM32G431CBT3Z, STM32G431RBT3Z, STM32G471CCT6, STM32G471CCU6, STM32G471CET3, STM32G471CET6, STM32G471CEU3, STM32G471CEU6, STM32G471MCT6, STM32G471MET3, STM32G471MET6, STM32G471MEY6TR, STM32G471QCT6, STM32G471QET3, STM32G471RCT6, STM32G471RET3, STM32G471RET6, STM32G471VCH6, STM32G471VCI6, STM32G471VCT6, STM32G471VEH3, STM32G471VEH6, STM32G471VEI3, STM32G471VEI6, STM32G471VET3, STM32G471VET6, STM32G473QET3Z, STM32G473RET3Z, STM32G474CCT6, STM32G491RET3Z, STM32H503CBT6, STM32H503CBU6, STM32H503EBY6TR, STM32H503KBU6, STM32H503RBT6, STM32H523CCT6, STM32H523CCU6, STM32H523CET6, STM32H523CEU6, STM32H523HEY6TR, STM32H523RCT6, STM32H523RET6, STM32H523VCI6, STM32H523VCT6, STM32H523VEI6, STM32H523VET6, STM32H523ZCJ6, STM32H523ZCT6, STM32H523ZEJ6, STM32H523ZET6, STM32H533CET6, STM32H533CEU6, STM32H533HEY6TR, STM32H533RET6, STM32H533VEI6, STM32H533VET6, STM32H533ZEJ6, STM32H533ZET6, STM32H562AGI6, STM32H562AII6, STM32H562IGK6, STM32H562IGT6, STM32H562IIK6, STM32H562IIT6, STM32H562RGT6, STM32H562RGV6, STM32H562RIT6, STM32H562RIV6, STM32H562VGT6, STM32H562VIT6, STM32H562ZGT6, STM32H562ZIT6, STM32H563AGI6, STM32H563AII3Q, STM32H563AII6, STM32H563IGK6, STM32H563IGT6, STM32H563IIK3Q, STM32H563IIK6, STM32H563IIT3Q, STM32H563IIT6, STM32H563MIY3QTR, STM32H563RGT6, STM32H563RGV6, STM32H563RIT6, STM32H563RIV6, STM32H563VGT6, STM32H563VIT3Q, STM32H563VIT6, STM32H563ZGT6, STM32H563ZIT3Q, STM32H563ZIT6, STM32H573AII3Q, STM32H573AII6, STM32H573I-DK, STM32H573IIK3Q, STM32H573IIK6, STM32H573IIT3Q, STM32H573IIT6, STM32H573MIY3QTR, STM32H573RIT6, STM32H573RIV6, STM32H573VIT3Q, STM32H573VIT6, STM32H573ZIT3Q, STM32H573ZIT6, STM32H7R3A8I6, STM32H7R3I8K6, STM32H7R3I8T6, STM32H7R3L8H6, STM32H7R3L8H6H, STM32H7R3R8V6, STM32H7R3V8H6, STM32H7R3V8T6, STM32H7R3V8Y6TR, STM32H7R3Z8J6, STM32H7R3Z8T6, STM32H7R7A8I6, STM32H7R7I8K6, STM32H7R7I8T6, STM32H7R7L8H6, STM32H7R7L8H6H, STM32H7R7Z8J6, STM32H7S3A8I6, STM32H7S3I8K6, STM32H7S3I8T6, STM32H7S3L8H6, STM32H7S3L8H6H, STM32H7S3R8V6, STM32H7S3V8H6, STM32H7S3V8T6, STM32H7S3V8Y6TR, STM32H7S3Z8J6, STM32H7S3Z8T6, STM32H7S78-DK, STM32H7S7A8I6, STM32H7S7I8K6, STM32H7S7I8T6, STM32H7S7L8H6, STM32H7S7L8H6H, STM32H7S7Z8J6, STM32L4R5QGI6STR, STM32MP131AAE3, STM32MP131AAF3, STM32MP131AAG3, STM32MP131CAE3, STM32MP131CAF3, STM32MP131CAG3, STM32MP131DAE7, STM32MP131DAF7, STM32MP131DAG7, STM32MP131FAE7, STM32MP131FAF7, STM32MP131FAG7, STM32MP133AAE3, STM32MP133AAF3, STM32MP133AAG3, STM32MP133CAE3, STM32MP133CAF3, STM32MP133CAG3, STM32MP133DAE7, STM32MP133DAF7, STM32MP133DAG7, STM32MP133FAE7, STM32MP133FAF7, STM32MP133FAG7, STM32MP135AAE3, STM32MP135AAF3, STM32MP135AAG3, STM32MP135CAE3, STM32MP135CAF3, STM32MP135CAG3, STM32MP135DAE7, STM32MP135DAF7, STM32MP135DAG7, STM32MP135F-DK, STM32MP135FAE7, STM32MP135FAF7, STM32MP135FAF7T, STM32MP135FAF7U, STM32MP135FAG7, STM32MP251AAI3, STM32MP251AAK3, STM32MP251AAL3, STM32MP251CAI3, STM32MP251CAK3, STM32MP251CAL3, STM32MP251DAI3, STM32MP251DAK3, STM32MP251DAL3, STM32MP251FAI3, STM32MP251FAK3, STM32MP251FAL3, STM32MP253AAI3, STM32MP253AAK3, STM32MP253AAL3, STM32MP253CAI3, STM32MP253CAK3, STM32MP253CAL3, STM32MP253DAI3, STM32MP253DAK3, STM32MP253DAL3, STM32MP253FAI3, STM32MP253FAK3, STM32MP253FAL3, STM32MP255AAI3, STM32MP255AAK3, STM32MP255AAL3, STM32MP255CAI3, STM32MP255CAK3, STM32MP255CAL3, STM32MP255DAI3, STM32MP255DAK3, STM32MP255DAL3, STM32MP255FAI3, STM32MP255FAK3, STM32MP255FAL3, STM32MP257AAI3, STM32MP257AAK3, STM32MP257AAL3, STM32MP257CAI3, STM32MP257CAK3, STM32MP257CAL3, STM32MP257DAI3, STM32MP257DAK3, STM32MP257DAL3, STM32MP257F-DK, STM32MP257F-EV1, STM32MP257FAI3, STM32MP257FAK3, STM32MP257FAL3, STM32U031C6T6, STM32U031C6U6, STM32U031C8T6, STM32U031C8U6, STM32U031F4P6, STM32U031F6P6, STM32U031F8P6, STM32U031G6Y6TR, STM32U031G8Y6TR, STM32U031K4U6, STM32U031K6U6, STM32U031K8U6, STM32U031R6I6, STM32U031R6T6, STM32U031R8I6, STM32U031R8T6, STM32U073C8T6, STM32U073C8U6, STM32U073CBT6, STM32U073CBU6, STM32U073CCT6, STM32U073CCU6, STM32U073H8Y6TR, STM32U073HBY6TR, STM32U073HCY6TR, STM32U073K8U6, STM32U073KBU6, STM32U073KCU6, STM32U073M8I6, STM32U073M8T6, STM32U073MBI6, STM32U073MBT6, STM32U073MCI6, STM32U073MCT6, STM32U073R8I6, STM32U073R8T6, STM32U073RBI6, STM32U073RBT6, STM32U073RCI6, STM32U073RCT6, STM32U083C-DK, STM32U083CCT6, STM32U083CCU6, STM32U083HCY6TR, STM32U083KCU6, STM32U083MCI6, STM32U083MCT6, STM32U083RCI6, STM32U083RCT6, STM32U535CBT6, STM32U535CBT6Q, STM32U535CBU6, STM32U535CBU6Q, STM32U535CCT6, STM32U535CCT6Q, STM32U535CCU6, STM32U535CCU6Q, STM32U535CET6, STM32U535CET6Q, STM32U535CEU6, STM32U535CEU6Q, STM32U535JEY6QTR, STM32U535NCY6QTR, STM32U535NEY6QTR, STM32U535RBI6, STM32U535RBI6Q, STM32U535RBT6, STM32U535RBT6Q, STM32U535RCI6, STM32U535RCI6Q, STM32U535RCT6, STM32U535RCT6Q, STM32U535REI6, STM32U535REI6Q, STM32U535RET6, STM32U535RET6Q, STM32U535VCI6, STM32U535VCI6Q, STM32U535VCT6, STM32U535VCT6Q, STM32U535VEI6, STM32U535VEI6Q, STM32U535VET6, STM32U535VET6Q, STM32U545CET6, STM32U545CET6Q, STM32U545CEU6, STM32U545CEU6Q, STM32U545JEY6QTR, STM32U545NEY6QTR, STM32U545REI6, STM32U545REI6Q, STM32U545RET6, STM32U545RET6Q, STM32U545VEI6, STM32U545VEI6Q, STM32U545VET6, STM32U545VET6Q, STM32U595AIH6, STM32U595AIH6Q, STM32U595AJH6, STM32U595AJH6Q, STM32U595QII6, STM32U595QII6Q, STM32U595QJI6, STM32U595QJI6Q, STM32U595RIT6, STM32U595RIT6Q, STM32U595RJT6, STM32U595RJT6Q, STM32U595VIT6, STM32U595VIT6Q, STM32U595VJT6, STM32U595VJT6Q, STM32U595ZIT6, STM32U595ZIT6Q, STM32U595ZIY6QTR, STM32U595ZJT6, STM32U595ZJT6Q, STM32U595ZJY6QTR, STM32U599BJY6QTR, STM32U599NIH6Q, STM32U599NJH6Q, STM32U599VIT6Q, STM32U599VJT6, STM32U599VJT6Q, STM32U599ZIT6Q, STM32U599ZIY6QTR, STM32U599ZJT6Q, STM32U599ZJY6QTR, STM32U5A5AJH6, STM32U5A5AJH6Q, STM32U5A5QII3Q , STM32U5A5QJI6, STM32U5A5QJI6Q, STM32U5A5RJT6, STM32U5A5RJT6Q, STM32U5A5VJT6, STM32U5A5VJT6Q, STM32U5A5ZJT6, STM32U5A5ZJT6Q, STM32U5A5ZJY6QTR, STM32U5A9BJY6QTR, STM32U5A9J-DK, STM32U5A9NJH6Q, STM32U5A9VJT6Q, STM32U5A9ZJT6Q, STM32U5A9ZJY6QTR, STM32U5F7VIT6, STM32U5F7VIT6Q, STM32U5F7VJT6, STM32U5F7VJT6Q, STM32U5F9BJY6QTR, STM32U5F9NJH6Q, STM32U5F9VIT6Q, STM32U5F9VJT6Q, STM32U5F9ZIJ6QTR, STM32U5F9ZIT6Q, STM32U5F9ZJJ6QTR, STM32U5F9ZJT6Q, STM32U5G7VJT6, STM32U5G7VJT6Q, STM32U5G9BJY6QTR, STM32U5G9J-DK1, STM32U5G9J-DK2, STM32U5G9NJH6Q, STM32U5G9VJT6Q, STM32U5G9ZJJ6QTR, STM32U5G9ZJT6Q, STM32WB05KZV6TR, STM32WB05KZV7TR, STM32WB05TZF6TR, STM32WB05TZF7TR, STM32WB06CCF6TR, STM32WB06CCF7TR, STM32WB06CCV6TR, STM32WB06CCV7TR, STM32WB06KCV6TR, STM32WB06KCV7TR, STM32WB07CCF6TR, STM32WB07CCF7TR, STM32WB07CCV6TR, STM32WB07CCV7TR, STM32WB07KCV6TR, STM32WB07KCV7TR, STM32WB09KEV6TR, STM32WB09KEV7TR, STM32WB09TEF6TR, STM32WB09TEF7TR, STM32WB1MMCH6, STM32WBA50KGU6, STM32WBA50KGU6TR, STM32WBA52CEU6, STM32WBA52CEU6TR, STM32WBA52CEU7, STM32WBA52CEU7TR, STM32WBA52CGU6, STM32WBA52CGU6TR, STM32WBA52CGU6U, STM32WBA52CGU7, STM32WBA52CGU7TR, STM32WBA52KEU6, STM32WBA52KEU6TR, STM32WBA52KGU6, STM32WBA52KGU6TR, STM32WBA54CEU6, STM32WBA54CEU6TR, STM32WBA54CEU7, STM32WBA54CEU7TR, STM32WBA54CGU6, STM32WBA54CGU6TR, STM32WBA54CGU7, STM32WBA54CGU7TR, STM32WBA54KEU6, STM32WBA54KEU6TR, STM32WBA54KEU7, STM32WBA54KEU7TR, STM32WBA54KGU6, STM32WBA54KGU6TR, STM32WBA54KGU7, STM32WBA54KGU7TR, STM32WBA55CEU6, STM32WBA55CEU6TR, STM32WBA55CEU7, STM32WBA55CEU7TR, STM32WBA55CGU6, STM32WBA55CGU6TR, STM32WBA55CGU6U, STM32WBA55CGU7, STM32WBA55CGU7TR, STM32WBA55G-DK1, STM32WBA55HEF6, STM32WBA55HEF7, STM32WBA55HGF6, STM32WBA55HGF7, STM32WBA55UEI6, STM32WBA55UEI6TR, STM32WBA55UEI7, STM32WBA55UEI7TR, STM32WBA55UGI6, STM32WBA55UGI6TR, STM32WBA55UGI7, STM32WBA55UGI7TR, STM32WL5MOCH6, STM32WL5MOCH6TR]
2024-12-15 08:11:52,138 [INFO] DbMcus:218 - Found 4251 MCUs, 4251 are supported
2024-12-15 08:11:52,140 [INFO] ApiDb:423 - Load user favorites file C:\Users\Tejas Sawant/.stm32cubeide/favorites.mcus.txt: 0 item(s)
2024-12-15 08:11:52,140 [INFO] ApiDb:427 - User favorites MCUs=[]
2024-12-15 08:11:52,140 [INFO] DbMcus:224 - Set 0 / 0 favorites MCUs
2024-12-15 08:11:52,574 [INFO] ApiDb:423 - Load user favorites file C:\Users\Tejas Sawant/.stm32cubeide/favorites.boards.txt: 0 item(s)
2024-12-15 08:11:52,574 [INFO] ApiDb:427 - User favorites Boards=[]
2024-12-15 08:11:52,575 [INFO] DbBoards:198 - Set 0 / 0 favorites Boards
2024-12-15 08:11:52,575 [INFO] McuFinderGlobals:76 - Set McuFinderConnectedMode to false
2024-12-15 08:11:52,582 [INFO] MultiScanPanel:200 - Auto-refresh data requested => check proxy status ongoing
2024-12-15 08:11:52,582 [INFO] MultiScanPanel:204 - Proxy status is invalid
2024-12-15 08:11:52,587 [INFO] FinderPluginLoader:95 - Searching for filters in installed packs
2024-12-15 08:11:54,231 [INFO] DetailPanel:341 - Set advertising image to C:/Users/Tejas Sawant/STM32Cube/Repository/\en.prom-stm32h7rs-mcu-finder.jpg
2024-12-15 08:12:41,363 [INFO] MultiScanPanel:200 - Auto-refresh data requested => check proxy status ongoing
2024-12-15 08:12:41,364 [INFO] MultiScanPanel:204 - Proxy status is invalid
2024-12-15 08:12:41,504 [INFO] DetailPanel:341 - Set advertising image to C:/Users/Tejas Sawant/STM32Cube/Repository/\en.prom-stm32h7rs-mcu-finder.jpg
2024-12-15 08:12:41,518 [INFO] DbBoards:642 - Loading board mini-images...
2024-12-15 08:12:41,655 [ERROR] DbBoards:659 - Image file not found for board NUCLEO-C071RB: C:\Users\Tejas Sawant\.stmcufinder\plugins\mcufinder//mcu//boards_images/NUCLEO-C071RB.jpg
2024-12-15 08:12:42,607 [ERROR] DbBoards:659 - Image file not found for board NUCLEO-WB05KZ: C:\Users\Tejas Sawant\.stmcufinder\plugins\mcufinder//mcu//boards_images/NUCLEO-WB05KZ.jpg
2024-12-15 08:12:44,136 [INFO] DbBoards:665 - Loaded 199 board mini-images
2024-12-15 08:13:45,832 [INFO] McuFinderGlobals:76 - Set McuFinderConnectedMode to true
2024-12-15 08:13:45,836 [INFO] ApiDb:448 - Save user favorites file C:\Users\Tejas Sawant/.stm32cubeide/favorites.mcus.txt: 0 item(s)
2024-12-15 08:13:45,836 [INFO] ApiDb:452 - User favorites MCUs=[]
2024-12-15 08:13:45,839 [INFO] ApiDb:448 - Save user favorites file C:\Users\Tejas Sawant/.stm32cubeide/favorites.boards.txt: 0 item(s)
2024-12-15 08:13:45,839 [INFO] ApiDb:452 - User favorites Boards=[]
2024-12-15 08:23:44,415 [ERROR] LogOutputStream:75 - [STDERR_REDIRECT] 
2024-12-15 16:59:12,189 [INFO] Activator:176 - 


2024-12-15 16:59:12,191 [INFO] Activator:177 - !SESSION log4j initialized
2024-12-15 16:59:17,582 [INFO] LogOutputStream:77 - [STDOUT_REDIRECT] 
2024-12-15 16:59:19,250 [INFO] ApplicationProperties:184 - Using Application install path: C:\ST\STM32CubeIDE_1.15.1\STM32CubeIDE\plugins\com.st.stm32cube.common.mx_6.12.0.202406281431
2024-12-15 16:59:19,270 [INFO] DbMcusXml:78 - Set database path to: C:\ST\STM32CubeIDE_1.15.1\STM32CubeIDE\plugins\com.st.stm32cube.common.mx_6.12.0.202406281431\\db\/mcu/
2024-12-15 16:59:19,271 [INFO] ApiDb:274 - Set plugin database path to: C:\ST\STM32CubeIDE_1.15.1\STM32CubeIDE\plugins\com.st.stm32cube.common.mx_6.12.0.202406281431\\db\/plugins/boardmanager/
2024-12-15 16:59:19,271 [WARN] ApiDb:259 - Overriding images path with different value:  => C:\ST\STM32CubeIDE_1.15.1\STM32CubeIDE\plugins\com.st.stm32cube.common.mx_6.12.0.202406281431\\db\/plugins/mcufinder/images/
2024-12-15 16:59:19,282 [INFO] ApiDb:250 - Set database path to: C:\Users\Tejas Sawant\.stmcufinder\plugins\mcufinder//mcu/
2024-12-15 16:59:19,283 [INFO] DbMcusAds:125 - Set database path to: C:\Users\Tejas Sawant\.stmcufinder\plugins\mcufinder//mcu/
2024-12-15 16:59:19,286 [INFO] CrossReferenceDbSqlite:203 - Set database path to: C:\Users\Tejas Sawant\.stmcufinder\plugins\mcufinder//mcu/cs/
2024-12-15 16:59:19,407 [INFO] RulesReader:64 - Compatibility file has been processed (297 Rules)
2024-12-15 16:59:19,500 [INFO] DbMcusXml:78 - Set database path to: C:\ST\STM32CubeIDE_1.15.1\STM32CubeIDE\plugins\com.st.stm32cube.common.mx_6.12.0.202406281431\\db\/mcu/
2024-12-15 16:59:19,500 [INFO] ApiDb:274 - Set plugin database path to: C:\ST\STM32CubeIDE_1.15.1\STM32CubeIDE\plugins\com.st.stm32cube.common.mx_6.12.0.202406281431\\db\/plugins/boardmanager/
2024-12-15 16:59:19,500 [INFO] ApiDb:261 - Set plugin images path to: C:\ST\STM32CubeIDE_1.15.1\STM32CubeIDE\plugins\com.st.stm32cube.common.mx_6.12.0.202406281431\\db\/plugins/mcufinder/images/
2024-12-15 16:59:19,501 [WARN] DbFile:41 - Overriding database path with different value: C:\Users\Tejas Sawant\.stmcufinder\plugins\mcufinder/ => C:\Users\Tejas Sawant\.stmcufinder\plugins\mcufinder
2024-12-15 16:59:19,501 [INFO] ApiDb:250 - Set database path to: C:\Users\Tejas Sawant\.stmcufinder\plugins\mcufinder//mcu/
2024-12-15 16:59:19,501 [WARN] DbFile:41 - Overriding database path with different value: C:\Users\Tejas Sawant\.stmcufinder\plugins\mcufinder/ => C:\Users\Tejas Sawant\.stmcufinder\plugins\mcufinder
2024-12-15 16:59:19,501 [INFO] DbMcusAds:125 - Set database path to: C:\Users\Tejas Sawant\.stmcufinder\plugins\mcufinder//mcu/
2024-12-15 16:59:19,501 [WARN] DbFile:41 - Overriding database path with different value: C:\Users\Tejas Sawant\.stmcufinder\plugins\mcufinder/ => C:\Users\Tejas Sawant\.stmcufinder\plugins\mcufinder
2024-12-15 16:59:19,501 [WARN] DbFile:41 - Overriding database path with different value: C:\Users\Tejas Sawant\.stmcufinder\plugins\mcufinder/ => C:\Users\Tejas Sawant\.stmcufinder\plugins\mcufinder
2024-12-15 16:59:19,501 [INFO] CrossReferenceDbSqlite:203 - Set database path to: C:\Users\Tejas Sawant\.stmcufinder\plugins\mcufinder//mcu/cs/
2024-12-15 16:59:19,592 [INFO] MainPanel:268 - HeapMemory: 268435456
2024-12-15 16:59:19,711 [INFO] DbMcusXml:78 - Set database path to: C:\ST\STM32CubeIDE_1.15.1\STM32CubeIDE\plugins\com.st.stm32cube.common.mx_6.12.0.202406281431\\db\/mcu/
2024-12-15 16:59:19,711 [INFO] ApiDb:274 - Set plugin database path to: C:\ST\STM32CubeIDE_1.15.1\STM32CubeIDE\plugins\com.st.stm32cube.common.mx_6.12.0.202406281431\\db\/plugins/boardmanager/
2024-12-15 16:59:19,711 [INFO] ApiDb:261 - Set plugin images path to: C:\ST\STM32CubeIDE_1.15.1\STM32CubeIDE\plugins\com.st.stm32cube.common.mx_6.12.0.202406281431\\db\/plugins/mcufinder/images/
2024-12-15 16:59:19,712 [WARN] DbFile:41 - Overriding database path with different value: C:\Users\Tejas Sawant\.stmcufinder\plugins\mcufinder/ => C:\Users\Tejas Sawant\.stmcufinder\plugins\mcufinder
2024-12-15 16:59:19,712 [INFO] ApiDb:250 - Set database path to: C:\Users\Tejas Sawant\.stmcufinder\plugins\mcufinder//mcu/
2024-12-15 16:59:19,712 [WARN] DbFile:41 - Overriding database path with different value: C:\Users\Tejas Sawant\.stmcufinder\plugins\mcufinder/ => C:\Users\Tejas Sawant\.stmcufinder\plugins\mcufinder
2024-12-15 16:59:19,712 [INFO] DbMcusAds:125 - Set database path to: C:\Users\Tejas Sawant\.stmcufinder\plugins\mcufinder//mcu/
2024-12-15 16:59:19,712 [WARN] DbFile:41 - Overriding database path with different value: C:\Users\Tejas Sawant\.stmcufinder\plugins\mcufinder/ => C:\Users\Tejas Sawant\.stmcufinder\plugins\mcufinder
2024-12-15 16:59:19,712 [WARN] DbFile:41 - Overriding database path with different value: C:\Users\Tejas Sawant\.stmcufinder\plugins\mcufinder/ => C:\Users\Tejas Sawant\.stmcufinder\plugins\mcufinder
2024-12-15 16:59:19,713 [INFO] CrossReferenceDbSqlite:203 - Set database path to: C:\Users\Tejas Sawant\.stmcufinder\plugins\mcufinder//mcu/cs/
2024-12-15 16:59:19,732 [INFO] ApplicationProperties:184 - Using Application install path: C:\ST\STM32CubeIDE_1.15.1\STM32CubeIDE\plugins\com.st.stm32cube.common.mx_6.12.0.202406281431
2024-12-15 16:59:19,734 [INFO] PluginManage:196 - Search for loadable plugins [exclusion list=, ]
2024-12-15 16:59:19,735 [INFO] PluginManage:310 - Check plugin analytics
2024-12-15 16:59:19,918 [INFO] AnalyticsPlugin:253 - Accepted Software Licenses: 
2024-12-15 16:59:19,918 [INFO] AnalyticsPlugin:255 - Accepted CMSIS Pack Licenses: 
2024-12-15 16:59:19,918 [INFO] AnalyticsPlugin:257 - Accepted Firmware Licenses: 
2024-12-15 16:59:19,922 [INFO] PluginManage:359 - Loaded plugin analytics (category:tool,tabindex:-1)
2024-12-15 16:59:19,922 [INFO] PluginManage:310 - Check plugin cadmodel
2024-12-15 16:59:19,939 [INFO] CADModel:105 - Init CAD model plugin
2024-12-15 16:59:19,940 [INFO] PluginManage:359 - Loaded plugin cadmodel (category:power,tabindex:5)
2024-12-15 16:59:19,940 [INFO] PluginManage:310 - Check plugin clock
2024-12-15 16:59:19,963 [INFO] PluginManage:359 - Loaded plugin clock (category:base,tabindex:2)
2024-12-15 16:59:19,963 [INFO] PluginManage:310 - Check plugin ddr
2024-12-15 16:59:19,967 [INFO] PluginManage:359 - Loaded plugin ddr (category:tool,tabindex:6)
2024-12-15 16:59:19,967 [INFO] PluginManage:310 - Check plugin filemanager
2024-12-15 16:59:20,138 [INFO] PluginManage:359 - Loaded plugin filemanager (category:base,tabindex:10)
2024-12-15 16:59:20,138 [INFO] PluginManage:310 - Check plugin ipmanager
2024-12-15 16:59:20,147 [INFO] PluginManage:359 - Loaded plugin ipmanager (category:base,tabindex:5)
2024-12-15 16:59:20,147 [INFO] PluginManage:310 - Check plugin lpbam
2024-12-15 16:59:20,168 [INFO] PluginManage:359 - Loaded plugin lpbam (category:base,tabindex:0)
2024-12-15 16:59:20,168 [INFO] PluginManage:310 - Check plugin memorymap
2024-12-15 16:59:20,194 [INFO] PluginManage:359 - Loaded plugin memorymap (category:base,tabindex:4)
2024-12-15 16:59:20,194 [INFO] PluginManage:310 - Check plugin pinoutandconfiguration
2024-12-15 16:59:20,212 [INFO] PluginManage:359 - Loaded plugin pinoutandconfiguration (category:base,tabindex:1)
2024-12-15 16:59:20,213 [INFO] PluginManage:310 - Check plugin pinoutconfig
2024-12-15 16:59:20,314 [WARN] SupportedApi:132 - Cannot load RTOS API schema: s4s-elt-must-match.1: The content of 'definitions' must match (annotation?, (simpleType | complexType)?, (unique | key | keyref)*)). A problem was found starting at: attribute.
2024-12-15 16:59:20,475 [INFO] PluginManage:359 - Loaded plugin pinoutconfig (category:base,tabindex:0)
2024-12-15 16:59:20,475 [INFO] PluginManage:310 - Check plugin power
2024-12-15 16:59:20,498 [INFO] PluginManage:359 - Loaded plugin power (category:power,tabindex:4)
2024-12-15 16:59:20,498 [INFO] PluginManage:310 - Check plugin projectmanager
2024-12-15 16:59:20,515 [INFO] PluginManage:359 - Loaded plugin projectmanager (category:projectmanager,tabindex:4)
2024-12-15 16:59:20,515 [INFO] PluginManage:310 - Check plugin rif
2024-12-15 16:59:20,533 [INFO] PluginManage:359 - Loaded plugin rif (category:base,tabindex:3)
2024-12-15 16:59:20,533 [INFO] PluginManage:310 - Check plugin thirdparty
2024-12-15 16:59:20,835 [INFO] PluginManage:359 - Loaded plugin thirdparty (category:base,tabindex:-1)
2024-12-15 16:59:20,835 [INFO] PluginManage:310 - Check plugin tools
2024-12-15 16:59:20,835 [WARN] IntegrityCheckThread:84 - waiting for thirdparty lock release [integrity check]
2024-12-15 16:59:20,835 [INFO] IntegrityCheckThread:86 - entering critical section [integrity check]
2024-12-15 16:59:20,835 [INFO] ThirdPartyUpdaterWithRetryManager:70 - Updater plugin not ready yet. [1/15]
2024-12-15 16:59:20,870 [INFO] PluginManage:359 - Loaded plugin tools (category:base,tabindex:7)
2024-12-15 16:59:20,870 [INFO] PluginManage:310 - Check plugin tutovideos
2024-12-15 16:59:21,084 [INFO] PluginManage:359 - Loaded plugin tutovideos (category:base,tabindex:-1)
2024-12-15 16:59:21,086 [INFO] PluginManage:310 - Check plugin updater
2024-12-15 16:59:21,104 [INFO] PluginManage:359 - Loaded plugin updater (category:base,tabindex:12)
2024-12-15 16:59:21,104 [INFO] PluginManage:310 - Check plugin userauth
2024-12-15 16:59:21,110 [INFO] UserAuth:113 - Init User Auth plugin
2024-12-15 16:59:21,111 [INFO] PluginManage:359 - Loaded plugin userauth (category:base,tabindex:14)
2024-12-15 16:59:21,111 [INFO] PluginManage:283 - PluginManage : Loaded plugins [18]
2024-12-15 16:59:21,345 [INFO] PinOutPanel:1561 - setPackage(No Configuration,No Configuration)
2024-12-15 16:59:21,447 [INFO] CADModel:165 - CPN selected for project level
2024-12-15 16:59:21,447 [INFO] CADModel:114 - Register for checkConnection events
2024-12-15 16:59:21,478 [INFO] IPUIPlugin:80 - create IPUIPlugin
2024-12-15 16:59:21,479 [INFO] PluginManager:220 - loadIPPluginJar : add adc
2024-12-15 16:59:21,530 [INFO] IPUIPlugin:80 - create IPUIPlugin
2024-12-15 16:59:21,530 [INFO] PluginManager:220 - loadIPPluginJar : add aes
2024-12-15 16:59:21,583 [INFO] IPUIPlugin:80 - create IPUIPlugin
2024-12-15 16:59:21,584 [INFO] PluginManager:220 - loadIPPluginJar : add can
2024-12-15 16:59:21,614 [INFO] IPUIPlugin:80 - create IPUIPlugin
2024-12-15 16:59:21,614 [INFO] PluginManager:220 - loadIPPluginJar : add comp
2024-12-15 16:59:21,656 [INFO] IPUIPlugin:80 - create IPUIPlugin
2024-12-15 16:59:21,656 [INFO] PluginManager:220 - loadIPPluginJar : add cryp
2024-12-15 16:59:21,670 [INFO] IPUIPlugin:80 - create IPUIPlugin
2024-12-15 16:59:21,671 [INFO] PluginManager:220 - loadIPPluginJar : add ddr_ctrl_phy
2024-12-15 16:59:21,704 [INFO] IPUIPlugin:80 - create IPUIPlugin
2024-12-15 16:59:21,704 [INFO] PluginManager:220 - loadIPPluginJar : add dfsdm
2024-12-15 16:59:21,721 [INFO] IPUIPlugin:80 - create IPUIPlugin
2024-12-15 16:59:21,721 [INFO] PluginManager:220 - loadIPPluginJar : add dma
2024-12-15 16:59:21,776 [INFO] IPUIPlugin:80 - create IPUIPlugin
2024-12-15 16:59:21,776 [INFO] PluginManager:220 - loadIPPluginJar : add dma3
2024-12-15 16:59:21,826 [INFO] IPUIPlugin:80 - create IPUIPlugin
2024-12-15 16:59:21,826 [INFO] PluginManager:220 - loadIPPluginJar : add extmemmanager
2024-12-15 16:59:21,853 [INFO] IPUIPlugin:80 - create IPUIPlugin
2024-12-15 16:59:21,853 [INFO] PluginManager:220 - loadIPPluginJar : add fatfs
2024-12-15 16:59:21,914 [INFO] IPUIPlugin:80 - create IPUIPlugin
2024-12-15 16:59:21,914 [INFO] PluginManager:220 - loadIPPluginJar : add fmc
2024-12-15 16:59:21,932 [INFO] IPUIPlugin:80 - create IPUIPlugin
2024-12-15 16:59:21,932 [INFO] PluginManager:220 - loadIPPluginJar : add freertos
2024-12-15 16:59:21,956 [INFO] IPUIPlugin:80 - create IPUIPlugin
2024-12-15 16:59:21,956 [INFO] PluginManager:220 - loadIPPluginJar : add genericplugin
2024-12-15 16:59:22,075 [INFO] IPUIPlugin:80 - create IPUIPlugin
2024-12-15 16:59:22,075 [INFO] PluginManager:220 - loadIPPluginJar : add gfxmmu
2024-12-15 16:59:22,231 [INFO] IPUIPlugin:80 - create IPUIPlugin
2024-12-15 16:59:22,231 [INFO] PluginManager:220 - loadIPPluginJar : add gic
2024-12-15 16:59:22,246 [INFO] IPUIPlugin:80 - create IPUIPlugin
2024-12-15 16:59:22,246 [INFO] PluginManager:220 - loadIPPluginJar : add gpio
2024-12-15 16:59:22,355 [INFO] IPUIPlugin:80 - create IPUIPlugin
2024-12-15 16:59:22,355 [INFO] PluginManager:220 - loadIPPluginJar : add gtzc
2024-12-15 16:59:22,392 [INFO] IPUIPlugin:80 - create IPUIPlugin
2024-12-15 16:59:22,392 [INFO] PluginManager:220 - loadIPPluginJar : add hash
2024-12-15 16:59:22,454 [INFO] IPUIPlugin:80 - create IPUIPlugin
2024-12-15 16:59:22,454 [INFO] PluginManager:220 - loadIPPluginJar : add i2c
2024-12-15 16:59:22,499 [INFO] IPUIPlugin:80 - create IPUIPlugin
2024-12-15 16:59:22,499 [INFO] PluginManager:220 - loadIPPluginJar : add i2s
2024-12-15 16:59:22,544 [INFO] IPUIPlugin:80 - create IPUIPlugin
2024-12-15 16:59:22,544 [INFO] PluginManager:220 - loadIPPluginJar : add i3c
2024-12-15 16:59:22,661 [INFO] IPUIPlugin:80 - create IPUIPlugin
2024-12-15 16:59:22,661 [INFO] PluginManager:220 - loadIPPluginJar : add ipddr
2024-12-15 16:59:22,764 [INFO] IPUIPlugin:80 - create IPUIPlugin
2024-12-15 16:59:22,765 [INFO] PluginManager:220 - loadIPPluginJar : add linkedlist
2024-12-15 16:59:22,804 [INFO] IPUIPlugin:80 - create IPUIPlugin
2024-12-15 16:59:22,804 [INFO] PluginManager:220 - loadIPPluginJar : add lorawan
2024-12-15 16:59:22,846 [INFO] IPUIPlugin:80 - create IPUIPlugin
2024-12-15 16:59:22,846 [INFO] PluginManager:220 - loadIPPluginJar : add ltdc
2024-12-15 16:59:22,863 [INFO] IPUIPlugin:80 - create IPUIPlugin
2024-12-15 16:59:22,863 [INFO] PluginManager:220 - loadIPPluginJar : add mdma
2024-12-15 16:59:22,877 [INFO] IPUIPlugin:80 - create IPUIPlugin
2024-12-15 16:59:22,877 [INFO] PluginManager:220 - loadIPPluginJar : add nvic
2024-12-15 16:59:22,917 [INFO] IPUIPlugin:80 - create IPUIPlugin
2024-12-15 16:59:22,918 [INFO] PluginManager:220 - loadIPPluginJar : add opamp
2024-12-15 16:59:22,981 [INFO] IPUIPlugin:80 - create IPUIPlugin
2024-12-15 16:59:22,982 [INFO] PluginManager:220 - loadIPPluginJar : add openamp
2024-12-15 16:59:23,030 [INFO] IPUIPlugin:80 - create IPUIPlugin
2024-12-15 16:59:23,031 [INFO] PluginManager:220 - loadIPPluginJar : add pdm2pcm
2024-12-15 16:59:23,047 [INFO] IPUIPlugin:80 - create IPUIPlugin
2024-12-15 16:59:23,049 [INFO] PluginManager:220 - loadIPPluginJar : add plateformsettings
2024-12-15 16:59:23,075 [INFO] IPUIPlugin:80 - create IPUIPlugin
2024-12-15 16:59:23,075 [INFO] PluginManager:220 - loadIPPluginJar : add quadspi
2024-12-15 16:59:23,103 [INFO] IPUIPlugin:80 - create IPUIPlugin
2024-12-15 16:59:23,104 [INFO] PluginManager:220 - loadIPPluginJar : add radio
2024-12-15 16:59:23,119 [INFO] IPUIPlugin:80 - create IPUIPlugin
2024-12-15 16:59:23,119 [INFO] PluginManager:220 - loadIPPluginJar : add resmgrutility
2024-12-15 16:59:23,172 [INFO] IPUIPlugin:80 - create IPUIPlugin
2024-12-15 16:59:23,172 [INFO] PluginManager:220 - loadIPPluginJar : add sai
2024-12-15 16:59:23,210 [INFO] IPUIPlugin:80 - create IPUIPlugin
2024-12-15 16:59:23,210 [INFO] PluginManager:220 - loadIPPluginJar : add spi
2024-12-15 16:59:23,285 [INFO] IPUIPlugin:80 - create IPUIPlugin
2024-12-15 16:59:23,285 [INFO] PluginManager:220 - loadIPPluginJar : add stm32_wpan
2024-12-15 16:59:23,311 [INFO] IPUIPlugin:80 - create IPUIPlugin
2024-12-15 16:59:23,311 [INFO] PluginManager:220 - loadIPPluginJar : add tim
2024-12-15 16:59:23,372 [INFO] IPUIPlugin:80 - create IPUIPlugin
2024-12-15 16:59:23,372 [INFO] PluginManager:220 - loadIPPluginJar : add touchsensing
2024-12-15 16:59:23,400 [INFO] IPUIPlugin:80 - create IPUIPlugin
2024-12-15 16:59:23,400 [INFO] PluginManager:220 - loadIPPluginJar : add tracer_emb
2024-12-15 16:59:23,427 [INFO] IPUIPlugin:80 - create IPUIPlugin
2024-12-15 16:59:23,427 [INFO] PluginManager:220 - loadIPPluginJar : add ts
2024-12-15 16:59:23,452 [INFO] IPUIPlugin:80 - create IPUIPlugin
2024-12-15 16:59:23,452 [INFO] PluginManager:220 - loadIPPluginJar : add tsc
2024-12-15 16:59:23,478 [INFO] IPUIPlugin:80 - create IPUIPlugin
2024-12-15 16:59:23,478 [INFO] PluginManager:220 - loadIPPluginJar : add ucpd
2024-12-15 16:59:23,527 [INFO] IPUIPlugin:80 - create IPUIPlugin
2024-12-15 16:59:23,527 [INFO] PluginManager:220 - loadIPPluginJar : add usart
2024-12-15 16:59:23,574 [INFO] IPUIPlugin:80 - create IPUIPlugin
2024-12-15 16:59:23,574 [INFO] PluginManager:220 - loadIPPluginJar : add usbx
2024-12-15 16:59:23,709 [INFO] CADModel:165 - CPN selected for project level
2024-12-15 16:59:23,709 [INFO] CADModel:114 - Register for checkConnection events
2024-12-15 16:59:23,710 [FATAL] Updater:334 - Updater called before beeing initialized
2024-12-15 16:59:23,710 [ERROR] CADModel:125 - Updater not yet initialized, retry later 
2024-12-15 16:59:23,838 [INFO] ThirdPartyUpdaterWithRetryManager:70 - Updater plugin not ready yet. [2/15]
2024-12-15 16:59:23,866 [INFO] CADModel:165 - CPN selected for project level
2024-12-15 16:59:23,866 [INFO] CADModel:114 - Register for checkConnection events
2024-12-15 16:59:23,867 [FATAL] Updater:334 - Updater called before beeing initialized
2024-12-15 16:59:23,867 [ERROR] CADModel:125 - Updater not yet initialized, retry later 
2024-12-15 16:59:23,870 [FATAL] Updater:334 - Updater called before beeing initialized
2024-12-15 16:59:24,030 [FATAL] Updater:334 - Updater called before beeing initialized
2024-12-15 16:59:24,041 [INFO] DbMcusAds:53 - JSON generation date=Thu May 16 14:52:00 IST 2024 (1715851320667)
2024-12-15 16:59:24,042 [FATAL] Updater:334 - Updater called before beeing initialized
2024-12-15 16:59:24,083 [WARN] DetailPanel:346 - Failed to get advertising image, set to default
2024-12-15 16:59:24,178 [FATAL] Updater:334 - Updater called before beeing initialized
2024-12-15 16:59:24,181 [FATAL] Updater:334 - Updater called before beeing initialized
2024-12-15 16:59:24,181 [FATAL] Updater:334 - Updater called before beeing initialized
2024-12-15 16:59:24,181 [WARN] DetailPanel:346 - Failed to get advertising image, set to default
2024-12-15 16:59:24,182 [FATAL] Updater:334 - Updater called before beeing initialized
2024-12-15 16:59:24,248 [ERROR] Updater:1164 - MainUpdater not yet initialized. External WinMGr cannot be set.
2024-12-15 16:59:24,260 [INFO] Updater:1100 - Updater Version found : 6.12.0
2024-12-15 16:59:24,281 [INFO] ApplicationProperties:184 - Using Application install path: C:\ST\STM32CubeIDE_1.15.1\STM32CubeIDE\plugins\com.st.stm32cube.common.mx_6.12.0.202406281431
2024-12-15 16:59:25,868 [ERROR] LogOutputStream:75 - [STDERR_REDIRECT] Dec 15, 2024 4:59:25 PM java.util.prefs.WindowsPreferences <init>
2024-12-15 16:59:25,869 [ERROR] LogOutputStream:75 - [STDERR_REDIRECT] WARNING: Could not open/create prefs root node Software\JavaSoft\Prefs at root 0xffffffff80000002. Windows RegCreateKeyEx(...) returned error code 5.
2024-12-15 16:59:25,869 [ERROR] LogOutputStream:75 - [STDERR_REDIRECT] 
2024-12-15 16:59:26,197 [INFO] MainUpdater:2873 - connection check result : 22
2024-12-15 16:59:26,198 [INFO] MainUpdater:290 - Updater Check For Update Now.
2024-12-15 16:59:26,198 [INFO] MicroXplorer:498 - Change Database Version : DB.6.0.120
2024-12-15 16:59:26,223 [INFO] McuFinderGlobals:63 - Set McuFinder mode to 2 (CubeIDE integrated)
2024-12-15 16:59:26,223 [INFO] UserAuth:179 - activating auth plugin
2024-12-15 16:59:26,227 [INFO] UserAuth:417 - Internet connection configuration mode: 2
2024-12-15 16:59:26,259 [INFO] UserAuth:417 - Internet connection configuration mode: 2
2024-12-15 16:59:26,515 [INFO] CheckServerUpdateThread:120 - End of CheckServer Thread
2024-12-15 16:59:27,080 [WARN] PackLoader:240 - Cannot read IP mode file for STMicroelectronics.FP-SNS-MOTENVWB1.1.4.0
2024-12-15 16:59:27,100 [WARN] PackLoader:240 - Cannot read IP mode file for STMicroelectronics.X-CUBE-SMBUS.2.1.0
2024-12-15 16:59:27,149 [WARN] PackLoader:240 - Cannot read IP mode file for STMicroelectronics.X-CUBE-AZRTOS-F7.1.1.0
2024-12-15 16:59:27,238 [WARN] PackLoader:240 - Cannot read IP mode file for STMicroelectronics.X-CUBE-MEMS1.11.0.0
2024-12-15 16:59:27,393 [WARN] PackLoader:240 - Cannot read IP mode file for STMicroelectronics.FP-SNS-FLIGHT1.5.0.2
2024-12-15 16:59:27,425 [WARN] PackLoader:240 - Cannot read IP mode file for STMicroelectronics.X-CUBE-DISPLAY.3.0.0
2024-12-15 16:59:27,457 [WARN] PackLoader:240 - Cannot read IP mode file for STMicroelectronics.X-CUBE-BLE1.7.0.0
2024-12-15 16:59:27,477 [WARN] PackLoader:240 - Cannot read IP mode file for STMicroelectronics.X-CUBE-NFC10.1.0.0
2024-12-15 16:59:27,496 [WARN] PackLoader:240 - Cannot read IP mode file for emotas.I-CUBE-CANOPEN.1.3.0
2024-12-15 16:59:27,518 [WARN] PackLoader:240 - Cannot read IP mode file for STMicroelectronics.X-CUBE-BLEMGR.3.1.0
2024-12-15 16:59:27,536 [WARN] PackLoader:240 - Cannot read IP mode file for STMicroelectronics.FP-SNS-SMARTAG2.1.2.0
2024-12-15 16:59:27,558 [INFO] LogOutputStream:77 - [STDOUT_REDIRECT] 1 : Invalid condition id : UX_CORESTACK_Condition cause : null
2024-12-15 16:59:27,559 [INFO] LogOutputStream:77 - [STDOUT_REDIRECT] 1 : Invalid condition id : UX_CORESTACK_Condition cause : null
2024-12-15 16:59:27,560 [INFO] LogOutputStream:77 - [STDOUT_REDIRECT] 1 : Invalid condition id : UX_CORESTACK_Condition cause : null
2024-12-15 16:59:27,562 [INFO] LogOutputStream:77 - [STDOUT_REDIRECT] 1 : Invalid condition id : UX_CORESTACK_Condition cause : null
2024-12-15 16:59:27,563 [INFO] LogOutputStream:77 - [STDOUT_REDIRECT] 1 : Invalid condition id : UX_CORESTACK_Condition cause : null
2024-12-15 16:59:27,565 [WARN] PackLoader:240 - Cannot read IP mode file for STMicroelectronics.X-CUBE-AZRTOS-WL.2.0.0
2024-12-15 16:59:27,583 [WARN] PackLoader:240 - Cannot read IP mode file for STMicroelectronics.FP-SNS-MOTENV1.5.0.0
2024-12-15 16:59:27,600 [WARN] PackLoader:240 - Cannot read IP mode file for wolfSSL.I-CUBE-wolfMQTT.1.19.0
2024-12-15 16:59:27,617 [WARN] PackLoader:240 - Cannot read IP mode file for WES.I-CUBE-Cesium.1.3.0
2024-12-15 16:59:27,634 [WARN] PackLoader:240 - Cannot read IP mode file for STMicroelectronics.X-CUBE-BLE2.3.3.0
2024-12-15 16:59:27,655 [WARN] PackLoader:240 - Cannot read IP mode file for STMicroelectronics.X-CUBE-NFC9.1.0.0
2024-12-15 16:59:27,673 [WARN] PackLoader:240 - Cannot read IP mode file for STMicroelectronics.X-CUBE-TCPP.4.1.0
2024-12-15 16:59:27,708 [WARN] PackLoader:240 - Cannot read IP mode file for STMicroelectronics.X-CUBE-AZRTOS-G0.1.1.0
2024-12-15 16:59:27,730 [WARN] PackLoader:240 - Cannot read IP mode file for STMicroelectronics.X-CUBE-SAFEA1.1.2.2
2024-12-15 16:59:27,746 [WARN] PackLoader:240 - Cannot read IP mode file for STMicroelectronics.X-CUBE-NFC4.3.0.0
2024-12-15 16:59:27,770 [WARN] PackLoader:240 - Cannot read IP mode file for EmbeddedOffice.I-CUBE-FS-RTOS.1.0.1
2024-12-15 16:59:27,771 [ERROR] ConditionMgr:805 - Attr not supported : Dmpu
2024-12-15 16:59:27,771 [ERROR] ConditionMgr:805 - Attr not supported : Dmpu
2024-12-15 16:59:27,771 [ERROR] ConditionMgr:805 - Attr not supported : Dmpu
2024-12-15 16:59:27,771 [ERROR] ConditionMgr:805 - Attr not supported : Dmpu
2024-12-15 16:59:27,771 [ERROR] ConditionMgr:805 - Attr not supported : Dmpu
2024-12-15 16:59:27,771 [ERROR] ConditionMgr:805 - Attr not supported : Dmpu
2024-12-15 16:59:27,771 [ERROR] ConditionMgr:805 - Attr not supported : Dmpu
2024-12-15 16:59:27,772 [ERROR] ConditionMgr:805 - Attr not supported : Dmpu
2024-12-15 16:59:27,772 [ERROR] ConditionMgr:805 - Attr not supported : Dmpu
2024-12-15 16:59:27,772 [ERROR] ConditionMgr:805 - Attr not supported : Dmpu
2024-12-15 16:59:27,772 [ERROR] ConditionMgr:805 - Attr not supported : Dmpu
2024-12-15 16:59:27,772 [ERROR] ConditionMgr:805 - Attr not supported : Dmpu
2024-12-15 16:59:27,772 [ERROR] ConditionMgr:805 - Attr not supported : Dmpu
2024-12-15 16:59:27,772 [ERROR] ConditionMgr:805 - Attr not supported : Dmpu
2024-12-15 16:59:27,772 [ERROR] ConditionMgr:805 - Attr not supported : Dmpu
2024-12-15 16:59:27,772 [ERROR] ConditionMgr:805 - Attr not supported : Dmpu
2024-12-15 16:59:27,772 [ERROR] ConditionMgr:805 - Attr not supported : Dmpu
2024-12-15 16:59:27,772 [ERROR] ConditionMgr:805 - Attr not supported : Dmpu
2024-12-15 16:59:27,773 [ERROR] ConditionMgr:805 - Attr not supported : Dmpu
2024-12-15 16:59:27,773 [ERROR] ConditionMgr:805 - Attr not supported : Dmpu
2024-12-15 16:59:27,773 [ERROR] ConditionMgr:805 - Attr not supported : Dmpu
2024-12-15 16:59:27,773 [ERROR] ConditionMgr:805 - Attr not supported : Dmpu
2024-12-15 16:59:27,773 [ERROR] ConditionMgr:805 - Attr not supported : Dmpu
2024-12-15 16:59:27,773 [ERROR] ConditionMgr:805 - Attr not supported : Dmpu
2024-12-15 16:59:27,773 [ERROR] ConditionMgr:805 - Attr not supported : Dmpu
2024-12-15 16:59:27,773 [ERROR] ConditionMgr:805 - Attr not supported : Dmpu
2024-12-15 16:59:27,773 [ERROR] ConditionMgr:805 - Attr not supported : Dmpu
2024-12-15 16:59:27,773 [ERROR] ConditionMgr:805 - Attr not supported : Dmpu
2024-12-15 16:59:27,773 [ERROR] ConditionMgr:805 - Attr not supported : Dmpu
2024-12-15 16:59:27,773 [ERROR] ConditionMgr:805 - Attr not supported : Dmpu
2024-12-15 16:59:27,774 [ERROR] ConditionMgr:805 - Attr not supported : Dmpu
2024-12-15 16:59:27,774 [ERROR] ConditionMgr:805 - Attr not supported : Dmpu
2024-12-15 16:59:27,774 [ERROR] ConditionMgr:805 - Attr not supported : Dmpu
2024-12-15 16:59:27,774 [ERROR] ConditionMgr:805 - Attr not supported : Dmpu
2024-12-15 16:59:27,774 [ERROR] ConditionMgr:805 - Attr not supported : Dmpu
2024-12-15 16:59:27,774 [ERROR] ConditionMgr:805 - Attr not supported : Dmpu
2024-12-15 16:59:27,774 [ERROR] ConditionMgr:805 - Attr not supported : Dmpu
2024-12-15 16:59:27,774 [ERROR] ConditionMgr:805 - Attr not supported : Dmpu
2024-12-15 16:59:27,774 [ERROR] ConditionMgr:805 - Attr not supported : Dmpu
2024-12-15 16:59:27,774 [ERROR] ConditionMgr:805 - Attr not supported : Dmpu
2024-12-15 16:59:27,774 [ERROR] ConditionMgr:805 - Attr not supported : Dmpu
2024-12-15 16:59:27,774 [ERROR] ConditionMgr:805 - Attr not supported : Dmpu
2024-12-15 16:59:27,774 [ERROR] ConditionMgr:805 - Attr not supported : Dmpu
2024-12-15 16:59:27,775 [ERROR] ConditionMgr:805 - Attr not supported : Dmpu
2024-12-15 16:59:27,775 [ERROR] ConditionMgr:805 - Attr not supported : Dmpu
2024-12-15 16:59:27,775 [ERROR] ConditionMgr:805 - Attr not supported : Dmpu
2024-12-15 16:59:27,775 [ERROR] ConditionMgr:805 - Attr not supported : Dmpu
2024-12-15 16:59:27,775 [ERROR] ConditionMgr:805 - Attr not supported : Dmpu
2024-12-15 16:59:27,775 [ERROR] ConditionMgr:805 - Attr not supported : Dmpu
2024-12-15 16:59:27,775 [ERROR] ConditionMgr:805 - Attr not supported : Dmpu
2024-12-15 16:59:27,775 [ERROR] ConditionMgr:805 - Attr not supported : Dmpu
2024-12-15 16:59:27,775 [ERROR] ConditionMgr:805 - Attr not supported : Dmpu
2024-12-15 16:59:27,775 [ERROR] ConditionMgr:805 - Attr not supported : Dmpu
2024-12-15 16:59:27,775 [ERROR] ConditionMgr:805 - Attr not supported : Dmpu
2024-12-15 16:59:27,775 [ERROR] ConditionMgr:805 - Attr not supported : Dmpu
2024-12-15 16:59:27,775 [ERROR] ConditionMgr:805 - Attr not supported : Dmpu
2024-12-15 16:59:27,775 [ERROR] ConditionMgr:805 - Attr not supported : Dmpu
2024-12-15 16:59:27,775 [ERROR] ConditionMgr:805 - Attr not supported : Dmpu
2024-12-15 16:59:27,775 [ERROR] ConditionMgr:805 - Attr not supported : Dmpu
2024-12-15 16:59:27,776 [ERROR] ConditionMgr:805 - Attr not supported : Dmpu
2024-12-15 16:59:27,776 [ERROR] ConditionMgr:805 - Attr not supported : Dmpu
2024-12-15 16:59:27,776 [ERROR] ConditionMgr:805 - Attr not supported : Dmpu
2024-12-15 16:59:27,776 [ERROR] ConditionMgr:805 - Attr not supported : Dmpu
2024-12-15 16:59:27,776 [ERROR] ConditionMgr:805 - Attr not supported : Dmpu
2024-12-15 16:59:27,795 [WARN] PackLoader:240 - Cannot read IP mode file for RealThread.X-CUBE-RT-Thread_Nano.4.1.1
2024-12-15 16:59:27,813 [WARN] PackLoader:240 - Cannot read IP mode file for STMicroelectronics.FP-ATR-SIGFOX1.3.2.0
2024-12-15 16:59:27,830 [WARN] PackLoader:240 - Cannot read IP mode file for wolfSSL.I-CUBE-wolfSSL.5.7.2
2024-12-15 16:59:27,848 [WARN] PackLoader:240 - Cannot read IP mode file for STMicroelectronics.X-CUBE-EEPRMA1.5.1.0
2024-12-15 16:59:27,867 [WARN] PackLoader:240 - Cannot read IP mode file for ITTIA_DB.I-CUBE-ITTIADB.8.9.0
2024-12-15 16:59:27,919 [WARN] PackLoader:240 - Cannot read IP mode file for SEGGER.I-CUBE-embOS.1.3.1
2024-12-15 16:59:27,981 [WARN] PackLoader:240 - Cannot read IP mode file for STMicroelectronics.X-CUBE-ALGOBUILD.1.4.0
2024-12-15 16:59:27,999 [WARN] PackLoader:240 - Cannot read IP mode file for STMicroelectronics.X-CUBE-GNSS1.6.0.0
2024-12-15 16:59:28,035 [WARN] PackLoader:240 - Cannot read IP mode file for STMicroelectronics.X-CUBE-AZRTOS-F4.1.1.0
2024-12-15 16:59:28,052 [WARN] PackLoader:240 - Cannot read IP mode file for STMicroelectronics.X-CUBE-ISPU.2.1.0
2024-12-15 16:59:28,067 [WARN] PackLoader:240 - Cannot read IP mode file for STMicroelectronics.X-CUBE-FREERTOS.1.2.0
2024-12-15 16:59:28,101 [WARN] PackLoader:240 - Cannot read IP mode file for STMicroelectronics.X-CUBE-AZRTOS-L5.2.0.0
2024-12-15 16:59:28,126 [WARN] PackLoader:240 - Cannot read IP mode file for STMicroelectronics.X-CUBE-NFC6.3.1.0
2024-12-15 16:59:28,147 [WARN] PackLoader:240 - Cannot read IP mode file for STMicroelectronics.X-CUBE-DPower.1.2.0
2024-12-15 16:59:28,164 [WARN] PackLoader:240 - Cannot read IP mode file for STMicroelectronics.X-CUBE-AI.9.0.0
2024-12-15 16:59:28,181 [WARN] PackLoader:240 - Cannot read IP mode file for STMicroelectronics.X-CUBE-NFC7.1.0.1
2024-12-15 16:59:28,199 [WARN] PackLoader:240 - Cannot read IP mode file for wolfSSL.I-CUBE-wolfTPM.3.2.0
2024-12-15 16:59:28,228 [WARN] ConditionMgr:438 - getConditionDescription Invalid condition id : LAN8742 Phy interface Condition cause : null
2024-12-15 16:59:28,229 [WARN] PackLoader:240 - Cannot read IP mode file for STMicroelectronics.X-CUBE-AZRTOS-L4.2.0.0
2024-12-15 16:59:28,230 [WARN] ConditionMgr:1039 - genDependencies : Invalid condition id : LAN8742 Phy interface Condition cause : null
2024-12-15 16:59:28,230 [WARN] ConditionMgr:1039 - genDependencies : Invalid condition id : LAN8742 Phy interface Condition cause : null
2024-12-15 16:59:28,231 [WARN] ConditionMgr:1039 - genDependencies : Invalid condition id : LAN8742 Phy interface Condition cause : null
2024-12-15 16:59:28,248 [WARN] PackLoader:240 - Cannot read IP mode file for STMicroelectronics.X-CUBE-SFXS2LP1.4.0.0
2024-12-15 16:59:28,281 [WARN] PackLoader:240 - Cannot read IP mode file for STMicroelectronics.X-CUBE-AZRTOS-H7.3.3.0
2024-12-15 16:59:28,308 [WARN] ConditionMgr:438 - getConditionDescription Invalid condition id : UX DEVICE CLASS RTOS Condition cause : null
2024-12-15 16:59:28,309 [WARN] ConditionMgr:438 - getConditionDescription Invalid condition id : UX DEVICE CLASS RTOS Condition cause : null
2024-12-15 16:59:28,310 [WARN] PackLoader:240 - Cannot read IP mode file for STMicroelectronics.X-CUBE-AZRTOS-WB.2.0.0
2024-12-15 16:59:28,310 [WARN] ConditionMgr:1039 - genDependencies : Invalid condition id : UX DEVICE CLASS RTOS Condition cause : null
2024-12-15 16:59:28,310 [WARN] ConditionMgr:1039 - genDependencies : Invalid condition id : UX DEVICE CLASS RTOS Condition cause : null
2024-12-15 16:59:28,311 [WARN] ConditionMgr:1039 - genDependencies : Invalid condition id : UX DEVICE CLASS RTOS Condition cause : null
2024-12-15 16:59:28,311 [WARN] ConditionMgr:1039 - genDependencies : Invalid condition id : UX DEVICE CLASS RTOS Condition cause : null
2024-12-15 16:59:28,311 [WARN] ConditionMgr:1039 - genDependencies : Invalid condition id : UX DEVICE CLASS RTOS Condition cause : null
2024-12-15 16:59:28,326 [WARN] PackLoader:240 - Cannot read IP mode file for STMicroelectronics.X-CUBE-GNSS1.7.0.0
2024-12-15 16:59:28,343 [WARN] PackLoader:240 - Cannot read IP mode file for STMicroelectronics.FP-SNS-STBOX1.2.0.0
2024-12-15 16:59:28,363 [WARN] PackLoader:240 - Cannot read IP mode file for STMicroelectronics.X-CUBE-SUBG2.5.0.0
2024-12-15 16:59:28,381 [WARN] PackLoader:240 - Cannot read IP mode file for Cesanta.I-CUBE-Mongoose.7.13.0
2024-12-15 16:59:28,414 [WARN] PackLoader:240 - Cannot read IP mode file for STMicroelectronics.X-CUBE-AZRTOS-G4.2.0.0
2024-12-15 16:59:28,429 [WARN] PackLoader:240 - Cannot read IP mode file for STMicroelectronics.X-CUBE-ISPU.2.0.0
2024-12-15 16:59:28,443 [WARN] PackLoader:240 - Cannot read IP mode file for STMicroelectronics.X-CUBE-ALS.1.0.2
2024-12-15 16:59:28,496 [WARN] PackLoader:240 - Cannot read IP mode file for STMicroelectronics.X-CUBE-MEMS1.10.0.0
2024-12-15 16:59:28,581 [WARN] PackLoader:240 - Cannot read IP mode file for STMicroelectronics.X-CUBE-TOUCHGFX.4.24.0
2024-12-15 16:59:28,594 [WARN] PackLoader:240 - Cannot read IP mode file for STMicroelectronics.X-CUBE-TOUCHGFX.4.24.1
2024-12-15 16:59:28,608 [WARN] PackLoader:240 - Cannot read IP mode file for wolfSSL.I-CUBE-wolfTPM.3.4.0
2024-12-15 16:59:28,624 [WARN] PackLoader:240 - Cannot read IP mode file for portGmbH.I-Cube-SoM-uGOAL.1.1.0
2024-12-15 16:59:28,654 [WARN] PackLoader:240 - Cannot read IP mode file for STMicroelectronics.X-CUBE-AZRTOS-H7RS.1.0.0
2024-12-15 16:59:28,670 [WARN] PackLoader:240 - Cannot read IP mode file for STMicroelectronics.FP-ATR-ASTRA1.2.0.0
2024-12-15 16:59:28,694 [WARN] PackLoader:240 - Cannot read IP mode file for STMicroelectronics.X-CUBE-TOF1.3.4.2
2024-12-15 16:59:28,732 [WARN] PackLoader:240 - Cannot read IP mode file for Infineon.AIROC-Wi-Fi-Bluetooth-STM32.1.6.1
2024-12-15 16:59:28,749 [WARN] PackLoader:240 - Cannot read IP mode file for wolfSSL.I-CUBE-wolfSSH.1.4.17
2024-12-15 16:59:28,749 [INFO] ThirdParty:978 - Integrity check success = true
2024-12-15 16:59:28,750 [INFO] IntegrityCheckThread:100 - exiting critical section [integrity check]
2024-12-15 16:59:28,750 [INFO] IntegrityCheckThread:103 - End integrity checks thread
2024-12-15 17:10:47,148 [ERROR] LogOutputStream:75 - [STDERR_REDIRECT] 
