2025-01-29 00:46:36,354 [ERROR] LogOutputStream:75 - [STDERR_REDIRECT] 
2025-01-29 20:18:42,452 [INFO] Activator:176 - 


2025-01-29 20:18:42,452 [INFO] Activator:177 - !SESSION log4j initialized
2025-01-29 20:18:50,162 [INFO] LogOutputStream:77 - [STDOUT_REDIRECT] 
2025-01-29 20:18:52,453 [INFO] ApplicationProperties:184 - Using Application install path: C:\ST\STM32CubeIDE_1.15.1\STM32CubeIDE\plugins\com.st.stm32cube.common.mx_6.13.0.202411220809
2025-01-29 20:18:52,486 [INFO] DbMcusXml:78 - Set database path to: C:\ST\STM32CubeIDE_1.15.1\STM32CubeIDE\plugins\com.st.stm32cube.common.mx_6.13.0.202411220809\\db\/mcu/
2025-01-29 20:18:52,486 [INFO] ApiDb:274 - Set plugin database path to: C:\ST\STM32CubeIDE_1.15.1\STM32CubeIDE\plugins\com.st.stm32cube.common.mx_6.13.0.202411220809\\db\/plugins/boardmanager/
2025-01-29 20:18:52,486 [WARN] ApiDb:259 - Overriding images path with different value:  => C:\ST\STM32CubeIDE_1.15.1\STM32CubeIDE\plugins\com.st.stm32cube.common.mx_6.13.0.202411220809\\db\/plugins/mcufinder/images/
2025-01-29 20:18:52,502 [INFO] ApiDb:250 - Set database path to: C:\Users\Tejas Sawant\.stmcufinder\plugins\mcufinder//mcu/
2025-01-29 20:18:52,502 [INFO] DbMcusAds:125 - Set database path to: C:\Users\Tejas Sawant\.stmcufinder\plugins\mcufinder//mcu/
2025-01-29 20:18:52,509 [INFO] CrossReferenceDbSqlite:203 - Set database path to: C:\Users\Tejas Sawant\.stmcufinder\plugins\mcufinder//mcu/cs/
2025-01-29 20:18:52,684 [INFO] RulesReader:64 - Compatibility file has been processed (297 Rules)
2025-01-29 20:18:52,814 [INFO] DbMcusXml:78 - Set database path to: C:\ST\STM32CubeIDE_1.15.1\STM32CubeIDE\plugins\com.st.stm32cube.common.mx_6.13.0.202411220809\\db\/mcu/
2025-01-29 20:18:52,814 [INFO] ApiDb:274 - Set plugin database path to: C:\ST\STM32CubeIDE_1.15.1\STM32CubeIDE\plugins\com.st.stm32cube.common.mx_6.13.0.202411220809\\db\/plugins/boardmanager/
2025-01-29 20:18:52,814 [INFO] ApiDb:261 - Set plugin images path to: C:\ST\STM32CubeIDE_1.15.1\STM32CubeIDE\plugins\com.st.stm32cube.common.mx_6.13.0.202411220809\\db\/plugins/mcufinder/images/
2025-01-29 20:18:52,814 [WARN] DbFile:41 - Overriding database path with different value: C:\Users\Tejas Sawant\.stmcufinder\plugins\mcufinder/ => C:\Users\Tejas Sawant\.stmcufinder\plugins\mcufinder
2025-01-29 20:18:52,814 [INFO] ApiDb:250 - Set database path to: C:\Users\Tejas Sawant\.stmcufinder\plugins\mcufinder//mcu/
2025-01-29 20:18:52,814 [WARN] DbFile:41 - Overriding database path with different value: C:\Users\Tejas Sawant\.stmcufinder\plugins\mcufinder/ => C:\Users\Tejas Sawant\.stmcufinder\plugins\mcufinder
2025-01-29 20:18:52,814 [INFO] DbMcusAds:125 - Set database path to: C:\Users\Tejas Sawant\.stmcufinder\plugins\mcufinder//mcu/
2025-01-29 20:18:52,814 [WARN] DbFile:41 - Overriding database path with different value: C:\Users\Tejas Sawant\.stmcufinder\plugins\mcufinder/ => C:\Users\Tejas Sawant\.stmcufinder\plugins\mcufinder
2025-01-29 20:18:52,814 [WARN] DbFile:41 - Overriding database path with different value: C:\Users\Tejas Sawant\.stmcufinder\plugins\mcufinder/ => C:\Users\Tejas Sawant\.stmcufinder\plugins\mcufinder
2025-01-29 20:18:52,818 [INFO] CrossReferenceDbSqlite:203 - Set database path to: C:\Users\Tejas Sawant\.stmcufinder\plugins\mcufinder//mcu/cs/
2025-01-29 20:18:52,933 [INFO] MainPanel:272 - HeapMemory: 268435456
2025-01-29 20:18:53,098 [INFO] DbMcusXml:78 - Set database path to: C:\ST\STM32CubeIDE_1.15.1\STM32CubeIDE\plugins\com.st.stm32cube.common.mx_6.13.0.202411220809\\db\/mcu/
2025-01-29 20:18:53,098 [INFO] ApiDb:274 - Set plugin database path to: C:\ST\STM32CubeIDE_1.15.1\STM32CubeIDE\plugins\com.st.stm32cube.common.mx_6.13.0.202411220809\\db\/plugins/boardmanager/
2025-01-29 20:18:53,098 [INFO] ApiDb:261 - Set plugin images path to: C:\ST\STM32CubeIDE_1.15.1\STM32CubeIDE\plugins\com.st.stm32cube.common.mx_6.13.0.202411220809\\db\/plugins/mcufinder/images/
2025-01-29 20:18:53,098 [WARN] DbFile:41 - Overriding database path with different value: C:\Users\Tejas Sawant\.stmcufinder\plugins\mcufinder/ => C:\Users\Tejas Sawant\.stmcufinder\plugins\mcufinder
2025-01-29 20:18:53,106 [INFO] ApiDb:250 - Set database path to: C:\Users\Tejas Sawant\.stmcufinder\plugins\mcufinder//mcu/
2025-01-29 20:18:53,106 [WARN] DbFile:41 - Overriding database path with different value: C:\Users\Tejas Sawant\.stmcufinder\plugins\mcufinder/ => C:\Users\Tejas Sawant\.stmcufinder\plugins\mcufinder
2025-01-29 20:18:53,106 [INFO] DbMcusAds:125 - Set database path to: C:\Users\Tejas Sawant\.stmcufinder\plugins\mcufinder//mcu/
2025-01-29 20:18:53,106 [WARN] DbFile:41 - Overriding database path with different value: C:\Users\Tejas Sawant\.stmcufinder\plugins\mcufinder/ => C:\Users\Tejas Sawant\.stmcufinder\plugins\mcufinder
2025-01-29 20:18:53,106 [WARN] DbFile:41 - Overriding database path with different value: C:\Users\Tejas Sawant\.stmcufinder\plugins\mcufinder/ => C:\Users\Tejas Sawant\.stmcufinder\plugins\mcufinder
2025-01-29 20:18:53,106 [INFO] CrossReferenceDbSqlite:203 - Set database path to: C:\Users\Tejas Sawant\.stmcufinder\plugins\mcufinder//mcu/cs/
2025-01-29 20:18:53,131 [INFO] ApplicationProperties:184 - Using Application install path: C:\ST\STM32CubeIDE_1.15.1\STM32CubeIDE\plugins\com.st.stm32cube.common.mx_6.13.0.202411220809
2025-01-29 20:18:53,135 [INFO] PluginManage:196 - Search for loadable plugins [exclusion list=, ]
2025-01-29 20:18:53,135 [INFO] PluginManage:310 - Check plugin analytics
2025-01-29 20:18:53,409 [INFO] AnalyticsPlugin:253 - Accepted Software Licenses: 
2025-01-29 20:18:53,411 [INFO] AnalyticsPlugin:255 - Accepted CMSIS Pack Licenses: 
2025-01-29 20:18:53,411 [INFO] AnalyticsPlugin:257 - Accepted Firmware Licenses: 
2025-01-29 20:18:53,412 [INFO] PluginManage:359 - Loaded plugin analytics (category:tool,tabindex:-1)
2025-01-29 20:18:53,416 [INFO] PluginManage:310 - Check plugin cadmodel
2025-01-29 20:18:53,442 [INFO] CADModel:105 - Init CAD model plugin
2025-01-29 20:18:53,442 [INFO] PluginManage:359 - Loaded plugin cadmodel (category:power,tabindex:5)
2025-01-29 20:18:53,442 [INFO] PluginManage:310 - Check plugin clock
2025-01-29 20:18:53,472 [INFO] PluginManage:359 - Loaded plugin clock (category:base,tabindex:2)
2025-01-29 20:18:53,472 [INFO] PluginManage:310 - Check plugin ddr
2025-01-29 20:18:53,475 [INFO] PluginManage:359 - Loaded plugin ddr (category:tool,tabindex:6)
2025-01-29 20:18:53,475 [INFO] PluginManage:310 - Check plugin filemanager
2025-01-29 20:18:53,675 [INFO] PluginManage:359 - Loaded plugin filemanager (category:base,tabindex:10)
2025-01-29 20:18:53,675 [INFO] PluginManage:310 - Check plugin ipmanager
2025-01-29 20:18:53,683 [INFO] PluginManage:359 - Loaded plugin ipmanager (category:base,tabindex:5)
2025-01-29 20:18:53,683 [INFO] PluginManage:310 - Check plugin lpbam
2025-01-29 20:18:53,713 [INFO] PluginManage:359 - Loaded plugin lpbam (category:base,tabindex:0)
2025-01-29 20:18:53,713 [INFO] PluginManage:310 - Check plugin memorymap
2025-01-29 20:18:53,752 [INFO] PluginManage:359 - Loaded plugin memorymap (category:base,tabindex:4)
2025-01-29 20:18:53,752 [INFO] PluginManage:310 - Check plugin pinoutandconfiguration
2025-01-29 20:18:53,777 [INFO] PluginManage:359 - Loaded plugin pinoutandconfiguration (category:base,tabindex:1)
2025-01-29 20:18:53,777 [INFO] PluginManage:310 - Check plugin pinoutconfig
2025-01-29 20:18:53,934 [WARN] SupportedApi:132 - Cannot load RTOS API schema: s4s-elt-must-match.1: The content of 'definitions' must match (annotation?, (simpleType | complexType)?, (unique | key | keyref)*)). A problem was found starting at: attribute.
2025-01-29 20:18:54,159 [INFO] PluginManage:359 - Loaded plugin pinoutconfig (category:base,tabindex:0)
2025-01-29 20:18:54,162 [INFO] PluginManage:310 - Check plugin power
2025-01-29 20:18:54,197 [INFO] PluginManage:359 - Loaded plugin power (category:power,tabindex:4)
2025-01-29 20:18:54,197 [INFO] PluginManage:310 - Check plugin projectmanager
2025-01-29 20:18:54,222 [INFO] PluginManage:359 - Loaded plugin projectmanager (category:projectmanager,tabindex:4)
2025-01-29 20:18:54,222 [INFO] PluginManage:310 - Check plugin rif
2025-01-29 20:18:54,249 [INFO] PluginManage:359 - Loaded plugin rif (category:base,tabindex:3)
2025-01-29 20:18:54,249 [INFO] PluginManage:310 - Check plugin thirdparty
2025-01-29 20:18:54,672 [WARN] IntegrityCheckThread:84 - waiting for thirdparty lock release [integrity check]
2025-01-29 20:18:54,672 [INFO] IntegrityCheckThread:86 - entering critical section [integrity check]
2025-01-29 20:18:54,672 [INFO] PluginManage:359 - Loaded plugin thirdparty (category:base,tabindex:-1)
2025-01-29 20:18:54,672 [INFO] PluginManage:310 - Check plugin tools
2025-01-29 20:18:54,672 [INFO] ThirdPartyUpdaterWithRetryManager:70 - Updater plugin not ready yet. [1/15]
2025-01-29 20:18:54,721 [INFO] PluginManage:359 - Loaded plugin tools (category:base,tabindex:7)
2025-01-29 20:18:54,721 [INFO] PluginManage:310 - Check plugin tutovideos
2025-01-29 20:18:55,010 [INFO] PluginManage:359 - Loaded plugin tutovideos (category:base,tabindex:-1)
2025-01-29 20:18:55,016 [INFO] PluginManage:310 - Check plugin updater
2025-01-29 20:18:55,050 [INFO] PluginManage:359 - Loaded plugin updater (category:base,tabindex:12)
2025-01-29 20:18:55,050 [INFO] PluginManage:310 - Check plugin userauth
2025-01-29 20:18:55,055 [INFO] UserAuth:118 - Init User Auth plugin
2025-01-29 20:18:55,057 [INFO] PluginManage:359 - Loaded plugin userauth (category:base,tabindex:14)
2025-01-29 20:18:55,059 [INFO] PluginManage:283 - PluginManage : Loaded plugins [18]
2025-01-29 20:18:55,376 [INFO] PinOutPanel:1589 - setPackage(No Configuration,No Configuration)
2025-01-29 20:18:55,499 [INFO] CADModel:165 - CPN selected for project level
2025-01-29 20:18:55,499 [INFO] CADModel:114 - Register for checkConnection events
2025-01-29 20:18:55,649 [INFO] IPUIPlugin:80 - create IPUIPlugin
2025-01-29 20:18:55,649 [INFO] PluginManager:220 - loadIPPluginJar : add adc
2025-01-29 20:18:55,710 [INFO] IPUIPlugin:80 - create IPUIPlugin
2025-01-29 20:18:55,710 [INFO] PluginManager:220 - loadIPPluginJar : add aes
2025-01-29 20:18:55,768 [INFO] IPUIPlugin:80 - create IPUIPlugin
2025-01-29 20:18:55,768 [INFO] PluginManager:220 - loadIPPluginJar : add can
2025-01-29 20:18:55,808 [INFO] IPUIPlugin:80 - create IPUIPlugin
2025-01-29 20:18:55,808 [INFO] PluginManager:220 - loadIPPluginJar : add comp
2025-01-29 20:18:55,849 [INFO] IPUIPlugin:80 - create IPUIPlugin
2025-01-29 20:18:55,849 [INFO] PluginManager:220 - loadIPPluginJar : add cryp
2025-01-29 20:18:55,874 [INFO] IPUIPlugin:80 - create IPUIPlugin
2025-01-29 20:18:55,874 [INFO] PluginManager:220 - loadIPPluginJar : add ddr_ctrl_phy
2025-01-29 20:18:55,914 [INFO] IPUIPlugin:80 - create IPUIPlugin
2025-01-29 20:18:55,914 [INFO] PluginManager:220 - loadIPPluginJar : add dfsdm
2025-01-29 20:18:55,930 [INFO] IPUIPlugin:80 - create IPUIPlugin
2025-01-29 20:18:55,930 [INFO] PluginManager:220 - loadIPPluginJar : add dma
2025-01-29 20:18:55,984 [INFO] IPUIPlugin:80 - create IPUIPlugin
2025-01-29 20:18:55,984 [INFO] PluginManager:220 - loadIPPluginJar : add dma3
2025-01-29 20:18:56,039 [INFO] IPUIPlugin:80 - create IPUIPlugin
2025-01-29 20:18:56,039 [INFO] PluginManager:220 - loadIPPluginJar : add extmemmanager
2025-01-29 20:18:56,070 [INFO] IPUIPlugin:80 - create IPUIPlugin
2025-01-29 20:18:56,070 [INFO] PluginManager:220 - loadIPPluginJar : add fatfs
2025-01-29 20:18:56,127 [INFO] IPUIPlugin:80 - create IPUIPlugin
2025-01-29 20:18:56,127 [INFO] PluginManager:220 - loadIPPluginJar : add fmc
2025-01-29 20:18:56,151 [INFO] IPUIPlugin:80 - create IPUIPlugin
2025-01-29 20:18:56,151 [INFO] PluginManager:220 - loadIPPluginJar : add freertos
2025-01-29 20:18:56,177 [INFO] IPUIPlugin:80 - create IPUIPlugin
2025-01-29 20:18:56,177 [INFO] PluginManager:220 - loadIPPluginJar : add genericplugin
2025-01-29 20:18:56,290 [INFO] IPUIPlugin:80 - create IPUIPlugin
2025-01-29 20:18:56,290 [INFO] PluginManager:220 - loadIPPluginJar : add gfxmmu
2025-01-29 20:18:56,445 [INFO] IPUIPlugin:80 - create IPUIPlugin
2025-01-29 20:18:56,445 [INFO] PluginManager:220 - loadIPPluginJar : add gic
2025-01-29 20:18:56,464 [INFO] IPUIPlugin:80 - create IPUIPlugin
2025-01-29 20:18:56,464 [INFO] PluginManager:220 - loadIPPluginJar : add gpio
2025-01-29 20:18:56,570 [INFO] IPUIPlugin:80 - create IPUIPlugin
2025-01-29 20:18:56,570 [INFO] PluginManager:220 - loadIPPluginJar : add gtzc
2025-01-29 20:18:56,612 [INFO] IPUIPlugin:80 - create IPUIPlugin
2025-01-29 20:18:56,612 [INFO] PluginManager:220 - loadIPPluginJar : add hash
2025-01-29 20:18:56,674 [INFO] IPUIPlugin:80 - create IPUIPlugin
2025-01-29 20:18:56,674 [INFO] PluginManager:220 - loadIPPluginJar : add i2c
2025-01-29 20:18:56,715 [INFO] IPUIPlugin:80 - create IPUIPlugin
2025-01-29 20:18:56,715 [INFO] PluginManager:220 - loadIPPluginJar : add i2s
2025-01-29 20:18:56,773 [INFO] IPUIPlugin:80 - create IPUIPlugin
2025-01-29 20:18:56,773 [INFO] PluginManager:220 - loadIPPluginJar : add i3c
2025-01-29 20:18:56,907 [INFO] IPUIPlugin:80 - create IPUIPlugin
2025-01-29 20:18:56,907 [INFO] PluginManager:220 - loadIPPluginJar : add ipddr
2025-01-29 20:18:57,009 [INFO] IPUIPlugin:80 - create IPUIPlugin
2025-01-29 20:18:57,009 [INFO] PluginManager:220 - loadIPPluginJar : add linkedlist
2025-01-29 20:18:57,052 [INFO] IPUIPlugin:80 - create IPUIPlugin
2025-01-29 20:18:57,052 [INFO] PluginManager:220 - loadIPPluginJar : add lorawan
2025-01-29 20:18:57,091 [INFO] IPUIPlugin:80 - create IPUIPlugin
2025-01-29 20:18:57,092 [INFO] PluginManager:220 - loadIPPluginJar : add ltdc
2025-01-29 20:18:57,109 [INFO] IPUIPlugin:80 - create IPUIPlugin
2025-01-29 20:18:57,109 [INFO] PluginManager:220 - loadIPPluginJar : add mdma
2025-01-29 20:18:57,125 [INFO] IPUIPlugin:80 - create IPUIPlugin
2025-01-29 20:18:57,131 [INFO] PluginManager:220 - loadIPPluginJar : add nvic
2025-01-29 20:18:57,172 [INFO] IPUIPlugin:80 - create IPUIPlugin
2025-01-29 20:18:57,172 [INFO] PluginManager:220 - loadIPPluginJar : add opamp
2025-01-29 20:18:57,245 [INFO] IPUIPlugin:80 - create IPUIPlugin
2025-01-29 20:18:57,245 [INFO] PluginManager:220 - loadIPPluginJar : add openamp
2025-01-29 20:18:57,294 [INFO] IPUIPlugin:80 - create IPUIPlugin
2025-01-29 20:18:57,294 [INFO] PluginManager:220 - loadIPPluginJar : add pdm2pcm
2025-01-29 20:18:57,311 [INFO] IPUIPlugin:80 - create IPUIPlugin
2025-01-29 20:18:57,311 [INFO] PluginManager:220 - loadIPPluginJar : add plateformsettings
2025-01-29 20:18:57,337 [INFO] IPUIPlugin:80 - create IPUIPlugin
2025-01-29 20:18:57,337 [INFO] PluginManager:220 - loadIPPluginJar : add quadspi
2025-01-29 20:18:57,369 [INFO] IPUIPlugin:80 - create IPUIPlugin
2025-01-29 20:18:57,369 [INFO] PluginManager:220 - loadIPPluginJar : add radio
2025-01-29 20:18:57,386 [INFO] IPUIPlugin:80 - create IPUIPlugin
2025-01-29 20:18:57,386 [INFO] PluginManager:220 - loadIPPluginJar : add resmgrutility
2025-01-29 20:18:57,444 [INFO] IPUIPlugin:80 - create IPUIPlugin
2025-01-29 20:18:57,444 [INFO] PluginManager:220 - loadIPPluginJar : add sai
2025-01-29 20:18:57,482 [INFO] IPUIPlugin:80 - create IPUIPlugin
2025-01-29 20:18:57,482 [INFO] PluginManager:220 - loadIPPluginJar : add spi
2025-01-29 20:18:57,567 [INFO] IPUIPlugin:80 - create IPUIPlugin
2025-01-29 20:18:57,567 [INFO] PluginManager:220 - loadIPPluginJar : add stm32_wpan
2025-01-29 20:18:57,597 [INFO] IPUIPlugin:80 - create IPUIPlugin
2025-01-29 20:18:57,597 [INFO] PluginManager:220 - loadIPPluginJar : add tim
2025-01-29 20:18:57,673 [INFO] IPUIPlugin:80 - create IPUIPlugin
2025-01-29 20:18:57,673 [INFO] PluginManager:220 - loadIPPluginJar : add touchsensing
2025-01-29 20:18:57,686 [INFO] ThirdPartyUpdaterWithRetryManager:70 - Updater plugin not ready yet. [2/15]
2025-01-29 20:18:57,696 [INFO] IPUIPlugin:80 - create IPUIPlugin
2025-01-29 20:18:57,696 [INFO] PluginManager:220 - loadIPPluginJar : add tracer_emb
2025-01-29 20:18:57,728 [INFO] IPUIPlugin:80 - create IPUIPlugin
2025-01-29 20:18:57,728 [INFO] PluginManager:220 - loadIPPluginJar : add ts
2025-01-29 20:18:57,760 [INFO] IPUIPlugin:80 - create IPUIPlugin
2025-01-29 20:18:57,760 [INFO] PluginManager:220 - loadIPPluginJar : add tsc
2025-01-29 20:18:57,786 [INFO] IPUIPlugin:80 - create IPUIPlugin
2025-01-29 20:18:57,787 [INFO] PluginManager:220 - loadIPPluginJar : add ucpd
2025-01-29 20:18:57,845 [INFO] IPUIPlugin:80 - create IPUIPlugin
2025-01-29 20:18:57,845 [INFO] PluginManager:220 - loadIPPluginJar : add usart
2025-01-29 20:18:57,910 [INFO] IPUIPlugin:80 - create IPUIPlugin
2025-01-29 20:18:57,910 [INFO] PluginManager:220 - loadIPPluginJar : add usbx
2025-01-29 20:18:58,051 [FATAL] Updater:351 - Updater called before beeing initialized
2025-01-29 20:18:58,086 [INFO] RulesReader:64 - Compatibility file has been processed (297 Rules)
2025-01-29 20:18:58,102 [INFO] RulesReader:64 - Compatibility file has been processed (297 Rules)
2025-01-29 20:18:58,107 [INFO] CADModel:165 - CPN selected for project level
2025-01-29 20:18:58,111 [INFO] CADModel:114 - Register for checkConnection events
2025-01-29 20:18:58,111 [FATAL] Updater:351 - Updater called before beeing initialized
2025-01-29 20:18:58,111 [ERROR] CADModel:125 - Updater not yet initialized, retry later 
2025-01-29 20:18:58,293 [FATAL] Updater:351 - Updater called before beeing initialized
2025-01-29 20:18:58,294 [INFO] CADModel:165 - CPN selected for project level
2025-01-29 20:18:58,294 [INFO] CADModel:114 - Register for checkConnection events
2025-01-29 20:18:58,294 [FATAL] Updater:351 - Updater called before beeing initialized
2025-01-29 20:18:58,294 [ERROR] CADModel:125 - Updater not yet initialized, retry later 
2025-01-29 20:18:58,296 [FATAL] Updater:351 - Updater called before beeing initialized
2025-01-29 20:18:58,417 [FATAL] Updater:351 - Updater called before beeing initialized
2025-01-29 20:18:58,427 [INFO] DbMcusAds:53 - JSON generation date=Tue Dec 17 21:31:15 IST 2024 (1734451275111)
2025-01-29 20:18:58,432 [FATAL] Updater:351 - Updater called before beeing initialized
2025-01-29 20:18:58,472 [WARN] DetailPanel:346 - Failed to get advertising image, set to default
2025-01-29 20:18:58,701 [FATAL] Updater:351 - Updater called before beeing initialized
2025-01-29 20:18:58,703 [FATAL] Updater:351 - Updater called before beeing initialized
2025-01-29 20:18:58,703 [FATAL] Updater:351 - Updater called before beeing initialized
2025-01-29 20:18:58,703 [WARN] DetailPanel:346 - Failed to get advertising image, set to default
2025-01-29 20:18:58,703 [FATAL] Updater:351 - Updater called before beeing initialized
2025-01-29 20:18:58,792 [ERROR] Updater:1198 - MainUpdater not yet initialized. External WinMGr cannot be set.
2025-01-29 20:18:58,808 [INFO] Updater:1134 - Updater Version found : 6.13.0
2025-01-29 20:18:58,829 [INFO] ApplicationProperties:184 - Using Application install path: C:\ST\STM32CubeIDE_1.15.1\STM32CubeIDE\plugins\com.st.stm32cube.common.mx_6.13.0.202411220809
2025-01-29 20:19:00,442 [ERROR] LogOutputStream:75 - [STDERR_REDIRECT] Jan 29, 2025 8:19:00 PM java.util.prefs.WindowsPreferences <init>
2025-01-29 20:19:00,442 [ERROR] LogOutputStream:75 - [STDERR_REDIRECT] WARNING: Could not open/create prefs root node Software\JavaSoft\Prefs at root 0xffffffff80000002. Windows RegCreateKeyEx(...) returned error code 5.
2025-01-29 20:19:00,442 [ERROR] LogOutputStream:75 - [STDERR_REDIRECT] 
2025-01-29 20:19:00,693 [INFO] ThirdPartyUpdaterWithRetryManager:70 - Updater plugin not ready yet. [3/15]
2025-01-29 20:19:01,029 [INFO] MainUpdater:2872 - connection check result : 10
2025-01-29 20:19:01,032 [INFO] MainUpdater:289 - Updater Check For Update Now.
2025-01-29 20:19:01,032 [INFO] MicroXplorer:498 - Change Database Version : DB.6.0.130
2025-01-29 20:19:01,062 [INFO] McuFinderGlobals:63 - Set McuFinder mode to 2 (CubeIDE integrated)
2025-01-29 20:19:01,062 [INFO] UserAuth:171 - activating auth plugin
2025-01-29 20:19:01,070 [INFO] UserAuth:486 - Internet connection configuration mode: 1
2025-01-29 20:19:01,115 [INFO] JxBrowserEngine:152 - Initiate JxBrowser Engine with user profile folder
2025-01-29 20:19:01,401 [INFO] CheckServerUpdateThread:120 - End of CheckServer Thread
2025-01-29 20:19:02,677 [INFO] WebApp:168 - Instantiating new browser for Auth
2025-01-29 20:19:03,712 [INFO] WebApp:449 - Apply proxy settings
2025-01-29 20:19:03,715 [INFO] WebApp:534 - Chromium requires no authentication
2025-01-29 20:19:03,725 [INFO] WebApp:477 - Direct internet connection detected
2025-01-29 20:19:03,775 [INFO] WebApp:880 - Register for checkConnection events
2025-01-29 20:19:03,775 [INFO] WebApp:449 - Apply proxy settings
2025-01-29 20:19:03,776 [INFO] WebApp:534 - Chromium requires no authentication
2025-01-29 20:19:03,776 [INFO] WebApp:477 - Direct internet connection detected
2025-01-29 20:19:04,141 [WARN] PackLoader:240 - Cannot read IP mode file for STMicroelectronics.FP-SNS-MOTENVWB1.1.4.0
2025-01-29 20:19:04,175 [WARN] PackLoader:240 - Cannot read IP mode file for STMicroelectronics.FP-ATR-ASTRA1.2.0.1
2025-01-29 20:19:04,178 [INFO] WebApp:187 - Connection restablished
2025-01-29 20:19:04,211 [WARN] PackLoader:240 - Cannot read IP mode file for STMicroelectronics.X-CUBE-SMBUS.2.1.0
2025-01-29 20:19:04,244 [WARN] PackLoader:240 - Cannot read IP mode file for STMicroelectronics.X-CUBE-WB05N.1.1.0
2025-01-29 20:19:04,244 [INFO] WebApp:221 - Starting web application
2025-01-29 20:19:04,244 [INFO] WebApp:579 - Web application path used C:\ST\STM32CubeIDE_1.15.1\STM32CubeIDE\plugins\com.st.stm32cube.common.mx_6.13.0.202411220809\db\plugins\mcufinder\reactClient1\index.html
2025-01-29 20:19:04,331 [WARN] PackLoader:240 - Cannot read IP mode file for STMicroelectronics.X-CUBE-AZRTOS-F7.1.1.0
2025-01-29 20:19:04,520 [WARN] PackLoader:240 - Cannot read IP mode file for STMicroelectronics.X-CUBE-MEMS1.11.0.0
2025-01-29 20:19:04,905 [WARN] PackLoader:240 - Cannot read IP mode file for STMicroelectronics.FP-SNS-FLIGHT1.5.0.2
2025-01-29 20:19:04,937 [WARN] PackLoader:240 - Cannot read IP mode file for STMicroelectronics.X-CUBE-DISPLAY.3.0.0
2025-01-29 20:19:04,978 [WARN] PackLoader:240 - Cannot read IP mode file for STMicroelectronics.X-CUBE-BLE1.7.0.0
2025-01-29 20:19:05,026 [WARN] PackLoader:240 - Cannot read IP mode file for STMicroelectronics.X-CUBE-NFC10.1.0.0
2025-01-29 20:19:05,067 [WARN] PackLoader:240 - Cannot read IP mode file for STMicroelectronics.X-CUBE-BLEMGR.4.0.0
2025-01-29 20:19:05,091 [WARN] PackLoader:240 - Cannot read IP mode file for emotas.I-CUBE-CANOPEN.1.3.0
2025-01-29 20:19:05,124 [WARN] PackLoader:240 - Cannot read IP mode file for STMicroelectronics.X-CUBE-BLEMGR.3.1.0
2025-01-29 20:19:05,148 [WARN] PackLoader:240 - Cannot read IP mode file for STMicroelectronics.X-CUBE-AI.10.0.0
2025-01-29 20:19:05,174 [WARN] PackLoader:240 - Cannot read IP mode file for STMicroelectronics.FP-SNS-SMARTAG2.1.2.0
2025-01-29 20:19:05,265 [WARN] PackLoader:240 - Cannot read IP mode file for STMicroelectronics.X-CUBE-MEMS1.11.1.0
2025-01-29 20:19:05,450 [INFO] LogOutputStream:77 - [STDOUT_REDIRECT] 1 : Invalid condition id : UX_CORESTACK_Condition cause : null
2025-01-29 20:19:05,450 [INFO] LogOutputStream:77 - [STDOUT_REDIRECT] 1 : Invalid condition id : UX_CORESTACK_Condition cause : null
2025-01-29 20:19:05,455 [INFO] LogOutputStream:77 - [STDOUT_REDIRECT] 1 : Invalid condition id : UX_CORESTACK_Condition cause : null
2025-01-29 20:19:05,457 [INFO] LogOutputStream:77 - [STDOUT_REDIRECT] 1 : Invalid condition id : UX_CORESTACK_Condition cause : null
2025-01-29 20:19:05,459 [INFO] LogOutputStream:77 - [STDOUT_REDIRECT] 1 : Invalid condition id : UX_CORESTACK_Condition cause : null
2025-01-29 20:19:05,461 [WARN] PackLoader:240 - Cannot read IP mode file for STMicroelectronics.X-CUBE-AZRTOS-WL.2.0.0
2025-01-29 20:19:05,487 [WARN] PackLoader:240 - Cannot read IP mode file for STMicroelectronics.FP-SNS-MOTENV1.5.0.0
2025-01-29 20:19:05,509 [WARN] PackLoader:240 - Cannot read IP mode file for wolfSSL.I-CUBE-wolfMQTT.1.19.0
2025-01-29 20:19:05,534 [WARN] PackLoader:240 - Cannot read IP mode file for WES.I-CUBE-Cesium.1.3.0
2025-01-29 20:19:05,559 [WARN] PackLoader:240 - Cannot read IP mode file for STMicroelectronics.X-CUBE-BLE2.3.3.0
2025-01-29 20:19:05,584 [WARN] PackLoader:240 - Cannot read IP mode file for STMicroelectronics.X-CUBE-NFC9.1.0.0
2025-01-29 20:19:05,607 [WARN] PackLoader:240 - Cannot read IP mode file for STMicroelectronics.X-CUBE-TCPP.4.1.0
2025-01-29 20:19:05,648 [WARN] PackLoader:240 - Cannot read IP mode file for STMicroelectronics.X-CUBE-AZRTOS-G0.1.1.0
2025-01-29 20:19:05,677 [WARN] PackLoader:240 - Cannot read IP mode file for STMicroelectronics.X-CUBE-SAFEA1.1.2.2
2025-01-29 20:19:05,703 [WARN] PackLoader:240 - Cannot read IP mode file for STMicroelectronics.X-CUBE-NFC4.3.0.0
2025-01-29 20:19:05,731 [WARN] PackLoader:240 - Cannot read IP mode file for EmbeddedOffice.I-CUBE-FS-RTOS.1.0.1
2025-01-29 20:19:05,750 [WARN] PackLoader:240 - Cannot read IP mode file for STMicroelectronics.X-CUBE-TCPP.4.2.0
2025-01-29 20:19:05,773 [WARN] PackLoader:240 - Cannot read IP mode file for RealThread.X-CUBE-RT-Thread_Nano.4.1.1
2025-01-29 20:19:05,791 [WARN] PackLoader:240 - Cannot read IP mode file for STMicroelectronics.FP-ATR-SIGFOX1.3.2.0
2025-01-29 20:19:05,806 [WARN] PackLoader:240 - Cannot read IP mode file for wolfSSL.I-CUBE-wolfSSL.5.7.2
2025-01-29 20:19:05,828 [WARN] ConditionMgr:438 - getConditionDescription Invalid condition id : Cortex-A Device cause : null
2025-01-29 20:19:05,860 [WARN] ConditionMgr:1044 - genDependencies : Invalid condition id : Cortex-A Device cause : null
2025-01-29 20:19:05,861 [WARN] ConditionMgr:1044 - genDependencies : Invalid condition id : Cortex-A Device cause : null
2025-01-29 20:19:05,861 [WARN] ConditionMgr:1044 - genDependencies : Invalid condition id : Cortex-A Device cause : null
2025-01-29 20:19:05,880 [WARN] PackLoader:240 - Cannot read IP mode file for STMicroelectronics.X-CUBE-EEPRMA1.5.1.0
2025-01-29 20:19:05,895 [WARN] PackLoader:240 - Cannot read IP mode file for ITTIA_DB.I-CUBE-ITTIADB.8.9.0
2025-01-29 20:19:05,955 [WARN] PackLoader:240 - Cannot read IP mode file for SEGGER.I-CUBE-embOS.1.3.1
2025-01-29 20:19:06,052 [WARN] PackLoader:240 - Cannot read IP mode file for STMicroelectronics.X-CUBE-ALGOBUILD.1.4.0
2025-01-29 20:19:06,075 [WARN] PackLoader:240 - Cannot read IP mode file for STMicroelectronics.X-CUBE-AI.9.1.0
2025-01-29 20:19:06,103 [WARN] PackLoader:240 - Cannot read IP mode file for STMicroelectronics.X-CUBE-GNSS1.6.0.0
2025-01-29 20:19:06,150 [WARN] PackLoader:240 - Cannot read IP mode file for STMicroelectronics.X-CUBE-AZRTOS-F4.1.1.0
2025-01-29 20:19:06,175 [WARN] PackLoader:240 - Cannot read IP mode file for STMicroelectronics.X-CUBE-ISPU.2.1.0
2025-01-29 20:19:06,190 [WARN] PackLoader:240 - Cannot read IP mode file for STMicroelectronics.X-CUBE-FREERTOS.1.2.0
2025-01-29 20:19:06,231 [WARN] PackLoader:240 - Cannot read IP mode file for STMicroelectronics.X-CUBE-AZRTOS-L5.2.0.0
2025-01-29 20:19:06,263 [WARN] PackLoader:240 - Cannot read IP mode file for STMicroelectronics.X-CUBE-NFC6.3.1.0
2025-01-29 20:19:06,287 [WARN] PackLoader:240 - Cannot read IP mode file for STMicroelectronics.X-CUBE-DPower.1.2.0
2025-01-29 20:19:06,306 [WARN] PackLoader:240 - Cannot read IP mode file for STMicroelectronics.X-CUBE-AI.9.0.0
2025-01-29 20:19:06,327 [WARN] PackLoader:240 - Cannot read IP mode file for STMicroelectronics.X-CUBE-FREERTOS.1.3.0
2025-01-29 20:19:06,345 [WARN] PackLoader:240 - Cannot read IP mode file for STMicroelectronics.X-CUBE-NFC7.1.0.1
2025-01-29 20:19:06,364 [WARN] PackLoader:240 - Cannot read IP mode file for wolfSSL.I-CUBE-wolfTPM.3.2.0
2025-01-29 20:19:06,403 [WARN] ConditionMgr:438 - getConditionDescription Invalid condition id : LAN8742 Phy interface Condition cause : null
2025-01-29 20:19:06,404 [WARN] PackLoader:240 - Cannot read IP mode file for STMicroelectronics.X-CUBE-AZRTOS-L4.2.0.0
2025-01-29 20:19:06,405 [WARN] ConditionMgr:1044 - genDependencies : Invalid condition id : LAN8742 Phy interface Condition cause : null
2025-01-29 20:19:06,405 [WARN] ConditionMgr:1044 - genDependencies : Invalid condition id : LAN8742 Phy interface Condition cause : null
2025-01-29 20:19:06,405 [WARN] ConditionMgr:1044 - genDependencies : Invalid condition id : LAN8742 Phy interface Condition cause : null
2025-01-29 20:19:06,426 [WARN] PackLoader:240 - Cannot read IP mode file for STMicroelectronics.X-CUBE-SFXS2LP1.4.0.0
2025-01-29 20:19:06,477 [WARN] PackLoader:240 - Cannot read IP mode file for STMicroelectronics.X-CUBE-AZRTOS-H7.3.3.0
2025-01-29 20:19:06,506 [WARN] PackLoader:240 - Cannot read IP mode file for STMicroelectronics.X-CUBE-IPS.3.0.0
2025-01-29 20:19:06,541 [WARN] ConditionMgr:438 - getConditionDescription Invalid condition id : UX DEVICE CLASS RTOS Condition cause : null
2025-01-29 20:19:06,541 [WARN] ConditionMgr:438 - getConditionDescription Invalid condition id : UX DEVICE CLASS RTOS Condition cause : null
2025-01-29 20:19:06,541 [WARN] PackLoader:240 - Cannot read IP mode file for STMicroelectronics.X-CUBE-AZRTOS-WB.2.0.0
2025-01-29 20:19:06,541 [WARN] ConditionMgr:1044 - genDependencies : Invalid condition id : UX DEVICE CLASS RTOS Condition cause : null
2025-01-29 20:19:06,541 [WARN] ConditionMgr:1044 - genDependencies : Invalid condition id : UX DEVICE CLASS RTOS Condition cause : null
2025-01-29 20:19:06,541 [WARN] ConditionMgr:1044 - genDependencies : Invalid condition id : UX DEVICE CLASS RTOS Condition cause : null
2025-01-29 20:19:06,541 [WARN] ConditionMgr:1044 - genDependencies : Invalid condition id : UX DEVICE CLASS RTOS Condition cause : null
2025-01-29 20:19:06,541 [WARN] ConditionMgr:1044 - genDependencies : Invalid condition id : UX DEVICE CLASS RTOS Condition cause : null
2025-01-29 20:19:06,566 [WARN] PackLoader:240 - Cannot read IP mode file for STMicroelectronics.X-CUBE-GNSS1.7.0.0
2025-01-29 20:19:06,593 [WARN] PackLoader:240 - Cannot read IP mode file for STMicroelectronics.X-CUBE-GNSS1.7.0.1
2025-01-29 20:19:06,615 [WARN] PackLoader:240 - Cannot read IP mode file for STMicroelectronics.FP-SNS-STBOX1.2.0.0
2025-01-29 20:19:06,643 [WARN] PackLoader:240 - Cannot read IP mode file for STMicroelectronics.X-CUBE-SUBG2.5.0.0
2025-01-29 20:19:06,668 [WARN] PackLoader:240 - Cannot read IP mode file for Cesanta.I-CUBE-Mongoose.7.13.0
2025-01-29 20:19:06,702 [WARN] PackLoader:240 - Cannot read IP mode file for STMicroelectronics.X-CUBE-AZRTOS-G4.2.0.0
2025-01-29 20:19:06,725 [WARN] PackLoader:240 - Cannot read IP mode file for STMicroelectronics.X-CUBE-ISPU.2.0.0
2025-01-29 20:19:06,754 [WARN] PackLoader:240 - Cannot read IP mode file for STMicroelectronics.X-CUBE-IPS.3.1.0
2025-01-29 20:19:06,778 [WARN] PackLoader:240 - Cannot read IP mode file for STMicroelectronics.X-CUBE-ALS.1.0.2
2025-01-29 20:19:06,846 [WARN] PackLoader:240 - Cannot read IP mode file for STMicroelectronics.X-CUBE-MEMS1.10.0.0
2025-01-29 20:19:06,986 [WARN] PackLoader:240 - Cannot read IP mode file for STMicroelectronics.X-CUBE-TOUCHGFX.4.24.0
2025-01-29 20:19:07,003 [WARN] PackLoader:240 - Cannot read IP mode file for STMicroelectronics.X-CUBE-TOUCHGFX.4.24.2
2025-01-29 20:19:07,017 [WARN] PackLoader:240 - Cannot read IP mode file for STMicroelectronics.X-CUBE-TOUCHGFX.4.24.1
2025-01-29 20:19:07,042 [WARN] PackLoader:240 - Cannot read IP mode file for wolfSSL.I-CUBE-wolfTPM.3.4.0
2025-01-29 20:19:07,058 [WARN] PackLoader:240 - Cannot read IP mode file for portGmbH.I-Cube-SoM-uGOAL.1.1.0
2025-01-29 20:19:07,102 [WARN] PackLoader:240 - Cannot read IP mode file for STMicroelectronics.X-CUBE-AZRTOS-H7RS.1.0.0
2025-01-29 20:19:07,124 [WARN] PackLoader:240 - Cannot read IP mode file for STMicroelectronics.FP-ATR-ASTRA1.2.0.0
2025-01-29 20:19:07,149 [WARN] PackLoader:240 - Cannot read IP mode file for STMicroelectronics.X-CUBE-TOF1.3.4.2
2025-01-29 20:19:07,197 [WARN] PackLoader:240 - Cannot read IP mode file for Infineon.AIROC-Wi-Fi-Bluetooth-STM32.1.6.1
2025-01-29 20:19:07,216 [WARN] PackLoader:240 - Cannot read IP mode file for wolfSSL.I-CUBE-wolfSSH.1.4.17
2025-01-29 20:19:07,220 [INFO] ThirdParty:978 - Integrity check success = true
2025-01-29 20:19:07,220 [INFO] IntegrityCheckThread:100 - exiting critical section [integrity check]
2025-01-29 20:19:07,220 [INFO] IntegrityCheckThread:103 - End integrity checks thread
2025-01-29 20:22:32,646 [INFO] WebApp:190 - Connection lost
2025-01-29 20:22:33,081 [INFO] WebApp:187 - Connection restablished
