2025-01-30 01:07:47,239 [ERROR] LogOutputStream:75 - [STDERR_REDIRECT] 
2025-01-30 01:11:40,462 [INFO] Activator:176 - 


2025-01-30 01:11:40,464 [INFO] Activator:177 - !SESSION log4j initialized
2025-01-30 01:11:47,790 [INFO] LogOutputStream:77 - [STDOUT_REDIRECT] 
2025-01-30 01:11:50,317 [INFO] ApplicationProperties:184 - Using Application install path: C:\ST\STM32CubeIDE_1.15.1\STM32CubeIDE\plugins\com.st.stm32cube.common.mx_6.13.0.202411220809
2025-01-30 01:11:50,340 [INFO] DbMcusXml:78 - Set database path to: C:\ST\STM32CubeIDE_1.15.1\STM32CubeIDE\plugins\com.st.stm32cube.common.mx_6.13.0.202411220809\\db\/mcu/
2025-01-30 01:11:50,340 [INFO] ApiDb:274 - Set plugin database path to: C:\ST\STM32CubeIDE_1.15.1\STM32CubeIDE\plugins\com.st.stm32cube.common.mx_6.13.0.202411220809\\db\/plugins/boardmanager/
2025-01-30 01:11:50,340 [WARN] ApiDb:259 - Overriding images path with different value:  => C:\ST\STM32CubeIDE_1.15.1\STM32CubeIDE\plugins\com.st.stm32cube.common.mx_6.13.0.202411220809\\db\/plugins/mcufinder/images/
2025-01-30 01:11:50,350 [INFO] ApiDb:250 - Set database path to: C:\Users\Tejas Sawant\.stmcufinder\plugins\mcufinder//mcu/
2025-01-30 01:11:50,352 [INFO] DbMcusAds:125 - Set database path to: C:\Users\Tejas Sawant\.stmcufinder\plugins\mcufinder//mcu/
2025-01-30 01:11:50,355 [INFO] CrossReferenceDbSqlite:203 - Set database path to: C:\Users\Tejas Sawant\.stmcufinder\plugins\mcufinder//mcu/cs/
2025-01-30 01:11:50,530 [INFO] RulesReader:64 - Compatibility file has been processed (297 Rules)
2025-01-30 01:11:50,638 [INFO] DbMcusXml:78 - Set database path to: C:\ST\STM32CubeIDE_1.15.1\STM32CubeIDE\plugins\com.st.stm32cube.common.mx_6.13.0.202411220809\\db\/mcu/
2025-01-30 01:11:50,638 [INFO] ApiDb:274 - Set plugin database path to: C:\ST\STM32CubeIDE_1.15.1\STM32CubeIDE\plugins\com.st.stm32cube.common.mx_6.13.0.202411220809\\db\/plugins/boardmanager/
2025-01-30 01:11:50,638 [INFO] ApiDb:261 - Set plugin images path to: C:\ST\STM32CubeIDE_1.15.1\STM32CubeIDE\plugins\com.st.stm32cube.common.mx_6.13.0.202411220809\\db\/plugins/mcufinder/images/
2025-01-30 01:11:50,640 [WARN] DbFile:41 - Overriding database path with different value: C:\Users\Tejas Sawant\.stmcufinder\plugins\mcufinder/ => C:\Users\Tejas Sawant\.stmcufinder\plugins\mcufinder
2025-01-30 01:11:50,640 [INFO] ApiDb:250 - Set database path to: C:\Users\Tejas Sawant\.stmcufinder\plugins\mcufinder//mcu/
2025-01-30 01:11:50,640 [WARN] DbFile:41 - Overriding database path with different value: C:\Users\Tejas Sawant\.stmcufinder\plugins\mcufinder/ => C:\Users\Tejas Sawant\.stmcufinder\plugins\mcufinder
2025-01-30 01:11:50,640 [INFO] DbMcusAds:125 - Set database path to: C:\Users\Tejas Sawant\.stmcufinder\plugins\mcufinder//mcu/
2025-01-30 01:11:50,641 [WARN] DbFile:41 - Overriding database path with different value: C:\Users\Tejas Sawant\.stmcufinder\plugins\mcufinder/ => C:\Users\Tejas Sawant\.stmcufinder\plugins\mcufinder
2025-01-30 01:11:50,641 [WARN] DbFile:41 - Overriding database path with different value: C:\Users\Tejas Sawant\.stmcufinder\plugins\mcufinder/ => C:\Users\Tejas Sawant\.stmcufinder\plugins\mcufinder
2025-01-30 01:11:50,641 [INFO] CrossReferenceDbSqlite:203 - Set database path to: C:\Users\Tejas Sawant\.stmcufinder\plugins\mcufinder//mcu/cs/
2025-01-30 01:11:50,749 [INFO] MainPanel:272 - HeapMemory: 268435456
2025-01-30 01:11:50,890 [INFO] DbMcusXml:78 - Set database path to: C:\ST\STM32CubeIDE_1.15.1\STM32CubeIDE\plugins\com.st.stm32cube.common.mx_6.13.0.202411220809\\db\/mcu/
2025-01-30 01:11:50,890 [INFO] ApiDb:274 - Set plugin database path to: C:\ST\STM32CubeIDE_1.15.1\STM32CubeIDE\plugins\com.st.stm32cube.common.mx_6.13.0.202411220809\\db\/plugins/boardmanager/
2025-01-30 01:11:50,890 [INFO] ApiDb:261 - Set plugin images path to: C:\ST\STM32CubeIDE_1.15.1\STM32CubeIDE\plugins\com.st.stm32cube.common.mx_6.13.0.202411220809\\db\/plugins/mcufinder/images/
2025-01-30 01:11:50,890 [WARN] DbFile:41 - Overriding database path with different value: C:\Users\Tejas Sawant\.stmcufinder\plugins\mcufinder/ => C:\Users\Tejas Sawant\.stmcufinder\plugins\mcufinder
2025-01-30 01:11:50,891 [INFO] ApiDb:250 - Set database path to: C:\Users\Tejas Sawant\.stmcufinder\plugins\mcufinder//mcu/
2025-01-30 01:11:50,891 [WARN] DbFile:41 - Overriding database path with different value: C:\Users\Tejas Sawant\.stmcufinder\plugins\mcufinder/ => C:\Users\Tejas Sawant\.stmcufinder\plugins\mcufinder
2025-01-30 01:11:50,891 [INFO] DbMcusAds:125 - Set database path to: C:\Users\Tejas Sawant\.stmcufinder\plugins\mcufinder//mcu/
2025-01-30 01:11:50,891 [WARN] DbFile:41 - Overriding database path with different value: C:\Users\Tejas Sawant\.stmcufinder\plugins\mcufinder/ => C:\Users\Tejas Sawant\.stmcufinder\plugins\mcufinder
2025-01-30 01:11:50,891 [WARN] DbFile:41 - Overriding database path with different value: C:\Users\Tejas Sawant\.stmcufinder\plugins\mcufinder/ => C:\Users\Tejas Sawant\.stmcufinder\plugins\mcufinder
2025-01-30 01:11:50,891 [INFO] CrossReferenceDbSqlite:203 - Set database path to: C:\Users\Tejas Sawant\.stmcufinder\plugins\mcufinder//mcu/cs/
2025-01-30 01:11:50,917 [INFO] ApplicationProperties:184 - Using Application install path: C:\ST\STM32CubeIDE_1.15.1\STM32CubeIDE\plugins\com.st.stm32cube.common.mx_6.13.0.202411220809
2025-01-30 01:11:50,918 [INFO] PluginManage:196 - Search for loadable plugins [exclusion list=, ]
2025-01-30 01:11:50,920 [INFO] PluginManage:310 - Check plugin analytics
2025-01-30 01:11:51,152 [INFO] AnalyticsPlugin:253 - Accepted Software Licenses: 
2025-01-30 01:11:51,152 [INFO] AnalyticsPlugin:255 - Accepted CMSIS Pack Licenses: 
2025-01-30 01:11:51,153 [INFO] AnalyticsPlugin:257 - Accepted Firmware Licenses: 
2025-01-30 01:11:51,157 [INFO] PluginManage:359 - Loaded plugin analytics (category:tool,tabindex:-1)
2025-01-30 01:11:51,157 [INFO] PluginManage:310 - Check plugin cadmodel
2025-01-30 01:11:51,182 [INFO] CADModel:105 - Init CAD model plugin
2025-01-30 01:11:51,182 [INFO] PluginManage:359 - Loaded plugin cadmodel (category:power,tabindex:5)
2025-01-30 01:11:51,182 [INFO] PluginManage:310 - Check plugin clock
2025-01-30 01:11:51,209 [INFO] PluginManage:359 - Loaded plugin clock (category:base,tabindex:2)
2025-01-30 01:11:51,210 [INFO] PluginManage:310 - Check plugin ddr
2025-01-30 01:11:51,213 [INFO] PluginManage:359 - Loaded plugin ddr (category:tool,tabindex:6)
2025-01-30 01:11:51,213 [INFO] PluginManage:310 - Check plugin filemanager
2025-01-30 01:11:51,390 [INFO] PluginManage:359 - Loaded plugin filemanager (category:base,tabindex:10)
2025-01-30 01:11:51,390 [INFO] PluginManage:310 - Check plugin ipmanager
2025-01-30 01:11:51,400 [INFO] PluginManage:359 - Loaded plugin ipmanager (category:base,tabindex:5)
2025-01-30 01:11:51,400 [INFO] PluginManage:310 - Check plugin lpbam
2025-01-30 01:11:51,425 [INFO] PluginManage:359 - Loaded plugin lpbam (category:base,tabindex:0)
2025-01-30 01:11:51,425 [INFO] PluginManage:310 - Check plugin memorymap
2025-01-30 01:11:51,458 [INFO] PluginManage:359 - Loaded plugin memorymap (category:base,tabindex:4)
2025-01-30 01:11:51,458 [INFO] PluginManage:310 - Check plugin pinoutandconfiguration
2025-01-30 01:11:51,484 [INFO] PluginManage:359 - Loaded plugin pinoutandconfiguration (category:base,tabindex:1)
2025-01-30 01:11:51,484 [INFO] PluginManage:310 - Check plugin pinoutconfig
2025-01-30 01:11:51,617 [WARN] SupportedApi:132 - Cannot load RTOS API schema: s4s-elt-must-match.1: The content of 'definitions' must match (annotation?, (simpleType | complexType)?, (unique | key | keyref)*)). A problem was found starting at: attribute.
2025-01-30 01:11:51,822 [INFO] PluginManage:359 - Loaded plugin pinoutconfig (category:base,tabindex:0)
2025-01-30 01:11:51,823 [INFO] PluginManage:310 - Check plugin power
2025-01-30 01:11:51,853 [INFO] PluginManage:359 - Loaded plugin power (category:power,tabindex:4)
2025-01-30 01:11:51,853 [INFO] PluginManage:310 - Check plugin projectmanager
2025-01-30 01:11:51,872 [INFO] PluginManage:359 - Loaded plugin projectmanager (category:projectmanager,tabindex:4)
2025-01-30 01:11:51,873 [INFO] PluginManage:310 - Check plugin rif
2025-01-30 01:11:51,899 [INFO] PluginManage:359 - Loaded plugin rif (category:base,tabindex:3)
2025-01-30 01:11:51,899 [INFO] PluginManage:310 - Check plugin thirdparty
2025-01-30 01:11:52,293 [INFO] PluginManage:359 - Loaded plugin thirdparty (category:base,tabindex:-1)
2025-01-30 01:11:52,293 [WARN] IntegrityCheckThread:84 - waiting for thirdparty lock release [integrity check]
2025-01-30 01:11:52,293 [INFO] PluginManage:310 - Check plugin tools
2025-01-30 01:11:52,293 [INFO] IntegrityCheckThread:86 - entering critical section [integrity check]
2025-01-30 01:11:52,294 [INFO] ThirdPartyUpdaterWithRetryManager:70 - Updater plugin not ready yet. [1/15]
2025-01-30 01:11:52,350 [INFO] PluginManage:359 - Loaded plugin tools (category:base,tabindex:7)
2025-01-30 01:11:52,350 [INFO] PluginManage:310 - Check plugin tutovideos
2025-01-30 01:11:52,621 [INFO] PluginManage:359 - Loaded plugin tutovideos (category:base,tabindex:-1)
2025-01-30 01:11:52,622 [INFO] PluginManage:310 - Check plugin updater
2025-01-30 01:11:52,653 [INFO] PluginManage:359 - Loaded plugin updater (category:base,tabindex:12)
2025-01-30 01:11:52,653 [INFO] PluginManage:310 - Check plugin userauth
2025-01-30 01:11:52,657 [INFO] UserAuth:118 - Init User Auth plugin
2025-01-30 01:11:52,658 [INFO] PluginManage:359 - Loaded plugin userauth (category:base,tabindex:14)
2025-01-30 01:11:52,659 [INFO] PluginManage:283 - PluginManage : Loaded plugins [18]
2025-01-30 01:11:52,940 [INFO] PinOutPanel:1589 - setPackage(No Configuration,No Configuration)
2025-01-30 01:11:53,060 [INFO] CADModel:165 - CPN selected for project level
2025-01-30 01:11:53,061 [INFO] CADModel:114 - Register for checkConnection events
2025-01-30 01:11:53,096 [INFO] IPUIPlugin:80 - create IPUIPlugin
2025-01-30 01:11:53,096 [INFO] PluginManager:220 - loadIPPluginJar : add adc
2025-01-30 01:11:53,156 [INFO] IPUIPlugin:80 - create IPUIPlugin
2025-01-30 01:11:53,156 [INFO] PluginManager:220 - loadIPPluginJar : add aes
2025-01-30 01:11:53,220 [INFO] IPUIPlugin:80 - create IPUIPlugin
2025-01-30 01:11:53,220 [INFO] PluginManager:220 - loadIPPluginJar : add can
2025-01-30 01:11:53,269 [INFO] IPUIPlugin:80 - create IPUIPlugin
2025-01-30 01:11:53,270 [INFO] PluginManager:220 - loadIPPluginJar : add comp
2025-01-30 01:11:53,333 [INFO] IPUIPlugin:80 - create IPUIPlugin
2025-01-30 01:11:53,333 [INFO] PluginManager:220 - loadIPPluginJar : add cryp
2025-01-30 01:11:53,354 [INFO] IPUIPlugin:80 - create IPUIPlugin
2025-01-30 01:11:53,354 [INFO] PluginManager:220 - loadIPPluginJar : add ddr_ctrl_phy
2025-01-30 01:11:53,410 [INFO] IPUIPlugin:80 - create IPUIPlugin
2025-01-30 01:11:53,411 [INFO] PluginManager:220 - loadIPPluginJar : add dfsdm
2025-01-30 01:11:53,433 [INFO] IPUIPlugin:80 - create IPUIPlugin
2025-01-30 01:11:53,434 [INFO] PluginManager:220 - loadIPPluginJar : add dma
2025-01-30 01:11:53,488 [INFO] IPUIPlugin:80 - create IPUIPlugin
2025-01-30 01:11:53,489 [INFO] PluginManager:220 - loadIPPluginJar : add dma3
2025-01-30 01:11:53,555 [INFO] IPUIPlugin:80 - create IPUIPlugin
2025-01-30 01:11:53,555 [INFO] PluginManager:220 - loadIPPluginJar : add extmemmanager
2025-01-30 01:11:53,586 [INFO] IPUIPlugin:80 - create IPUIPlugin
2025-01-30 01:11:53,586 [INFO] PluginManager:220 - loadIPPluginJar : add fatfs
2025-01-30 01:11:53,655 [INFO] IPUIPlugin:80 - create IPUIPlugin
2025-01-30 01:11:53,655 [INFO] PluginManager:220 - loadIPPluginJar : add fmc
2025-01-30 01:11:53,680 [INFO] IPUIPlugin:80 - create IPUIPlugin
2025-01-30 01:11:53,680 [INFO] PluginManager:220 - loadIPPluginJar : add freertos
2025-01-30 01:11:53,712 [INFO] IPUIPlugin:80 - create IPUIPlugin
2025-01-30 01:11:53,712 [INFO] PluginManager:220 - loadIPPluginJar : add genericplugin
2025-01-30 01:11:53,837 [INFO] IPUIPlugin:80 - create IPUIPlugin
2025-01-30 01:11:53,837 [INFO] PluginManager:220 - loadIPPluginJar : add gfxmmu
2025-01-30 01:11:54,026 [INFO] IPUIPlugin:80 - create IPUIPlugin
2025-01-30 01:11:54,027 [INFO] PluginManager:220 - loadIPPluginJar : add gic
2025-01-30 01:11:54,048 [INFO] IPUIPlugin:80 - create IPUIPlugin
2025-01-30 01:11:54,049 [INFO] PluginManager:220 - loadIPPluginJar : add gpio
2025-01-30 01:11:54,185 [INFO] IPUIPlugin:80 - create IPUIPlugin
2025-01-30 01:11:54,185 [INFO] PluginManager:220 - loadIPPluginJar : add gtzc
2025-01-30 01:11:54,244 [INFO] IPUIPlugin:80 - create IPUIPlugin
2025-01-30 01:11:54,245 [INFO] PluginManager:220 - loadIPPluginJar : add hash
2025-01-30 01:11:54,358 [INFO] IPUIPlugin:80 - create IPUIPlugin
2025-01-30 01:11:54,358 [INFO] PluginManager:220 - loadIPPluginJar : add i2c
2025-01-30 01:11:54,424 [INFO] IPUIPlugin:80 - create IPUIPlugin
2025-01-30 01:11:54,424 [INFO] PluginManager:220 - loadIPPluginJar : add i2s
2025-01-30 01:11:54,487 [INFO] IPUIPlugin:80 - create IPUIPlugin
2025-01-30 01:11:54,487 [INFO] PluginManager:220 - loadIPPluginJar : add i3c
2025-01-30 01:11:54,629 [INFO] IPUIPlugin:80 - create IPUIPlugin
2025-01-30 01:11:54,629 [INFO] PluginManager:220 - loadIPPluginJar : add ipddr
2025-01-30 01:11:54,764 [INFO] IPUIPlugin:80 - create IPUIPlugin
2025-01-30 01:11:54,764 [INFO] PluginManager:220 - loadIPPluginJar : add linkedlist
2025-01-30 01:11:54,814 [INFO] IPUIPlugin:80 - create IPUIPlugin
2025-01-30 01:11:54,815 [INFO] PluginManager:220 - loadIPPluginJar : add lorawan
2025-01-30 01:11:54,864 [INFO] IPUIPlugin:80 - create IPUIPlugin
2025-01-30 01:11:54,864 [INFO] PluginManager:220 - loadIPPluginJar : add ltdc
2025-01-30 01:11:54,886 [INFO] IPUIPlugin:80 - create IPUIPlugin
2025-01-30 01:11:54,886 [INFO] PluginManager:220 - loadIPPluginJar : add mdma
2025-01-30 01:11:54,905 [INFO] IPUIPlugin:80 - create IPUIPlugin
2025-01-30 01:11:54,905 [INFO] PluginManager:220 - loadIPPluginJar : add nvic
2025-01-30 01:11:54,957 [INFO] IPUIPlugin:80 - create IPUIPlugin
2025-01-30 01:11:54,957 [INFO] PluginManager:220 - loadIPPluginJar : add opamp
2025-01-30 01:11:55,036 [INFO] IPUIPlugin:80 - create IPUIPlugin
2025-01-30 01:11:55,037 [INFO] PluginManager:220 - loadIPPluginJar : add openamp
2025-01-30 01:11:55,096 [INFO] IPUIPlugin:80 - create IPUIPlugin
2025-01-30 01:11:55,096 [INFO] PluginManager:220 - loadIPPluginJar : add pdm2pcm
2025-01-30 01:11:55,119 [INFO] IPUIPlugin:80 - create IPUIPlugin
2025-01-30 01:11:55,122 [INFO] PluginManager:220 - loadIPPluginJar : add plateformsettings
2025-01-30 01:11:55,157 [INFO] IPUIPlugin:80 - create IPUIPlugin
2025-01-30 01:11:55,157 [INFO] PluginManager:220 - loadIPPluginJar : add quadspi
2025-01-30 01:11:55,197 [INFO] IPUIPlugin:80 - create IPUIPlugin
2025-01-30 01:11:55,197 [INFO] PluginManager:220 - loadIPPluginJar : add radio
2025-01-30 01:11:55,220 [INFO] IPUIPlugin:80 - create IPUIPlugin
2025-01-30 01:11:55,220 [INFO] PluginManager:220 - loadIPPluginJar : add resmgrutility
2025-01-30 01:11:55,293 [INFO] IPUIPlugin:80 - create IPUIPlugin
2025-01-30 01:11:55,293 [INFO] PluginManager:220 - loadIPPluginJar : add sai
2025-01-30 01:11:55,295 [INFO] ThirdPartyUpdaterWithRetryManager:70 - Updater plugin not ready yet. [2/15]
2025-01-30 01:11:55,350 [INFO] IPUIPlugin:80 - create IPUIPlugin
2025-01-30 01:11:55,350 [INFO] PluginManager:220 - loadIPPluginJar : add spi
2025-01-30 01:11:55,469 [INFO] IPUIPlugin:80 - create IPUIPlugin
2025-01-30 01:11:55,469 [INFO] PluginManager:220 - loadIPPluginJar : add stm32_wpan
2025-01-30 01:11:55,522 [INFO] IPUIPlugin:80 - create IPUIPlugin
2025-01-30 01:11:55,522 [INFO] PluginManager:220 - loadIPPluginJar : add tim
2025-01-30 01:11:55,618 [INFO] IPUIPlugin:80 - create IPUIPlugin
2025-01-30 01:11:55,618 [INFO] PluginManager:220 - loadIPPluginJar : add touchsensing
2025-01-30 01:11:55,667 [INFO] IPUIPlugin:80 - create IPUIPlugin
2025-01-30 01:11:55,668 [INFO] PluginManager:220 - loadIPPluginJar : add tracer_emb
2025-01-30 01:11:55,711 [INFO] IPUIPlugin:80 - create IPUIPlugin
2025-01-30 01:11:55,711 [INFO] PluginManager:220 - loadIPPluginJar : add ts
2025-01-30 01:11:55,740 [INFO] IPUIPlugin:80 - create IPUIPlugin
2025-01-30 01:11:55,740 [INFO] PluginManager:220 - loadIPPluginJar : add tsc
2025-01-30 01:11:55,767 [INFO] IPUIPlugin:80 - create IPUIPlugin
2025-01-30 01:11:55,767 [INFO] PluginManager:220 - loadIPPluginJar : add ucpd
2025-01-30 01:11:55,825 [INFO] IPUIPlugin:80 - create IPUIPlugin
2025-01-30 01:11:55,825 [INFO] PluginManager:220 - loadIPPluginJar : add usart
2025-01-30 01:11:55,882 [INFO] IPUIPlugin:80 - create IPUIPlugin
2025-01-30 01:11:55,882 [INFO] PluginManager:220 - loadIPPluginJar : add usbx
2025-01-30 01:11:56,013 [FATAL] Updater:351 - Updater called before beeing initialized
2025-01-30 01:11:56,053 [INFO] RulesReader:64 - Compatibility file has been processed (297 Rules)
2025-01-30 01:11:56,071 [INFO] RulesReader:64 - Compatibility file has been processed (297 Rules)
2025-01-30 01:11:56,081 [INFO] CADModel:165 - CPN selected for project level
2025-01-30 01:11:56,081 [INFO] CADModel:114 - Register for checkConnection events
2025-01-30 01:11:56,081 [FATAL] Updater:351 - Updater called before beeing initialized
2025-01-30 01:11:56,082 [ERROR] CADModel:125 - Updater not yet initialized, retry later 
2025-01-30 01:11:56,262 [FATAL] Updater:351 - Updater called before beeing initialized
2025-01-30 01:11:56,264 [INFO] CADModel:165 - CPN selected for project level
2025-01-30 01:11:56,264 [INFO] CADModel:114 - Register for checkConnection events
2025-01-30 01:11:56,264 [FATAL] Updater:351 - Updater called before beeing initialized
2025-01-30 01:11:56,264 [ERROR] CADModel:125 - Updater not yet initialized, retry later 
2025-01-30 01:11:56,267 [FATAL] Updater:351 - Updater called before beeing initialized
2025-01-30 01:11:56,366 [FATAL] Updater:351 - Updater called before beeing initialized
2025-01-30 01:11:56,378 [INFO] DbMcusAds:53 - JSON generation date=Tue Dec 17 21:31:15 IST 2024 (1734451275111)
2025-01-30 01:11:56,378 [FATAL] Updater:351 - Updater called before beeing initialized
2025-01-30 01:11:56,415 [WARN] DetailPanel:346 - Failed to get advertising image, set to default
2025-01-30 01:11:56,648 [FATAL] Updater:351 - Updater called before beeing initialized
2025-01-30 01:11:56,651 [FATAL] Updater:351 - Updater called before beeing initialized
2025-01-30 01:11:56,651 [FATAL] Updater:351 - Updater called before beeing initialized
2025-01-30 01:11:56,651 [WARN] DetailPanel:346 - Failed to get advertising image, set to default
2025-01-30 01:11:56,652 [FATAL] Updater:351 - Updater called before beeing initialized
2025-01-30 01:11:56,721 [ERROR] Updater:1198 - MainUpdater not yet initialized. External WinMGr cannot be set.
2025-01-30 01:11:56,732 [INFO] Updater:1134 - Updater Version found : 6.13.0
2025-01-30 01:11:56,749 [INFO] ApplicationProperties:184 - Using Application install path: C:\ST\STM32CubeIDE_1.15.1\STM32CubeIDE\plugins\com.st.stm32cube.common.mx_6.13.0.202411220809
2025-01-30 01:11:58,295 [INFO] ThirdPartyUpdaterWithRetryManager:70 - Updater plugin not ready yet. [3/15]
2025-01-30 01:11:58,335 [ERROR] LogOutputStream:75 - [STDERR_REDIRECT] Jan 30, 2025 1:11:58 AM java.util.prefs.WindowsPreferences <init>
2025-01-30 01:11:58,338 [ERROR] LogOutputStream:75 - [STDERR_REDIRECT] WARNING: Could not open/create prefs root node Software\JavaSoft\Prefs at root 0xffffffff80000002. Windows RegCreateKeyEx(...) returned error code 5.
2025-01-30 01:11:58,338 [ERROR] LogOutputStream:75 - [STDERR_REDIRECT] 
2025-01-30 01:11:59,088 [INFO] MainUpdater:2872 - connection check result : 10
2025-01-30 01:11:59,089 [INFO] MainUpdater:289 - Updater Check For Update Now.
2025-01-30 01:11:59,090 [INFO] MicroXplorer:498 - Change Database Version : DB.6.0.130
2025-01-30 01:11:59,121 [INFO] McuFinderGlobals:63 - Set McuFinder mode to 2 (CubeIDE integrated)
2025-01-30 01:11:59,121 [INFO] UserAuth:171 - activating auth plugin
2025-01-30 01:11:59,127 [INFO] UserAuth:486 - Internet connection configuration mode: 1
2025-01-30 01:11:59,186 [INFO] JxBrowserEngine:152 - Initiate JxBrowser Engine with user profile folder
2025-01-30 01:11:59,468 [INFO] CheckServerUpdateThread:120 - End of CheckServer Thread
2025-01-30 01:12:00,553 [INFO] WebApp:168 - Instantiating new browser for Auth
2025-01-30 01:12:01,464 [INFO] WebApp:449 - Apply proxy settings
2025-01-30 01:12:01,464 [INFO] WebApp:534 - Chromium requires no authentication
2025-01-30 01:12:01,481 [INFO] WebApp:477 - Direct internet connection detected
2025-01-30 01:12:01,541 [INFO] WebApp:880 - Register for checkConnection events
2025-01-30 01:12:01,541 [INFO] WebApp:449 - Apply proxy settings
2025-01-30 01:12:01,542 [INFO] WebApp:534 - Chromium requires no authentication
2025-01-30 01:12:01,542 [INFO] WebApp:477 - Direct internet connection detected
2025-01-30 01:12:01,723 [WARN] PackLoader:240 - Cannot read IP mode file for STMicroelectronics.FP-SNS-MOTENVWB1.1.4.0
2025-01-30 01:12:01,748 [WARN] PackLoader:240 - Cannot read IP mode file for STMicroelectronics.FP-ATR-ASTRA1.2.0.1
2025-01-30 01:12:01,771 [WARN] PackLoader:240 - Cannot read IP mode file for STMicroelectronics.X-CUBE-SMBUS.2.1.0
2025-01-30 01:12:01,796 [WARN] PackLoader:240 - Cannot read IP mode file for STMicroelectronics.X-CUBE-WB05N.1.1.0
2025-01-30 01:12:01,862 [WARN] PackLoader:240 - Cannot read IP mode file for STMicroelectronics.X-CUBE-AZRTOS-F7.1.1.0
2025-01-30 01:12:01,879 [INFO] WebApp:221 - Starting web application
2025-01-30 01:12:01,879 [INFO] WebApp:579 - Web application path used C:\ST\STM32CubeIDE_1.15.1\STM32CubeIDE\plugins\com.st.stm32cube.common.mx_6.13.0.202411220809\db\plugins\mcufinder\reactClient1\index.html
2025-01-30 01:12:01,995 [WARN] PackLoader:240 - Cannot read IP mode file for STMicroelectronics.X-CUBE-MEMS1.11.0.0
2025-01-30 01:12:02,033 [INFO] WebApp:187 - Connection restablished
2025-01-30 01:12:02,273 [WARN] PackLoader:240 - Cannot read IP mode file for STMicroelectronics.FP-SNS-FLIGHT1.5.0.2
2025-01-30 01:12:02,305 [WARN] PackLoader:240 - Cannot read IP mode file for STMicroelectronics.X-CUBE-DISPLAY.3.0.0
2025-01-30 01:12:02,343 [WARN] PackLoader:240 - Cannot read IP mode file for STMicroelectronics.X-CUBE-BLE1.7.0.0
2025-01-30 01:12:02,377 [WARN] PackLoader:240 - Cannot read IP mode file for STMicroelectronics.X-CUBE-NFC10.1.0.0
2025-01-30 01:12:02,426 [WARN] PackLoader:240 - Cannot read IP mode file for STMicroelectronics.X-CUBE-BLEMGR.4.0.0
2025-01-30 01:12:02,464 [WARN] PackLoader:240 - Cannot read IP mode file for emotas.I-CUBE-CANOPEN.1.3.0
2025-01-30 01:12:02,500 [WARN] PackLoader:240 - Cannot read IP mode file for STMicroelectronics.X-CUBE-BLEMGR.3.1.0
2025-01-30 01:12:02,533 [WARN] PackLoader:240 - Cannot read IP mode file for STMicroelectronics.X-CUBE-AI.10.0.0
2025-01-30 01:12:02,562 [WARN] PackLoader:240 - Cannot read IP mode file for STMicroelectronics.FP-SNS-SMARTAG2.1.2.0
2025-01-30 01:12:02,698 [WARN] PackLoader:240 - Cannot read IP mode file for STMicroelectronics.X-CUBE-MEMS1.11.1.0
2025-01-30 01:12:02,869 [INFO] LogOutputStream:77 - [STDOUT_REDIRECT] 1 : Invalid condition id : UX_CORESTACK_Condition cause : null
2025-01-30 01:12:02,870 [INFO] LogOutputStream:77 - [STDOUT_REDIRECT] 1 : Invalid condition id : UX_CORESTACK_Condition cause : null
2025-01-30 01:12:02,873 [INFO] LogOutputStream:77 - [STDOUT_REDIRECT] 1 : Invalid condition id : UX_CORESTACK_Condition cause : null
2025-01-30 01:12:02,874 [INFO] LogOutputStream:77 - [STDOUT_REDIRECT] 1 : Invalid condition id : UX_CORESTACK_Condition cause : null
2025-01-30 01:12:02,876 [INFO] LogOutputStream:77 - [STDOUT_REDIRECT] 1 : Invalid condition id : UX_CORESTACK_Condition cause : null
2025-01-30 01:12:02,879 [WARN] PackLoader:240 - Cannot read IP mode file for STMicroelectronics.X-CUBE-AZRTOS-WL.2.0.0
2025-01-30 01:12:02,905 [WARN] PackLoader:240 - Cannot read IP mode file for STMicroelectronics.FP-SNS-MOTENV1.5.0.0
2025-01-30 01:12:02,926 [WARN] PackLoader:240 - Cannot read IP mode file for wolfSSL.I-CUBE-wolfMQTT.1.19.0
2025-01-30 01:12:02,952 [WARN] PackLoader:240 - Cannot read IP mode file for WES.I-CUBE-Cesium.1.3.0
2025-01-30 01:12:02,978 [WARN] PackLoader:240 - Cannot read IP mode file for STMicroelectronics.X-CUBE-BLE2.3.3.0
2025-01-30 01:12:03,013 [WARN] PackLoader:240 - Cannot read IP mode file for STMicroelectronics.X-CUBE-NFC9.1.0.0
2025-01-30 01:12:03,039 [WARN] PackLoader:240 - Cannot read IP mode file for STMicroelectronics.X-CUBE-TCPP.4.1.0
2025-01-30 01:12:03,087 [WARN] PackLoader:240 - Cannot read IP mode file for STMicroelectronics.X-CUBE-AZRTOS-G0.1.1.0
2025-01-30 01:12:03,120 [WARN] PackLoader:240 - Cannot read IP mode file for STMicroelectronics.X-CUBE-SAFEA1.1.2.2
2025-01-30 01:12:03,149 [WARN] PackLoader:240 - Cannot read IP mode file for STMicroelectronics.X-CUBE-NFC4.3.0.0
2025-01-30 01:12:03,175 [WARN] PackLoader:240 - Cannot read IP mode file for EmbeddedOffice.I-CUBE-FS-RTOS.1.0.1
2025-01-30 01:12:03,194 [WARN] PackLoader:240 - Cannot read IP mode file for STMicroelectronics.X-CUBE-TCPP.4.2.0
2025-01-30 01:12:03,221 [WARN] PackLoader:240 - Cannot read IP mode file for RealThread.X-CUBE-RT-Thread_Nano.4.1.1
2025-01-30 01:12:03,242 [WARN] PackLoader:240 - Cannot read IP mode file for STMicroelectronics.FP-ATR-SIGFOX1.3.2.0
2025-01-30 01:12:03,259 [WARN] PackLoader:240 - Cannot read IP mode file for wolfSSL.I-CUBE-wolfSSL.5.7.2
2025-01-30 01:12:03,277 [WARN] ConditionMgr:438 - getConditionDescription Invalid condition id : Cortex-A Device cause : null
2025-01-30 01:12:03,308 [WARN] ConditionMgr:1044 - genDependencies : Invalid condition id : Cortex-A Device cause : null
2025-01-30 01:12:03,308 [WARN] ConditionMgr:1044 - genDependencies : Invalid condition id : Cortex-A Device cause : null
2025-01-30 01:12:03,309 [WARN] ConditionMgr:1044 - genDependencies : Invalid condition id : Cortex-A Device cause : null
2025-01-30 01:12:03,331 [WARN] PackLoader:240 - Cannot read IP mode file for STMicroelectronics.X-CUBE-EEPRMA1.5.1.0
2025-01-30 01:12:03,363 [WARN] PackLoader:240 - Cannot read IP mode file for ITTIA_DB.I-CUBE-ITTIADB.8.9.0
2025-01-30 01:12:03,419 [WARN] PackLoader:240 - Cannot read IP mode file for SEGGER.I-CUBE-embOS.1.3.1
2025-01-30 01:12:03,533 [WARN] PackLoader:240 - Cannot read IP mode file for STMicroelectronics.X-CUBE-ALGOBUILD.1.4.0
2025-01-30 01:12:03,563 [WARN] PackLoader:240 - Cannot read IP mode file for STMicroelectronics.X-CUBE-AI.9.1.0
2025-01-30 01:12:03,594 [WARN] PackLoader:240 - Cannot read IP mode file for STMicroelectronics.X-CUBE-GNSS1.6.0.0
2025-01-30 01:12:03,643 [WARN] PackLoader:240 - Cannot read IP mode file for STMicroelectronics.X-CUBE-AZRTOS-F4.1.1.0
2025-01-30 01:12:03,671 [WARN] PackLoader:240 - Cannot read IP mode file for STMicroelectronics.X-CUBE-ISPU.2.1.0
2025-01-30 01:12:03,696 [WARN] PackLoader:240 - Cannot read IP mode file for STMicroelectronics.X-CUBE-FREERTOS.1.2.0
2025-01-30 01:12:03,745 [WARN] PackLoader:240 - Cannot read IP mode file for STMicroelectronics.X-CUBE-AZRTOS-L5.2.0.0
2025-01-30 01:12:03,778 [WARN] PackLoader:240 - Cannot read IP mode file for STMicroelectronics.X-CUBE-NFC6.3.1.0
2025-01-30 01:12:03,800 [WARN] PackLoader:240 - Cannot read IP mode file for STMicroelectronics.X-CUBE-DPower.1.2.0
2025-01-30 01:12:03,818 [WARN] PackLoader:240 - Cannot read IP mode file for STMicroelectronics.X-CUBE-AI.9.0.0
2025-01-30 01:12:03,836 [WARN] PackLoader:240 - Cannot read IP mode file for STMicroelectronics.X-CUBE-FREERTOS.1.3.0
2025-01-30 01:12:03,857 [WARN] PackLoader:240 - Cannot read IP mode file for STMicroelectronics.X-CUBE-NFC7.1.0.1
2025-01-30 01:12:03,877 [WARN] PackLoader:240 - Cannot read IP mode file for wolfSSL.I-CUBE-wolfTPM.3.2.0
2025-01-30 01:12:03,910 [WARN] ConditionMgr:438 - getConditionDescription Invalid condition id : LAN8742 Phy interface Condition cause : null
2025-01-30 01:12:03,910 [WARN] PackLoader:240 - Cannot read IP mode file for STMicroelectronics.X-CUBE-AZRTOS-L4.2.0.0
2025-01-30 01:12:03,912 [WARN] ConditionMgr:1044 - genDependencies : Invalid condition id : LAN8742 Phy interface Condition cause : null
2025-01-30 01:12:03,912 [WARN] ConditionMgr:1044 - genDependencies : Invalid condition id : LAN8742 Phy interface Condition cause : null
2025-01-30 01:12:03,912 [WARN] ConditionMgr:1044 - genDependencies : Invalid condition id : LAN8742 Phy interface Condition cause : null
2025-01-30 01:12:03,946 [WARN] PackLoader:240 - Cannot read IP mode file for STMicroelectronics.X-CUBE-SFXS2LP1.4.0.0
2025-01-30 01:12:03,981 [WARN] PackLoader:240 - Cannot read IP mode file for STMicroelectronics.X-CUBE-AZRTOS-H7.3.3.0
2025-01-30 01:12:04,008 [WARN] PackLoader:240 - Cannot read IP mode file for STMicroelectronics.X-CUBE-IPS.3.0.0
2025-01-30 01:12:04,040 [WARN] ConditionMgr:438 - getConditionDescription Invalid condition id : UX DEVICE CLASS RTOS Condition cause : null
2025-01-30 01:12:04,041 [WARN] ConditionMgr:438 - getConditionDescription Invalid condition id : UX DEVICE CLASS RTOS Condition cause : null
2025-01-30 01:12:04,042 [WARN] PackLoader:240 - Cannot read IP mode file for STMicroelectronics.X-CUBE-AZRTOS-WB.2.0.0
2025-01-30 01:12:04,043 [WARN] ConditionMgr:1044 - genDependencies : Invalid condition id : UX DEVICE CLASS RTOS Condition cause : null
2025-01-30 01:12:04,043 [WARN] ConditionMgr:1044 - genDependencies : Invalid condition id : UX DEVICE CLASS RTOS Condition cause : null
2025-01-30 01:12:04,043 [WARN] ConditionMgr:1044 - genDependencies : Invalid condition id : UX DEVICE CLASS RTOS Condition cause : null
2025-01-30 01:12:04,043 [WARN] ConditionMgr:1044 - genDependencies : Invalid condition id : UX DEVICE CLASS RTOS Condition cause : null
2025-01-30 01:12:04,043 [WARN] ConditionMgr:1044 - genDependencies : Invalid condition id : UX DEVICE CLASS RTOS Condition cause : null
2025-01-30 01:12:04,064 [WARN] PackLoader:240 - Cannot read IP mode file for STMicroelectronics.X-CUBE-GNSS1.7.0.0
2025-01-30 01:12:04,084 [WARN] PackLoader:240 - Cannot read IP mode file for STMicroelectronics.X-CUBE-GNSS1.7.0.1
2025-01-30 01:12:04,104 [WARN] PackLoader:240 - Cannot read IP mode file for STMicroelectronics.FP-SNS-STBOX1.2.0.0
2025-01-30 01:12:04,131 [WARN] PackLoader:240 - Cannot read IP mode file for STMicroelectronics.X-CUBE-SUBG2.5.0.0
2025-01-30 01:12:04,160 [WARN] PackLoader:240 - Cannot read IP mode file for Cesanta.I-CUBE-Mongoose.7.13.0
2025-01-30 01:12:04,202 [WARN] PackLoader:240 - Cannot read IP mode file for STMicroelectronics.X-CUBE-AZRTOS-G4.2.0.0
2025-01-30 01:12:04,223 [WARN] PackLoader:240 - Cannot read IP mode file for STMicroelectronics.X-CUBE-ISPU.2.0.0
2025-01-30 01:12:04,248 [WARN] PackLoader:240 - Cannot read IP mode file for STMicroelectronics.X-CUBE-IPS.3.1.0
2025-01-30 01:12:04,268 [WARN] PackLoader:240 - Cannot read IP mode file for STMicroelectronics.X-CUBE-ALS.1.0.2
2025-01-30 01:12:04,329 [WARN] PackLoader:240 - Cannot read IP mode file for STMicroelectronics.X-CUBE-MEMS1.10.0.0
2025-01-30 01:12:04,445 [WARN] PackLoader:240 - Cannot read IP mode file for STMicroelectronics.X-CUBE-TOUCHGFX.4.24.0
2025-01-30 01:12:04,461 [WARN] PackLoader:240 - Cannot read IP mode file for STMicroelectronics.X-CUBE-TOUCHGFX.4.24.2
2025-01-30 01:12:04,477 [WARN] PackLoader:240 - Cannot read IP mode file for STMicroelectronics.X-CUBE-TOUCHGFX.4.24.1
2025-01-30 01:12:04,494 [WARN] PackLoader:240 - Cannot read IP mode file for wolfSSL.I-CUBE-wolfTPM.3.4.0
2025-01-30 01:12:04,511 [WARN] PackLoader:240 - Cannot read IP mode file for portGmbH.I-Cube-SoM-uGOAL.1.1.0
2025-01-30 01:12:04,546 [WARN] PackLoader:240 - Cannot read IP mode file for STMicroelectronics.X-CUBE-AZRTOS-H7RS.1.0.0
2025-01-30 01:12:04,568 [WARN] PackLoader:240 - Cannot read IP mode file for STMicroelectronics.FP-ATR-ASTRA1.2.0.0
2025-01-30 01:12:04,599 [WARN] PackLoader:240 - Cannot read IP mode file for STMicroelectronics.X-CUBE-TOF1.3.4.2
2025-01-30 01:12:04,649 [WARN] PackLoader:240 - Cannot read IP mode file for Infineon.AIROC-Wi-Fi-Bluetooth-STM32.1.6.1
2025-01-30 01:12:04,670 [WARN] PackLoader:240 - Cannot read IP mode file for wolfSSL.I-CUBE-wolfSSH.1.4.17
2025-01-30 01:12:04,671 [INFO] ThirdParty:978 - Integrity check success = true
2025-01-30 01:12:04,671 [INFO] IntegrityCheckThread:100 - exiting critical section [integrity check]
2025-01-30 01:12:04,671 [INFO] IntegrityCheckThread:103 - End integrity checks thread
2025-01-30 01:27:47,303 [ERROR] LogOutputStream:75 - [STDERR_REDIRECT] 
