2024-12-22 00:42:03,253 [ERROR] LogOutputStream:75 - [STDERR_REDIRECT] 
2024-12-22 15:48:29,966 [INFO] Activator:176 - 


2024-12-22 15:48:29,969 [INFO] Activator:177 - !SESSION log4j initialized
2024-12-22 15:48:35,913 [INFO] LogOutputStream:77 - [STDOUT_REDIRECT] 
2024-12-22 15:48:37,076 [INFO] ApplicationProperties:184 - Using Application install path: C:\ST\STM32CubeIDE_1.15.1\STM32CubeIDE\plugins\com.st.stm32cube.common.mx_6.12.0.202406281431
2024-12-22 15:48:37,101 [INFO] DbMcusXml:78 - Set database path to: C:\ST\STM32CubeIDE_1.15.1\STM32CubeIDE\plugins\com.st.stm32cube.common.mx_6.12.0.202406281431\\db\/mcu/
2024-12-22 15:48:37,102 [INFO] ApiDb:274 - Set plugin database path to: C:\ST\STM32CubeIDE_1.15.1\STM32CubeIDE\plugins\com.st.stm32cube.common.mx_6.12.0.202406281431\\db\/plugins/boardmanager/
2024-12-22 15:48:37,103 [WARN] ApiDb:259 - Overriding images path with different value:  => C:\ST\STM32CubeIDE_1.15.1\STM32CubeIDE\plugins\com.st.stm32cube.common.mx_6.12.0.202406281431\\db\/plugins/mcufinder/images/
2024-12-22 15:48:37,116 [INFO] ApiDb:250 - Set database path to: C:\Users\Tejas Sawant\.stmcufinder\plugins\mcufinder//mcu/
2024-12-22 15:48:37,118 [INFO] DbMcusAds:125 - Set database path to: C:\Users\Tejas Sawant\.stmcufinder\plugins\mcufinder//mcu/
2024-12-22 15:48:37,121 [INFO] CrossReferenceDbSqlite:203 - Set database path to: C:\Users\Tejas Sawant\.stmcufinder\plugins\mcufinder//mcu/cs/
2024-12-22 15:48:37,264 [INFO] RulesReader:64 - Compatibility file has been processed (297 Rules)
2024-12-22 15:48:37,375 [INFO] DbMcusXml:78 - Set database path to: C:\ST\STM32CubeIDE_1.15.1\STM32CubeIDE\plugins\com.st.stm32cube.common.mx_6.12.0.202406281431\\db\/mcu/
2024-12-22 15:48:37,375 [INFO] ApiDb:274 - Set plugin database path to: C:\ST\STM32CubeIDE_1.15.1\STM32CubeIDE\plugins\com.st.stm32cube.common.mx_6.12.0.202406281431\\db\/plugins/boardmanager/
2024-12-22 15:48:37,375 [INFO] ApiDb:261 - Set plugin images path to: C:\ST\STM32CubeIDE_1.15.1\STM32CubeIDE\plugins\com.st.stm32cube.common.mx_6.12.0.202406281431\\db\/plugins/mcufinder/images/
2024-12-22 15:48:37,375 [WARN] DbFile:41 - Overriding database path with different value: C:\Users\Tejas Sawant\.stmcufinder\plugins\mcufinder/ => C:\Users\Tejas Sawant\.stmcufinder\plugins\mcufinder
2024-12-22 15:48:37,375 [INFO] ApiDb:250 - Set database path to: C:\Users\Tejas Sawant\.stmcufinder\plugins\mcufinder//mcu/
2024-12-22 15:48:37,375 [WARN] DbFile:41 - Overriding database path with different value: C:\Users\Tejas Sawant\.stmcufinder\plugins\mcufinder/ => C:\Users\Tejas Sawant\.stmcufinder\plugins\mcufinder
2024-12-22 15:48:37,377 [INFO] DbMcusAds:125 - Set database path to: C:\Users\Tejas Sawant\.stmcufinder\plugins\mcufinder//mcu/
2024-12-22 15:48:37,377 [WARN] DbFile:41 - Overriding database path with different value: C:\Users\Tejas Sawant\.stmcufinder\plugins\mcufinder/ => C:\Users\Tejas Sawant\.stmcufinder\plugins\mcufinder
2024-12-22 15:48:37,377 [WARN] DbFile:41 - Overriding database path with different value: C:\Users\Tejas Sawant\.stmcufinder\plugins\mcufinder/ => C:\Users\Tejas Sawant\.stmcufinder\plugins\mcufinder
2024-12-22 15:48:37,377 [INFO] CrossReferenceDbSqlite:203 - Set database path to: C:\Users\Tejas Sawant\.stmcufinder\plugins\mcufinder//mcu/cs/
2024-12-22 15:48:37,472 [INFO] MainPanel:268 - HeapMemory: 268435456
2024-12-22 15:48:37,626 [INFO] DbMcusXml:78 - Set database path to: C:\ST\STM32CubeIDE_1.15.1\STM32CubeIDE\plugins\com.st.stm32cube.common.mx_6.12.0.202406281431\\db\/mcu/
2024-12-22 15:48:37,627 [INFO] ApiDb:274 - Set plugin database path to: C:\ST\STM32CubeIDE_1.15.1\STM32CubeIDE\plugins\com.st.stm32cube.common.mx_6.12.0.202406281431\\db\/plugins/boardmanager/
2024-12-22 15:48:37,627 [INFO] ApiDb:261 - Set plugin images path to: C:\ST\STM32CubeIDE_1.15.1\STM32CubeIDE\plugins\com.st.stm32cube.common.mx_6.12.0.202406281431\\db\/plugins/mcufinder/images/
2024-12-22 15:48:37,627 [WARN] DbFile:41 - Overriding database path with different value: C:\Users\Tejas Sawant\.stmcufinder\plugins\mcufinder/ => C:\Users\Tejas Sawant\.stmcufinder\plugins\mcufinder
2024-12-22 15:48:37,628 [INFO] ApiDb:250 - Set database path to: C:\Users\Tejas Sawant\.stmcufinder\plugins\mcufinder//mcu/
2024-12-22 15:48:37,628 [WARN] DbFile:41 - Overriding database path with different value: C:\Users\Tejas Sawant\.stmcufinder\plugins\mcufinder/ => C:\Users\Tejas Sawant\.stmcufinder\plugins\mcufinder
2024-12-22 15:48:37,628 [INFO] DbMcusAds:125 - Set database path to: C:\Users\Tejas Sawant\.stmcufinder\plugins\mcufinder//mcu/
2024-12-22 15:48:37,628 [WARN] DbFile:41 - Overriding database path with different value: C:\Users\Tejas Sawant\.stmcufinder\plugins\mcufinder/ => C:\Users\Tejas Sawant\.stmcufinder\plugins\mcufinder
2024-12-22 15:48:37,628 [WARN] DbFile:41 - Overriding database path with different value: C:\Users\Tejas Sawant\.stmcufinder\plugins\mcufinder/ => C:\Users\Tejas Sawant\.stmcufinder\plugins\mcufinder
2024-12-22 15:48:37,628 [INFO] CrossReferenceDbSqlite:203 - Set database path to: C:\Users\Tejas Sawant\.stmcufinder\plugins\mcufinder//mcu/cs/
2024-12-22 15:48:37,654 [INFO] ApplicationProperties:184 - Using Application install path: C:\ST\STM32CubeIDE_1.15.1\STM32CubeIDE\plugins\com.st.stm32cube.common.mx_6.12.0.202406281431
2024-12-22 15:48:37,656 [INFO] PluginManage:196 - Search for loadable plugins [exclusion list=, ]
2024-12-22 15:48:37,658 [INFO] PluginManage:310 - Check plugin analytics
2024-12-22 15:48:37,918 [INFO] AnalyticsPlugin:253 - Accepted Software Licenses: 
2024-12-22 15:48:37,919 [INFO] AnalyticsPlugin:255 - Accepted CMSIS Pack Licenses: 
2024-12-22 15:48:37,919 [INFO] AnalyticsPlugin:257 - Accepted Firmware Licenses: 
2024-12-22 15:48:37,923 [INFO] PluginManage:359 - Loaded plugin analytics (category:tool,tabindex:-1)
2024-12-22 15:48:37,923 [INFO] PluginManage:310 - Check plugin cadmodel
2024-12-22 15:48:37,931 [INFO] CADModel:105 - Init CAD model plugin
2024-12-22 15:48:37,931 [INFO] PluginManage:359 - Loaded plugin cadmodel (category:power,tabindex:5)
2024-12-22 15:48:37,932 [INFO] PluginManage:310 - Check plugin clock
2024-12-22 15:48:37,946 [INFO] PluginManage:359 - Loaded plugin clock (category:base,tabindex:2)
2024-12-22 15:48:37,946 [INFO] PluginManage:310 - Check plugin ddr
2024-12-22 15:48:37,951 [INFO] PluginManage:359 - Loaded plugin ddr (category:tool,tabindex:6)
2024-12-22 15:48:37,951 [INFO] PluginManage:310 - Check plugin filemanager
2024-12-22 15:48:38,183 [INFO] PluginManage:359 - Loaded plugin filemanager (category:base,tabindex:10)
2024-12-22 15:48:38,183 [INFO] PluginManage:310 - Check plugin ipmanager
2024-12-22 15:48:38,201 [INFO] PluginManage:359 - Loaded plugin ipmanager (category:base,tabindex:5)
2024-12-22 15:48:38,202 [INFO] PluginManage:310 - Check plugin lpbam
2024-12-22 15:48:38,220 [INFO] PluginManage:359 - Loaded plugin lpbam (category:base,tabindex:0)
2024-12-22 15:48:38,221 [INFO] PluginManage:310 - Check plugin memorymap
2024-12-22 15:48:38,254 [INFO] PluginManage:359 - Loaded plugin memorymap (category:base,tabindex:4)
2024-12-22 15:48:38,254 [INFO] PluginManage:310 - Check plugin pinoutandconfiguration
2024-12-22 15:48:38,276 [INFO] PluginManage:359 - Loaded plugin pinoutandconfiguration (category:base,tabindex:1)
2024-12-22 15:48:38,276 [INFO] PluginManage:310 - Check plugin pinoutconfig
2024-12-22 15:48:38,444 [WARN] SupportedApi:132 - Cannot load RTOS API schema: s4s-elt-must-match.1: The content of 'definitions' must match (annotation?, (simpleType | complexType)?, (unique | key | keyref)*)). A problem was found starting at: attribute.
2024-12-22 15:48:38,634 [INFO] PluginManage:359 - Loaded plugin pinoutconfig (category:base,tabindex:0)
2024-12-22 15:48:38,635 [INFO] PluginManage:310 - Check plugin power
2024-12-22 15:48:38,646 [INFO] PluginManage:359 - Loaded plugin power (category:power,tabindex:4)
2024-12-22 15:48:38,646 [INFO] PluginManage:310 - Check plugin projectmanager
2024-12-22 15:48:38,666 [INFO] PluginManage:359 - Loaded plugin projectmanager (category:projectmanager,tabindex:4)
2024-12-22 15:48:38,666 [INFO] PluginManage:310 - Check plugin rif
2024-12-22 15:48:38,677 [INFO] PluginManage:359 - Loaded plugin rif (category:base,tabindex:3)
2024-12-22 15:48:38,678 [INFO] PluginManage:310 - Check plugin thirdparty
2024-12-22 15:48:38,816 [WARN] IntegrityCheckThread:84 - waiting for thirdparty lock release [integrity check]
2024-12-22 15:48:38,816 [INFO] PluginManage:359 - Loaded plugin thirdparty (category:base,tabindex:-1)
2024-12-22 15:48:38,816 [INFO] IntegrityCheckThread:86 - entering critical section [integrity check]
2024-12-22 15:48:38,816 [INFO] PluginManage:310 - Check plugin tools
2024-12-22 15:48:38,817 [INFO] ThirdPartyUpdaterWithRetryManager:70 - Updater plugin not ready yet. [1/15]
2024-12-22 15:48:38,820 [INFO] PluginManage:359 - Loaded plugin tools (category:base,tabindex:7)
2024-12-22 15:48:38,820 [INFO] PluginManage:310 - Check plugin tutovideos
2024-12-22 15:48:39,000 [INFO] PluginManage:359 - Loaded plugin tutovideos (category:base,tabindex:-1)
2024-12-22 15:48:39,000 [INFO] PluginManage:310 - Check plugin updater
2024-12-22 15:48:39,020 [INFO] PluginManage:359 - Loaded plugin updater (category:base,tabindex:12)
2024-12-22 15:48:39,020 [INFO] PluginManage:310 - Check plugin userauth
2024-12-22 15:48:39,027 [INFO] UserAuth:113 - Init User Auth plugin
2024-12-22 15:48:39,027 [INFO] PluginManage:359 - Loaded plugin userauth (category:base,tabindex:14)
2024-12-22 15:48:39,028 [INFO] PluginManage:283 - PluginManage : Loaded plugins [18]
2024-12-22 15:48:39,267 [INFO] PinOutPanel:1561 - setPackage(No Configuration,No Configuration)
2024-12-22 15:48:39,372 [INFO] CADModel:165 - CPN selected for project level
2024-12-22 15:48:39,372 [INFO] CADModel:114 - Register for checkConnection events
2024-12-22 15:48:39,400 [INFO] IPUIPlugin:80 - create IPUIPlugin
2024-12-22 15:48:39,400 [INFO] PluginManager:220 - loadIPPluginJar : add adc
2024-12-22 15:48:39,404 [INFO] IPUIPlugin:80 - create IPUIPlugin
2024-12-22 15:48:39,405 [INFO] PluginManager:220 - loadIPPluginJar : add aes
2024-12-22 15:48:39,407 [INFO] IPUIPlugin:80 - create IPUIPlugin
2024-12-22 15:48:39,407 [INFO] PluginManager:220 - loadIPPluginJar : add can
2024-12-22 15:48:39,409 [INFO] IPUIPlugin:80 - create IPUIPlugin
2024-12-22 15:48:39,409 [INFO] PluginManager:220 - loadIPPluginJar : add comp
2024-12-22 15:48:39,411 [INFO] IPUIPlugin:80 - create IPUIPlugin
2024-12-22 15:48:39,412 [INFO] PluginManager:220 - loadIPPluginJar : add cryp
2024-12-22 15:48:39,416 [INFO] IPUIPlugin:80 - create IPUIPlugin
2024-12-22 15:48:39,416 [INFO] PluginManager:220 - loadIPPluginJar : add ddr_ctrl_phy
2024-12-22 15:48:39,418 [INFO] IPUIPlugin:80 - create IPUIPlugin
2024-12-22 15:48:39,418 [INFO] PluginManager:220 - loadIPPluginJar : add dfsdm
2024-12-22 15:48:39,433 [INFO] IPUIPlugin:80 - create IPUIPlugin
2024-12-22 15:48:39,433 [INFO] PluginManager:220 - loadIPPluginJar : add dma
2024-12-22 15:48:39,437 [INFO] IPUIPlugin:80 - create IPUIPlugin
2024-12-22 15:48:39,437 [INFO] PluginManager:220 - loadIPPluginJar : add dma3
2024-12-22 15:48:39,440 [INFO] IPUIPlugin:80 - create IPUIPlugin
2024-12-22 15:48:39,440 [INFO] PluginManager:220 - loadIPPluginJar : add extmemmanager
2024-12-22 15:48:39,442 [INFO] IPUIPlugin:80 - create IPUIPlugin
2024-12-22 15:48:39,442 [INFO] PluginManager:220 - loadIPPluginJar : add fatfs
2024-12-22 15:48:39,448 [INFO] IPUIPlugin:80 - create IPUIPlugin
2024-12-22 15:48:39,448 [INFO] PluginManager:220 - loadIPPluginJar : add fmc
2024-12-22 15:48:39,454 [INFO] IPUIPlugin:80 - create IPUIPlugin
2024-12-22 15:48:39,454 [INFO] PluginManager:220 - loadIPPluginJar : add freertos
2024-12-22 15:48:39,456 [INFO] IPUIPlugin:80 - create IPUIPlugin
2024-12-22 15:48:39,456 [INFO] PluginManager:220 - loadIPPluginJar : add genericplugin
2024-12-22 15:48:39,459 [INFO] IPUIPlugin:80 - create IPUIPlugin
2024-12-22 15:48:39,459 [INFO] PluginManager:220 - loadIPPluginJar : add gfxmmu
2024-12-22 15:48:39,464 [INFO] IPUIPlugin:80 - create IPUIPlugin
2024-12-22 15:48:39,464 [INFO] PluginManager:220 - loadIPPluginJar : add gic
2024-12-22 15:48:39,468 [INFO] IPUIPlugin:80 - create IPUIPlugin
2024-12-22 15:48:39,468 [INFO] PluginManager:220 - loadIPPluginJar : add gpio
2024-12-22 15:48:39,471 [INFO] IPUIPlugin:80 - create IPUIPlugin
2024-12-22 15:48:39,471 [INFO] PluginManager:220 - loadIPPluginJar : add gtzc
2024-12-22 15:48:39,473 [INFO] IPUIPlugin:80 - create IPUIPlugin
2024-12-22 15:48:39,473 [INFO] PluginManager:220 - loadIPPluginJar : add hash
2024-12-22 15:48:39,475 [INFO] IPUIPlugin:80 - create IPUIPlugin
2024-12-22 15:48:39,476 [INFO] PluginManager:220 - loadIPPluginJar : add i2c
2024-12-22 15:48:39,478 [INFO] IPUIPlugin:80 - create IPUIPlugin
2024-12-22 15:48:39,478 [INFO] PluginManager:220 - loadIPPluginJar : add i2s
2024-12-22 15:48:39,481 [INFO] IPUIPlugin:80 - create IPUIPlugin
2024-12-22 15:48:39,481 [INFO] PluginManager:220 - loadIPPluginJar : add i3c
2024-12-22 15:48:39,485 [INFO] IPUIPlugin:80 - create IPUIPlugin
2024-12-22 15:48:39,485 [INFO] PluginManager:220 - loadIPPluginJar : add ipddr
2024-12-22 15:48:39,493 [INFO] IPUIPlugin:80 - create IPUIPlugin
2024-12-22 15:48:39,493 [INFO] PluginManager:220 - loadIPPluginJar : add linkedlist
2024-12-22 15:48:39,496 [INFO] IPUIPlugin:80 - create IPUIPlugin
2024-12-22 15:48:39,496 [INFO] PluginManager:220 - loadIPPluginJar : add lorawan
2024-12-22 15:48:39,498 [INFO] IPUIPlugin:80 - create IPUIPlugin
2024-12-22 15:48:39,498 [INFO] PluginManager:220 - loadIPPluginJar : add ltdc
2024-12-22 15:48:39,504 [INFO] IPUIPlugin:80 - create IPUIPlugin
2024-12-22 15:48:39,504 [INFO] PluginManager:220 - loadIPPluginJar : add mdma
2024-12-22 15:48:39,508 [INFO] IPUIPlugin:80 - create IPUIPlugin
2024-12-22 15:48:39,508 [INFO] PluginManager:220 - loadIPPluginJar : add nvic
2024-12-22 15:48:39,512 [INFO] IPUIPlugin:80 - create IPUIPlugin
2024-12-22 15:48:39,512 [INFO] PluginManager:220 - loadIPPluginJar : add opamp
2024-12-22 15:48:39,514 [INFO] IPUIPlugin:80 - create IPUIPlugin
2024-12-22 15:48:39,514 [INFO] PluginManager:220 - loadIPPluginJar : add openamp
2024-12-22 15:48:39,519 [INFO] IPUIPlugin:80 - create IPUIPlugin
2024-12-22 15:48:39,519 [INFO] PluginManager:220 - loadIPPluginJar : add pdm2pcm
2024-12-22 15:48:39,525 [INFO] IPUIPlugin:80 - create IPUIPlugin
2024-12-22 15:48:39,527 [INFO] PluginManager:220 - loadIPPluginJar : add plateformsettings
2024-12-22 15:48:39,529 [INFO] IPUIPlugin:80 - create IPUIPlugin
2024-12-22 15:48:39,529 [INFO] PluginManager:220 - loadIPPluginJar : add quadspi
2024-12-22 15:48:39,531 [INFO] IPUIPlugin:80 - create IPUIPlugin
2024-12-22 15:48:39,532 [INFO] PluginManager:220 - loadIPPluginJar : add radio
2024-12-22 15:48:39,536 [INFO] IPUIPlugin:80 - create IPUIPlugin
2024-12-22 15:48:39,536 [INFO] PluginManager:220 - loadIPPluginJar : add resmgrutility
2024-12-22 15:48:39,540 [INFO] IPUIPlugin:80 - create IPUIPlugin
2024-12-22 15:48:39,540 [INFO] PluginManager:220 - loadIPPluginJar : add sai
2024-12-22 15:48:39,543 [INFO] IPUIPlugin:80 - create IPUIPlugin
2024-12-22 15:48:39,543 [INFO] PluginManager:220 - loadIPPluginJar : add spi
2024-12-22 15:48:39,548 [INFO] IPUIPlugin:80 - create IPUIPlugin
2024-12-22 15:48:39,548 [INFO] PluginManager:220 - loadIPPluginJar : add stm32_wpan
2024-12-22 15:48:39,550 [INFO] IPUIPlugin:80 - create IPUIPlugin
2024-12-22 15:48:39,550 [INFO] PluginManager:220 - loadIPPluginJar : add tim
2024-12-22 15:48:39,553 [INFO] IPUIPlugin:80 - create IPUIPlugin
2024-12-22 15:48:39,553 [INFO] PluginManager:220 - loadIPPluginJar : add touchsensing
2024-12-22 15:48:39,555 [INFO] IPUIPlugin:80 - create IPUIPlugin
2024-12-22 15:48:39,555 [INFO] PluginManager:220 - loadIPPluginJar : add tracer_emb
2024-12-22 15:48:39,557 [INFO] IPUIPlugin:80 - create IPUIPlugin
2024-12-22 15:48:39,557 [INFO] PluginManager:220 - loadIPPluginJar : add ts
2024-12-22 15:48:39,559 [INFO] IPUIPlugin:80 - create IPUIPlugin
2024-12-22 15:48:39,559 [INFO] PluginManager:220 - loadIPPluginJar : add tsc
2024-12-22 15:48:39,561 [INFO] IPUIPlugin:80 - create IPUIPlugin
2024-12-22 15:48:39,561 [INFO] PluginManager:220 - loadIPPluginJar : add ucpd
2024-12-22 15:48:39,563 [INFO] IPUIPlugin:80 - create IPUIPlugin
2024-12-22 15:48:39,564 [INFO] PluginManager:220 - loadIPPluginJar : add usart
2024-12-22 15:48:39,567 [INFO] IPUIPlugin:80 - create IPUIPlugin
2024-12-22 15:48:39,567 [INFO] PluginManager:220 - loadIPPluginJar : add usbx
2024-12-22 15:48:39,704 [INFO] CADModel:165 - CPN selected for project level
2024-12-22 15:48:39,704 [INFO] CADModel:114 - Register for checkConnection events
2024-12-22 15:48:39,704 [FATAL] Updater:334 - Updater called before beeing initialized
2024-12-22 15:48:39,704 [ERROR] CADModel:125 - Updater not yet initialized, retry later 
2024-12-22 15:48:39,850 [INFO] CADModel:165 - CPN selected for project level
2024-12-22 15:48:39,850 [INFO] CADModel:114 - Register for checkConnection events
2024-12-22 15:48:39,851 [FATAL] Updater:334 - Updater called before beeing initialized
2024-12-22 15:48:39,851 [ERROR] CADModel:125 - Updater not yet initialized, retry later 
2024-12-22 15:48:39,853 [FATAL] Updater:334 - Updater called before beeing initialized
2024-12-22 15:48:40,020 [FATAL] Updater:334 - Updater called before beeing initialized
2024-12-22 15:48:40,029 [INFO] DbMcusAds:53 - JSON generation date=Thu May 16 14:52:00 IST 2024 (1715851320667)
2024-12-22 15:48:40,029 [FATAL] Updater:334 - Updater called before beeing initialized
2024-12-22 15:48:40,099 [WARN] DetailPanel:346 - Failed to get advertising image, set to default
2024-12-22 15:48:40,206 [FATAL] Updater:334 - Updater called before beeing initialized
2024-12-22 15:48:40,208 [FATAL] Updater:334 - Updater called before beeing initialized
2024-12-22 15:48:40,208 [FATAL] Updater:334 - Updater called before beeing initialized
2024-12-22 15:48:40,208 [WARN] DetailPanel:346 - Failed to get advertising image, set to default
2024-12-22 15:48:40,209 [FATAL] Updater:334 - Updater called before beeing initialized
2024-12-22 15:48:40,265 [ERROR] Updater:1164 - MainUpdater not yet initialized. External WinMGr cannot be set.
2024-12-22 15:48:40,267 [INFO] Updater:1100 - Updater Version found : 6.12.0
2024-12-22 15:48:40,294 [INFO] ApplicationProperties:184 - Using Application install path: C:\ST\STM32CubeIDE_1.15.1\STM32CubeIDE\plugins\com.st.stm32cube.common.mx_6.12.0.202406281431
2024-12-22 15:48:41,817 [INFO] ThirdPartyUpdaterWithRetryManager:70 - Updater plugin not ready yet. [2/15]
2024-12-22 15:48:41,874 [ERROR] LogOutputStream:75 - [STDERR_REDIRECT] Dec 22, 2024 3:48:41 PM java.util.prefs.WindowsPreferences <init>
2024-12-22 15:48:41,875 [ERROR] LogOutputStream:75 - [STDERR_REDIRECT] WARNING: Could not open/create prefs root node Software\JavaSoft\Prefs at root 0xffffffff80000002. Windows RegCreateKeyEx(...) returned error code 5.
2024-12-22 15:48:41,876 [ERROR] LogOutputStream:75 - [STDERR_REDIRECT] 
2024-12-22 15:48:42,254 [INFO] MainUpdater:2873 - connection check result : 10
2024-12-22 15:48:42,255 [INFO] MainUpdater:290 - Updater Check For Update Now.
2024-12-22 15:48:42,255 [INFO] MicroXplorer:498 - Change Database Version : DB.6.0.120
2024-12-22 15:48:42,263 [INFO] McuFinderGlobals:63 - Set McuFinder mode to 2 (CubeIDE integrated)
2024-12-22 15:48:42,264 [INFO] UserAuth:179 - activating auth plugin
2024-12-22 15:48:42,267 [INFO] UserAuth:417 - Internet connection configuration mode: 1
2024-12-22 15:48:42,298 [INFO] JxBrowserEngine:152 - Initiate JxBrowser Engine with user profile folder
2024-12-22 15:48:42,454 [INFO] CheckServerUpdateThread:120 - End of CheckServer Thread
2024-12-22 15:48:43,487 [INFO] WebApp:167 - Instantiating new browser for Auth
2024-12-22 15:48:44,598 [INFO] WebApp:448 - Apply proxy settings
2024-12-22 15:48:44,599 [INFO] WebApp:533 - Chromium requires no authentication
2024-12-22 15:48:44,614 [INFO] WebApp:476 - Direct internet connection detected
2024-12-22 15:48:44,653 [INFO] WebApp:869 - Register for checkConnection events
2024-12-22 15:48:44,653 [INFO] WebApp:448 - Apply proxy settings
2024-12-22 15:48:44,654 [INFO] WebApp:533 - Chromium requires no authentication
2024-12-22 15:48:44,654 [INFO] WebApp:476 - Direct internet connection detected
2024-12-22 15:48:44,988 [INFO] WebApp:220 - Starting web application
2024-12-22 15:48:44,989 [INFO] WebApp:578 - Web application path used C:\ST\STM32CubeIDE_1.15.1\STM32CubeIDE\plugins\com.st.stm32cube.common.mx_6.12.0.202406281431\db\plugins\mcufinder\reactClient1\index.html
2024-12-22 15:48:45,345 [WARN] PackLoader:240 - Cannot read IP mode file for STMicroelectronics.FP-SNS-MOTENVWB1.1.4.0
2024-12-22 15:48:45,357 [WARN] PackLoader:240 - Cannot read IP mode file for STMicroelectronics.FP-ATR-ASTRA1.2.0.1
2024-12-22 15:48:45,372 [WARN] PackLoader:240 - Cannot read IP mode file for STMicroelectronics.X-CUBE-SMBUS.2.1.0
2024-12-22 15:48:45,386 [WARN] PackLoader:240 - Cannot read IP mode file for STMicroelectronics.X-CUBE-WB05N.1.1.0
2024-12-22 15:48:45,432 [WARN] PackLoader:240 - Cannot read IP mode file for STMicroelectronics.X-CUBE-AZRTOS-F7.1.1.0
2024-12-22 15:48:45,528 [WARN] PackLoader:240 - Cannot read IP mode file for STMicroelectronics.X-CUBE-MEMS1.11.0.0
2024-12-22 15:48:45,722 [WARN] PackLoader:240 - Cannot read IP mode file for STMicroelectronics.FP-SNS-FLIGHT1.5.0.2
2024-12-22 15:48:45,733 [WARN] PackLoader:240 - Cannot read IP mode file for STMicroelectronics.X-CUBE-DISPLAY.3.0.0
2024-12-22 15:48:45,749 [WARN] PackLoader:240 - Cannot read IP mode file for STMicroelectronics.X-CUBE-BLE1.7.0.0
2024-12-22 15:48:45,759 [WARN] PackLoader:240 - Cannot read IP mode file for STMicroelectronics.X-CUBE-NFC10.1.0.0
2024-12-22 15:48:45,783 [WARN] PackLoader:240 - Cannot read IP mode file for STMicroelectronics.X-CUBE-BLEMGR.4.0.0
2024-12-22 15:48:45,797 [WARN] PackLoader:240 - Cannot read IP mode file for emotas.I-CUBE-CANOPEN.1.3.0
2024-12-22 15:48:45,807 [WARN] PackLoader:240 - Cannot read IP mode file for STMicroelectronics.X-CUBE-BLEMGR.3.1.0
2024-12-22 15:48:45,817 [WARN] PackLoader:240 - Cannot read IP mode file for STMicroelectronics.FP-SNS-SMARTAG2.1.2.0
2024-12-22 15:48:45,877 [WARN] PackLoader:240 - Cannot read IP mode file for STMicroelectronics.X-CUBE-MEMS1.11.1.0
2024-12-22 15:48:46,072 [INFO] LogOutputStream:77 - [STDOUT_REDIRECT] 1 : Invalid condition id : UX_CORESTACK_Condition cause : null
2024-12-22 15:48:46,073 [INFO] LogOutputStream:77 - [STDOUT_REDIRECT] 1 : Invalid condition id : UX_CORESTACK_Condition cause : null
2024-12-22 15:48:46,074 [INFO] LogOutputStream:77 - [STDOUT_REDIRECT] 1 : Invalid condition id : UX_CORESTACK_Condition cause : null
2024-12-22 15:48:46,077 [INFO] LogOutputStream:77 - [STDOUT_REDIRECT] 1 : Invalid condition id : UX_CORESTACK_Condition cause : null
2024-12-22 15:48:46,078 [INFO] LogOutputStream:77 - [STDOUT_REDIRECT] 1 : Invalid condition id : UX_CORESTACK_Condition cause : null
2024-12-22 15:48:46,082 [WARN] PackLoader:240 - Cannot read IP mode file for STMicroelectronics.X-CUBE-AZRTOS-WL.2.0.0
2024-12-22 15:48:46,115 [WARN] PackLoader:240 - Cannot read IP mode file for STMicroelectronics.FP-SNS-MOTENV1.5.0.0
2024-12-22 15:48:46,129 [WARN] PackLoader:240 - Cannot read IP mode file for wolfSSL.I-CUBE-wolfMQTT.1.19.0
2024-12-22 15:48:46,142 [WARN] PackLoader:240 - Cannot read IP mode file for WES.I-CUBE-Cesium.1.3.0
2024-12-22 15:48:46,152 [WARN] PackLoader:240 - Cannot read IP mode file for STMicroelectronics.X-CUBE-BLE2.3.3.0
2024-12-22 15:48:46,164 [WARN] PackLoader:240 - Cannot read IP mode file for STMicroelectronics.X-CUBE-NFC9.1.0.0
2024-12-22 15:48:46,175 [WARN] PackLoader:240 - Cannot read IP mode file for STMicroelectronics.X-CUBE-TCPP.4.1.0
2024-12-22 15:48:46,198 [WARN] PackLoader:240 - Cannot read IP mode file for STMicroelectronics.X-CUBE-AZRTOS-G0.1.1.0
2024-12-22 15:48:46,217 [WARN] PackLoader:240 - Cannot read IP mode file for STMicroelectronics.X-CUBE-SAFEA1.1.2.2
2024-12-22 15:48:46,229 [WARN] PackLoader:240 - Cannot read IP mode file for STMicroelectronics.X-CUBE-NFC4.3.0.0
2024-12-22 15:48:46,233 [INFO] WebApp:186 - Connection restablished
2024-12-22 15:48:46,250 [WARN] PackLoader:240 - Cannot read IP mode file for EmbeddedOffice.I-CUBE-FS-RTOS.1.0.1
2024-12-22 15:48:46,250 [ERROR] ConditionMgr:805 - Attr not supported : Dmpu
2024-12-22 15:48:46,250 [ERROR] ConditionMgr:805 - Attr not supported : Dmpu
2024-12-22 15:48:46,251 [ERROR] ConditionMgr:805 - Attr not supported : Dmpu
2024-12-22 15:48:46,251 [ERROR] ConditionMgr:805 - Attr not supported : Dmpu
2024-12-22 15:48:46,251 [ERROR] ConditionMgr:805 - Attr not supported : Dmpu
2024-12-22 15:48:46,251 [ERROR] ConditionMgr:805 - Attr not supported : Dmpu
2024-12-22 15:48:46,251 [ERROR] ConditionMgr:805 - Attr not supported : Dmpu
2024-12-22 15:48:46,251 [ERROR] ConditionMgr:805 - Attr not supported : Dmpu
2024-12-22 15:48:46,251 [ERROR] ConditionMgr:805 - Attr not supported : Dmpu
2024-12-22 15:48:46,252 [ERROR] ConditionMgr:805 - Attr not supported : Dmpu
2024-12-22 15:48:46,252 [ERROR] ConditionMgr:805 - Attr not supported : Dmpu
2024-12-22 15:48:46,252 [ERROR] ConditionMgr:805 - Attr not supported : Dmpu
2024-12-22 15:48:46,252 [ERROR] ConditionMgr:805 - Attr not supported : Dmpu
2024-12-22 15:48:46,252 [ERROR] ConditionMgr:805 - Attr not supported : Dmpu
2024-12-22 15:48:46,252 [ERROR] ConditionMgr:805 - Attr not supported : Dmpu
2024-12-22 15:48:46,252 [ERROR] ConditionMgr:805 - Attr not supported : Dmpu
2024-12-22 15:48:46,252 [ERROR] ConditionMgr:805 - Attr not supported : Dmpu
2024-12-22 15:48:46,252 [ERROR] ConditionMgr:805 - Attr not supported : Dmpu
2024-12-22 15:48:46,254 [ERROR] ConditionMgr:805 - Attr not supported : Dmpu
2024-12-22 15:48:46,254 [ERROR] ConditionMgr:805 - Attr not supported : Dmpu
2024-12-22 15:48:46,254 [ERROR] ConditionMgr:805 - Attr not supported : Dmpu
2024-12-22 15:48:46,254 [ERROR] ConditionMgr:805 - Attr not supported : Dmpu
2024-12-22 15:48:46,254 [ERROR] ConditionMgr:805 - Attr not supported : Dmpu
2024-12-22 15:48:46,254 [ERROR] ConditionMgr:805 - Attr not supported : Dmpu
2024-12-22 15:48:46,254 [ERROR] ConditionMgr:805 - Attr not supported : Dmpu
2024-12-22 15:48:46,254 [ERROR] ConditionMgr:805 - Attr not supported : Dmpu
2024-12-22 15:48:46,254 [ERROR] ConditionMgr:805 - Attr not supported : Dmpu
2024-12-22 15:48:46,254 [ERROR] ConditionMgr:805 - Attr not supported : Dmpu
2024-12-22 15:48:46,254 [ERROR] ConditionMgr:805 - Attr not supported : Dmpu
2024-12-22 15:48:46,254 [ERROR] ConditionMgr:805 - Attr not supported : Dmpu
2024-12-22 15:48:46,255 [ERROR] ConditionMgr:805 - Attr not supported : Dmpu
2024-12-22 15:48:46,255 [ERROR] ConditionMgr:805 - Attr not supported : Dmpu
2024-12-22 15:48:46,255 [ERROR] ConditionMgr:805 - Attr not supported : Dmpu
2024-12-22 15:48:46,255 [ERROR] ConditionMgr:805 - Attr not supported : Dmpu
2024-12-22 15:48:46,255 [ERROR] ConditionMgr:805 - Attr not supported : Dmpu
2024-12-22 15:48:46,256 [ERROR] ConditionMgr:805 - Attr not supported : Dmpu
2024-12-22 15:48:46,256 [ERROR] ConditionMgr:805 - Attr not supported : Dmpu
2024-12-22 15:48:46,256 [ERROR] ConditionMgr:805 - Attr not supported : Dmpu
2024-12-22 15:48:46,256 [ERROR] ConditionMgr:805 - Attr not supported : Dmpu
2024-12-22 15:48:46,256 [ERROR] ConditionMgr:805 - Attr not supported : Dmpu
2024-12-22 15:48:46,256 [ERROR] ConditionMgr:805 - Attr not supported : Dmpu
2024-12-22 15:48:46,256 [ERROR] ConditionMgr:805 - Attr not supported : Dmpu
2024-12-22 15:48:46,257 [ERROR] ConditionMgr:805 - Attr not supported : Dmpu
2024-12-22 15:48:46,257 [ERROR] ConditionMgr:805 - Attr not supported : Dmpu
2024-12-22 15:48:46,257 [ERROR] ConditionMgr:805 - Attr not supported : Dmpu
2024-12-22 15:48:46,257 [ERROR] ConditionMgr:805 - Attr not supported : Dmpu
2024-12-22 15:48:46,257 [ERROR] ConditionMgr:805 - Attr not supported : Dmpu
2024-12-22 15:48:46,258 [ERROR] ConditionMgr:805 - Attr not supported : Dmpu
2024-12-22 15:48:46,258 [ERROR] ConditionMgr:805 - Attr not supported : Dmpu
2024-12-22 15:48:46,258 [ERROR] ConditionMgr:805 - Attr not supported : Dmpu
2024-12-22 15:48:46,258 [ERROR] ConditionMgr:805 - Attr not supported : Dmpu
2024-12-22 15:48:46,259 [ERROR] ConditionMgr:805 - Attr not supported : Dmpu
2024-12-22 15:48:46,259 [ERROR] ConditionMgr:805 - Attr not supported : Dmpu
2024-12-22 15:48:46,259 [ERROR] ConditionMgr:805 - Attr not supported : Dmpu
2024-12-22 15:48:46,259 [ERROR] ConditionMgr:805 - Attr not supported : Dmpu
2024-12-22 15:48:46,259 [ERROR] ConditionMgr:805 - Attr not supported : Dmpu
2024-12-22 15:48:46,259 [ERROR] ConditionMgr:805 - Attr not supported : Dmpu
2024-12-22 15:48:46,260 [ERROR] ConditionMgr:805 - Attr not supported : Dmpu
2024-12-22 15:48:46,260 [ERROR] ConditionMgr:805 - Attr not supported : Dmpu
2024-12-22 15:48:46,260 [ERROR] ConditionMgr:805 - Attr not supported : Dmpu
2024-12-22 15:48:46,260 [ERROR] ConditionMgr:805 - Attr not supported : Dmpu
2024-12-22 15:48:46,261 [ERROR] ConditionMgr:805 - Attr not supported : Dmpu
2024-12-22 15:48:46,261 [ERROR] ConditionMgr:805 - Attr not supported : Dmpu
2024-12-22 15:48:46,261 [ERROR] ConditionMgr:805 - Attr not supported : Dmpu
2024-12-22 15:48:46,269 [ERROR] Engine:466 - C:\Users\Tejas Sawant\.stm32cubemx\thirdparties\pdsc\STMicroelectronics.X-CUBE-TCPP.4.2.0.pdsc: PDSC version is not supported
2024-12-22 15:48:46,278 [WARN] PackLoader:240 - Cannot read IP mode file for RealThread.X-CUBE-RT-Thread_Nano.4.1.1
2024-12-22 15:48:46,287 [WARN] PackLoader:240 - Cannot read IP mode file for STMicroelectronics.FP-ATR-SIGFOX1.3.2.0
2024-12-22 15:48:46,296 [WARN] PackLoader:240 - Cannot read IP mode file for wolfSSL.I-CUBE-wolfSSL.5.7.2
2024-12-22 15:48:46,306 [WARN] ConditionMgr:438 - getConditionDescription Invalid condition id : Cortex-A Device cause : null
2024-12-22 15:48:46,332 [WARN] ConditionMgr:1039 - genDependencies : Invalid condition id : Cortex-A Device cause : null
2024-12-22 15:48:46,332 [WARN] ConditionMgr:1039 - genDependencies : Invalid condition id : Cortex-A Device cause : null
2024-12-22 15:48:46,333 [WARN] ConditionMgr:1039 - genDependencies : Invalid condition id : Cortex-A Device cause : null
2024-12-22 15:48:46,349 [WARN] PackLoader:240 - Cannot read IP mode file for STMicroelectronics.X-CUBE-EEPRMA1.5.1.0
2024-12-22 15:48:46,368 [WARN] PackLoader:240 - Cannot read IP mode file for ITTIA_DB.I-CUBE-ITTIADB.8.9.0
2024-12-22 15:48:46,422 [WARN] PackLoader:240 - Cannot read IP mode file for SEGGER.I-CUBE-embOS.1.3.1
2024-12-22 15:48:46,500 [WARN] PackLoader:240 - Cannot read IP mode file for STMicroelectronics.X-CUBE-ALGOBUILD.1.4.0
2024-12-22 15:48:46,509 [WARN] PackLoader:240 - Cannot read IP mode file for STMicroelectronics.X-CUBE-AI.9.1.0
2024-12-22 15:48:46,518 [WARN] PackLoader:240 - Cannot read IP mode file for STMicroelectronics.X-CUBE-GNSS1.6.0.0
2024-12-22 15:48:46,546 [WARN] PackLoader:240 - Cannot read IP mode file for STMicroelectronics.X-CUBE-AZRTOS-F4.1.1.0
2024-12-22 15:48:46,557 [WARN] PackLoader:240 - Cannot read IP mode file for STMicroelectronics.X-CUBE-ISPU.2.1.0
2024-12-22 15:48:46,569 [WARN] PackLoader:240 - Cannot read IP mode file for STMicroelectronics.X-CUBE-FREERTOS.1.2.0
2024-12-22 15:48:46,599 [WARN] PackLoader:240 - Cannot read IP mode file for STMicroelectronics.X-CUBE-AZRTOS-L5.2.0.0
2024-12-22 15:48:46,618 [WARN] PackLoader:240 - Cannot read IP mode file for STMicroelectronics.X-CUBE-NFC6.3.1.0
2024-12-22 15:48:46,633 [WARN] PackLoader:240 - Cannot read IP mode file for STMicroelectronics.X-CUBE-DPower.1.2.0
2024-12-22 15:48:46,640 [WARN] PackLoader:240 - Cannot read IP mode file for STMicroelectronics.X-CUBE-AI.9.0.0
2024-12-22 15:48:46,647 [WARN] PackLoader:240 - Cannot read IP mode file for STMicroelectronics.X-CUBE-FREERTOS.1.3.0
2024-12-22 15:48:46,657 [WARN] PackLoader:240 - Cannot read IP mode file for STMicroelectronics.X-CUBE-NFC7.1.0.1
2024-12-22 15:48:46,666 [WARN] PackLoader:240 - Cannot read IP mode file for wolfSSL.I-CUBE-wolfTPM.3.2.0
2024-12-22 15:48:46,703 [WARN] ConditionMgr:438 - getConditionDescription Invalid condition id : LAN8742 Phy interface Condition cause : null
2024-12-22 15:48:46,704 [WARN] PackLoader:240 - Cannot read IP mode file for STMicroelectronics.X-CUBE-AZRTOS-L4.2.0.0
2024-12-22 15:48:46,707 [WARN] ConditionMgr:1039 - genDependencies : Invalid condition id : LAN8742 Phy interface Condition cause : null
2024-12-22 15:48:46,707 [WARN] ConditionMgr:1039 - genDependencies : Invalid condition id : LAN8742 Phy interface Condition cause : null
2024-12-22 15:48:46,708 [WARN] ConditionMgr:1039 - genDependencies : Invalid condition id : LAN8742 Phy interface Condition cause : null
2024-12-22 15:48:46,725 [WARN] PackLoader:240 - Cannot read IP mode file for STMicroelectronics.X-CUBE-SFXS2LP1.4.0.0
2024-12-22 15:48:46,765 [WARN] PackLoader:240 - Cannot read IP mode file for STMicroelectronics.X-CUBE-AZRTOS-H7.3.3.0
2024-12-22 15:48:46,786 [WARN] PackLoader:240 - Cannot read IP mode file for STMicroelectronics.X-CUBE-IPS.3.0.0
2024-12-22 15:48:46,812 [WARN] ConditionMgr:438 - getConditionDescription Invalid condition id : UX DEVICE CLASS RTOS Condition cause : null
2024-12-22 15:48:46,812 [WARN] ConditionMgr:438 - getConditionDescription Invalid condition id : UX DEVICE CLASS RTOS Condition cause : null
2024-12-22 15:48:46,816 [WARN] PackLoader:240 - Cannot read IP mode file for STMicroelectronics.X-CUBE-AZRTOS-WB.2.0.0
2024-12-22 15:48:46,817 [WARN] ConditionMgr:1039 - genDependencies : Invalid condition id : UX DEVICE CLASS RTOS Condition cause : null
2024-12-22 15:48:46,817 [WARN] ConditionMgr:1039 - genDependencies : Invalid condition id : UX DEVICE CLASS RTOS Condition cause : null
2024-12-22 15:48:46,818 [WARN] ConditionMgr:1039 - genDependencies : Invalid condition id : UX DEVICE CLASS RTOS Condition cause : null
2024-12-22 15:48:46,818 [WARN] ConditionMgr:1039 - genDependencies : Invalid condition id : UX DEVICE CLASS RTOS Condition cause : null
2024-12-22 15:48:46,818 [WARN] ConditionMgr:1039 - genDependencies : Invalid condition id : UX DEVICE CLASS RTOS Condition cause : null
2024-12-22 15:48:46,827 [WARN] PackLoader:240 - Cannot read IP mode file for STMicroelectronics.X-CUBE-GNSS1.7.0.0
2024-12-22 15:48:46,835 [WARN] PackLoader:240 - Cannot read IP mode file for STMicroelectronics.X-CUBE-GNSS1.7.0.1
2024-12-22 15:48:46,848 [WARN] PackLoader:240 - Cannot read IP mode file for STMicroelectronics.FP-SNS-STBOX1.2.0.0
2024-12-22 15:48:46,868 [WARN] PackLoader:240 - Cannot read IP mode file for STMicroelectronics.X-CUBE-SUBG2.5.0.0
2024-12-22 15:48:46,884 [WARN] PackLoader:240 - Cannot read IP mode file for Cesanta.I-CUBE-Mongoose.7.13.0
2024-12-22 15:48:46,906 [WARN] PackLoader:240 - Cannot read IP mode file for STMicroelectronics.X-CUBE-AZRTOS-G4.2.0.0
2024-12-22 15:48:46,915 [WARN] PackLoader:240 - Cannot read IP mode file for STMicroelectronics.X-CUBE-ISPU.2.0.0
2024-12-22 15:48:46,923 [WARN] PackLoader:240 - Cannot read IP mode file for STMicroelectronics.X-CUBE-ALS.1.0.2
2024-12-22 15:48:46,977 [WARN] PackLoader:240 - Cannot read IP mode file for STMicroelectronics.X-CUBE-MEMS1.10.0.0
2024-12-22 15:48:47,217 [WARN] PackLoader:240 - Cannot read IP mode file for STMicroelectronics.X-CUBE-TOUCHGFX.4.24.0
2024-12-22 15:48:47,224 [WARN] PackLoader:240 - Cannot read IP mode file for STMicroelectronics.X-CUBE-TOUCHGFX.4.24.1
2024-12-22 15:48:47,233 [WARN] PackLoader:240 - Cannot read IP mode file for wolfSSL.I-CUBE-wolfTPM.3.4.0
2024-12-22 15:48:47,248 [WARN] PackLoader:240 - Cannot read IP mode file for portGmbH.I-Cube-SoM-uGOAL.1.1.0
2024-12-22 15:48:47,274 [WARN] PackLoader:240 - Cannot read IP mode file for STMicroelectronics.X-CUBE-AZRTOS-H7RS.1.0.0
2024-12-22 15:48:47,285 [WARN] PackLoader:240 - Cannot read IP mode file for STMicroelectronics.FP-ATR-ASTRA1.2.0.0
2024-12-22 15:48:47,306 [WARN] PackLoader:240 - Cannot read IP mode file for STMicroelectronics.X-CUBE-TOF1.3.4.2
2024-12-22 15:48:47,358 [WARN] PackLoader:240 - Cannot read IP mode file for Infineon.AIROC-Wi-Fi-Bluetooth-STM32.1.6.1
2024-12-22 15:48:47,371 [WARN] PackLoader:240 - Cannot read IP mode file for wolfSSL.I-CUBE-wolfSSH.1.4.17
2024-12-22 15:48:47,372 [INFO] ThirdParty:978 - Integrity check success = true
2024-12-22 15:48:47,373 [INFO] IntegrityCheckThread:100 - exiting critical section [integrity check]
2024-12-22 15:48:47,373 [INFO] IntegrityCheckThread:103 - End integrity checks thread
2024-12-22 23:44:09,501 [ERROR] LogOutputStream:75 - [STDERR_REDIRECT] 
