2024-09-16 06:02:32,665 [INFO] Activator:176 - 


2024-09-16 06:02:32,672 [INFO] Activator:177 - !SESSION log4j initialized
2024-09-16 06:02:38,884 [INFO] LogOutputStream:77 - [STDOUT_REDIRECT] 
2024-09-16 06:02:40,363 [INFO] ApplicationProperties:184 - Using Application install path: C:\ST\STM32CubeIDE_1.15.1\STM32CubeIDE\plugins\com.st.stm32cube.common.mx_6.12.0.202406281431
2024-09-16 06:02:40,385 [INFO] DbMcusXml:78 - Set database path to: C:\ST\STM32CubeIDE_1.15.1\STM32CubeIDE\plugins\com.st.stm32cube.common.mx_6.12.0.202406281431\\db\/mcu/
2024-09-16 06:02:40,385 [INFO] ApiDb:274 - Set plugin database path to: C:\ST\STM32CubeIDE_1.15.1\STM32CubeIDE\plugins\com.st.stm32cube.common.mx_6.12.0.202406281431\\db\/plugins/boardmanager/
2024-09-16 06:02:40,387 [WARN] ApiDb:259 - Overriding images path with different value:  => C:\ST\STM32CubeIDE_1.15.1\STM32CubeIDE\plugins\com.st.stm32cube.common.mx_6.12.0.202406281431\\db\/plugins/mcufinder/images/
2024-09-16 06:02:40,395 [INFO] ApiDb:250 - Set database path to: C:\Users\Tejas Sawant\.stmcufinder\plugins\mcufinder//mcu/
2024-09-16 06:02:40,396 [INFO] DbMcusAds:125 - Set database path to: C:\Users\Tejas Sawant\.stmcufinder\plugins\mcufinder//mcu/
2024-09-16 06:02:40,399 [INFO] CrossReferenceDbSqlite:203 - Set database path to: C:\Users\Tejas Sawant\.stmcufinder\plugins\mcufinder//mcu/cs/
2024-09-16 06:02:40,518 [INFO] RulesReader:64 - Compatibility file has been processed (297 Rules)
2024-09-16 06:02:40,615 [INFO] DbMcusXml:78 - Set database path to: C:\ST\STM32CubeIDE_1.15.1\STM32CubeIDE\plugins\com.st.stm32cube.common.mx_6.12.0.202406281431\\db\/mcu/
2024-09-16 06:02:40,615 [INFO] ApiDb:274 - Set plugin database path to: C:\ST\STM32CubeIDE_1.15.1\STM32CubeIDE\plugins\com.st.stm32cube.common.mx_6.12.0.202406281431\\db\/plugins/boardmanager/
2024-09-16 06:02:40,615 [INFO] ApiDb:261 - Set plugin images path to: C:\ST\STM32CubeIDE_1.15.1\STM32CubeIDE\plugins\com.st.stm32cube.common.mx_6.12.0.202406281431\\db\/plugins/mcufinder/images/
2024-09-16 06:02:40,616 [WARN] DbFile:41 - Overriding database path with different value: C:\Users\Tejas Sawant\.stmcufinder\plugins\mcufinder/ => C:\Users\Tejas Sawant\.stmcufinder\plugins\mcufinder
2024-09-16 06:02:40,616 [INFO] ApiDb:250 - Set database path to: C:\Users\Tejas Sawant\.stmcufinder\plugins\mcufinder//mcu/
2024-09-16 06:02:40,616 [WARN] DbFile:41 - Overriding database path with different value: C:\Users\Tejas Sawant\.stmcufinder\plugins\mcufinder/ => C:\Users\Tejas Sawant\.stmcufinder\plugins\mcufinder
2024-09-16 06:02:40,616 [INFO] DbMcusAds:125 - Set database path to: C:\Users\Tejas Sawant\.stmcufinder\plugins\mcufinder//mcu/
2024-09-16 06:02:40,616 [WARN] DbFile:41 - Overriding database path with different value: C:\Users\Tejas Sawant\.stmcufinder\plugins\mcufinder/ => C:\Users\Tejas Sawant\.stmcufinder\plugins\mcufinder
2024-09-16 06:02:40,616 [WARN] DbFile:41 - Overriding database path with different value: C:\Users\Tejas Sawant\.stmcufinder\plugins\mcufinder/ => C:\Users\Tejas Sawant\.stmcufinder\plugins\mcufinder
2024-09-16 06:02:40,616 [INFO] CrossReferenceDbSqlite:203 - Set database path to: C:\Users\Tejas Sawant\.stmcufinder\plugins\mcufinder//mcu/cs/
2024-09-16 06:02:40,708 [INFO] MainPanel:268 - HeapMemory: 268435456
2024-09-16 06:02:40,812 [INFO] DbMcusXml:78 - Set database path to: C:\ST\STM32CubeIDE_1.15.1\STM32CubeIDE\plugins\com.st.stm32cube.common.mx_6.12.0.202406281431\\db\/mcu/
2024-09-16 06:02:40,813 [INFO] ApiDb:274 - Set plugin database path to: C:\ST\STM32CubeIDE_1.15.1\STM32CubeIDE\plugins\com.st.stm32cube.common.mx_6.12.0.202406281431\\db\/plugins/boardmanager/
2024-09-16 06:02:40,813 [INFO] ApiDb:261 - Set plugin images path to: C:\ST\STM32CubeIDE_1.15.1\STM32CubeIDE\plugins\com.st.stm32cube.common.mx_6.12.0.202406281431\\db\/plugins/mcufinder/images/
2024-09-16 06:02:40,813 [WARN] DbFile:41 - Overriding database path with different value: C:\Users\Tejas Sawant\.stmcufinder\plugins\mcufinder/ => C:\Users\Tejas Sawant\.stmcufinder\plugins\mcufinder
2024-09-16 06:02:40,813 [INFO] ApiDb:250 - Set database path to: C:\Users\Tejas Sawant\.stmcufinder\plugins\mcufinder//mcu/
2024-09-16 06:02:40,813 [WARN] DbFile:41 - Overriding database path with different value: C:\Users\Tejas Sawant\.stmcufinder\plugins\mcufinder/ => C:\Users\Tejas Sawant\.stmcufinder\plugins\mcufinder
2024-09-16 06:02:40,813 [INFO] DbMcusAds:125 - Set database path to: C:\Users\Tejas Sawant\.stmcufinder\plugins\mcufinder//mcu/
2024-09-16 06:02:40,813 [WARN] DbFile:41 - Overriding database path with different value: C:\Users\Tejas Sawant\.stmcufinder\plugins\mcufinder/ => C:\Users\Tejas Sawant\.stmcufinder\plugins\mcufinder
2024-09-16 06:02:40,814 [WARN] DbFile:41 - Overriding database path with different value: C:\Users\Tejas Sawant\.stmcufinder\plugins\mcufinder/ => C:\Users\Tejas Sawant\.stmcufinder\plugins\mcufinder
2024-09-16 06:02:40,814 [INFO] CrossReferenceDbSqlite:203 - Set database path to: C:\Users\Tejas Sawant\.stmcufinder\plugins\mcufinder//mcu/cs/
2024-09-16 06:02:40,834 [INFO] ApplicationProperties:184 - Using Application install path: C:\ST\STM32CubeIDE_1.15.1\STM32CubeIDE\plugins\com.st.stm32cube.common.mx_6.12.0.202406281431
2024-09-16 06:02:40,836 [INFO] PluginManage:196 - Search for loadable plugins [exclusion list=, ]
2024-09-16 06:02:40,838 [INFO] PluginManage:310 - Check plugin analytics
2024-09-16 06:02:41,025 [INFO] AnalyticsPlugin:253 - Accepted Software Licenses: 
2024-09-16 06:02:41,025 [INFO] AnalyticsPlugin:255 - Accepted CMSIS Pack Licenses: 
2024-09-16 06:02:41,025 [INFO] AnalyticsPlugin:257 - Accepted Firmware Licenses: 
2024-09-16 06:02:41,028 [INFO] PluginManage:359 - Loaded plugin analytics (category:tool,tabindex:-1)
2024-09-16 06:02:41,029 [INFO] PluginManage:310 - Check plugin cadmodel
2024-09-16 06:02:41,045 [INFO] CADModel:105 - Init CAD model plugin
2024-09-16 06:02:41,045 [INFO] PluginManage:359 - Loaded plugin cadmodel (category:power,tabindex:5)
2024-09-16 06:02:41,046 [INFO] PluginManage:310 - Check plugin clock
2024-09-16 06:02:41,066 [INFO] PluginManage:359 - Loaded plugin clock (category:base,tabindex:2)
2024-09-16 06:02:41,067 [INFO] PluginManage:310 - Check plugin ddr
2024-09-16 06:02:41,069 [INFO] PluginManage:359 - Loaded plugin ddr (category:tool,tabindex:6)
2024-09-16 06:02:41,070 [INFO] PluginManage:310 - Check plugin filemanager
2024-09-16 06:02:41,220 [INFO] PluginManage:359 - Loaded plugin filemanager (category:base,tabindex:10)
2024-09-16 06:02:41,220 [INFO] PluginManage:310 - Check plugin ipmanager
2024-09-16 06:02:41,230 [INFO] PluginManage:359 - Loaded plugin ipmanager (category:base,tabindex:5)
2024-09-16 06:02:41,230 [INFO] PluginManage:310 - Check plugin lpbam
2024-09-16 06:02:41,251 [INFO] PluginManage:359 - Loaded plugin lpbam (category:base,tabindex:0)
2024-09-16 06:02:41,252 [INFO] PluginManage:310 - Check plugin memorymap
2024-09-16 06:02:41,278 [INFO] PluginManage:359 - Loaded plugin memorymap (category:base,tabindex:4)
2024-09-16 06:02:41,278 [INFO] PluginManage:310 - Check plugin pinoutandconfiguration
2024-09-16 06:02:41,296 [INFO] PluginManage:359 - Loaded plugin pinoutandconfiguration (category:base,tabindex:1)
2024-09-16 06:02:41,296 [INFO] PluginManage:310 - Check plugin pinoutconfig
2024-09-16 06:02:41,394 [WARN] SupportedApi:132 - Cannot load RTOS API schema: s4s-elt-must-match.1: The content of 'definitions' must match (annotation?, (simpleType | complexType)?, (unique | key | keyref)*)). A problem was found starting at: attribute.
2024-09-16 06:02:41,538 [INFO] PluginManage:359 - Loaded plugin pinoutconfig (category:base,tabindex:0)
2024-09-16 06:02:41,538 [INFO] PluginManage:310 - Check plugin power
2024-09-16 06:02:41,557 [INFO] PluginManage:359 - Loaded plugin power (category:power,tabindex:4)
2024-09-16 06:02:41,558 [INFO] PluginManage:310 - Check plugin projectmanager
2024-09-16 06:02:41,575 [INFO] PluginManage:359 - Loaded plugin projectmanager (category:projectmanager,tabindex:4)
2024-09-16 06:02:41,576 [INFO] PluginManage:310 - Check plugin rif
2024-09-16 06:02:41,592 [INFO] PluginManage:359 - Loaded plugin rif (category:base,tabindex:3)
2024-09-16 06:02:41,592 [INFO] PluginManage:310 - Check plugin thirdparty
2024-09-16 06:02:41,862 [INFO] PluginManage:359 - Loaded plugin thirdparty (category:base,tabindex:-1)
2024-09-16 06:02:41,862 [INFO] PluginManage:310 - Check plugin tools
2024-09-16 06:02:41,862 [WARN] IntegrityCheckThread:84 - waiting for thirdparty lock release [integrity check]
2024-09-16 06:02:41,862 [INFO] IntegrityCheckThread:86 - entering critical section [integrity check]
2024-09-16 06:02:41,862 [INFO] ThirdPartyUpdaterWithRetryManager:70 - Updater plugin not ready yet. [1/15]
2024-09-16 06:02:41,905 [INFO] PluginManage:359 - Loaded plugin tools (category:base,tabindex:7)
2024-09-16 06:02:41,905 [INFO] PluginManage:310 - Check plugin tutovideos
2024-09-16 06:02:42,099 [INFO] PluginManage:359 - Loaded plugin tutovideos (category:base,tabindex:-1)
2024-09-16 06:02:42,099 [INFO] PluginManage:310 - Check plugin updater
2024-09-16 06:02:42,120 [INFO] PluginManage:359 - Loaded plugin updater (category:base,tabindex:12)
2024-09-16 06:02:42,120 [INFO] PluginManage:310 - Check plugin userauth
2024-09-16 06:02:42,127 [INFO] UserAuth:113 - Init User Auth plugin
2024-09-16 06:02:42,128 [INFO] PluginManage:359 - Loaded plugin userauth (category:base,tabindex:14)
2024-09-16 06:02:42,128 [INFO] PluginManage:283 - PluginManage : Loaded plugins [18]
2024-09-16 06:02:42,368 [INFO] PinOutPanel:1561 - setPackage(No Configuration,No Configuration)
2024-09-16 06:02:42,470 [INFO] CADModel:165 - CPN selected for project level
2024-09-16 06:02:42,470 [INFO] CADModel:114 - Register for checkConnection events
2024-09-16 06:02:42,498 [INFO] IPUIPlugin:80 - create IPUIPlugin
2024-09-16 06:02:42,498 [INFO] PluginManager:220 - loadIPPluginJar : add adc
2024-09-16 06:02:42,536 [INFO] IPUIPlugin:80 - create IPUIPlugin
2024-09-16 06:02:42,536 [INFO] PluginManager:220 - loadIPPluginJar : add aes
2024-09-16 06:02:42,576 [INFO] IPUIPlugin:80 - create IPUIPlugin
2024-09-16 06:02:42,576 [INFO] PluginManager:220 - loadIPPluginJar : add can
2024-09-16 06:02:42,601 [INFO] IPUIPlugin:80 - create IPUIPlugin
2024-09-16 06:02:42,601 [INFO] PluginManager:220 - loadIPPluginJar : add comp
2024-09-16 06:02:42,637 [INFO] IPUIPlugin:80 - create IPUIPlugin
2024-09-16 06:02:42,637 [INFO] PluginManager:220 - loadIPPluginJar : add cryp
2024-09-16 06:02:42,650 [INFO] IPUIPlugin:80 - create IPUIPlugin
2024-09-16 06:02:42,650 [INFO] PluginManager:220 - loadIPPluginJar : add ddr_ctrl_phy
2024-09-16 06:02:42,680 [INFO] IPUIPlugin:80 - create IPUIPlugin
2024-09-16 06:02:42,680 [INFO] PluginManager:220 - loadIPPluginJar : add dfsdm
2024-09-16 06:02:42,697 [INFO] IPUIPlugin:80 - create IPUIPlugin
2024-09-16 06:02:42,697 [INFO] PluginManager:220 - loadIPPluginJar : add dma
2024-09-16 06:02:42,751 [INFO] IPUIPlugin:80 - create IPUIPlugin
2024-09-16 06:02:42,752 [INFO] PluginManager:220 - loadIPPluginJar : add dma3
2024-09-16 06:02:42,801 [INFO] IPUIPlugin:80 - create IPUIPlugin
2024-09-16 06:02:42,801 [INFO] PluginManager:220 - loadIPPluginJar : add extmemmanager
2024-09-16 06:02:42,825 [INFO] IPUIPlugin:80 - create IPUIPlugin
2024-09-16 06:02:42,825 [INFO] PluginManager:220 - loadIPPluginJar : add fatfs
2024-09-16 06:02:42,874 [INFO] IPUIPlugin:80 - create IPUIPlugin
2024-09-16 06:02:42,874 [INFO] PluginManager:220 - loadIPPluginJar : add fmc
2024-09-16 06:02:42,889 [INFO] IPUIPlugin:80 - create IPUIPlugin
2024-09-16 06:02:42,890 [INFO] PluginManager:220 - loadIPPluginJar : add freertos
2024-09-16 06:02:42,916 [INFO] IPUIPlugin:80 - create IPUIPlugin
2024-09-16 06:02:42,916 [INFO] PluginManager:220 - loadIPPluginJar : add genericplugin
2024-09-16 06:02:43,006 [INFO] IPUIPlugin:80 - create IPUIPlugin
2024-09-16 06:02:43,006 [INFO] PluginManager:220 - loadIPPluginJar : add gfxmmu
2024-09-16 06:02:43,126 [INFO] IPUIPlugin:80 - create IPUIPlugin
2024-09-16 06:02:43,126 [INFO] PluginManager:220 - loadIPPluginJar : add gic
2024-09-16 06:02:43,140 [INFO] IPUIPlugin:80 - create IPUIPlugin
2024-09-16 06:02:43,141 [INFO] PluginManager:220 - loadIPPluginJar : add gpio
2024-09-16 06:02:43,228 [INFO] IPUIPlugin:80 - create IPUIPlugin
2024-09-16 06:02:43,229 [INFO] PluginManager:220 - loadIPPluginJar : add gtzc
2024-09-16 06:02:43,262 [INFO] IPUIPlugin:80 - create IPUIPlugin
2024-09-16 06:02:43,263 [INFO] PluginManager:220 - loadIPPluginJar : add hash
2024-09-16 06:02:43,321 [INFO] IPUIPlugin:80 - create IPUIPlugin
2024-09-16 06:02:43,321 [INFO] PluginManager:220 - loadIPPluginJar : add i2c
2024-09-16 11:32:43,209 [INFO] IPUIPlugin:80 - create IPUIPlugin
2024-09-16 11:32:43,209 [INFO] PluginManager:220 - loadIPPluginJar : add i2s
2024-09-16 11:32:43,317 [INFO] IPUIPlugin:80 - create IPUIPlugin
2024-09-16 11:32:43,317 [INFO] PluginManager:220 - loadIPPluginJar : add i3c
2024-09-16 11:32:43,492 [INFO] IPUIPlugin:80 - create IPUIPlugin
2024-09-16 11:32:43,492 [INFO] PluginManager:220 - loadIPPluginJar : add ipddr
2024-09-16 11:32:43,626 [INFO] IPUIPlugin:80 - create IPUIPlugin
2024-09-16 11:32:43,626 [INFO] PluginManager:220 - loadIPPluginJar : add linkedlist
2024-09-16 11:32:43,676 [INFO] IPUIPlugin:80 - create IPUIPlugin
2024-09-16 11:32:43,676 [INFO] PluginManager:220 - loadIPPluginJar : add lorawan
2024-09-16 11:32:43,724 [INFO] IPUIPlugin:80 - create IPUIPlugin
2024-09-16 11:32:43,724 [INFO] PluginManager:220 - loadIPPluginJar : add ltdc
2024-09-16 11:32:43,742 [INFO] IPUIPlugin:80 - create IPUIPlugin
2024-09-16 11:32:43,742 [INFO] PluginManager:220 - loadIPPluginJar : add mdma
2024-09-16 11:32:43,757 [INFO] IPUIPlugin:80 - create IPUIPlugin
2024-09-16 11:32:43,757 [INFO] PluginManager:220 - loadIPPluginJar : add nvic
2024-09-16 11:32:43,808 [INFO] IPUIPlugin:80 - create IPUIPlugin
2024-09-16 11:32:43,808 [INFO] PluginManager:220 - loadIPPluginJar : add opamp
2024-09-16 11:32:43,886 [INFO] IPUIPlugin:80 - create IPUIPlugin
2024-09-16 11:32:43,886 [INFO] PluginManager:220 - loadIPPluginJar : add openamp
2024-09-16 11:32:43,937 [INFO] IPUIPlugin:80 - create IPUIPlugin
2024-09-16 11:32:43,937 [INFO] PluginManager:220 - loadIPPluginJar : add pdm2pcm
2024-09-16 11:32:43,954 [INFO] IPUIPlugin:80 - create IPUIPlugin
2024-09-16 11:32:43,957 [INFO] PluginManager:220 - loadIPPluginJar : add plateformsettings
2024-09-16 11:32:43,988 [INFO] IPUIPlugin:80 - create IPUIPlugin
2024-09-16 11:32:43,989 [INFO] PluginManager:220 - loadIPPluginJar : add quadspi
2024-09-16 11:32:44,037 [INFO] IPUIPlugin:80 - create IPUIPlugin
2024-09-16 11:32:44,038 [INFO] PluginManager:220 - loadIPPluginJar : add radio
2024-09-16 11:32:44,055 [INFO] IPUIPlugin:80 - create IPUIPlugin
2024-09-16 11:32:44,055 [INFO] PluginManager:220 - loadIPPluginJar : add resmgrutility
2024-09-16 11:32:44,117 [INFO] IPUIPlugin:80 - create IPUIPlugin
2024-09-16 11:32:44,117 [INFO] PluginManager:220 - loadIPPluginJar : add sai
2024-09-16 11:32:44,215 [INFO] IPUIPlugin:80 - create IPUIPlugin
2024-09-16 11:32:44,215 [INFO] PluginManager:220 - loadIPPluginJar : add spi
2024-09-16 11:32:44,368 [INFO] IPUIPlugin:80 - create IPUIPlugin
2024-09-16 11:32:44,368 [INFO] PluginManager:220 - loadIPPluginJar : add stm32_wpan
2024-09-16 11:32:44,427 [INFO] IPUIPlugin:80 - create IPUIPlugin
2024-09-16 11:32:44,428 [INFO] PluginManager:220 - loadIPPluginJar : add tim
2024-09-16 11:32:44,540 [INFO] IPUIPlugin:80 - create IPUIPlugin
2024-09-16 11:32:44,540 [INFO] PluginManager:220 - loadIPPluginJar : add touchsensing
2024-09-16 11:32:44,581 [INFO] IPUIPlugin:80 - create IPUIPlugin
2024-09-16 11:32:44,582 [INFO] PluginManager:220 - loadIPPluginJar : add tracer_emb
2024-09-16 11:32:44,612 [INFO] IPUIPlugin:80 - create IPUIPlugin
2024-09-16 11:32:44,612 [INFO] PluginManager:220 - loadIPPluginJar : add ts
2024-09-16 11:32:44,642 [INFO] IPUIPlugin:80 - create IPUIPlugin
2024-09-16 11:32:44,642 [INFO] PluginManager:220 - loadIPPluginJar : add tsc
2024-09-16 11:32:44,665 [INFO] IPUIPlugin:80 - create IPUIPlugin
2024-09-16 11:32:44,666 [INFO] PluginManager:220 - loadIPPluginJar : add ucpd
2024-09-16 11:32:44,689 [INFO] ThirdPartyUpdaterWithRetryManager:70 - Updater plugin not ready yet. [2/15]
2024-09-16 11:32:44,716 [INFO] IPUIPlugin:80 - create IPUIPlugin
2024-09-16 11:32:44,716 [INFO] PluginManager:220 - loadIPPluginJar : add usart
2024-09-16 11:32:44,765 [INFO] IPUIPlugin:80 - create IPUIPlugin
2024-09-16 11:32:44,765 [INFO] PluginManager:220 - loadIPPluginJar : add usbx
2024-09-16 11:32:44,902 [INFO] CADModel:165 - CPN selected for project level
2024-09-16 11:32:44,902 [INFO] CADModel:114 - Register for checkConnection events
2024-09-16 11:32:44,902 [FATAL] Updater:334 - Updater called before beeing initialized
2024-09-16 11:32:44,902 [ERROR] CADModel:125 - Updater not yet initialized, retry later 
2024-09-16 11:32:45,069 [INFO] CADModel:165 - CPN selected for project level
2024-09-16 11:32:45,069 [INFO] CADModel:114 - Register for checkConnection events
2024-09-16 11:32:45,069 [FATAL] Updater:334 - Updater called before beeing initialized
2024-09-16 11:32:45,069 [ERROR] CADModel:125 - Updater not yet initialized, retry later 
2024-09-16 11:32:45,072 [FATAL] Updater:334 - Updater called before beeing initialized
2024-09-16 11:32:45,181 [FATAL] Updater:334 - Updater called before beeing initialized
2024-09-16 11:32:45,195 [INFO] DbMcusAds:53 - JSON generation date=Thu May 16 14:52:00 IST 2024 (1715851320667)
2024-09-16 11:32:45,196 [FATAL] Updater:334 - Updater called before beeing initialized
2024-09-16 11:32:45,244 [WARN] DetailPanel:346 - Failed to get advertising image, set to default
2024-09-16 11:32:45,343 [FATAL] Updater:334 - Updater called before beeing initialized
2024-09-16 11:32:45,346 [FATAL] Updater:334 - Updater called before beeing initialized
2024-09-16 11:32:45,346 [FATAL] Updater:334 - Updater called before beeing initialized
2024-09-16 11:32:45,346 [WARN] DetailPanel:346 - Failed to get advertising image, set to default
2024-09-16 11:32:45,347 [FATAL] Updater:334 - Updater called before beeing initialized
2024-09-16 11:32:45,434 [ERROR] Updater:1164 - MainUpdater not yet initialized. External WinMGr cannot be set.
2024-09-16 11:32:45,448 [INFO] Updater:1100 - Updater Version found : 6.12.0
2024-09-16 11:32:45,470 [INFO] ApplicationProperties:184 - Using Application install path: C:\ST\STM32CubeIDE_1.15.1\STM32CubeIDE\plugins\com.st.stm32cube.common.mx_6.12.0.202406281431
2024-09-16 11:32:47,061 [ERROR] LogOutputStream:75 - [STDERR_REDIRECT] Sep 16, 2024 11:32:47 AM java.util.prefs.WindowsPreferences <init>
2024-09-16 11:32:47,063 [ERROR] LogOutputStream:75 - [STDERR_REDIRECT] WARNING: Could not open/create prefs root node Software\JavaSoft\Prefs at root 0xffffffff80000002. Windows RegCreateKeyEx(...) returned error code 5.
2024-09-16 11:32:47,063 [ERROR] LogOutputStream:75 - [STDERR_REDIRECT] 
2024-09-16 11:32:47,387 [INFO] MainUpdater:2873 - connection check result : 10
2024-09-16 11:32:47,388 [INFO] MainUpdater:290 - Updater Check For Update Now.
2024-09-16 11:32:47,389 [INFO] MicroXplorer:498 - Change Database Version : DB.6.0.120
2024-09-16 11:32:47,407 [INFO] McuFinderGlobals:63 - Set McuFinder mode to 2 (CubeIDE integrated)
2024-09-16 11:32:47,407 [INFO] UserAuth:179 - activating auth plugin
2024-09-16 11:32:47,410 [INFO] UserAuth:417 - Internet connection configuration mode: 1
2024-09-16 11:32:47,447 [INFO] JxBrowserEngine:152 - Initiate JxBrowser Engine with user profile folder
2024-09-16 11:32:47,605 [INFO] CheckServerUpdateThread:120 - End of CheckServer Thread
2024-09-16 11:32:48,067 [WARN] PackLoader:240 - Cannot read IP mode file for STMicroelectronics.FP-SNS-MOTENVWB1.1.4.0
2024-09-16 11:32:48,089 [WARN] PackLoader:240 - Cannot read IP mode file for STMicroelectronics.X-CUBE-SMBUS.2.1.0
2024-09-16 11:32:48,140 [WARN] PackLoader:240 - Cannot read IP mode file for STMicroelectronics.X-CUBE-AZRTOS-F7.1.1.0
2024-09-16 11:32:48,249 [WARN] PackLoader:240 - Cannot read IP mode file for STMicroelectronics.X-CUBE-MEMS1.11.0.0
2024-09-16 11:32:48,425 [WARN] PackLoader:240 - Cannot read IP mode file for STMicroelectronics.FP-SNS-FLIGHT1.5.0.2
2024-09-16 11:32:48,446 [WARN] PackLoader:240 - Cannot read IP mode file for STMicroelectronics.X-CUBE-DISPLAY.3.0.0
2024-09-16 11:32:48,466 [WARN] PackLoader:240 - Cannot read IP mode file for STMicroelectronics.X-CUBE-BLE1.7.0.0
2024-09-16 11:32:48,489 [WARN] PackLoader:240 - Cannot read IP mode file for emotas.I-CUBE-CANOPEN.1.3.0
2024-09-16 11:32:48,516 [WARN] PackLoader:240 - Cannot read IP mode file for STMicroelectronics.X-CUBE-BLEMGR.3.1.0
2024-09-16 11:32:48,539 [WARN] PackLoader:240 - Cannot read IP mode file for STMicroelectronics.FP-SNS-SMARTAG2.1.2.0
2024-09-16 11:32:48,561 [INFO] LogOutputStream:77 - [STDOUT_REDIRECT] 1 : Invalid condition id : UX_CORESTACK_Condition cause : null
2024-09-16 11:32:48,562 [INFO] LogOutputStream:77 - [STDOUT_REDIRECT] 1 : Invalid condition id : UX_CORESTACK_Condition cause : null
2024-09-16 11:32:48,562 [INFO] LogOutputStream:77 - [STDOUT_REDIRECT] 1 : Invalid condition id : UX_CORESTACK_Condition cause : null
2024-09-16 11:32:48,564 [INFO] LogOutputStream:77 - [STDOUT_REDIRECT] 1 : Invalid condition id : UX_CORESTACK_Condition cause : null
2024-09-16 11:32:48,564 [INFO] LogOutputStream:77 - [STDOUT_REDIRECT] 1 : Invalid condition id : UX_CORESTACK_Condition cause : null
2024-09-16 11:32:48,567 [WARN] PackLoader:240 - Cannot read IP mode file for STMicroelectronics.X-CUBE-AZRTOS-WL.2.0.0
2024-09-16 11:32:48,583 [WARN] PackLoader:240 - Cannot read IP mode file for STMicroelectronics.FP-SNS-MOTENV1.5.0.0
2024-09-16 11:32:48,603 [WARN] PackLoader:240 - Cannot read IP mode file for wolfSSL.I-CUBE-wolfMQTT.1.19.0
2024-09-16 11:32:48,621 [WARN] PackLoader:240 - Cannot read IP mode file for WES.I-CUBE-Cesium.1.3.0
2024-09-16 11:32:48,638 [WARN] PackLoader:240 - Cannot read IP mode file for STMicroelectronics.X-CUBE-BLE2.3.3.0
2024-09-16 11:32:48,656 [WARN] PackLoader:240 - Cannot read IP mode file for STMicroelectronics.X-CUBE-TCPP.4.1.0
2024-09-16 11:32:48,688 [WARN] PackLoader:240 - Cannot read IP mode file for STMicroelectronics.X-CUBE-AZRTOS-G0.1.1.0
2024-09-16 11:32:48,713 [WARN] PackLoader:240 - Cannot read IP mode file for STMicroelectronics.X-CUBE-SAFEA1.1.2.2
2024-09-16 11:32:48,731 [WARN] PackLoader:240 - Cannot read IP mode file for STMicroelectronics.X-CUBE-NFC4.3.0.0
2024-09-16 11:32:48,759 [WARN] PackLoader:240 - Cannot read IP mode file for EmbeddedOffice.I-CUBE-FS-RTOS.1.0.1
2024-09-16 11:32:48,759 [ERROR] ConditionMgr:805 - Attr not supported : Dmpu
2024-09-16 11:32:48,759 [ERROR] ConditionMgr:805 - Attr not supported : Dmpu
2024-09-16 11:32:48,760 [ERROR] ConditionMgr:805 - Attr not supported : Dmpu
2024-09-16 11:32:48,760 [ERROR] ConditionMgr:805 - Attr not supported : Dmpu
2024-09-16 11:32:48,760 [ERROR] ConditionMgr:805 - Attr not supported : Dmpu
2024-09-16 11:32:48,760 [ERROR] ConditionMgr:805 - Attr not supported : Dmpu
2024-09-16 11:32:48,760 [ERROR] ConditionMgr:805 - Attr not supported : Dmpu
2024-09-16 11:32:48,760 [ERROR] ConditionMgr:805 - Attr not supported : Dmpu
2024-09-16 11:32:48,760 [ERROR] ConditionMgr:805 - Attr not supported : Dmpu
2024-09-16 11:32:48,761 [ERROR] ConditionMgr:805 - Attr not supported : Dmpu
2024-09-16 11:32:48,761 [ERROR] ConditionMgr:805 - Attr not supported : Dmpu
2024-09-16 11:32:48,761 [ERROR] ConditionMgr:805 - Attr not supported : Dmpu
2024-09-16 11:32:48,761 [ERROR] ConditionMgr:805 - Attr not supported : Dmpu
2024-09-16 11:32:48,761 [ERROR] ConditionMgr:805 - Attr not supported : Dmpu
2024-09-16 11:32:48,761 [ERROR] ConditionMgr:805 - Attr not supported : Dmpu
2024-09-16 11:32:48,761 [ERROR] ConditionMgr:805 - Attr not supported : Dmpu
2024-09-16 11:32:48,761 [ERROR] ConditionMgr:805 - Attr not supported : Dmpu
2024-09-16 11:32:48,761 [ERROR] ConditionMgr:805 - Attr not supported : Dmpu
2024-09-16 11:32:48,761 [ERROR] ConditionMgr:805 - Attr not supported : Dmpu
2024-09-16 11:32:48,762 [ERROR] ConditionMgr:805 - Attr not supported : Dmpu
2024-09-16 11:32:48,762 [ERROR] ConditionMgr:805 - Attr not supported : Dmpu
2024-09-16 11:32:48,762 [ERROR] ConditionMgr:805 - Attr not supported : Dmpu
2024-09-16 11:32:48,762 [ERROR] ConditionMgr:805 - Attr not supported : Dmpu
2024-09-16 11:32:48,762 [ERROR] ConditionMgr:805 - Attr not supported : Dmpu
2024-09-16 11:32:48,762 [ERROR] ConditionMgr:805 - Attr not supported : Dmpu
2024-09-16 11:32:48,762 [ERROR] ConditionMgr:805 - Attr not supported : Dmpu
2024-09-16 11:32:48,762 [ERROR] ConditionMgr:805 - Attr not supported : Dmpu
2024-09-16 11:32:48,762 [ERROR] ConditionMgr:805 - Attr not supported : Dmpu
2024-09-16 11:32:48,762 [ERROR] ConditionMgr:805 - Attr not supported : Dmpu
2024-09-16 11:32:48,763 [ERROR] ConditionMgr:805 - Attr not supported : Dmpu
2024-09-16 11:32:48,763 [ERROR] ConditionMgr:805 - Attr not supported : Dmpu
2024-09-16 11:32:48,763 [ERROR] ConditionMgr:805 - Attr not supported : Dmpu
2024-09-16 11:32:48,763 [ERROR] ConditionMgr:805 - Attr not supported : Dmpu
2024-09-16 11:32:48,763 [ERROR] ConditionMgr:805 - Attr not supported : Dmpu
2024-09-16 11:32:48,763 [ERROR] ConditionMgr:805 - Attr not supported : Dmpu
2024-09-16 11:32:48,763 [ERROR] ConditionMgr:805 - Attr not supported : Dmpu
2024-09-16 11:32:48,764 [ERROR] ConditionMgr:805 - Attr not supported : Dmpu
2024-09-16 11:32:48,764 [ERROR] ConditionMgr:805 - Attr not supported : Dmpu
2024-09-16 11:32:48,764 [ERROR] ConditionMgr:805 - Attr not supported : Dmpu
2024-09-16 11:32:48,764 [ERROR] ConditionMgr:805 - Attr not supported : Dmpu
2024-09-16 11:32:48,764 [ERROR] ConditionMgr:805 - Attr not supported : Dmpu
2024-09-16 11:32:48,764 [ERROR] ConditionMgr:805 - Attr not supported : Dmpu
2024-09-16 11:32:48,764 [ERROR] ConditionMgr:805 - Attr not supported : Dmpu
2024-09-16 11:32:48,765 [ERROR] ConditionMgr:805 - Attr not supported : Dmpu
2024-09-16 11:32:48,765 [ERROR] ConditionMgr:805 - Attr not supported : Dmpu
2024-09-16 11:32:48,765 [ERROR] ConditionMgr:805 - Attr not supported : Dmpu
2024-09-16 11:32:48,765 [ERROR] ConditionMgr:805 - Attr not supported : Dmpu
2024-09-16 11:32:48,765 [ERROR] ConditionMgr:805 - Attr not supported : Dmpu
2024-09-16 11:32:48,765 [ERROR] ConditionMgr:805 - Attr not supported : Dmpu
2024-09-16 11:32:48,765 [ERROR] ConditionMgr:805 - Attr not supported : Dmpu
2024-09-16 11:32:48,765 [ERROR] ConditionMgr:805 - Attr not supported : Dmpu
2024-09-16 11:32:48,766 [ERROR] ConditionMgr:805 - Attr not supported : Dmpu
2024-09-16 11:32:48,766 [ERROR] ConditionMgr:805 - Attr not supported : Dmpu
2024-09-16 11:32:48,766 [ERROR] ConditionMgr:805 - Attr not supported : Dmpu
2024-09-16 11:32:48,766 [ERROR] ConditionMgr:805 - Attr not supported : Dmpu
2024-09-16 11:32:48,766 [ERROR] ConditionMgr:805 - Attr not supported : Dmpu
2024-09-16 11:32:48,766 [ERROR] ConditionMgr:805 - Attr not supported : Dmpu
2024-09-16 11:32:48,766 [ERROR] ConditionMgr:805 - Attr not supported : Dmpu
2024-09-16 11:32:48,766 [ERROR] ConditionMgr:805 - Attr not supported : Dmpu
2024-09-16 11:32:48,767 [ERROR] ConditionMgr:805 - Attr not supported : Dmpu
2024-09-16 11:32:48,767 [ERROR] ConditionMgr:805 - Attr not supported : Dmpu
2024-09-16 11:32:48,767 [ERROR] ConditionMgr:805 - Attr not supported : Dmpu
2024-09-16 11:32:48,767 [ERROR] ConditionMgr:805 - Attr not supported : Dmpu
2024-09-16 11:32:48,767 [ERROR] ConditionMgr:805 - Attr not supported : Dmpu
2024-09-16 11:32:48,804 [WARN] PackLoader:240 - Cannot read IP mode file for RealThread.X-CUBE-RT-Thread_Nano.4.1.1
2024-09-16 11:32:48,814 [WARN] PackLoader:240 - Cannot read IP mode file for STMicroelectronics.FP-ATR-SIGFOX1.3.2.0
2024-09-16 11:32:48,835 [WARN] PackLoader:240 - Cannot read IP mode file for wolfSSL.I-CUBE-wolfSSL.5.7.2
2024-09-16 11:32:48,881 [WARN] PackLoader:240 - Cannot read IP mode file for STMicroelectronics.X-CUBE-EEPRMA1.5.1.0
2024-09-16 11:32:48,908 [WARN] PackLoader:240 - Cannot read IP mode file for ITTIA_DB.I-CUBE-ITTIADB.8.9.0
2024-09-16 11:32:48,954 [WARN] PackLoader:240 - Cannot read IP mode file for SEGGER.I-CUBE-embOS.1.3.1
2024-09-16 11:32:49,006 [WARN] PackLoader:240 - Cannot read IP mode file for STMicroelectronics.X-CUBE-ALGOBUILD.1.4.0
2024-09-16 11:32:49,025 [WARN] PackLoader:240 - Cannot read IP mode file for STMicroelectronics.X-CUBE-GNSS1.6.0.0
2024-09-16 11:32:49,062 [WARN] PackLoader:240 - Cannot read IP mode file for STMicroelectronics.X-CUBE-AZRTOS-F4.1.1.0
2024-09-16 11:32:49,086 [WARN] PackLoader:240 - Cannot read IP mode file for STMicroelectronics.X-CUBE-FREERTOS.1.2.0
2024-09-16 11:32:49,129 [WARN] PackLoader:240 - Cannot read IP mode file for STMicroelectronics.X-CUBE-AZRTOS-L5.2.0.0
2024-09-16 11:32:49,149 [WARN] PackLoader:240 - Cannot read IP mode file for STMicroelectronics.X-CUBE-NFC6.3.1.0
2024-09-16 11:32:49,176 [WARN] PackLoader:240 - Cannot read IP mode file for STMicroelectronics.X-CUBE-DPower.1.2.0
2024-09-16 11:32:49,194 [WARN] PackLoader:240 - Cannot read IP mode file for STMicroelectronics.X-CUBE-AI.9.0.0
2024-09-16 11:32:49,210 [WARN] PackLoader:240 - Cannot read IP mode file for STMicroelectronics.X-CUBE-NFC7.1.0.1
2024-09-16 11:32:49,226 [WARN] PackLoader:240 - Cannot read IP mode file for wolfSSL.I-CUBE-wolfTPM.3.2.0
2024-09-16 11:32:49,258 [WARN] ConditionMgr:438 - getConditionDescription Invalid condition id : LAN8742 Phy interface Condition cause : null
2024-09-16 11:32:49,259 [WARN] PackLoader:240 - Cannot read IP mode file for STMicroelectronics.X-CUBE-AZRTOS-L4.2.0.0
2024-09-16 11:32:49,260 [WARN] ConditionMgr:1039 - genDependencies : Invalid condition id : LAN8742 Phy interface Condition cause : null
2024-09-16 11:32:49,260 [WARN] ConditionMgr:1039 - genDependencies : Invalid condition id : LAN8742 Phy interface Condition cause : null
2024-09-16 11:32:49,261 [WARN] ConditionMgr:1039 - genDependencies : Invalid condition id : LAN8742 Phy interface Condition cause : null
2024-09-16 11:32:49,281 [WARN] PackLoader:240 - Cannot read IP mode file for STMicroelectronics.X-CUBE-SFXS2LP1.4.0.0
2024-09-16 11:32:49,318 [WARN] PackLoader:240 - Cannot read IP mode file for STMicroelectronics.X-CUBE-AZRTOS-H7.3.3.0
2024-09-16 11:32:49,346 [WARN] ConditionMgr:438 - getConditionDescription Invalid condition id : UX DEVICE CLASS RTOS Condition cause : null
2024-09-16 11:32:49,346 [WARN] ConditionMgr:438 - getConditionDescription Invalid condition id : UX DEVICE CLASS RTOS Condition cause : null
2024-09-16 11:32:49,348 [WARN] PackLoader:240 - Cannot read IP mode file for STMicroelectronics.X-CUBE-AZRTOS-WB.2.0.0
2024-09-16 11:32:49,348 [WARN] ConditionMgr:1039 - genDependencies : Invalid condition id : UX DEVICE CLASS RTOS Condition cause : null
2024-09-16 11:32:49,348 [WARN] ConditionMgr:1039 - genDependencies : Invalid condition id : UX DEVICE CLASS RTOS Condition cause : null
2024-09-16 11:32:49,349 [WARN] ConditionMgr:1039 - genDependencies : Invalid condition id : UX DEVICE CLASS RTOS Condition cause : null
2024-09-16 11:32:49,349 [WARN] ConditionMgr:1039 - genDependencies : Invalid condition id : UX DEVICE CLASS RTOS Condition cause : null
2024-09-16 11:32:49,349 [WARN] ConditionMgr:1039 - genDependencies : Invalid condition id : UX DEVICE CLASS RTOS Condition cause : null
2024-09-16 11:32:49,364 [WARN] PackLoader:240 - Cannot read IP mode file for STMicroelectronics.X-CUBE-GNSS1.7.0.0
2024-09-16 11:32:49,383 [WARN] PackLoader:240 - Cannot read IP mode file for STMicroelectronics.FP-SNS-STBOX1.2.0.0
2024-09-16 11:32:49,404 [WARN] PackLoader:240 - Cannot read IP mode file for STMicroelectronics.X-CUBE-SUBG2.5.0.0
2024-09-16 11:32:49,421 [WARN] PackLoader:240 - Cannot read IP mode file for Cesanta.I-CUBE-Mongoose.7.13.0
2024-09-16 11:32:49,444 [WARN] PackLoader:240 - Cannot read IP mode file for STMicroelectronics.X-CUBE-AZRTOS-G4.2.0.0
2024-09-16 11:32:49,459 [WARN] PackLoader:240 - Cannot read IP mode file for STMicroelectronics.X-CUBE-ISPU.2.0.0
2024-09-16 11:32:49,473 [WARN] PackLoader:240 - Cannot read IP mode file for STMicroelectronics.X-CUBE-ALS.1.0.2
2024-09-16 11:32:49,513 [WARN] PackLoader:240 - Cannot read IP mode file for STMicroelectronics.X-CUBE-MEMS1.10.0.0
2024-09-16 11:32:49,654 [WARN] PackLoader:240 - Cannot read IP mode file for STMicroelectronics.X-CUBE-TOUCHGFX.4.24.0
2024-09-16 11:32:49,668 [WARN] PackLoader:240 - Cannot read IP mode file for wolfSSL.I-CUBE-wolfTPM.3.4.0
2024-09-16 11:32:49,686 [WARN] PackLoader:240 - Cannot read IP mode file for portGmbH.I-Cube-SoM-uGOAL.1.1.0
2024-09-16 11:32:49,713 [WARN] PackLoader:240 - Cannot read IP mode file for STMicroelectronics.X-CUBE-AZRTOS-H7RS.1.0.0
2024-09-16 11:32:49,729 [WARN] PackLoader:240 - Cannot read IP mode file for STMicroelectronics.FP-ATR-ASTRA1.2.0.0
2024-09-16 11:32:49,750 [WARN] PackLoader:240 - Cannot read IP mode file for STMicroelectronics.X-CUBE-TOF1.3.4.2
2024-09-16 11:32:49,790 [WARN] PackLoader:240 - Cannot read IP mode file for Infineon.AIROC-Wi-Fi-Bluetooth-STM32.1.6.1
2024-09-16 11:32:49,812 [WARN] PackLoader:240 - Cannot read IP mode file for wolfSSL.I-CUBE-wolfSSH.1.4.17
2024-09-16 11:32:49,812 [INFO] ThirdParty:978 - Integrity check success = true
2024-09-16 11:32:49,812 [INFO] IntegrityCheckThread:100 - exiting critical section [integrity check]
2024-09-16 11:32:49,812 [INFO] IntegrityCheckThread:103 - End integrity checks thread
2024-09-16 11:32:51,632 [INFO] WebApp:167 - Instantiating new browser for Auth
2024-09-16 11:32:52,477 [INFO] WebApp:448 - Apply proxy settings
2024-09-16 11:32:52,478 [INFO] WebApp:533 - Chromium requires no authentication
2024-09-16 11:32:52,490 [INFO] WebApp:476 - Direct internet connection detected
2024-09-16 11:32:52,522 [INFO] WebApp:869 - Register for checkConnection events
2024-09-16 11:32:52,523 [INFO] WebApp:448 - Apply proxy settings
2024-09-16 11:32:52,523 [INFO] WebApp:533 - Chromium requires no authentication
2024-09-16 11:32:52,524 [INFO] WebApp:476 - Direct internet connection detected
2024-09-16 11:32:52,725 [INFO] WebApp:220 - Starting web application
2024-09-16 11:32:52,725 [INFO] WebApp:578 - Web application path used C:\ST\STM32CubeIDE_1.15.1\STM32CubeIDE\plugins\com.st.stm32cube.common.mx_6.12.0.202406281431\db\plugins\mcufinder\reactClient1\index.html
2024-09-16 11:32:52,900 [INFO] WebApp:186 - Connection restablished
2024-09-16 11:33:42,228 [INFO] WebApp:189 - Connection lost
2024-09-16 11:33:42,697 [INFO] WebApp:186 - Connection restablished
2024-09-16 12:02:37,812 [ERROR] LogOutputStream:75 - [STDERR_REDIRECT] 
2024-09-16 12:02:37,812 [ERROR] LogOutputStream:75 - [STDERR_REDIRECT] 
2024-09-16 12:03:15,928 [INFO] Activator:176 - 


2024-09-16 12:03:15,930 [INFO] Activator:177 - !SESSION log4j initialized
2024-09-16 12:03:22,795 [INFO] LogOutputStream:77 - [STDOUT_REDIRECT] 
2024-09-16 12:03:24,779 [INFO] ApplicationProperties:184 - Using Application install path: C:\ST\STM32CubeIDE_1.15.1\STM32CubeIDE\plugins\com.st.stm32cube.common.mx_6.12.0.202406281431
2024-09-16 12:03:24,805 [INFO] DbMcusXml:78 - Set database path to: C:\ST\STM32CubeIDE_1.15.1\STM32CubeIDE\plugins\com.st.stm32cube.common.mx_6.12.0.202406281431\\db\/mcu/
2024-09-16 12:03:24,805 [INFO] ApiDb:274 - Set plugin database path to: C:\ST\STM32CubeIDE_1.15.1\STM32CubeIDE\plugins\com.st.stm32cube.common.mx_6.12.0.202406281431\\db\/plugins/boardmanager/
2024-09-16 12:03:24,806 [WARN] ApiDb:259 - Overriding images path with different value:  => C:\ST\STM32CubeIDE_1.15.1\STM32CubeIDE\plugins\com.st.stm32cube.common.mx_6.12.0.202406281431\\db\/plugins/mcufinder/images/
2024-09-16 12:03:24,813 [INFO] ApiDb:250 - Set database path to: C:\Users\Tejas Sawant\.stmcufinder\plugins\mcufinder//mcu/
2024-09-16 12:03:24,814 [INFO] DbMcusAds:125 - Set database path to: C:\Users\Tejas Sawant\.stmcufinder\plugins\mcufinder//mcu/
2024-09-16 12:03:24,818 [INFO] CrossReferenceDbSqlite:203 - Set database path to: C:\Users\Tejas Sawant\.stmcufinder\plugins\mcufinder//mcu/cs/
2024-09-16 12:03:24,991 [INFO] RulesReader:64 - Compatibility file has been processed (297 Rules)
2024-09-16 12:03:25,121 [INFO] DbMcusXml:78 - Set database path to: C:\ST\STM32CubeIDE_1.15.1\STM32CubeIDE\plugins\com.st.stm32cube.common.mx_6.12.0.202406281431\\db\/mcu/
2024-09-16 12:03:25,121 [INFO] ApiDb:274 - Set plugin database path to: C:\ST\STM32CubeIDE_1.15.1\STM32CubeIDE\plugins\com.st.stm32cube.common.mx_6.12.0.202406281431\\db\/plugins/boardmanager/
2024-09-16 12:03:25,121 [INFO] ApiDb:261 - Set plugin images path to: C:\ST\STM32CubeIDE_1.15.1\STM32CubeIDE\plugins\com.st.stm32cube.common.mx_6.12.0.202406281431\\db\/plugins/mcufinder/images/
2024-09-16 12:03:25,122 [WARN] DbFile:41 - Overriding database path with different value: C:\Users\Tejas Sawant\.stmcufinder\plugins\mcufinder/ => C:\Users\Tejas Sawant\.stmcufinder\plugins\mcufinder
2024-09-16 12:03:25,122 [INFO] ApiDb:250 - Set database path to: C:\Users\Tejas Sawant\.stmcufinder\plugins\mcufinder//mcu/
2024-09-16 12:03:25,122 [WARN] DbFile:41 - Overriding database path with different value: C:\Users\Tejas Sawant\.stmcufinder\plugins\mcufinder/ => C:\Users\Tejas Sawant\.stmcufinder\plugins\mcufinder
2024-09-16 12:03:25,122 [INFO] DbMcusAds:125 - Set database path to: C:\Users\Tejas Sawant\.stmcufinder\plugins\mcufinder//mcu/
2024-09-16 12:03:25,122 [WARN] DbFile:41 - Overriding database path with different value: C:\Users\Tejas Sawant\.stmcufinder\plugins\mcufinder/ => C:\Users\Tejas Sawant\.stmcufinder\plugins\mcufinder
2024-09-16 12:03:25,122 [WARN] DbFile:41 - Overriding database path with different value: C:\Users\Tejas Sawant\.stmcufinder\plugins\mcufinder/ => C:\Users\Tejas Sawant\.stmcufinder\plugins\mcufinder
2024-09-16 12:03:25,122 [INFO] CrossReferenceDbSqlite:203 - Set database path to: C:\Users\Tejas Sawant\.stmcufinder\plugins\mcufinder//mcu/cs/
2024-09-16 12:03:25,256 [INFO] MainPanel:268 - HeapMemory: 268435456
2024-09-16 12:03:25,410 [INFO] DbMcusXml:78 - Set database path to: C:\ST\STM32CubeIDE_1.15.1\STM32CubeIDE\plugins\com.st.stm32cube.common.mx_6.12.0.202406281431\\db\/mcu/
2024-09-16 12:03:25,410 [INFO] ApiDb:274 - Set plugin database path to: C:\ST\STM32CubeIDE_1.15.1\STM32CubeIDE\plugins\com.st.stm32cube.common.mx_6.12.0.202406281431\\db\/plugins/boardmanager/
2024-09-16 12:03:25,410 [INFO] ApiDb:261 - Set plugin images path to: C:\ST\STM32CubeIDE_1.15.1\STM32CubeIDE\plugins\com.st.stm32cube.common.mx_6.12.0.202406281431\\db\/plugins/mcufinder/images/
2024-09-16 12:03:25,410 [WARN] DbFile:41 - Overriding database path with different value: C:\Users\Tejas Sawant\.stmcufinder\plugins\mcufinder/ => C:\Users\Tejas Sawant\.stmcufinder\plugins\mcufinder
2024-09-16 12:03:25,411 [INFO] ApiDb:250 - Set database path to: C:\Users\Tejas Sawant\.stmcufinder\plugins\mcufinder//mcu/
2024-09-16 12:03:25,411 [WARN] DbFile:41 - Overriding database path with different value: C:\Users\Tejas Sawant\.stmcufinder\plugins\mcufinder/ => C:\Users\Tejas Sawant\.stmcufinder\plugins\mcufinder
2024-09-16 12:03:25,411 [INFO] DbMcusAds:125 - Set database path to: C:\Users\Tejas Sawant\.stmcufinder\plugins\mcufinder//mcu/
2024-09-16 12:03:25,411 [WARN] DbFile:41 - Overriding database path with different value: C:\Users\Tejas Sawant\.stmcufinder\plugins\mcufinder/ => C:\Users\Tejas Sawant\.stmcufinder\plugins\mcufinder
2024-09-16 12:03:25,411 [WARN] DbFile:41 - Overriding database path with different value: C:\Users\Tejas Sawant\.stmcufinder\plugins\mcufinder/ => C:\Users\Tejas Sawant\.stmcufinder\plugins\mcufinder
2024-09-16 12:03:25,411 [INFO] CrossReferenceDbSqlite:203 - Set database path to: C:\Users\Tejas Sawant\.stmcufinder\plugins\mcufinder//mcu/cs/
2024-09-16 12:03:25,439 [INFO] ApplicationProperties:184 - Using Application install path: C:\ST\STM32CubeIDE_1.15.1\STM32CubeIDE\plugins\com.st.stm32cube.common.mx_6.12.0.202406281431
2024-09-16 12:03:25,441 [INFO] PluginManage:196 - Search for loadable plugins [exclusion list=, ]
2024-09-16 12:03:25,443 [INFO] PluginManage:310 - Check plugin analytics
2024-09-16 12:03:25,698 [INFO] AnalyticsPlugin:253 - Accepted Software Licenses: 
2024-09-16 12:03:25,699 [INFO] AnalyticsPlugin:255 - Accepted CMSIS Pack Licenses: 
2024-09-16 12:03:25,699 [INFO] AnalyticsPlugin:257 - Accepted Firmware Licenses: 
2024-09-16 12:03:25,703 [INFO] PluginManage:359 - Loaded plugin analytics (category:tool,tabindex:-1)
2024-09-16 12:03:25,704 [INFO] PluginManage:310 - Check plugin cadmodel
2024-09-16 12:03:25,722 [INFO] CADModel:105 - Init CAD model plugin
2024-09-16 12:03:25,723 [INFO] PluginManage:359 - Loaded plugin cadmodel (category:power,tabindex:5)
2024-09-16 12:03:25,723 [INFO] PluginManage:310 - Check plugin clock
2024-09-16 12:03:25,750 [INFO] PluginManage:359 - Loaded plugin clock (category:base,tabindex:2)
2024-09-16 12:03:25,750 [INFO] PluginManage:310 - Check plugin ddr
2024-09-16 12:03:25,753 [INFO] PluginManage:359 - Loaded plugin ddr (category:tool,tabindex:6)
2024-09-16 12:03:25,753 [INFO] PluginManage:310 - Check plugin filemanager
2024-09-16 12:03:25,930 [INFO] PluginManage:359 - Loaded plugin filemanager (category:base,tabindex:10)
2024-09-16 12:03:25,931 [INFO] PluginManage:310 - Check plugin ipmanager
2024-09-16 12:03:25,942 [INFO] PluginManage:359 - Loaded plugin ipmanager (category:base,tabindex:5)
2024-09-16 12:03:25,943 [INFO] PluginManage:310 - Check plugin lpbam
2024-09-16 12:03:25,967 [INFO] PluginManage:359 - Loaded plugin lpbam (category:base,tabindex:0)
2024-09-16 12:03:25,967 [INFO] PluginManage:310 - Check plugin memorymap
2024-09-16 12:03:25,998 [INFO] PluginManage:359 - Loaded plugin memorymap (category:base,tabindex:4)
2024-09-16 12:03:25,998 [INFO] PluginManage:310 - Check plugin pinoutandconfiguration
2024-09-16 12:03:26,019 [INFO] PluginManage:359 - Loaded plugin pinoutandconfiguration (category:base,tabindex:1)
2024-09-16 12:03:26,019 [INFO] PluginManage:310 - Check plugin pinoutconfig
2024-09-16 12:03:26,140 [WARN] SupportedApi:132 - Cannot load RTOS API schema: s4s-elt-must-match.1: The content of 'definitions' must match (annotation?, (simpleType | complexType)?, (unique | key | keyref)*)). A problem was found starting at: attribute.
2024-09-16 12:03:26,338 [INFO] PluginManage:359 - Loaded plugin pinoutconfig (category:base,tabindex:0)
2024-09-16 12:03:26,338 [INFO] PluginManage:310 - Check plugin power
2024-09-16 12:03:26,362 [INFO] PluginManage:359 - Loaded plugin power (category:power,tabindex:4)
2024-09-16 12:03:26,362 [INFO] PluginManage:310 - Check plugin projectmanager
2024-09-16 12:03:26,381 [INFO] PluginManage:359 - Loaded plugin projectmanager (category:projectmanager,tabindex:4)
2024-09-16 12:03:26,381 [INFO] PluginManage:310 - Check plugin rif
2024-09-16 12:03:26,402 [INFO] PluginManage:359 - Loaded plugin rif (category:base,tabindex:3)
2024-09-16 12:03:26,402 [INFO] PluginManage:310 - Check plugin thirdparty
2024-09-16 12:03:26,767 [INFO] PluginManage:359 - Loaded plugin thirdparty (category:base,tabindex:-1)
2024-09-16 12:03:26,768 [INFO] PluginManage:310 - Check plugin tools
2024-09-16 12:03:26,767 [WARN] IntegrityCheckThread:84 - waiting for thirdparty lock release [integrity check]
2024-09-16 12:03:26,768 [INFO] IntegrityCheckThread:86 - entering critical section [integrity check]
2024-09-16 12:03:26,768 [INFO] ThirdPartyUpdaterWithRetryManager:70 - Updater plugin not ready yet. [1/15]
2024-09-16 12:03:26,813 [INFO] PluginManage:359 - Loaded plugin tools (category:base,tabindex:7)
2024-09-16 12:03:26,814 [INFO] PluginManage:310 - Check plugin tutovideos
2024-09-16 12:03:27,082 [INFO] PluginManage:359 - Loaded plugin tutovideos (category:base,tabindex:-1)
2024-09-16 12:03:27,083 [INFO] PluginManage:310 - Check plugin updater
2024-09-16 12:03:27,109 [INFO] PluginManage:359 - Loaded plugin updater (category:base,tabindex:12)
2024-09-16 12:03:27,109 [INFO] PluginManage:310 - Check plugin userauth
2024-09-16 12:03:27,117 [INFO] UserAuth:113 - Init User Auth plugin
2024-09-16 12:03:27,117 [INFO] PluginManage:359 - Loaded plugin userauth (category:base,tabindex:14)
2024-09-16 12:03:27,117 [INFO] PluginManage:283 - PluginManage : Loaded plugins [18]
2024-09-16 12:03:27,433 [INFO] PinOutPanel:1561 - setPackage(No Configuration,No Configuration)
2024-09-16 12:03:27,644 [INFO] CADModel:165 - CPN selected for project level
2024-09-16 12:03:27,645 [INFO] CADModel:114 - Register for checkConnection events
2024-09-16 12:03:27,691 [INFO] IPUIPlugin:80 - create IPUIPlugin
2024-09-16 12:03:27,691 [INFO] PluginManager:220 - loadIPPluginJar : add adc
2024-09-16 12:03:27,762 [INFO] IPUIPlugin:80 - create IPUIPlugin
2024-09-16 12:03:27,762 [INFO] PluginManager:220 - loadIPPluginJar : add aes
2024-09-16 12:03:27,851 [INFO] IPUIPlugin:80 - create IPUIPlugin
2024-09-16 12:03:27,851 [INFO] PluginManager:220 - loadIPPluginJar : add can
2024-09-16 12:03:27,914 [INFO] IPUIPlugin:80 - create IPUIPlugin
2024-09-16 12:03:27,914 [INFO] PluginManager:220 - loadIPPluginJar : add comp
2024-09-16 12:03:28,009 [INFO] IPUIPlugin:80 - create IPUIPlugin
2024-09-16 12:03:28,009 [INFO] PluginManager:220 - loadIPPluginJar : add cryp
2024-09-16 12:03:28,035 [INFO] IPUIPlugin:80 - create IPUIPlugin
2024-09-16 12:03:28,035 [INFO] PluginManager:220 - loadIPPluginJar : add ddr_ctrl_phy
2024-09-16 12:03:28,103 [INFO] IPUIPlugin:80 - create IPUIPlugin
2024-09-16 12:03:28,103 [INFO] PluginManager:220 - loadIPPluginJar : add dfsdm
2024-09-16 12:03:28,128 [INFO] IPUIPlugin:80 - create IPUIPlugin
2024-09-16 12:03:28,129 [INFO] PluginManager:220 - loadIPPluginJar : add dma
2024-09-16 12:03:28,224 [INFO] IPUIPlugin:80 - create IPUIPlugin
2024-09-16 12:03:28,224 [INFO] PluginManager:220 - loadIPPluginJar : add dma3
2024-09-16 12:03:28,320 [INFO] IPUIPlugin:80 - create IPUIPlugin
2024-09-16 12:03:28,321 [INFO] PluginManager:220 - loadIPPluginJar : add extmemmanager
2024-09-16 12:03:28,366 [INFO] IPUIPlugin:80 - create IPUIPlugin
2024-09-16 12:03:28,366 [INFO] PluginManager:220 - loadIPPluginJar : add fatfs
2024-09-16 12:03:28,450 [INFO] IPUIPlugin:80 - create IPUIPlugin
2024-09-16 12:03:28,450 [INFO] PluginManager:220 - loadIPPluginJar : add fmc
2024-09-16 12:03:28,473 [INFO] IPUIPlugin:80 - create IPUIPlugin
2024-09-16 12:03:28,473 [INFO] PluginManager:220 - loadIPPluginJar : add freertos
2024-09-16 12:03:28,508 [INFO] IPUIPlugin:80 - create IPUIPlugin
2024-09-16 12:03:28,508 [INFO] PluginManager:220 - loadIPPluginJar : add genericplugin
